(1,1)->(1,2)->(2,2)->(2,3)->(2,4)->(2,5)->(3,5)->(3,6)->(4,6)->(4,5)->(4,4)->(4,3)->(4,2)->(4,1)->(5,1)->(6,1)->(6,2)->(7,2)->(8,2)->(8,3)->(8,4)->(8,5)->(8,6)
(1,1)->(1,2)->(2,2)->(2,3)->(2,4)->(2,5)->(3,5)->(3,6)->(4,6)->(4,7)->(4,8)->(4,9)->(5,9)->(5,8)->(6,8)->(7,8)->(7,7)->(8,7)->(8,6)
(1,1)->(1,2)->(2,2)->(2,3)->(2,4)->(2,5)->(3,5)->(3,6)->(4,6)->(4,7)->(4,8)->(4,9)->(5,9)->(5,8)->(6,8)->(7,8)->(7,9)->(8,9)->(8,8)->(8,7)->(8,6)
(1,1)->(1,2)->(2,2)->(2,3)->(2,4)->(2,5)->(3,5)->(3,6)->(4,6)->(4,7)->(4,8)->(4,9)->(5,9)->(5,8)->(6,8)->(7,8)->(8,8)->(8,7)->(8,6)
(1,1)->(1,2)->(2,2)->(2,3)->(2,4)->(2,5)->(3,5)->(3,6)->(4,6)->(4,7)->(4,8)->(5,8)->(6,8)->(7,8)->(7,7)->(8,7)->(8,6)
(1,1)->(1,2)->(2,2)->(2,3)->(2,4)->(2,5)->(3,5)->(3,6)->(4,6)->(4,7)->(4,8)->(5,8)->(6,8)->(7,8)->(7,9)->(8,9)->(8,8)->(8,7)->(8,6)
(1,1)->(1,2)->(2,2)->(2,3)->(2,4)->(2,5)->(3,5)->(3,6)->(4,6)->(4,7)->(4,8)->(5,8)->(6,8)->(7,8)->(8,8)->(8,7)->(8,6)
(1,1)->(1,2)->(2,2)->(2,3)->(2,4)->(2,5)->(3,5)->(3,6)->(4,6)->(4,7)->(5,7)->(5,8)->(6,8)->(7,8)->(7,7)->(8,7)->(8,6)
(1,1)->(1,2)->(2,2)->(2,3)->(2,4)->(2,5)->(3,5)->(3,6)->(4,6)->(4,7)->(5,7)->(5,8)->(6,8)->(7,8)->(7,9)->(8,9)->(8,8)->(8,7)->(8,6)
(1,1)->(1,2)->(2,2)->(2,3)->(2,4)->(2,5)->(3,5)->(3,6)->(4,6)->(4,7)->(5,7)->(5,8)->(6,8)->(7,8)->(8,8)->(8,7)->(8,6)
(1,1)->(1,2)->(2,2)->(2,3)->(2,4)->(2,5)->(3,5)->(4,5)->(4,4)->(4,3)->(4,2)->(4,1)->(5,1)->(6,1)->(6,2)->(7,2)->(8,2)->(8,3)->(8,4)->(8,5)->(8,6)
(1,1)->(1,2)->(2,2)->(2,3)->(2,4)->(2,5)->(3,5)->(4,5)->(4,6)->(4,7)->(4,8)->(4,9)->(5,9)->(5,8)->(6,8)->(7,8)->(7,7)->(8,7)->(8,6)
(1,1)->(1,2)->(2,2)->(2,3)->(2,4)->(2,5)->(3,5)->(4,5)->(4,6)->(4,7)->(4,8)->(4,9)->(5,9)->(5,8)->(6,8)->(7,8)->(7,9)->(8,9)->(8,8)->(8,7)->(8,6)
(1,1)->(1,2)->(2,2)->(2,3)->(2,4)->(2,5)->(3,5)->(4,5)->(4,6)->(4,7)->(4,8)->(4,9)->(5,9)->(5,8)->(6,8)->(7,8)->(8,8)->(8,7)->(8,6)
(1,1)->(1,2)->(2,2)->(2,3)->(2,4)->(2,5)->(3,5)->(4,5)->(4,6)->(4,7)->(4,8)->(5,8)->(6,8)->(7,8)->(7,7)->(8,7)->(8,6)
(1,1)->(1,2)->(2,2)->(2,3)->(2,4)->(2,5)->(3,5)->(4,5)->(4,6)->(4,7)->(4,8)->(5,8)->(6,8)->(7,8)->(7,9)->(8,9)->(8,8)->(8,7)->(8,6)
(1,1)->(1,2)->(2,2)->(2,3)->(2,4)->(2,5)->(3,5)->(4,5)->(4,6)->(4,7)->(4,8)->(5,8)->(6,8)->(7,8)->(8,8)->(8,7)->(8,6)
(1,1)->(1,2)->(2,2)->(2,3)->(2,4)->(2,5)->(3,5)->(4,5)->(4,6)->(4,7)->(5,7)->(5,8)->(6,8)->(7,8)->(7,7)->(8,7)->(8,6)
(1,1)->(1,2)->(2,2)->(2,3)->(2,4)->(2,5)->(3,5)->(4,5)->(4,6)->(4,7)->(5,7)->(5,8)->(6,8)->(7,8)->(7,9)->(8,9)->(8,8)->(8,7)->(8,6)
(1,1)->(1,2)->(2,2)->(2,3)->(2,4)->(2,5)->(3,5)->(4,5)->(4,6)->(4,7)->(5,7)->(5,8)->(6,8)->(7,8)->(8,8)->(8,7)->(8,6)
