22
73
6
59
1
50
31
11
0
7
42
18
29
22
45
42
25
38
71
31
68
6
57
5
18
36
40
59
31
60
20
30
11
0
9
0
42
35
32
3
44
48
49
2
50
18
13
5
54
43
15
48
24
45
42
28
34
49
45
80
0
24
30
57
61
9
35
61
4
10
29
60
53
20
27
8
84
93
23
68
40
95
36
62
34
10
34
15
50
52
22
0
31
34
49
58
61
70
57
33
18
8
71
48
47
49
50
3
39
11
31
46
35
29
24
31
14
70
31
27
44
0
50
0
22
73
20
12
14
1
25
50
52
11
14
53
3
12
35
83
22
19
79
27
6
76
15
20
69
15
20
6
28
13
70
7
19
45
1
63
22
35
34
15
30
39
38
26
0
28
32
54
1
48
10
28
15
43
18
51
4
20
27
6
54
50
34
60
4
1
1
57
31
35
78
69
20
6
78
37
44
61
41
19
5
29
15
3
1
3
21
53
6
14
66
31
50
37
34
22
8
44
79
53
29
46
21
12
39
76
8
72
71
65
40
44
34
43
20
11
60
80
13
11
40
11
25
31
6
31
53
82
34
7
50
7
22
35
45
36
13
15
24
22
6
51
30
27
6
20
24
4
30
49
37
13
18
34
68
24
33
22
31
55
32
48
86
72
32
44
3
23
24
84
12
10
63
9
15
48
18
3
28
44
40
41
31
36
13
40
37
44
37
82
42
3
7
9
29
29
15
40
14
9
12
20
49
60
45
20
7
69
42
46
44
7
69
43
16
6
11
25
24
10
57
66
4
24
83
45
6
13
44
82
3
20
26
16
25
27
29
37
33
6
74
34
26
77
20
14
4
7
27
4
39
47
19
19
21
51
52
8
32
34
18
14
60
59
0
84
70
1
34
85
44
2
20
37
36
8
62
5
11
40
48
68
17
30
41
48
15
47
4
0
19
46
50
61
74
92
34
52
10
10
10
14
69
19
24
10
7
12
34
20
15
15
2
15
72
1
76
16
17
63
38
23
53
75
36
16
38
16
55
87
1
7
7
10
56
37
30
59
44
3
10
78
2
33
29
10
18
43
28
47
2
15
15
47
13
40
41
77
14
13
16
23
12
10
15
11
41
2
8
70
88
3
33
15
56
54
67
9
34
47
36
2
84
46
71
61
24
53
12
14
30
62
8
21
1
4
34
3
56
5
5
61
57
18
21
26
34
47
42
49
65
8
31
5
10
52
70
18
10
66
0
41
25
68
23
38
15
17
13
0
7
48
35
38
29
19
79
1
21
48
56
34
1
84
29
50
26
35
37
2
29
4
11
41
37
27
30
27
38
14
53
29
8
42
72
56
17
15
13
48
8
73
80
2
11
23
24
2
45
63
76
80
69
14
37
23
17
14
7
21
2
28
8
55
61
16
36
30
57
10
1
13
8
60
56
11
41
59
28
28
55
3
7
43
26
32
4
28
33
24
88
24
22
23
8
6
11
40
15
2
15
71
0
36
40
43
23
23
13
65
28
6
2
34
1
62
47
31
42
39
24
13
8
1
43
23
19
6
42
57
47
20
22
41
10
36
8
1
5
69
31
37
50
76
87
70
68
1
29
1
2
3
0
42
25
14
59
42
49
20
3
63
19
7
30
29
4
62
37
44
18
73
29
9
42
34
7
16
21
22
4
63
22
18
40
20
34
8
35
55
3
53
24
92
0
35
73
0
18
79
55
49
55
16
56
47
37
32
71
21
66
17
65
58
15
5
71
55
15
18
57
74
76
10
34
40
30
43
22
5
58
33
30
59
0
14
11
3
22
63
36
20
13
40
16
29
69
45
79
74
19
39
74
18
6
17
0
55
22
73
42
8
4
23
51
55
5
20
54
19
72
52
46
6
45
76
32
69
86
54
15
1
16
79
15
32
3
39
51
29
4
24
52
48
42
22
0
18
25
37
4
75
37
25
63
4
40
2
1
74
28
86
30
37
32
7
76
20
59
24
18
42
13
71
7
10
13
20
35
9
8
53
60
46
44
4
8
9
7
6
82
10
77
29
0
83
0
