-1
-1
-1
-1
-1
-1
-1
-1
-1
-1
-1
-1
-1
-1
-1
-1
-1
-1
-1
-1
-1
-1
-1
-1
-1
-1
-1
-1
-1
-1
-1
-1
-1
-1
-1
-1
-1
-1
-1
-1
-1
-1
-1
-1
-1
-1
-1
-1
-1
-1
-1
-1
-1
-1
-1
-1
-1
-1
-1
-1
-1
-1
-1
-1
-1
-1
-1
-1
-1
-1
-1
-1
-1
-1
-1
-1
-1
-1
-1
-1
-1
-1
-1
-1
-1
-1
-1
-1
-1
-1
-1
-1
-1
-1
-1
-1
-1
-1
-1
-1
-1
-1
-1
-1
-1
-1
-1
-1
-1
-1
-1
-1
-1
-1
-1
-1
-1
-1
-1
-1
-1
-1
-1
-1
-1
-1
-1
-1
-1
-1
-1
-1
-1
-1
-1
-1
-1
-1
-1
-1
-1
-1
-1
-1
-1
-1
-1
-1
-1
-1
-1
-1
-1
-1
-1
-1
-1
-1
-1
-1
-1
-1
-1
-1
-1
-1
-1
-1
-1
-1
-1
-1
-1
-1
-1
-1
-1
-1
-1
-1
-1
-1
-1
-1
-1
-1
-1
-1
-1
-1
-1
-1
-1
-1
-1
-1
-1
-1
-1
-1
-1
-1
-1
-1
-1
-1
-1
-1
-1
-1
-1
-1
-1
-1
-1
-1
-1
-1
-1
-1
-1
-1
-1
-1
-1
-1
-1
-1
-1
-1
-1
-1
-1
-1
-1
-1
-1
-1
-1
-1
-1
-1
-1
-1
-1
-1
-1
-1
-1
-1
-1
-1
-1
-1
-1
-1
-1
-1
-1
-1
-1
-1
-1
-1
-1
-1
-1
-1
-1
-1
-1
-1
-1
-1
-1
-1
-1
-1
-1
-1
-1
-1
-1
-1
-1
-1
-1
-1
-1
-1
-1
-1
-1
-1
-1
-1
-1
-1
-1
-1
-1
-1
-1
-1
-1
-1
-1
-1
-1
-1
-1
-1
-1
-1
-1
-1
-1
-1
-1
-1
-1
-1
-1
-1
-1
-1
-1
-1
-1
-1
-1
-1
-1
-1
-1
-1
-1
-1
-1
-1
-1
-1
-1
-1
-1
-1
-1
-1
-1
-1
-1
-1
-1
-1
-1
-1
-1
-1
-1
-1
-1
-1
-1
-1
-1
-1
-1
-1
-1
-1
-1
-1
-1
-1
-1
-1
-1
-1
-1
-1
-1
-1
-1
-1
-1
-1
-1
-1
-1
-1
-1
-1
-1
-1
-1
-1
-1
-1
-1
-1
-1
-1
-1
-1
-1
-1
-1
-1
-1
-1
-1
-1
-1
-1
-1
-1
-1
-1
-1
-1
-1
-1
-1
-1
-1
-1
-1
-1
-1
-1
-1
-1
-1
-1
-1
-1
-1
-1
-1
-1
-1
-1
-1
-1
-1
-1
-1
-1
-1
-1
-1
-1
-1
-1
-1
-1
-1
-1
-1
-1
-1
-1
-1
-1
-1
-1
-1
-1
-1
-1
-1
-1
-1
-1
-1
-1
-1
-1
-1
-1
-1
-1
-1
-1
-1
-1
-1
-1
-1
-1
-1
-1
-1
-1
-1
-1
-1
-1
-1
-1
-1
-1
-1
-1
-1
-1
-1
-1
-1
-1
-1
-1
-1
-1
-1
-1
-1
-1
-1
-1
-1
-1
-1
-1
-1
-1
-1
-1
-1
-1
-1
-1
-1
-1
-1
-1
-1
-1
-1
-1
-1
-1
-1
-1
-1
-1
-1
-1
-1
-1
-1
-1
-1
-1
-1
-1
-1
-1
-1
-1
-1
-1
-1
-1
-1
-1
-1
-1
-1
-1
-1
-1
-1
-1
-1
-1
-1
-1
-1
-1
-1
-1
-1
-1
-1
-1
-1
-1
-1
-1
-1
-1
-1
-1
-1
-1
-1
-1
-1
-1
-1
-1
-1
-1
-1
-1
-1
-1
-1
-1
-1
-1
-1
-1
-1
-1
-1
-1
-1
-1
-1
-1
-1
-1
-1
-1
-1
-1
-1
-1
-1
-1
-1
-1
-1
-1
-1
-1
-1
-1
-1
-1
-1
-1
-1
-1
-1
-1
-1
-1
-1
-1
-1
-1
-1
-1
-1
-1
-1
-1
-1
-1
-1
-1
-1
-1
-1
-1
-1
-1
-1
-1
-1
-1
-1
-1
-1
-1
-1
-1
-1
-1
-1
-1
-1
-1
-1
-1
-1
-1
-1
-1
-1
-1
-1
-1
-1
-1
-1
-1
-1
-1
-1
-1
-1
-1
-1
-1
-1
-1
-1
-1
-1
-1
-1
-1
-1
-1
-1
-1
-1
-1
-1
-1
-1
-1
-1
-1
-1
-1
-1
-1
-1
-1
-1
-1
-1
-1
-1
-1
-1
-1
-1
-1
-1
-1
-1
-1
-1
-1
-1
-1
-1
-1
-1
-1
-1
-1
-1
-1
-1
-1
-1
-1
-1
-1
-1
-1
-1
-1
-1
-1
-1
-1
-1
-1
-1
-1
-1
-1
-1
-1
-1
-1
-1
-1
-1
-1
-1
-1
-1
-1
-1
-1
-1
-1
-1
-1
-1
-1
-1
-1
-1
-1
-1
-1
-1
-1
-1
-1
-1
-1
-1
-1
-1
-1
-1
-1
-1
-1
-1
-1
-1
-1
-1
-1
-1
-1
-1
-1
-1
-1
-1
-1
-1
-1
-1
-1
-1
-1
-1
-1
-1
-1
-1
-1
-1
-1
-1
-1
-1
-1
-1
-1
-1
-1
-1
-1
-1
-1
-1
-1
-1
-1
-1
-1
-1
-1
-1
-1
-1
-1
-1
-1
-1
-1
-1
-1
-1
-1
-1
-1
-1
-1
-1
-1
-1
-1
-1
-1
-1
-1
-1
-1
-1
-1
-1
-1
-1
-1
-1
-1
-1
-1
-1
-1
-1
-1
-1
-1
-1
-1
-1
-1
-1
-1
-1
-1
-1
-1
-1
-1
-1
-1
-1
-1
-1
-1
-1
-1
-1
-1
-1
-1
-1
-1
-1
-1
-1
-1
-1
-1
-1
-1
-1
-1
-1
-1
-1
-1
-1
-1
-1
-1
-1
-1
-1
-1
-1
-1
-1
-1
-1
-1
-1
-1
-1
-1
-1
-1
-1
-1
-1
-1
-1
-1
-1
-1
-1
-1
-1
-1
-1
-1
-1
-1
-1
-1
-1
-1
-1
-1
-1
-1
-1
-1
-1
-1
-1
-1
-1
-1
-1
-1
-1
-1
-1
-1
-1
-1
-1
-1
-1
-1
-1
-1
-1
-1
-1
-1
-1
-1
-1
-1
-1
-1
-1
-1
-1
-1
-1
-1
-1
-1
-1
-1
-1
-1
-1
-1
-1
-1
-1
-1
-1
-1
6
-1
-1
-1
-1
-1
-1
-1
-1
-1
-1
-1
-1
-1
-1
-1
-1
-1
-1
-1
-1
-1
-1
-1
-1
-1
-1
21
-1
-1
-1
-1
-1
-1
-1
-1
-1
-1
-1
-1
-1
-1
-1
-1
-1
-1
-1
-1
-1
-1
-1
-1
-1
-1
-1
-1
-1
-1
-1
-1
-1
-1
-1
-1
-1
16
-1
-1
-1
-1
-1
-1
-1
-1
-1
-1
-1
-1
-1
-1
-1
-1
-1
-1
-1
-1
-1
-1
-1
-1
-1
-1
-1
-1
-1
-1
-1
-1
-1
-1
-1
-1
-1
-1
-1
-1
-1
-1
-1
-1
-1
21
-1
-1
-1
-1
-1
-1
-1
-1
-1
-1
-1
-1
-1
-1
-1
-1
-1
-1
-1
-1
-1
-1
-1
-1
-1
-1
-1
-1
-1
-1
-1
-1
-1
-1
-1
-1
-1
-1
-1
-1
-1
-1
-1
-1
-1
-1
-1
-1
4
-1
-1
-1
-1
-1
-1
-1
-1
-1
-1
-1
-1
-1
-1
-1
-1
-1
-1
-1
-1
-1
-1
-1
-1
-1
-1
-1
-1
-1
-1
-1
-1
-1
-1
-1
-1
-1
-1
-1
-1
-1
-1
-1
46
4
-1
-1
-1
-1
-1
-1
-1
-1
-1
-1
-1
-1
75
-1
-1
-1
-1
-1
-1
-1
-1
-1
-1
-1
-1
-1
-1
-1
-1
-1
-1
-1
-1
-1
-1
-1
-1
-1
-1
-1
-1
-1
-1
-1
-1
-1
-1
-1
-1
-1
-1
-1
-1
-1
-1
-1
-1
-1
-1
-1
-1
-1
-1
170
-1
-1
-1
-1
118
-1
-1
-1
-1
-1
-1
-1
-1
-1
-1
-1
-1
-1
-1
-1
-1
35
-1
-1
-1
-1
-1
-1
-1
-1
-1
-1
-1
127
384
-1
-1
252
-1
-1
-1
-1
-1
-1
-1
-1
22
-1
-1
221
-1
-1
-1
-1
-1
-1
30
-1
-1
-1
-1
-1
-1
-1
-1
-1
-1
-1
429
-1
136
-1
187
34
176
-1
-1
-1
-1
29
-1
-1
-1
-1
-1
-1
328
-1
81
140
-1
-1
2
-1
-1
-1
117
-1
-1
-1
-1
-1
-1
147
-1
92
19
-1
-1
-1
-1
-1
166
-1
-1
-1
-1
-1
-1
-1
-1
-1
217
-1
-1
25
-1
-1
-1
-1
-1
160
216
-1
-1
74
94
507
72
-1
349
-1
-1
-1
-1
-1
271
216
137
-1
257
-1
-1
119
-1
252
-1
-1
475
229
-1
238
237
-1
-1
-1
466
-1
-1
497
-1
-1
197
-1
436
56
-1
-1
-1
-1
-1
109
-1
76
-1
-1
68
-1
-1
-1
-1
62
-1
-1
-1
-1
-1
-1
339
65
-1
-1
-1
-1
-1
341
-1
-1
30
-1
-1
253
-1
168
-1
129
402
202
-1
230
-1
89
-1
154
316
224
285
-1
-1
258
248
-1
147
-1
8
-1
-1
-1
-1
271
288
11
-1
185
78
68
-1
-1
85
-1
-1
114
-1
-1
-1
-1
239
-1
-1
55
-1
-1
-1
508
-1
-1
0
-1
252
90
-1
-1
558
-1
470
-1
121
-1
-1
159
-1
490
-1
-1
-1
121
245
107
200
-1
301
-1
419
175
173
180
-1
-1
280
595
380
-1
-1
378
-1
-1
158
-1
-1
-1
224
-1
582
264
365
130
-1
35
-1
-1
342
-1
-1
332
-1
54
-1
-1
106
173
-1
-1
-1
42
175
-1
-1
-1
-1
-1
405
-1
-1
226
42
-1
43
43
240
-1
348
383
-1
66
-1
371
79
-1
169
295
328
-1
295
-1
196
110
197
-1
330
434
363
-1
-1
-1
-1
-1
557
190
152
-1
358
75
-1
390
335
454
678
187
-1
108
324
192
600
-1
96
-1
-1
492
436
179
22
-1
-1
107
52
103
-1
334
-1
116
178
315
38
-1
-1
-1
193
-1
446
354
347
-1
242
-1
-1
13
106
521
182
183
224
-1
356
-1
-1
-1
10
-1
245
108
329
67
78
104
182
165
449
739
361
292
-1
359
-1
-1
-1
299
705
29
39
280
335
355
212
-1
10
389
147
272
79
61
-1
532
-1
286
593
507
241
123
287
-1
342
-1
511
179
96
-1
299
41
-1
422
184
178
514
87
411
-1
-1
362
-1
-1
179
359
107
-1
183
426
54
486
439
518
715
271
6
-1
127
531
417
15
15
-1
-1
352
-1
612
-1
533
-1
-1
91
261
84
103
509
398
-1
154
3
453
-1
226
-1
446
-1
-1
97
200
-1
256
-1
180
373
532
704
8
-1
-1
110
267
-1
754
362
93
25
134
-1
409
403
225
18
515
-1
244
239
402
293
-1
349
332
216
-1
-1
125
543
504
408
-1
591
-1
-1
416
778
51
297
625
785
35
102
18
108
37
205
885
145
69
86
-1
206
165
621
529
228
429
112
96
117
420
846
356
392
-1
580
495
-1
63
730
640
173
168
135
705
336
-1
103
273
790
293
135
37
160
678
457
68
297
114
304
262
126
458
260
108
381
6
452
124
-1
67
5
337
456
212
606
84
91
61
197
-1
619
-1
574
242
96
18
185
780
41
311
374
61
170
699
677
18
809
-1
324
829
120
531
-1
473
101
272
361
274
780
143
726
-1
317
795
114
384
793
319
456
616
43
310
110
555
628
549
509
136
368
702
102
131
29
188
255
76
264
82
71
296
118
204
277
364
443
454
385
62
295
410
124
49
79
535
300
39
322
221
301
227
270
41
701
348
835
7
765
430
86
495
497
21
580
498
787
16
100
124
702
195
169
79
542
302
207
620
284
895
568
195
556
476
566
800
163
293
40
488
473
399
548
670
514
187
216
174
391
781
104
480
426
102
242
759
23
482
626
258
339
62
406
893
676
379
155
393
174
192
399
873
152
317
66
10
348
509
385
243
318
245
217
474
74
299
502
14
460
484
25
415
772
231
724
25
193
133
342
409
293
25
667
89
407
716
220
253
749
429
357
468
891
546
200
30
173
60
774
845
17
73
108
418
515
695
119
599
58
299
80
490
520
45
103
24
438
14
337
276
180
677
121
405
155
191
197
457
74
91
433
353
204
85
570
654
162
497
145
587
202
247
326
152
765
154
332
251
326
460
667
876
477
279
512
189
801
9
288
749
157
556
310
105
408
27
15
571
165
657
560
475
643
141
545
465
534
589
221
365
497
588
407
755
339
48
256
54
153
44
19
263
791
63
125
474
209
39
257
214
68
295
79
106
577
575
760
79
31
216
695
314
78
157
625
341
293
202
674
345
142
169
340
259
576
110
89
823
11
344
146
556
209
713
616
108
172
213
218
552
462
154
33
76
98
151
151
81
824
615
440
313
680
176
242
26
550
620
45
117
146
30
436
51
369
295
542
258
376
360
387
17
327
225
747
65
609
567
186
208
308
519
140
909
815
23
614
516
294
113
93
545
144
254
483
145
472
546
168
2
383
206
419
92
19
101
330
318
102
165
542
294
59
161
238
210
72
281
315
522
665
208
416
46
110
55
281
452
349
602
563
124
444
593
90
438
516
118
60
506
58
517
107
251
648
140
399
179
492
636
275
186
467
503
39
444
265
607
453
465
382
118
781
195
435
101
784
551
152
382
575
14
677
425
345
451
268
178
283
210
734
655
726
461
272
73
32
111
577
188
631
258
137
50
509
113
300
727
705
516
103
556
45
130
872
90
33
639
341
127
813
208
9
656
141
62
253
654
571
346
680
290
277
73
237
386
129
110
642
857
440
490
126
863
6
511
786
141
695
403
786
208
817
601
518
111
317
527
327
0
727
589
104
113
287
542
476
333
317
118
107
156
903
93
665
655
31
249
300
496
717
462
387
214
743
268
597
122
731
277
279
291
312
734
768
442
59
500
607
69
727
689
258
38
708
13
118
219
250
240
293
52
13
615
419
18
93
209
387
328
164
726
175
86
784
204
199
797
561
296
393
72
563
36
146
866
541
145
519
252
504
189
739
323
322
95
43
674
356
41
503
741
246
528
409
54
632
228
81
61
216
333
266
40
769
18
410
231
107
249
354
7
257
758
526
306
705
286
348
700
334
808
321
10
685
338
86
134
283
90
160
14
43
46
375
270
480
287
517
474
296
206
184
77
247
154
526
436
374
169
40
355
355
81
554
790
17
469
442
124
742
93
210
33
794
54
411
46
72
628
40
678
301
7
792
160
542
282
73
261
788
235
304
211
154
310
875
463
11
118
528
91
639
264
149
358
477
304
95
85
737
504
211
135
323
225
988
276
783
441
452
627
641
65
76
235
457
197
401
117
11
610
9
523
581
729
530
128
557
305
28
487
592
773
203
609
88
141
336
76
469
648
149
357
781
172
501
188
381
762
684
329
213
823
702
56
230
378
550
209
653
126
78
98
55
411
593
741
72
753
26
2
259
327
269
110
849
274
547
652
90
699
584
62
583
473
7
35
458
539
265
440
61
70
332
153
95
597
219
587
131
321
421
853
45
272
647
481
659
236
156
836
147
229
140
270
24
133
467
825
165
137
169
35
288
323
910
748
179
747
123
575
439
702
56
32
193
549
126
467
41
177
151
708
177
187
122
151
430
2
601
738
24
301
135
143
170
257
420
431
111
408
411
99
577
395
110
165
409
611
34
71
604
43
11
144
90
519
218
162
116
130
459
303
322
199
350
746
443
461
704
5
196
56
251
748
188
416
705
484
550
485
156
146
166
89
729
175
769
303
66
203
68
1
68
304
844
731
124
32
358
40
1
252
42
230
348
497
249
44
601
441
452
306
260
82
364
286
432
406
114
648
226
15
225
211
99
618
169
394
668
44
482
530
312
311
594
155
392
12
307
201
580
215
257
269
164
207
134
714
36
840
537
3
559
35
434
213
484
586
850
685
26
395
52
341
602
333
137
70
32
204
159
17
84
381
305
618
153
460
245
11
57
112
200
293
40
231
305
452
423
635
577
799
108
35
373
486
447
46
320
817
547
59
584
679
367
124
155
300
83
722
433
637
502
382
114
324
155
124
555
134
227
463
132
164
77
209
780
262
273
34
826
918
260
261
436
284
48
207
594
172
75
624
164
444
9
137
728
27
606
683
710
606
164
179
673
476
572
281
862
7
34
393
207
511
729
55
357
460
307
264
28
11
116
750
297
195
169
375
319
39
603
392
339
497
829
496
42
155
182
15
259
366
383
139
12
542
415
652
303
38
511
603
234
541
273
606
738
450
49
115
147
28
515
762
665
135
725
704
601
356
322
128
20
236
96
413
145
51
46
13
143
486
14
289
166
433
653
115
36
466
7
508
748
738
444
133
100
549
425
128
36
234
165
837
94
524
630
597
299
332
243
235
755
131
450
245
44
260
649
480
469
220
262
348
415
48
111
388
418
128
169
909
409
441
570
167
254
614
520
477
352
272
620
729
349
314
494
14
599
409
60
302
616
467
440
248
393
504
147
539
30
94
821
466
375
72
193
46
528
103
56
376
86
23
262
327
135
338
357
182
405
925
98
234
348
109
31
216
566
84
344
81
53
154
325
502
20
37
750
63
395
653
730
275
0
316
6
24
541
406
208
260
52
671
7
91
318
375
699
129
51
233
323
293
214
39
29
114
358
280
514
27
325
440
369
98
110
132
39
590
218
195
26
388
340
135
32
497
18
458
112
407
621
615
674
167
594
624
318
219
20
380
311
463
906
275
438
754
266
332
663
561
480
155
386
506
546
949
469
67
633
458
0
485
260
442
569
660
362
286
123
67
398
224
300
181
294
629
94
256
106
452
335
205
398
718
485
221
100
611
13
69
481
157
468
535
561
591
212
4
331
187
323
157
116
220
290
176
122
162
324
85
570
510
141
172
460
378
725
156
374
345
204
342
326
128
14
299
517
789
380
624
372
917
156
394
108
547
774
535
26
132
241
33
33
119
648
116
344
481
616
564
385
166
250
126
223
250
271
445
618
351
862
190
114
450
150
268
708
105
696
615
655
139
698
83
313
120
228
609
5
954
4
36
73
51
125
301
32
23
322
266
534
118
106
426
798
174
213
64
34
232
406
385
896
67
601
781
85
575
89
502
56
904
754
725
241
173
625
430
247
288
318
894
254
9
869
804
698
80
140
192
833
389
901
38
308
10
225
182
343
702
701
54
554
81
0
630
98
252
244
608
104
231
259
714
731
119
235
214
649
369
160
393
22
713
272
635
76
403
506
233
100
610
87
385
76
319
620
431
717
121
129
507
728
607
411
979
521
852
208
623
734
42
198
185
173
761
219
29
233
798
518
213
67
403
203
294
10
258
343
250
8
118
140
146
586
444
21
586
437
280
206
175
31
371
611
577
47
627
182
943
392
533
268
179
282
208
351
342
170
587
90
134
209
133
447
372
241
228
546
521
12
14
531
831
241
18
252
157
57
933
689
336
315
366
215
279
696
149
78
655
617
45
60
368
187
611
238
333
52
459
388
496
412
131
785
512
597
36
199
292
223
281
365
68
462
109
318
300
197
105
759
293
244
389
131
188
140
484
455
725
657
323
365
604
43
149
506
218
84
519
131
279
542
525
406
351
356
410
435
595
218
184
355
267
109
686
209
281
162
119
164
299
797
667
35
453
270
430
197
581
465
146
607
137
247
253
21
20
185
786
856
345
270
401
496
80
158
463
477
385
143
558
7
345
641
188
838
587
287
762
4
96
331
134
33
491
344
318
524
575
469
637
216
636
197
302
281
34
48
147
510
480
11
134
310
309
13
600
685
287
572
358
24
320
626
776
225
159
244
869
386
506
235
291
641
73
269
204
282
364
101
239
654
5
23
349
201
112
889
173
31
560
574
43
170
160
626
14
238
77
47
536
431
311
905
177
509
449
727
396
182
27
54
782
177
311
532
191
111
486
47
164
182
57
856
303
174
153
749
165
130
433
553
593
252
461
732
42
252
215
203
497
42
21
333
565
201
213
5
341
806
652
184
16
355
217
464
136
766
56
61
578
450
447
33
70
105
129
139
337
30
128
673
2
190
525
731
94
598
527
267
14
84
135
339
449
182
668
204
687
848
824
89
316
254
90
78
762
217
65
110
608
286
777
235
59
169
481
150
583
907
283
762
1
209
207
169
149
221
233
35
266
702
207
429
411
541
377
585
183
61
506
349
602
775
36
31
314
742
270
552
769
685
775
637
479
461
479
367
404
157
413
104
56
269
285
834
331
570
524
281
260
403
254
329
101
337
153
300
327
950
390
322
108
402
298
51
416
374
13
73
111
152
167
425
470
171
487
582
458
185
176
270
341
809
607
69
14
36
756
86
883
470
854
352
882
858
27
185
363
44
274
525
33
739
551
305
73
158
316
502
16
436
24
409
100
437
3
209
490
1
519
218
295
227
395
239
268
255
179
127
278
63
262
328
233
531
654
147
801
303
475
564
229
4
403
151
683
429
759
245
157
730
114
861
163
110
14
541
85
138
835
98
681
309
130
129
125
789
510
21
50
691
170
866
108
158
109
324
315
29
83
494
542
43
277
14
308
68
192
27
384
781
845
110
54
140
336
170
782
72
71
268
185
866
3
849
328
277
239
100
114
688
332
796
21
622
249
306
93
413
31
53
326
405
622
376
334
283
251
358
243
475
331
506
3
330
814
4
179
795
165
54
277
4
45
631
688
37
55
445
314
81
560
231
568
497
226
629
167
196
311
501
429
245
215
280
714
432
226
295
673
594
81
61
589
265
568
390
354
435
573
258
615
641
375
144
45
81
482
397
296
366
510
384
120
326
181
592
35
406
29
371
264
39
85
144
7
937
221
201
371
260
397
519
278
227
758
874
412
949
349
170
736
224
109
12
366
12
180
714
66
71
657
553
727
32
81
416
198
615
730
491
16
190
436
346
52
522
101
91
41
223
198
471
123
290
342
277
374
449
913
128
293
406
69
242
668
21
765
150
614
625
24
315
45
284
590
238
267
423
528
539
194
627
139
763
674
298
341
122
28
517
125
845
738
483
373
205
73
406
186
26
293
890
108
382
93
759
303
449
179
177
290
223
214
610
727
18
573
34
37
49
8
147
67
118
706
528
264
731
102
190
588
165
32
187
262
280
214
152
550
152
52
230
741
85
11
301
390
749
199
65
437
340
233
377
603
838
428
405
341
955
535
348
13
128
167
105
159
76
255
671
517
195
131
139
524
181
267
758
10
395
687
188
166
396
192
627
47
342
101
221
842
346
554
709
493
41
607
557
47
107
825
932
983
202
827
403
126
79
644
93
256
294
80
378
240
282
2
696
140
465
9
423
351
123
218
631
381
775
315
217
278
662
313
25
48
293
376
623
308
177
9
323
463
374
759
209
77
30
348
412
148
707
958
387
114
501
661
57
491
199
49
769
178
73
55
756
83
373
112
353
103
332
550
131
238
537
297
171
4
439
230
452
115
278
274
35
552
34
557
490
359
8
139
348
424
705
98
559
401
144
446
886
661
86
490
111
365
407
489
429
486
172
72
463
375
301
726
226
443
155
110
182
82
335
677
257
54
93
101
208
468
589
877
630
136
58
219
790
155
209
93
42
266
134
682
180
160
498
296
812
192
250
749
157
524
364
674
721
109
396
272
402
372
521
94
466
461
310
191
37
202
42
382
166
71
254
166
149
21
150
92
10
84
223
684
601
258
313
100
858
862
193
145
242
455
611
118
6
335
305
569
217
413
565
294
694
264
368
334
60
779
813
154
285
72
924
318
105
238
448
275
391
28
100
660
480
452
8
232
952
245
844
147
14
7
117
307
153
118
472
362
346
625
76
564
415
826
225
660
218
685
476
907
229
773
15
349
381
331
41
212
516
566
65
98
377
145
672
861
264
335
30
334
219
203
703
74
368
494
841
116
188
38
175
698
211
419
64
178
53
298
21
92
643
84
51
727
436
602
138
480
31
163
43
88
744
31
28
666
397
171
207
861
218
402
789
518
314
650
745
520
449
240
98
643
698
304
561
155
515
91
700
508
392
451
511
112
553
474
672
377
476
604
129
409
217
559
487
30
217
735
103
213
81
257
237
6
208
103
387
202
324
199
128
60
375
283
774
218
65
71
504
551
89
421
180
198
112
235
259
89
298
487
688
560
464
133
184
231
261
622
200
52
195
50
28
625
192
7
366
388
39
288
5
159
44
120
77
475
766
44
67
651
258
221
109
451
384
727
49
290
533
356
74
844
842
459
490
2
367
428
645
540
56
529
284
468
507
85
403
480
182
668
70
367
15
118
50
639
510
38
310
989
156
8
222
414
39
190
198
393
93
422
345
290
243
322
653
62
685
477
350
100
234
493
233
883
196
404
155
417
626
334
76
231
565
25
648
18
543
793
125
206
263
444
230
165
73
144
17
516
667
442
859
93
95
583
473
150
761
837
64
956
565
490
428
143
534
333
282
39
474
20
534
361
35
374
705
59
296
492
55
117
53
378
406
299
665
468
51
351
375
41
9
709
67
158
485
344
148
862
261
83
181
859
792
91
71
206
421
208
317
369
120
481
139
122
497
603
379
395
289
12
201
835
243
388
0
442
3
249
661
486
753
74
349
589
378
87
78
331
255
541
643
15
313
99
374
401
192
317
154
293
501
368
465
64
199
302
49
111
362
453
757
571
520
471
174
303
728
588
349
127
118
745
344
266
569
175
333
44
793
96
354
181
166
471
159
125
348
294
555
188
769
44
327
14
546
887
427
19
545
16
820
295
695
566
137
649
49
43
274
156
350
114
48
302
962
699
302
268
466
803
12
497
576
124
573
320
187
507
467
1
329
362
545
757
334
226
524
291
522
650
570
779
621
441
497
445
879
676
12
307
293
362
891
339
173
374
358
333
423
65
225
894
244
613
146
529
145
213
90
207
121
484
228
169
183
740
679
147
182
399
291
934
731
457
251
654
252
191
519
142
18
115
522
6
41
112
208
132
236
350
229
207
318
558
403
773
60
951
343
592
35
628
405
205
170
65
588
745
788
482
162
568
630
328
134
333
72
499
86
256
675
907
152
9
100
458
687
381
231
282
102
68
184
85
9
82
499
95
695
697
280
403
287
277
709
18
18
0
663
148
282
75
839
31
131
857
551
50
19
217
170
301
385
34
72
1
343
669
6
220
811
607
59
379
418
401
602
107
480
239
692
29
353
274
162
105
385
161
520
1
95
340
46
864
264
380
786
1
349
728
11
789
362
403
351
94
750
654
169
409
201
490
100
324
149
519
271
602
148
16
206
804
506
4
219
218
491
567
116
105
73
61
212
93
47
453
224
325
880
7
569
727
479
256
819
333
473
302
85
2
107
194
238
452
933
65
471
550
15
121
96
250
427
363
111
450
64
341
119
637
242
388
233
827
452
143
434
359
34
452
12
208
80
260
230
45
332
94
736
208
200
364
374
254
469
13
48
58
261
162
369
172
374
141
511
270
282
266
216
646
71
35
713
623
412
90
198
152
543
628
25
23
227
579
91
411
318
653
386
14
39
220
187
137
222
81
86
251
130
747
721
172
256
420
572
524
179
211
442
442
168
133
222
357
260
588
387
238
6
906
350
585
775
610
47
109
343
474
199
682
50
409
293
152
584
84
242
19
70
833
31
279
21
315
7
276
289
534
98
446
102
47
329
562
233
314
25
421
375
152
493
485
586
652
341
273
815
752
83
130
180
118
332
422
198
170
55
248
304
302
5
635
275
210
386
516
621
400
233
405
521
60
725
145
573
489
112
150
362
262
197
426
380
287
231
382
36
201
281
178
28
35
665
238
230
574
578
622
646
597
358
321
847
102
737
150
49
665
141
351
61
199
473
456
119
137
257
849
31
257
245
67
247
326
641
496
307
401
403
654
193
7
658
397
772
260
646
902
589
205
624
357
445
492
282
567
7
81
618
290
580
180
413
405
283
373
620
727
541
66
433
634
382
256
228
669
374
0
458
405
328
84
635
965
219
187
395
541
209
801
16
139
698
348
298
81
173
392
184
141
42
236
236
570
179
581
37
71
157
378
197
365
523
270
343
93
150
134
588
341
212
48
334
43
261
75
331
234
12
344
74
375
169
56
297
59
11
458
580
106
277
368
164
43
243
563
253
195
341
269
215
867
71
844
507
334
285
478
201
117
487
388
58
460
153
560
503
34
172
37
212
710
673
102
186
711
710
853
510
435
680
662
272
365
12
78
389
246
337
779
54
285
272
39
557
477
170
243
455
294
688
392
314
520
518
368
524
455
165
821
721
291
149
53
221
293
26
120
139
473
134
133
220
121
155
635
207
226
125
549
229
51
445
457
530
444
9
861
13
625
250
143
541
356
281
184
560
614
4
13
406
246
48
637
345
392
678
406
454
600
709
404
215
331
160
122
104
489
363
587
716
662
164
112
140
554
874
9
110
291
935
114
271
582
686
212
425
28
368
564
687
27
368
427
164
574
825
314
134
196
393
43
620
155
665
222
48
328
272
103
15
515
829
355
499
104
426
531
41
130
376
595
662
520
360
329
405
594
692
62
770
59
633
301
382
240
48
226
141
725
262
0
311
96
350
252
257
223
145
701
414
191
123
131
47
140
935
901
1
135
307
8
261
6
755
211
9
759
498
194
557
311
630
96
824
28
76
460
297
401
133
728
553
372
721
353
6
839
375
465
214
639
607
274
671
73
126
386
733
182
194
290
775
580
599
200
430
1
636
58
355
45
651
249
136
234
122
350
582
150
254
35
605
346
482
76
100
11
464
215
486
70
664
456
167
200
113
547
878
114
359
266
113
336
467
291
563
22
336
361
452
280
753
735
163
454
196
335
660
104
310
206
106
252
812
245
288
497
1
727
211
463
571
286
337
204
119
12
156
73
51
678
158
96
740
345
121
53
437
47
577
56
471
101
392
571
149
31
324
367
68
70
9
72
266
192
48
163
48
141
324
208
682
18
374
115
40
674
112
6
26
49
406
715
650
336
247
374
280
342
115
608
77
5
622
542
68
333
250
429
601
2
696
606
364
47
41
781
92
251
135
280
308
21
541
490
744
248
115
183
13
523
98
639
575
617
735
194
456
222
770
209
88
514
42
334
153
394
402
207
612
394
94
637
137
762
233
235
4
447
608
48
405
641
1
446
128
834
108
358
80
254
53
342
913
116
330
187
104
125
138
458
307
12
901
44
130
580
384
543
643
543
491
74
305
91
695
492
73
332
402
299
227
919
70
678
790
391
539
123
137
483
271
59
802
426
339
336
215
151
410
179
227
295
300
273
519
96
177
144
792
9
580
692
713
43
56
83
377
206
7
121
545
248
333
260
713
307
347
92
0
539
264
392
355
755
402
358
582
49
112
227
525
19
53
311
122
173
139
546
151
79
346
126
339
262
41
289
474
57
53
220
240
501
546
88
85
324
270
121
184
314
563
11
77
481
526
94
941
51
149
119
644
174
483
483
30
239
170
157
305
405
34
592
105
533
597
590
442
87
101
365
141
615
250
584
490
530
254
238
352
9
547
249
48
310
266
814
134
359
354
604
516
5
493
661
580
24
804
552
134
314
158
312
15
281
680
586
774
10
154
187
907
382
210
43
92
204
481
134
131
141
35
707
48
313
773
593
58
486
89
344
142
337
333
186
275
463
857
397
229
452
256
629
60
293
55
646
195
700
499
339
109
402
693
847
22
862
527
22
661
477
509
71
436
69
578
480
164
42
666
99
111
116
811
70
789
375
162
170
84
288
330
235
141
424
394
103
231
606
453
499
245
427
847
35
675
933
165
822
908
606
124
103
188
165
246
533
680
478
517
9
639
104
260
229
81
885
114
309
83
111
184
553
187
233
245
290
293
128
134
445
649
497
616
546
596
362
951
24
299
36
320
193
150
184
163
604
280
258
64
619
333
126
242
9
598
1
497
843
220
328
693
199
546
168
580
197
141
263
129
77
123
220
735
204
50
158
847
511
137
412
194
63
252
0
183
449
245
213
168
151
505
802
83
81
738
698
17
375
102
312
176
443
599
194
119
633
394
738
280
69
813
571
282
42
377
578
283
593
404
720
330
23
193
188
705
508
325
31
272
251
500
345
124
275
0
625
31
259
287
769
544
23
550
507
142
443
493
533
572
381
107
337
293
122
359
499
321
274
133
221
167
549
315
550
497
364
215
20
125
795
465
31
433
8
224
344
465
203
121
542
129
593
496
580
139
294
260
29
179
578
501
685
311
283
168
601
77
248
537
673
42
85
208
67
399
803
240
30
317
145
27
44
96
877
922
203
639
438
315
111
337
577
147
37
568
79
804
169
334
394
666
150
213
292
615
78
528
597
3
454
63
305
569
147
11
118
298
63
535
163
83
373
190
838
663
557
528
344
271
304
33
192
53
27
666
500
127
443
434
140
460
664
501
28
585
243
918
328
580
216
276
275
432
128
54
593
340
611
114
867
430
418
230
174
89
90
385
253
322
468
137
127
198
397
434
172
98
77
848
57
385
37
153
389
173
611
39
220
230
402
263
467
10
116
188
767
92
192
197
243
291
241
225
653
646
114
342
61
281
7
124
104
860
31
335
320
218
607
608
116
279
49
408
323
498
710
558
232
158
513
273
401
669
27
233
88
482
255
798
19
196
339
200
86
150
34
474
555
302
584
575
620
262
2
337
94
155
344
555
187
159
688
259
363
321
64
146
76
391
179
100
235
531
557
314
445
608
45
41
261
667
212
41
471
784
21
6
739
424
501
707
238
610
161
734
429
126
372
163
335
818
420
22
413
616
10
218
319
787
182
220
324
121
196
115
732
328
76
440
780
176
447
565
936
57
27
23
630
389
128
432
321
671
543
307
406
745
397
736
167
546
173
2
599
50
33
95
673
708
224
578
571
452
200
380
359
379
669
196
304
548
325
679
305
147
107
36
474
46
831
392
850
903
951
200
284
479
512
300
559
317
63
187
367
116
243
936
646
546
976
418
80
152
239
107
276
422
695
779
4
680
323
516
173
627
147
588
387
285
244
225
342
115
252
378
26
287
263
54
683
172
75
373
134
397
364
730
16
27
30
827
835
261
142
433
515
504
154
7
11
113
800
414
711
244
538
403
242
29
102
665
272
145
408
87
552
365
716
291
130
488
123
558
127
295
106
41
851
350
145
360
610
138
574
91
924
530
550
332
37
201
480
640
188
373
661
327
777
82
382
219
223
617
26
377
110
75
60
722
105
403
392
625
116
686
177
316
306
424
239
433
376
126
172
419
146
375
529
508
116
291
98
174
412
141
252
553
71
216
212
664
589
184
233
0
183
23
620
162
661
227
91
618
105
257
89
83
345
578
198
637
164
252
376
567
303
267
437
526
328
6
368
64
37
436
640
594
423
173
220
39
261
191
110
314
113
182
104
498
347
393
836
4
36
676
11
102
189
375
287
715
18
445
157
72
272
18
96
179
113
167
8
97
21
33
343
278
413
93
74
167
115
197
159
218
226
197
768
710
42
50
51
635
509
26
75
796
264
306
39
895
47
221
59
467
132
914
229
294
320
380
355
133
124
445
492
774
92
511
264
667
142
222
16
381
376
222
450
451
523
353
9
313
236
161
280
252
268
186
74
482
365
421
376
55
34
340
198
111
421
472
745
74
650
772
572
64
157
556
16
90
152
311
119
294
393
606
4
581
210
88
719
363
405
99
244
182
293
243
167
261
178
671
431
919
636
18
11
385
87
356
103
568
243
191
714
571
652
610
437
558
278
163
98
954
78
218
83
246
210
597
306
744
580
204
517
180
458
40
203
314
60
859
77
376
541
350
269
438
371
101
681
75
701
628
119
300
186
945
205
82
316
62
330
278
275
366
370
155
651
92
495
442
168
435
487
656
448
135
389
225
591
29
190
20
294
109
261
690
216
426
238
94
407
556
79
513
289
231
779
293
471
317
27
65
262
308
118
577
322
207
338
312
429
344
839
725
426
250
42
228
303
462
5
216
327
14
299
121
24
371
838
491
122
164
5
396
358
132
24
129
41
439
77
452
5
108
383
665
133
443
1
55
88
469
902
71
281
54
440
315
249
236
672
216
257
164
161
474
167
4
660
22
641
153
44
174
477
50
83
260
234
933
25
387
121
61
207
442
520
221
402
240
511
42
490
209
13
423
39
223
131
478
325
359
266
599
403
279
4
231
56
159
146
39
342
373
547
18
164
103
0
364
270
571
294
327
434
196
267
442
178
846
223
109
478
660
394
633
356
946
557
167
132
375
62
238
370
76
25
298
31
436
302
371
20
65
385
22
231
377
260
386
630
350
293
761
699
403
227
204
433
461
448
258
162
403
616
863
173
197
4
413
47
289
46
432
248
192
261
187
542
201
689
35
222
119
483
535
44
232
93
243
118
220
287
37
806
656
755
426
256
654
362
371
164
756
687
656
488
104
423
66
55
624
35
44
422
433
21
162
195
200
207
361
71
56
43
564
352
244
147
64
87
114
1
392
619
390
141
363
16
651
414
338
366
455
773
64
158
519
359
233
48
85
408
373
636
551
221
512
128
650
403
244
415
33
364
523
129
62
373
569
35
283
89
819
702
2
208
619
230
284
202
499
507
228
445
705
101
66
156
252
258
33
520
312
498
320
670
411
194
690
479
136
225
219
210
168
559
727
389
337
882
405
147
491
347
629
101
54
244
9
12
115
214
288
305
354
146
188
840
395
462
756
649
231
45
550
460
414
517
114
464
513
549
520
183
497
265
281
55
541
264
520
351
453
557
2
356
489
34
494
375
663
394
255
161
740
270
379
446
95
205
15
425
206
79
158
127
113
706
119
829
57
36
237
202
614
243
57
394
498
756
178
739
690
814
141
439
332
713
191
344
377
804
611
59
108
296
47
85
1
382
89
364
326
683
905
475
317
347
180
77
55
261
655
9
929
493
69
278
23
757
10
366
392
471
263
371
278
804
21
66
98
720
115
724
122
35
195
510
71
310
374
96
184
495
16
378
273
87
583
299
146
203
552
291
742
821
78
123
609
136
787
99
517
603
643
346
67
530
364
37
140
214
130
187
206
263
207
690
74
364
547
140
74
544
17
98
91
345
916
181
302
695
318
861
34
298
384
3
454
12
397
514
13
573
788
88
120
582
692
837
238
713
279
736
11
419
125
101
307
102
758
257
361
162
253
50
877
444
536
712
679
113
334
412
237
202
281
42
190
127
338
260
770
461
262
266
439
231
759
648
303
211
625
346
749
489
216
283
12
495
9
120
76
226
392
283
153
154
92
223
3
739
40
291
521
284
108
152
426
162
140
476
701
132
388
746
380
435
24
666
354
701
124
114
710
201
229
485
537
148
297
13
284
156
764
375
22
699
25
344
547
313
398
24
39
849
260
490
562
469
286
719
503
675
353
363
508
130
123
174
683
1
68
583
92
609
720
218
286
985
298
297
186
85
93
90
394
130
418
161
371
937
199
355
153
461
256
628
13
341
207
440
46
244
232
487
140
427
26
791
315
319
568
361
144
577
236
108
665
192
489
330
686
58
362
330
68
867
900
218
274
302
656
3
496
210
327
500
380
527
230
871
57
200
176
427
176
938
388
239
855
889
1
400
761
38
135
831
27
44
430
312
179
168
141
3
46
224
197
241
539
338
596
657
63
259
348
106
121
71
466
687
320
454
697
840
693
34
43
430
869
378
227
338
482
18
770
24
507
418
438
33
537
65
13
160
286
719
201
320
322
274
166
11
155
847
466
449
248
136
757
741
116
330
29
26
139
247
354
104
530
4
587
386
161
529
930
545
128
860
243
410
590
395
87
111
31
816
48
241
136
662
40
323
525
280
25
12
398
701
629
344
904
566
679
12
95
460
507
7
8
227
227
69
167
54
251
37
639
227
695
98
341
21
379
80
19
508
353
627
67
21
207
645
121
39
46
24
419
243
240
14
124
64
736
729
354
334
106
550
451
462
44
74
583
1
117
439
721
516
54
454
180
146
502
392
598
303
632
766
54
24
305
47
209
70
239
317
842
261
545
48
688
0
944
615
531
315
317
74
584
610
157
188
151
191
110
359
432
493
619
210
112
490
11
45
365
181
107
567
130
191
61
208
301
13
142
36
658
81
261
734
712
274
108
316
42
619
54
16
702
293
259
423
259
306
236
597
114
163
558
244
517
546
628
54
222
262
536
503
7
172
535
24
348
129
260
310
806
532
231
527
369
275
188
246
634
326
451
435
24
212
542
37
806
628
11
301
769
500
594
726
142
136
83
420
155
57
161
110
12
438
194
473
401
1
184
270
346
402
317
228
265
381
461
579
414
219
295
219
56
286
55
613
128
10
354
209
352
502
340
232
325
217
7
565
356
401
196
332
117
103
545
164
267
671
327
593
428
415
332
139
328
113
540
349
439
866
332
296
350
391
798
666
147
581
350
769
518
439
509
9
824
197
112
88
232
782
252
344
127
59
292
697
658
492
143
442
25
22
307
205
140
333
14
356
363
174
368
619
378
854
716
158
65
181
215
13
363
404
457
202
300
513
52
326
114
397
220
70
108
482
474
242
184
609
300
353
201
934
55
34
796
70
221
553
125
230
332
88
174
259
442
63
199
740
272
652
507
904
730
320
323
572
119
907
110
182
54
756
65
294
48
250
438
396
59
540
389
332
831
322
135
458
20
14
643
139
80
634
256
42
621
55
467
434
304
465
402
443
128
307
607
277
551
138
205
160
353
221
20
212
658
63
74
75
433
79
723
628
393
134
308
69
205
6
272
291
353
10
133
30
680
71
188
748
169
94
69
528
438
202
887
320
315
111
303
111
529
353
733
304
389
163
237
592
21
373
355
68
337
114
468
173
21
803
52
618
171
354
128
230
283
214
540
207
30
722
349
129
45
835
164
741
294
377
720
60
617
485
251
834
735
542
344
360
754
742
38
812
146
82
781
138
107
104
325
336
587
650
420
558
118
423
40
894
556
235
255
459
280
102
215
342
271
439
531
44
392
441
211
98
288
173
148
73
261
145
28
320
149
954
24
109
903
308
560
520
185
482
71
482
441
110
751
734
244
595
93
826
53
329
260
40
20
519
493
53
141
130
626
756
24
916
84
560
189
398
6
579
333
509
2
420
635
230
380
222
844
956
47
209
303
823
511
197
332
29
415
146
565
123
709
287
91
813
157
734
178
262
63
477
33
374
157
80
270
87
189
579
294
287
364
321
465
45
544
540
543
7
349
91
458
463
483
545
515
71
317
30
47
164
160
296
372
700
617
302
280
873
849
467
75
505
206
193
116
295
101
511
599
311
155
242
357
600
63
424
54
409
219
737
267
132
539
671
146
362
369
251
176
456
572
423
104
818
450
283
318
60
104
466
49
10
412
384
660
891
230
106
557
483
164
295
243
253
361
168
219
7
308
521
610
63
83
638
155
461
512
511
817
128
652
453
269
16
542
190
2
58
461
288
673
622
455
81
770
136
364
717
5
120
139
67
74
59
105
429
492
810
381
360
31
855
579
