0
3
3
12
7
4
10
10
1
19
5
39
16
28
16
32
50
15
34
24
11
38
24
38
44
39
40
38
69
56
29
65
59
67
71
61
40
53
74
98
82
87
41
120
20
52
20
37
43
37
116
88
116
100
140
111
167
87
131
42
142
107
121
146
154
101
137
123
82
101
167
168
113
143
122
89
69
61
146
191
193
144
136
233
33
118
176
132
152
173
153
138
249
137
143
19
171
131
12
192
110
82
88
109
135
97
82
184
71
23
270
113
249
247
153
192
143
132
223
268
253
326
192
138
214
202
354
189
274
273
135
361
256
243
199
299
317
11
185
272
357
184
462
188
416
301
297
136
416
294
201
479
83
118
404
332
81
301
248
192
229
110
382
191
47
247
261
54
259
227
214
496
483
150
464
109
240
340
430
446
229
205
207
408
469
477
89
338
392
310
341
171
525
231
115
112
373
145
319
41
519
165
250
292
423
302
232
234
414
580
62
549
365
410
287
368
167
191
578
147
247
303
699
571
298
566
621
80
483
357
108
624
530
449
545
384
646
249
343
