2
0
4
1
8
9
12
10
11
24
18
20
19
16
23
7
24
21
32
35
23
37
35
46
60
66
67
44
63
35
43
42
45
92
28
42
46
82
75
55
20
81
65
36
120
93
108
56
36
74
22
83
15
66
69
107
115
61
21
73
136
93
82
109
21
106
173
71
86
65
34
139
133
185
53
164
90
201
42
110
36
110
49
67
83
99
213
70
106
229
173
110
180
157
72
110
161
71
161
96
140
132
73
146
35
166
116
158
92
202
106
124
241
221
253
160
76
133
99
202
135
255
182
135
130
144
282
130
68
101
331
165
244
162
88
206
179
228
234
253
279
118
189
161
62
3
257
205
296
301
238
97
143
162
122
170
185
275
82
174
186
91
367
149
72
142
269
221
63
28
265
106
217
209
165
210
93
148
194
165
198
262
329
411
391
54
279
318
177
295
298
218
252
366
130
77
215
315
252
408
186
204
153
262
105
332
138
362
476
251
161
166
290
383
182
241
396
212
351
227
73
299
60
319
238
395
428
574
332
262
345
231
187
389
262
482
266
406
555
504
261
486
407
513
258
85
458
599
440
501
278
211
395
410
457
222
418
241
183
215
152
382
323
286
368
354
599
37
298
264
48
323
508
640
332
371
688
185
596
254
462
643
435
490
330
74
120
376
245
566
470
708
716
491
438
389
479
570
279
355
667
239
695
415
68
465
475
274
734
641
358
663
165
738
346
640
186
705
370
237
501
474
789
267
407
429
445
758
426
512
449
333
12
378
569
867
542
526
784
504
410
633
360
368
435
322
642
682
299
724
664
339
432
805
295
643
527
374
521
687
407
278
716
709
853
698
852
445
429
118
482
853
410
385
216
606
457
253
78
353
962
311
610
378
857
301
486
291
413
494
327
683
594
438
516
417
330
461
374
764
452
622
170
624
990
258
382
504
317
204
666
747
931
274
624
776
591
128
846
333
11
104
605
332
492
1081
177
637
420
978
382
70
443
173
461
1093
765
266
32
838
476
426
660
531
1128
1151
632
278
514
108
803
623
704
262
619
898
768
442
454
30
1098
439
1064
496
821
986
1061
989
922
562
848
88
460
785
597
647
1226
439
744
330
690
685
331
517
244
1044
1196
797
138
1072
603
917
222
502
788
961
649
1012
676
431
628
888
599
1275
926
529
567
948
355
550
925
258
888
360
376
620
446
90
1213
613
514
681
862
696
426
852
287
1007
429
571
644
1247
811
625
529
618
341
796
1075
605
906
1005
1421
465
859
828
1438
1452
1512
949
1237
1077
814
1120
467
563
1042
986
1406
1312
750
775
795
1122
296
705
923
656
1273
1515
883
1376
267
455
586
1425
729
689
1213
882
929
1132
1587
543
944
758
451
785
899
517
1454
1500
354
1217
1151
1108
1400
1552
1388
1170
497
841
1656
1003
1734
1123
379
844
1142
949
793
1119
1019
61
1294
1338
1066
672
1234
1669
588
967
882
678
256
899
1221
199
1149
1448
701
682
1074
1252
1137
308
976
1343
1168
721
1429
128
110
1085
1290
1485
991
283
795
1062
1213
989
721
1695
850
1573
534
804
481
1017
317
802
744
854
940
1213
168
1036
1108
588
1765
481
1040
955
1597
542
1456
670
591
1124
1806
1327
898
440
1126
1290
726
800
1387
1262
861
615
1290
685
1334
684
485
794
405
780
869
1118
1150
1986
1542
1220
736
845
293
1027
1314
1320
1056
828
792
726
194
1004
752
2032
1009
1053
52
1168
2002
921
659
653
304
1778
1384
1921
906
1448
349
1313
1256
1225
921
320
1371
1954
1029
638
815
1204
1953
1493
980
1004
1783
1039
1513
802
897
746
1742
1680
1205
1040
1670
964
1365
1420
608
1725
1093
1531
1025
898
1482
871
640
1204
1347
956
993
2001
1345
617
1849
1193
1145
1928
1449
636
934
1387
1020
783
804
947
1658
788
1125
2011
991
1422
1673
1233
1142
810
1776
1409
527
771
1233
1281
588
1515
807
1614
1185
982
1205
1285
1765
899
1085
1058
2209
824
1084
1170
1975
360
1732
1029
1446
202
719
1165
876
1606
1904
1401
958
1825
1749
2183
1030
1029
2477
840
1986
1696
1815
2478
1066
1375
1365
1275
1711
1875
1779
1165
1256
545
1080
1893
1817
1260
1495
946
1286
1492
1152
2044
789
70
1249
1551
1591
1578
1201
692
1035
704
1237
826
1285
286
345
1693
1513
427
1917
219
148
1401
1026
963
1691
1775
1047
1131
1607
2371
1988
125
1949
323
1316
2397
759
1620
1275
2381
1564
2161
1467
1973
268
1477
1053
1041
1104
1038
1598
1196
1666
969
2153
1830
1570
341
1223
1331
1499
1853
2148
1313
1567
1351
2281
2405
1762
1885
1020
1517
1420
1196
573
2280
1088
1179
1241
1062
1292
616
1384
2123
2505
1394
361
372
651
2141
1952
1214
1250
1147
2604
150
1871
2594
