0
0
0
1
5
2
8
12
8
18
19
8
18
9
8
7
32
35
17
9
29
16
14
24
47
45
41
71
26
56
58
32
27
74
66
87
76
71
37
58
13
32
37
69
116
104
88
63
36
92
58
97
104
30
51
119
62
72
17
67
73
170
33
96
143
100
109
181
97
36
72
121
71
113
64
67
99
75
112
214
3
181
55
139
3
51
181
168
103
175
82
187
207
222
32
138
112
66
176
160
129
51
112
173
178
78
58
165
172
30
216
98
53
96
224
220
216
71
167
44
293
136
138
311
149
155
135
73
344
17
164
335
177
67
376
200
327
150
286
155
286
174
344
92
63
48
202
102
375
195
173
295
405
446
255
277
233
226
171
242
252
176
217
221
57
133
174
156
509
306
202
90
403
339
450
362
225
293
278
106
212
66
135
201
248
245
322
236
487
318
401
375
386
236
116
472
381
360
318
255
229
253
293
205
223
495
129
175
153
281
450
263
361
415
72
379
200
408
419
531
72
213
196
297
223
470
197
211
396
549
271
433
273
365
629
274
551
320
343
270
71
406
485
563
166
503
583
321
283
85
285
210
113
510
615
467
401
241
29
475
69
408
661
665
199
330
30
487
586
253
333
383
77
299
84
174
518
42
479
639
505
580
353
536
776
333
554
753
536
326
462
452
236
758
256
391
76
573
166
489
402
98
372
326
521
268
334
585
283
518
566
571
575
379
214
265
711
555
244
745
888
568
352
234
293
201
540
558
840
310
358
785
309
291
248
185
629
473
651
761
809
651
394
985
149
678
100
467
339
210
192
499
718
711
543
204
618
1031
618
384
112
449
366
212
365
448
238
364
578
580
387
511
150
333
402
965
430
1092
829
195
640
713
767
446
588
543
705
681
353
12
436
231
335
669
202
83
853
726
1117
830
529
560
364
950
202
356
1059
155
1140
187
635
613
556
295
964
1059
864
671
582
410
169
575
811
454
799
701
578
744
815
1199
344
492
1148
453
475
571
727
549
881
730
950
691
403
609
792
666
504
504
599
986
492
878
414
861
992
547
494
743
1052
55
511
297
374
1211
312
1189
265
524
537
1173
744
737
646
765
753
104
684
931
254
635
1409
658
1154
636
1191
798
903
758
686
747
226
243
1328
852
972
19
580
827
1234
1255
546
852
204
923
1266
675
751
549
36
969
771
313
1021
1053
616
459
807
927
568
622
964
397
1004
616
716
1244
716
883
992
763
499
725
584
647
841
1364
655
628
803
816
540
1069
506
1255
532
1359
271
575
699
1165
1321
1017
624
753
658
250
657
70
749
1212
1059
857
469
1275
218
705
828
362
314
367
720
650
554
1095
573
1472
1211
899
1045
405
1209
777
811
1291
949
1265
639
803
603
843
251
632
973
1108
548
1153
1146
916
522
1109
247
832
548
965
1001
851
867
1436
1041
933
1085
1035
1509
1701
394
982
1043
1541
1074
617
842
1227
1660
757
955
669
1160
754
317
1475
48
506
1417
717
949
485
552
746
56
482
857
1270
776
509
130
702
949
895
1568
319
1582
1303
190
1128
628
1339
996
498
759
1238
1249
829
1396
1268
857
900
969
1754
1374
931
1102
1859
889
1035
1201
949
619
902
922
797
1400
1178
400
1112
1485
1606
1194
892
1319
152
1165
657
707
777
969
774
455
824
781
1311
1160
1052
609
482
843
857
736
662
1494
95
1465
613
1323
725
1817
666
1753
917
1494
1077
883
327
1476
1617
1760
1368
1673
834
280
835
588
1270
826
1393
1436
1167
1189
1121
1189
546
900
432
1300
899
1132
1538
827
752
1389
721
372
824
1507
916
631
776
925
1710
1310
1326
459
1945
1327
378
792
1221
2124
1586
1171
1109
807
1431
1876
1437
1008
1671
1194
1154
914
548
1599
983
1949
975
1453
1639
1486
1059
228
1942
736
1748
2062
1831
1786
1631
1042
1146
910
1165
2266
1215
1435
1929
1221
1236
1051
731
315
1226
1696
2217
911
2008
1094
1634
1562
2122
451
1704
882
320
997
1106
76
707
780
1409
716
1277
1228
1554
1338
541
909
1436
850
1006
895
944
2042
1087
1987
1005
906
587
944
1300
1613
1379
1328
275
1094
1047
425
1580
450
1085
964
1235
951
889
659
713
2317
1268
545
1258
1309
1485
1756
1320
2023
2035
1459
1033
1786
1494
929
1117
2109
1560
1045
1418
2407
991
1375
1091
335
1284
980
2153
1042
1398
564
1752
1070
2085
765
1729
1244
1378
1383
723
508
827
1556
1369
640
1081
879
1547
1708
740
893
684
692
1081
1012
995
2197
1122
1319
1383
2061
307
2143
1276
1388
2321
1261
1203
981
2224
532
1800
1583
1447
1757
2459
1372
1225
2210
1252
1238
2527
1164
1680
976
597
1874
414
1378
626
778
725
1444
699
1484
2254
1712
1053
1572
1232
1899
2486
1635
1755
1395
1948
1021
283
1176
1816
1200
2230
1253
1965
510
2023
1940
723
1793
1303
2578
321
1245
2609
1163
1208
1453
1691
1104
2648
2119
2453
1702
1997
513
867
1639
1263
1188
233
1007
1545
555
1028
681
729
862
1781
1991
1827
666
2737
1463
2511
1806
1040
2363
1294
493
913
1438
1294
2052
1719
2523
1676
1219
824
1831
2320
2781
658
1085
1777
1200
894
2508
2812
3097
1634
2870
2046
976
1704
2259
506
550
1264
1776
110
636
2226
836
1256
2571
839
2587
1753
2300
2021
457
2001
2428
2810
1854
1506
2923
1662
1630
1618
48
1116
2702
2132
1325
1761
441
649
1600
1211
2761
2029
1276
2332
1324
1696
1003
1720
2067
2222
1813
2455
2004
1426
899
459
2404
978
2138
2543
2511
2646
2442
2625
1425
1877
1526
3326
1306
2751
1682
1582
134
2562
1923
480
2707
1903
1271
663
591
2153
1790
2381
2571
2178
1785
521
2039
3038
2821
2710
2797
2243
2715
1248
1068
1274
183
1197
1255
2838
2276
1423
1404
1794
1037
1027
2088
698
2185
2843
810
1483
1346
959
2330
1396
1613
1291
1516
1465
3148
1140
2453
1379
2087
1136
1609
1295
1984
2257
512
1576
1080
1301
1434
1359
2269
1329
2329
1828
101
2923
1916
1437
3544
1915
814
3404
2148
1046
281
840
1187
1833
1210
824
454
2246
1467
1452
2479
971
766
1247
2025
1852
27
1398
1034
2908
1323
2344
2257
39
1591
2312
2588
304
1522
3027
2074
3500
2292
1634
842
737
2311
2793
3142
2036
2161
2942
1808
2612
1070
1499
2393
1735
834
1886
2121
847
1560
1636
1553
1604
2002
2241
1624
2148
2752
545
274
2042
1845
3108
2366
3268
1474
407
98
2233
2964
1488
2775
1969
2036
2798
1411
3212
2229
685
2747
2899
2833
2011
2243
3027
2943
1773
2800
1293
2897
1231
2138
2220
1807
2866
1754
1428
1546
3323
1415
2102
1437
1787
2022
1606
1993
1103
3067
2745
122
2246
3468
992
1562
1986
440
2049
2012
1970
3168
2426
3715
3098
2320
3197
2180
2271
2029
2024
3310
1339
2949
574
1670
1856
457
2759
968
2917
965
1067
3196
2303
2096
2865
2235
2727
1629
1223
1660
3839
1973
1559
1651
3294
2411
2308
825
796
2351
2001
2056
1358
3004
2438
2018
4045
2176
867
2496
2101
3132
1713
2257
1639
2034
501
1181
1773
2635
2604
2781
1597
2248
2442
817
3554
375
2422
1848
2630
3206
1506
1452
2033
908
2452
3521
1655
1918
2011
3390
799
1323
4201
3131
2166
2063
1363
3127
2223
1260
2194
2140
1511
554
1315
2450
2711
1168
1353
3092
4245
2095
2090
3217
2563
1540
2353
2512
3927
2201
2457
276
3110
2865
2453
2883
3071
3215
2179
3844
3259
2603
3600
1812
1814
3820
1830
3070
1262
2636
1458
2399
3232
1711
1185
1280
2551
3791
3618
3780
1190
2428
1394
3145
1576
1764
2399
2505
2964
4243
1510
744
1317
190
2213
1840
1812
3882
2102
3830
3888
1740
1520
2361
683
3374
3483
1512
3506
1783
1302
548
3311
1697
1937
2412
3240
3691
2725
333
2592
768
2661
4191
1593
1106
3427
1906
3206
2402
1457
1470
2922
2496
2774
2608
3507
2094
1313
3600
2206
3504
3622
446
2421
1540
1618
2561
1135
3016
448
1589
1420
2480
1778
29
4038
539
663
1173
2363
3372
3595
3129
3305
2055
1390
1367
2162
3638
1250
1771
1926
617
805
3106
2408
3552
2445
3807
806
2097
3310
1865
2184
2747
2099
4162
4648
1688
1673
1517
3754
3186
3022
4037
3720
2865
637
3350
2360
1749
3054
3042
3863
766
3731
2039
1032
2125
1926
468
2677
1271
2088
2105
2156
2769
2206
2031
4760
948
3023
1960
1707
3726
3836
1162
3554
2679
2494
4028
1798
4330
3376
3886
1634
3065
2209
4358
1992
679
3762
1262
3288
2443
2127
334
3179
2256
2188
4090
705
2321
3451
1999
1900
1682
2275
3341
4058
2433
3594
1536
2275
3557
2161
3164
1817
1328
2057
2258
999
2111
3769
2697
2387
2464
4135
1354
3190
2364
3880
4070
2739
3568
2500
3054
4645
3611
1218
1510
2566
4846
630
1995
1459
3097
894
2468
991
2289
3198
472
2128
3710
1532
3694
4229
4434
4292
2995
4441
4439
4412
4918
2266
4725
1568
1643
2127
2537
1402
3161
2665
3078
2822
4082
1341
651
1335
1514
3905
2767
1384
1411
2958
2728
5160
3771
2456
4326
1285
2663
3008
1691
1462
1990
2966
4760
3117
2748
1161
3272
3146
2856
3248
2585
2816
2047
2596
3142
1386
2577
3472
1107
1900
3338
3034
1518
758
1979
2600
1909
1600
2077
3079
4084
1540
3610
749
3095
2094
4766
4066
2823
2677
1930
2445
2810
4251
3285
2627
2216
475
1981
2484
2765
1941
4978
1690
4044
2752
2636
1971
2415
4511
1801
2887
2379
3798
1068
3935
770
4730
4809
2161
3418
5385
2250
3409
2448
2556
1881
4382
1737
2601
3989
2461
2810
1715
3770
3470
4439
4119
2166
3149
2211
4053
4944
4656
2648
2718
3078
3407
2497
1786
3702
3456
3267
1481
579
2152
2847
3141
3519
4257
5188
2242
1627
2493
749
4285
2882
1972
3348
2091
2563
2276
2181
4730
2825
3675
3435
2133
5438
4122
3073
1668
1592
2837
2132
1153
3381
2040
3317
3499
3002
1895
1839
4819
3354
1873
1647
1965
43
2307
1829
1951
4046
1619
4257
2455
3475
3181
1617
3158
3442
2638
2528
3661
1474
1522
3989
3965
1687
2503
2954
5345
1887
4522
917
1604
1836
4244
4064
2101
1560
4876
2400
1499
317
3142
983
2012
2652
2241
3004
4284
3720
3211
1808
2819
2187
2660
4512
2212
1408
3064
4324
4863
2224
2874
4372
3989
1280
3361
1998
2483
4512
3828
2135
710
2943
3478
4008
2362
3321
2071
367
1958
3322
5804
1030
2640
5229
4906
753
1829
4157
3077
3376
1875
3477
2703
2954
531
4986
5643
2793
2932
1836
1140
2145
4531
5090
2764
5221
3427
1806
3037
2308
2222
2659
1176
5401
4508
2982
5461
2872
2374
5730
2395
2150
3174
2323
2657
683
2887
4067
4829
2172
2983
776
1566
3842
4443
2429
3396
3542
4499
582
838
5109
4100
3239
5157
2141
3062
3385
4350
4832
763
4970
1747
1968
3561
1408
3680
2841
2929
3861
2326
3275
3388
4873
940
2178
2217
3931
3802
3246
3160
2682
3611
4066
5061
796
3181
5000
5301
2362
3446
2076
5505
3708
155
5376
5625
3648
3723
4153
2711
4782
2139
2896
3942
1009
2155
537
5689
2672
3860
4348
2382
692
4195
2259
3700
3713
1974
1863
5709
3202
5016
1438
2403
2349
3230
2827
3858
4527
6049
1733
4865
1460
313
3561
573
4032
1574
1963
2750
402
2478
3854
5896
3436
2394
2898
1796
5190
6093
3873
3381
3292
1673
3918
4237
3456
3200
726
1523
2119
3562
5696
2510
3362
3992
4585
3001
4664
6218
202
1012
4186
3430
