1
0
8
2
2
7
10
7
14
7
6
24
21
27
43
37
41
31
33
56
22
38
45
39
46
37
40
55
68
34
1
67
63
87
51
81
108
68
46
62
73
62
101
64
79
86
79
56
56
54
95
142
50
36
63
121
130
42
99
159
118
10
127
41
104
43
46
4
110
49
98
129
46
106
43
157
181
49
83
136
43
111
136
97
24
108
117
103
85
15
131
165
164
104
201
74
120
207
255
105
126
117
146
134
51
109
110
123
90
121
81
126
95
78
84
90
85
140
247
233
146
5
101
145
199
73
154
150
286
152
7
245
227
103
171
169
200
255
213
154
339
321
319
144
342
159
167
192
114
52
161
177
372
65
204
361
279
388
228
102
188
233
137
324
208
369
120
190
224
224
373
253
193
239
222
198
476
284
234
318
142
183
455
142
505
157
234
245
231
561
118
108
252
509
336
323
446
466
123
497
307
290
256
464
214
552
381
316
65
252
313
327
353
269
268
244
385
100
165
363
237
606
399
308
276
199
316
192
56
564
83
487
62
595
410
226
233
289
303
70
360
522
463
331
459
354
342
623
335
295
307
327
325
418
439
554
328
144
597
319
704
274
402
519
703
186
259
319
664
605
237
413
149
386
533
65
434
539
543
536
471
414
227
377
581
391
558
659
404
493
711
302
848
403
247
189
414
339
852
345
393
190
313
328
437
378
521
506
397
385
259
389
38
571
413
414
225
349
325
272
314
217
798
268
423
622
278
273
712
203
580
657
526
416
682
503
463
302
257
306
268
722
401
657
436
456
205
548
154
897
962
781
702
150
416
604
585
489
744
352
670
230
431
569
705
852
873
877
97
716
875
617
713
693
667
659
222
107
550
249
541
907
47
448
427
429
456
1009
379
369
613
601
959
609
408
728
558
469
1025
752
454
481
301
439
1159
661
353
896
684
561
509
510
760
865
474
609
577
674
693
24
1062
616
840
1149
1012
778
590
126
719
216
528
750
359
595
75
499
583
900
553
1080
614
631
606
298
852
1247
417
1067
328
1112
530
386
724
722
1120
465
315
237
17
608
1231
643
1047
1059
1093
1156
756
1087
483
357
872
138
986
916
739
60
690
701
812
1055
1111
240
377
907
555
718
790
830
827
812
538
809
1115
495
987
1212
598
413
634
408
1454
439
1451
757
1016
1231
792
1074
720
679
901
481
1272
562
795
741
1165
698
960
855
98
504
467
413
686
436
1386
461
1084
1392
597
998
946
935
722
560
800
1472
699
419
611
769
350
656
1262
1067
1467
613
1111
1157
953
925
720
910
341
463
885
942
434
952
635
1322
754
907
790
1479
674
374
1352
1598
759
1048
744
593
617
1335
552
1030
1067
1502
404
724
1650
553
1084
1080
238
1301
1436
1283
417
554
374
535
790
1283
1538
1491
980
715
732
1088
590
1455
1176
961
357
619
1079
1124
1164
934
869
1088
929
1597
680
272
944
419
1261
780
801
865
400
789
439
956
862
945
1060
969
706
1127
1017
723
582
878
985
1257
1034
789
942
985
624
507
961
168
1392
1358
109
637
1289
446
771
1251
1446
1470
826
1015
1068
981
1589
1049
5
678
736
1825
1195
1137
1749
269
1381
474
1044
1186
1570
927
1190
819
1355
1252
870
864
782
1303
534
539
1727
991
1413
696
1259
1342
919
318
1414
747
783
1211
1053
828
1356
862
1337
1015
892
1238
1071
757
1165
1136
610
689
782
982
1131
1048
1085
1455
713
674
227
310
1467
1873
766
452
1184
1854
815
729
707
1004
838
235
66
586
1128
1223
1063
1029
328
2119
1338
217
1501
1538
2054
778
861
1576
932
1306
616
1308
800
1857
1141
812
1476
652
1336
1142
1795
806
1550
826
1943
391
925
1437
820
1173
1763
747
1377
994
1272
650
574
1007
1220
734
1677
1439
1263
1072
1701
868
1418
1800
1494
1823
548
1244
1417
657
1385
1841
854
2107
762
687
1502
1347
1135
1137
313
714
1598
1021
287
934
1728
287
967
706
1053
1519
422
885
1920
1212
587
2056
1100
936
914
601
1710
1167
1828
1574
1032
1240
1261
939
784
995
1755
1250
805
775
1685
1189
1201
1491
825
1832
1395
1061
36
1738
2066
748
2032
1312
1399
2010
1061
1263
291
2045
1477
64
1470
1255
913
771
1819
965
1618
592
172
746
1913
1446
1010
849
784
690
2164
1851
967
743
2013
1078
1447
1538
1214
922
1376
1464
864
1768
740
1334
149
398
866
1317
1241
818
1950
1666
293
2051
1243
942
1435
474
1568
2145
412
1737
302
712
1023
1733
441
946
2183
1435
402
301
866
2009
1778
1938
307
1258
1935
997
897
1727
968
1224
591
2600
2483
1893
1338
1627
941
1320
816
1304
1170
1803
577
946
1702
1265
1477
1356
1226
677
1005
1477
2057
1758
310
913
1197
2265
1357
2733
1992
1677
2033
784
2017
1810
1907
1865
1963
2766
2178
2539
1971
2615
2141
451
1997
818
1145
1898
1121
2657
171
794
1454
1001
1398
2320
767
1691
1464
420
1319
1177
961
2137
1277
473
972
1185
2076
2139
1367
1691
1612
735
2303
930
1096
1124
1747
858
1886
1936
2617
1577
54
2306
1776
1315
2384
430
2207
1471
1795
1127
992
1260
943
556
1293
1640
1674
689
1217
1692
1500
1365
2027
1700
1302
2505
1665
800
937
1847
1321
1506
1318
2671
593
1819
2532
1137
1453
822
2495
1456
2191
1099
1407
2279
1134
1761
2044
1463
517
2445
1442
1512
1434
1960
2300
2086
1386
1381
853
1352
1544
891
1588
1835
2856
1437
185
1746
1142
1885
1595
1123
1856
1860
1848
1452
258
1949
1318
1293
1221
919
531
1826
1877
1331
1954
1953
1685
1133
962
2954
1448
2118
878
891
1651
2707
1536
2257
1682
603
1295
690
1828
578
2607
2123
2147
1599
1154
1762
192
913
1273
1280
1752
1401
2038
855
1795
2995
2131
1787
1773
2253
1266
758
1214
1857
1847
1176
2636
2006
1315
858
1434
1529
2709
260
1662
1327
2035
2403
1011
1641
2603
1431
1187
2911
1589
2466
1631
2410
591
2381
2105
103
1589
1437
2270
3155
2090
2314
3160
1682
2017
770
1683
2055
1564
1600
1944
1478
2674
1414
2836
550
2997
1219
1405
2487
1386
2070
3050
1557
1334
3071
509
756
1571
1390
2921
3464
2403
1052
201
1882
1541
2935
2468
435
1790
1327
2131
245
2423
1482
1971
1163
1833
683
2059
3434
893
2403
2907
1802
2404
1985
1664
2164
2457
1729
2913
2368
649
3063
912
1626
3166
2039
1307
791
2832
833
3343
3116
3273
1784
3024
2341
1416
2440
2486
1263
2063
1649
2974
1912
1601
2775
1845
570
2531
1299
1698
2059
2513
2025
1934
2694
1287
1039
1956
1386
1311
2412
1772
2369
1429
2151
3114
2641
122
1857
1940
2035
2479
1618
2312
1174
2552
3601
988
1589
2240
2709
2391
1230
1700
2214
1659
1712
677
1863
2286
2721
2127
3662
1922
1157
2808
1586
1618
1423
1290
2564
2915
3070
1801
2344
2290
1384
419
2266
2615
1970
3038
915
2872
1099
1588
1386
2181
3032
3250
1611
1955
1332
1410
1924
3704
2758
1055
1403
1762
1169
2029
1207
2049
434
1117
1708
1581
1174
1168
1528
589
1451
751
956
1916
1991
1630
2716
2007
2846
2173
2103
2204
3271
1133
2153
1018
2038
1074
2183
2958
2350
3230
3243
1062
2620
739
1733
581
1972
2668
3680
1755
2761
2350
2382
2712
1881
2665
3296
2630
2290
2549
3121
2466
1541
1973
1611
2963
1905
977
2081
1116
1608
1975
1659
1018
1615
2209
2925
1176
1560
1671
1980
3610
1997
2687
1929
2152
1154
3572
3357
567
2597
1494
1612
2312
3281
3867
1982
1931
1295
3312
1926
2392
1518
1513
2038
1113
280
1607
499
1660
2115
443
877
574
1517
1792
1682
284
2487
2385
1190
2486
2929
2435
3745
662
2288
3211
1519
2498
1367
1288
1854
2359
1575
2384
3542
1235
2812
2086
1538
515
3290
2743
1799
1835
2518
1676
2114
2257
368
1548
927
1978
2313
1375
1289
2526
3050
1279
1606
2302
3030
55
3522
2187
3404
2751
3529
4124
3161
2099
1545
3807
3955
1961
1843
1275
1833
3082
538
3693
2283
3686
1742
2407
2621
1632
2505
1936
3697
743
2172
2658
2480
3192
1315
2949
2013
399
1604
2278
3160
2622
4075
1890
1677
666
1554
2754
2302
1404
3809
1820
2867
956
2711
3718
1911
3597
845
2098
2125
2186
2837
3098
3435
3607
1284
2283
3111
1218
1085
1837
2147
2261
3430
3918
2569
1288
2190
2689
2162
785
2202
3301
1414
2737
651
3460
1745
2741
801
3885
1923
4293
2488
989
3141
2870
3225
1539
2897
1854
3988
2588
3256
126
1555
2399
3266
1430
1672
4189
3439
2113
1802
2276
2952
3468
2463
3483
4249
2231
2504
2604
2173
1773
2970
3564
2789
3131
1426
2864
1659
1225
2370
2713
2536
3707
1894
1284
3052
668
2900
3756
4452
4583
1200
2773
1657
1153
1059
3048
1559
3627
3428
2260
628
2423
3246
3535
4692
3181
2121
2339
4734
2834
2637
2769
2659
2175
2032
2718
1083
4493
3702
2818
2557
2527
2552
3515
3863
3344
1578
2304
4081
3094
344
444
1613
3921
3541
3274
1184
1599
1682
2291
2722
1035
1894
5
2078
2215
2874
2005
3974
2417
2123
1910
2516
3048
4713
4024
1964
2535
343
827
2659
2533
2647
2383
4064
3424
2014
3825
1400
4558
792
2194
2366
971
396
2138
1583
2640
3089
2208
2323
3787
2106
1462
1478
3669
2728
2509
2233
3148
1985
1865
3834
550
3823
2420
1730
3102
3171
653
3663
223
2013
2573
2224
2921
2931
1495
2645
3568
2365
2464
1829
1836
1974
3296
3912
2734
1956
3925
2341
2265
3397
1481
4191
4501
3354
3026
1606
3256
2530
2837
4112
2638
3905
1610
788
2167
3119
2558
2267
2250
3121
1933
528
3026
4097
2872
2169
3499
1589
3900
644
3913
4204
2164
1841
2197
2316
2664
3649
3779
1529
2760
2933
2105
3280
880
2946
2294
1555
3362
2072
1178
1991
2864
2207
2586
1029
1745
2410
1917
2906
1945
2114
2063
3290
5101
2178
3906
2971
2316
2181
5332
348
4822
3097
4164
2519
4941
4867
2529
4487
2783
4395
2576
4488
2842
4131
2803
3712
4031
2847
3209
946
1748
253
1805
5274
1082
3940
2734
2114
3301
5008
2238
3334
2177
2563
566
2937
2758
5113
2233
1741
1251
3183
1831
1352
3914
750
3838
3872
4205
4515
4443
3916
2197
4698
1595
3363
3002
5425
2854
1709
1305
2017
4088
430
2170
3551
2467
4352
2362
1564
2401
4079
1900
3240
521
2035
2386
1293
2022
2056
2187
2415
2349
3907
3080
3071
925
3356
3581
3429
3248
1401
1882
2547
5185
2950
2990
2089
1359
3487
3045
5217
2748
2747
1130
2615
2443
3644
2635
2333
4293
3967
3002
2224
3420
4639
2743
2100
1145
2369
2086
3913
1139
4427
843
2663
4169
4728
2423
2914
5417
4601
3604
1354
2845
3232
420
3406
5761
1867
1822
2665
4655
5307
2443
3310
3377
4401
4650
1869
2319
2103
4206
5848
2972
2770
3654
3472
2049
4473
1397
2328
1148
3444
4912
2186
5041
2993
3028
1464
2890
3150
4119
3217
3080
2764
4447
2465
2376
3664
3902
2375
2826
3806
4910
3574
2615
2490
5546
4554
4625
4345
2102
1400
287
3138
4300
2636
2331
1815
498
3864
929
2918
2108
148
3349
3567
1194
5004
4412
2297
1419
1039
1756
3180
1704
4539
5338
1900
3169
5976
3332
4510
5085
2020
2365
3829
912
3686
72
4726
2412
1258
1950
2271
6116
1780
5767
2549
2933
3525
3026
3688
3072
1104
2982
1609
1986
1991
1229
4459
1097
4365
4307
5121
2624
2076
3678
3452
2767
4013
2547
2980
3153
5193
2923
902
2454
367
4902
3468
1893
2976
3445
2594
2582
1867
1844
2601
2087
3505
1648
2442
5216
5539
3826
5534
1145
4818
4031
2298
3730
909
6356
3228
4069
5349
2868
4026
4897
2797
5794
2104
2218
4804
3944
3204
2591
540
1788
2567
1413
3037
5366
2368
4474
2664
5349
4751
1776
4256
2566
2492
864
4625
2570
2098
4844
3150
3366
4127
2886
2691
2418
2169
2812
4889
3698
3669
2709
3021
4331
4400
756
4501
778
3221
5751
3407
4274
3100
4317
5011
3078
2153
5236
1639
1110
3102
4173
2543
1981
2533
1899
5719
2795
6273
6602
2354
2918
5123
4650
1400
2626
2388
1280
2240
2797
3350
2882
3615
3801
2864
3728
3396
1876
2359
4695
898
4490
4488
3082
5568
850
3550
3023
4900
4795
1450
5159
1888
2705
74
691
3555
3226
166
4588
3938
5102
2249
4260
4650
4230
3751
2293
1457
2487
2467
3969
4545
2917
2369
2487
2119
5565
4348
2914
3422
1340
4033
3214
1177
2367
795
2494
4892
1936
5939
2519
1442
2465
2549
3152
4517
6414
3062
3812
4552
78
3459
3377
2784
2761
3920
308
2827
4318
5304
2670
2928
3252
2474
2636
2915
3320
3587
3199
5703
5106
3181
6126
2972
2772
4658
4740
5649
4540
4225
1217
6298
2021
3103
1484
1882
4368
2950
3584
5389
1554
2108
6547
240
2298
3079
4599
2945
5786
5547
3319
3273
3236
1309
3967
6136
4296
5255
3134
554
2902
2411
4318
4093
5179
5026
298
5341
3944
5980
2556
2864
2424
3670
4740
2538
5064
1540
2844
3199
5845
3110
5420
1679
6382
3210
2922
5756
4819
2495
1994
3761
6487
2972
5999
4386
5722
4017
4255
4492
2474
5875
2813
2731
2929
1889
3129
5033
4948
3575
4627
2042
3369
2798
3446
4332
1398
757
4121
2323
3754
2941
1978
2192
6659
3350
4448
2787
5587
1467
3625
4882
3316
2855
3087
246
4684
1793
2511
3073
2992
2354
4441
5352
4394
4375
2670
5574
1255
1671
2309
3643
3465
2431
3074
1774
2414
5260
4402
7223
3289
5130
3926
4498
5021
5396
2097
2728
859
1482
1996
4441
3848
6075
3530
4198
7387
6671
4443
4762
4335
2997
4631
3157
4236
3359
4471
4291
2848
3694
5143
3563
5535
6734
192
5415
1967
3638
3642
1150
6404
2503
2611
5880
3678
349
3319
3235
2701
3497
2928
4613
4381
6242
3865
1903
2547
442
2527
2426
2585
2708
1768
3086
5529
2176
3461
3861
3759
3109
4073
1375
1730
3785
5294
3519
2609
4106
3259
1600
3358
6999
2935
4051
4425
3254
7186
5638
3929
6681
6241
3779
1624
882
3209
2322
4189
1898
3957
4770
2965
7108
3142
3193
4506
6004
1232
4511
4614
1346
4514
5427
1247
2409
168
5903
4563
5420
2579
4128
4652
2653
5627
7384
4044
4158
4879
2691
3688
6784
3204
5792
1815
4360
4796
5768
1634
2614
258
1093
2584
2496
7074
4115
2393
3738
4949
2613
5081
3359
6048
2933
4464
6036
6475
512
2932
5032
1044
5308
5225
2747
7075
6026
5798
2974
7193
612
4197
2458
6027
6961
4035
2668
2130
1817
5853
4867
5990
7584
2764
965
3944
6985
5119
3996
5448
6875
5161
4483
6749
4605
5304
5370
6200
4556
3395
3676
6939
3142
6166
8091
4760
2665
8186
5338
6202
7289
2501
4497
3945
1682
3247
5830
2786
7291
6074
2604
6878
4762
885
5314
3716
6217
7357
7284
5601
1125
6976
6599
6610
1718
3663
2941
6161
3683
3693
3510
2491
5110
3199
2318
3723
4138
1269
4014
6655
965
3567
3634
4106
7703
5934
5000
2888
4265
6575
4377
4343
4417
6966
5356
2989
5215
3390
4761
3825
1208
1343
3209
4733
3085
3690
1017
3099
928
6110
3531
7612
1047
6277
5590
3144
3873
4033
3703
5348
5095
2940
6358
1787
4089
2490
2812
5241
6442
6269
7519
3876
4279
6743
2671
2166
4644
4831
3514
6760
3693
3511
59
1908
3553
1743
5162
5110
5956
2746
3331
4839
6460
5555
3503
6010
6223
4026
4649
2657
5021
7035
2916
3173
5616
6157
5755
4955
6550
3366
4008
5825
3980
7967
2475
3060
33
2427
3718
3259
7575
6367
6863
2641
4160
6935
1689
5334
4613
2829
4524
3848
3259
2792
6602
3072
1586
3782
5612
7663
3360
6700
3918
3301
5132
2838
6430
3555
6034
2952
5430
5227
3342
1413
4616
7588
5805
5369
4398
6308
5850
1662
2578
790
5559
3945
5923
4476
5558
2764
4115
5070
4778
2968
3779
1789
3841
5181
3801
542
3541
7224
5943
365
4456
3616
4252
3128
4462
3891
