23 128 233 338 443 548 653 758 863 968 
1073 1178 1283 1388 1493 1598 1703 1808 1913 2018 
2123 2228 2333 2438 2543 2648 2753 2858 2963 3068 
3173 3278 3383 3488 3593 3698 3803 3908 4013 4118 
4223 4328 4433 4538 4643 4748 4853 4958 5063 5168 
5273 5378 5483 5588 5693 5798 5903 6008 6113 6218 
6323 6428 6533 6638 6743 6848 6953 7058 7163 7268 
7373 7478 7583 7688 7793 7898 8003 8108 8213 8318 
8423 8528 8633 8738 8843 8948 9053 9158 9263 9368 
9473 9578 9683 9788 9893 9998 10103 10208 10313 10418 
10523 10628 10733 10838 10943 11048 11153 11258 11363 11468 
11573 11678 11783 11888 11993 12098 12203 12308 12413 12518 
12623 12728 12833 12938 13043 13148 13253 13358 13463 13568 
13673 13778 13883 13988 14093 14198 14303 14408 14513 14618 
14723 14828 14933 15038 15143 15248 15353 15458 15563 15668 
15773 15878 15983 16088 16193 16298 16403 16508 16613 16718 
16823 16928 17033 17138 17243 17348 17453 17558 17663 17768 
17873 17978 18083 18188 18293 18398 18503 18608 18713 18818 
18923 19028 19133 19238 19343 19448 19553 19658 19763 19868 
19973 20078 20183 20288 20393 20498 20603 20708 20813 20918 
21023 21128 21233 21338 21443 21548 21653 21758 21863 21968 
22073 22178 22283 22388 22493 22598 22703 22808 22913 23018 
23123 23228 23333 23438 23543 23648 23753 23858 23963 24068 
24173 24278 24383 24488 24593 24698 24803 24908 25013 25118 
25223 25328 25433 25538 25643 25748 25853 25958 26063 26168 
26273 26378 26483 26588 26693 26798 26903 27008 27113 27218 
27323 27428 27533 27638 27743 27848 27953 28058 28163 28268 
28373 28478 28583 28688 28793 28898 29003 29108 29213 29318 
29423 29528 29633 29738 29843 29948 30053 30158 30263 30368 
30473 30578 30683 30788 30893 30998 31103 31208 31313 31418 
31523 31628 31733 31838 31943 32048 32153 32258 32363 32468 
32573 32678 32783 32888 32993 33098 33203 33308 33413 33518 
33623 33728 33833 33938 34043 34148 34253 34358 34463 34568 
34673 34778 34883 34988 35093 35198 35303 35408 35513 35618 
35723 35828 35933 36038 36143 36248 36353 36458 36563 36668 
36773 36878 36983 37088 37193 37298 37403 37508 37613 37718 
37823 37928 38033 38138 38243 38348 38453 38558 38663 38768 
38873 38978 39083 39188 39293 39398 39503 39608 39713 39818 
39923 40028 40133 40238 40343 40448 40553 40658 40763 40868 
40973 41078 41183 41288 41393 41498 41603 41708 41813 41918 
42023 42128 42233 42338 42443 42548 42653 42758 42863 42968 
43073 43178 43283 43388 43493 43598 43703 43808 43913 44018 
44123 44228 44333 44438 44543 44648 44753 44858 44963 45068 
45173 45278 45383 45488 45593 45698 45803 45908 46013 46118 
46223 46328 46433 46538 46643 46748 46853 46958 47063 47168 
47273 47378 47483 47588 47693 47798 47903 48008 48113 48218 
48323 48428 48533 48638 48743 48848 48953 49058 49163 49268 
49373 49478 49583 49688 49793 49898 50003 50108 50213 50318 
50423 50528 50633 50738 50843 50948 51053 51158 51263 51368 
51473 51578 51683 51788 51893 51998 52103 52208 52313 52418 
52523 52628 52733 52838 52943 53048 53153 53258 53363 53468 
53573 53678 53783 53888 53993 54098 54203 54308 54413 54518 
54623 54728 54833 54938 55043 55148 55253 55358 55463 55568 
55673 55778 55883 55988 56093 56198 56303 56408 56513 56618 
56723 56828 56933 57038 57143 57248 57353 57458 57563 57668 
57773 57878 57983 58088 58193 58298 58403 58508 58613 58718 
58823 58928 59033 59138 59243 59348 59453 59558 59663 59768 
59873 59978 60083 60188 60293 60398 60503 60608 60713 60818 
60923 61028 61133 61238 61343 61448 61553 61658 61763 61868 
61973 62078 62183 62288 62393 62498 62603 62708 62813 62918 
63023 63128 63233 63338 63443 63548 63653 63758 63863 63968 
64073 64178 64283 64388 64493 64598 64703 64808 64913 65018 
65123 65228 65333 65438 65543 65648 65753 65858 65963 66068 
66173 66278 66383 66488 66593 66698 66803 66908 67013 67118 
67223 67328 67433 67538 67643 67748 67853 67958 68063 68168 
68273 68378 68483 68588 68693 68798 68903 69008 69113 69218 
69323 69428 69533 69638 69743 69848 69953 70058 70163 70268 
70373 70478 70583 70688 70793 70898 71003 71108 71213 71318 
71423 71528 71633 71738 71843 71948 72053 72158 72263 72368 
72473 72578 72683 72788 72893 72998 73103 73208 73313 73418 
73523 73628 73733 73838 73943 74048 74153 74258 74363 74468 
74573 74678 74783 74888 74993 75098 75203 75308 75413 75518 
75623 75728 75833 75938 76043 76148 76253 76358 76463 76568 
76673 76778 76883 76988 77093 77198 77303 77408 77513 77618 
77723 77828 77933 78038 78143 78248 78353 78458 78563 78668 
78773 78878 78983 79088 79193 79298 79403 79508 79613 79718 
79823 79928 80033 80138 80243 80348 80453 80558 80663 80768 
80873 80978 81083 81188 81293 81398 81503 81608 81713 81818 
81923 82028 82133 82238 82343 82448 82553 82658 82763 82868 
82973 83078 83183 83288 83393 83498 83603 83708 83813 83918 
84023 84128 84233 84338 84443 84548 84653 84758 84863 84968 
85073 85178 85283 85388 85493 85598 85703 85808 85913 86018 
86123 86228 86333 86438 86543 86648 86753 86858 86963 87068 
87173 87278 87383 87488 87593 87698 87803 87908 88013 88118 
88223 88328 88433 88538 88643 88748 88853 88958 89063 89168 
89273 89378 89483 89588 89693 89798 89903 90008 90113 90218 
90323 90428 90533 90638 90743 90848 90953 91058 91163 91268 
91373 91478 91583 91688 91793 91898 92003 92108 92213 92318 
92423 92528 92633 92738 92843 92948 93053 93158 93263 93368 
93473 93578 93683 93788 93893 93998 94103 94208 94313 94418 
94523 94628 94733 94838 94943 95048 95153 95258 95363 95468 
95573 95678 95783 95888 95993 96098 96203 96308 96413 96518 
96623 96728 96833 96938 97043 97148 97253 97358 97463 97568 
97673 97778 97883 97988 98093 98198 98303 98408 98513 98618 
98723 98828 98933 99038 99143 99248 99353 99458 99563 99668 
99773 99878 99983 100088 100193 100298 100403 100508 100613 100718 
100823 100928 101033 101138 101243 101348 101453 101558 101663 101768 
101873 101978 102083 102188 102293 102398 102503 102608 102713 102818 
102923 103028 103133 103238 103343 103448 103553 103658 103763 103868 
103973 104078 104183 104288 104393 104498 104603 104708 104813 104918 
105023 105128 105233 105338 105443 105548 105653 105758 105863 105968 
106073 106178 106283 106388 106493 106598 106703 106808 106913 107018 
107123 107228 107333 107438 107543 107648 107753 107858 107963 108068 
108173 108278 108383 108488 108593 108698 108803 108908 109013 109118 
109223 109328 109433 109538 109643 109748 109853 109958 110063 110168 
110273 110378 110483 110588 110693 110798 110903 111008 111113 111218 
111323 111428 111533 111638 111743 111848 111953 112058 112163 112268 
112373 112478 112583 112688 112793 112898 113003 113108 113213 113318 
113423 113528 113633 113738 113843 113948 114053 114158 114263 114368 
114473 114578 114683 114788 114893 114998 115103 115208 115313 115418 
115523 115628 115733 115838 115943 116048 116153 116258 116363 116468 
116573 116678 116783 116888 116993 117098 117203 117308 117413 117518 
117623 117728 117833 117938 118043 118148 118253 118358 118463 118568 
118673 118778 118883 118988 119093 119198 119303 119408 119513 119618 
119723 119828 119933 120038 120143 120248 120353 120458 120563 120668 
120773 120878 120983 121088 121193 121298 121403 121508 121613 121718 
121823 121928 122033 122138 122243 122348 122453 122558 122663 122768 
122873 122978 123083 123188 123293 123398 123503 123608 123713 123818 
123923 124028 124133 124238 124343 124448 124553 124658 124763 124868 
124973 125078 125183 125288 125393 125498 125603 125708 125813 125918 
126023 126128 126233 126338 126443 126548 126653 126758 126863 126968 
127073 127178 127283 127388 127493 127598 127703 127808 127913 128018 
128123 128228 128333 128438 128543 128648 128753 128858 128963 129068 
129173 129278 129383 129488 129593 129698 129803 129908 130013 130118 
130223 130328 130433 130538 130643 130748 130853 130958 131063 131168 
131273 131378 131483 131588 131693 131798 131903 132008 132113 132218 
132323 132428 132533 132638 132743 132848 132953 133058 133163 133268 
133373 133478 133583 133688 133793 133898 134003 134108 134213 134318 
134423 134528 134633 134738 134843 134948 135053 135158 135263 135368 
135473 135578 135683 135788 135893 135998 136103 136208 136313 136418 
136523 136628 136733 136838 136943 137048 137153 137258 137363 137468 
137573 137678 137783 137888 137993 138098 138203 138308 138413 138518 
138623 138728 138833 138938 139043 139148 139253 139358 139463 139568 
139673 139778 139883 139988 140093 140198 140303 140408 140513 140618 
140723 140828 140933 141038 141143 141248 141353 141458 141563 141668 
141773 141878 141983 142088 142193 142298 142403 142508 142613 142718 
142823 142928 143033 143138 143243 143348 143453 143558 143663 143768 
143873 143978 144083 144188 144293 144398 144503 144608 144713 144818 
144923 145028 145133 145238 145343 145448 145553 145658 145763 145868 
145973 146078 146183 146288 146393 146498 146603 146708 146813 146918 
147023 147128 147233 147338 147443 147548 147653 147758 147863 147968 
148073 148178 148283 148388 148493 148598 148703 148808 148913 149018 
149123 149228 149333 149438 149543 149648 149753 149858 149963 150068 
150173 150278 150383 150488 150593 150698 150803 150908 151013 151118 
151223 151328 151433 151538 151643 151748 151853 151958 152063 152168 
152273 152378 152483 152588 152693 152798 152903 153008 153113 153218 
153323 153428 153533 153638 153743 153848 153953 154058 154163 154268 
154373 154478 154583 154688 154793 154898 155003 155108 155213 155318 
155423 155528 155633 155738 155843 155948 156053 156158 156263 156368 
156473 156578 156683 156788 156893 156998 157103 157208 157313 157418 
157523 157628 157733 157838 157943 158048 158153 158258 158363 158468 
158573 158678 158783 158888 158993 159098 159203 159308 159413 159518 
159623 159728 159833 159938 160043 160148 160253 160358 160463 160568 
160673 160778 160883 160988 161093 161198 161303 161408 161513 161618 
161723 161828 161933 162038 162143 162248 162353 162458 162563 162668 
162773 162878 162983 163088 163193 163298 163403 163508 163613 163718 
163823 163928 164033 164138 164243 164348 164453 164558 164663 164768 
164873 164978 165083 165188 165293 165398 165503 165608 165713 165818 
165923 166028 166133 166238 166343 166448 166553 166658 166763 166868 
166973 167078 167183 167288 167393 167498 167603 167708 167813 167918 
168023 168128 168233 168338 168443 168548 168653 168758 168863 168968 
169073 169178 169283 169388 169493 169598 169703 169808 169913 170018 
170123 170228 170333 170438 170543 170648 170753 170858 170963 171068 
171173 171278 171383 171488 171593 171698 171803 171908 172013 172118 
172223 172328 172433 172538 172643 172748 172853 172958 173063 173168 
173273 173378 173483 173588 173693 173798 173903 174008 174113 174218 
174323 174428 174533 174638 174743 174848 174953 175058 175163 175268 
175373 175478 175583 175688 175793 175898 176003 176108 176213 176318 
176423 176528 176633 176738 176843 176948 177053 177158 177263 177368 
177473 177578 177683 177788 177893 177998 178103 178208 178313 178418 
178523 178628 178733 178838 178943 179048 179153 179258 179363 179468 
179573 179678 179783 179888 179993 180098 180203 180308 180413 180518 
180623 180728 180833 180938 181043 181148 181253 181358 181463 181568 
181673 181778 181883 181988 182093 182198 182303 182408 182513 182618 
182723 182828 182933 183038 183143 183248 183353 183458 183563 183668 
183773 183878 183983 184088 184193 184298 184403 184508 184613 184718 
184823 184928 185033 185138 185243 185348 185453 185558 185663 185768 
185873 185978 186083 186188 186293 186398 186503 186608 186713 186818 
186923 187028 187133 187238 187343 187448 187553 187658 187763 187868 
187973 188078 188183 188288 188393 188498 188603 188708 188813 188918 
189023 189128 189233 189338 189443 189548 189653 189758 189863 189968 
190073 190178 190283 190388 190493 190598 190703 190808 190913 191018 
191123 191228 191333 191438 191543 191648 191753 191858 191963 192068 
192173 192278 192383 192488 192593 192698 192803 192908 193013 193118 
193223 193328 193433 193538 193643 193748 193853 193958 194063 194168 
194273 194378 194483 194588 194693 194798 194903 195008 195113 195218 
195323 195428 195533 195638 195743 195848 195953 196058 196163 196268 
196373 196478 196583 196688 196793 196898 197003 197108 197213 197318 
197423 197528 197633 197738 197843 197948 198053 198158 198263 198368 
198473 198578 198683 198788 198893 198998 199103 199208 199313 199418 
199523 199628 199733 199838 199943 200048 200153 200258 200363 200468 
200573 200678 200783 200888 200993 201098 201203 201308 201413 201518 
201623 201728 201833 201938 202043 202148 202253 202358 202463 202568 
202673 202778 202883 202988 203093 203198 203303 203408 203513 203618 
203723 203828 203933 204038 204143 204248 204353 204458 204563 204668 
204773 204878 204983 205088 205193 205298 205403 205508 205613 205718 
205823 205928 206033 206138 206243 206348 206453 206558 206663 206768 
206873 206978 207083 207188 207293 207398 207503 207608 207713 207818 
207923 208028 208133 208238 208343 208448 208553 208658 208763 208868 
208973 209078 209183 209288 209393 209498 209603 209708 209813 209918 
210023 210128 210233 210338 210443 210548 210653 210758 210863 210968 
211073 211178 211283 211388 211493 211598 211703 211808 211913 212018 
212123 212228 212333 212438 212543 212648 212753 212858 212963 213068 
213173 213278 213383 213488 213593 213698 213803 213908 214013 214118 
214223 214328 214433 214538 214643 214748 214853 214958 215063 215168 
215273 215378 215483 215588 215693 215798 215903 216008 216113 216218 
216323 216428 216533 216638 216743 216848 216953 217058 217163 217268 
217373 217478 217583 217688 217793 217898 218003 218108 218213 218318 
218423 218528 218633 218738 218843 218948 219053 219158 219263 219368 
219473 219578 219683 219788 219893 219998 220103 220208 220313 220418 
220523 220628 220733 220838 220943 221048 221153 221258 221363 221468 
221573 221678 221783 221888 221993 222098 222203 222308 222413 222518 
222623 222728 222833 222938 223043 223148 223253 223358 223463 223568 
223673 223778 223883 223988 224093 224198 224303 224408 224513 224618 
224723 224828 224933 225038 225143 225248 225353 225458 225563 225668 
225773 225878 225983 226088 226193 226298 226403 226508 226613 226718 
226823 226928 227033 227138 227243 227348 227453 227558 227663 227768 
227873 227978 228083 228188 228293 228398 228503 228608 228713 228818 
228923 229028 229133 229238 229343 229448 229553 229658 229763 229868 
229973 230078 230183 230288 230393 230498 230603 230708 230813 230918 
231023 231128 231233 231338 231443 231548 231653 231758 231863 231968 
232073 232178 232283 232388 232493 232598 232703 232808 232913 233018 
233123 233228 233333 233438 233543 233648 233753 233858 233963 234068 
234173 234278 234383 234488 234593 234698 234803 234908 235013 235118 
235223 235328 235433 235538 235643 235748 235853 235958 236063 236168 
236273 236378 236483 236588 236693 236798 236903 237008 237113 237218 
237323 237428 237533 237638 237743 237848 237953 238058 238163 238268 
238373 238478 238583 238688 238793 238898 239003 239108 239213 239318 
239423 239528 239633 239738 239843 239948 240053 240158 240263 240368 
240473 240578 240683 240788 240893 240998 241103 241208 241313 241418 
241523 241628 241733 241838 241943 242048 242153 242258 242363 242468 
242573 242678 242783 242888 242993 243098 243203 243308 243413 243518 
243623 243728 243833 243938 244043 244148 244253 244358 244463 244568 
244673 244778 244883 244988 245093 245198 245303 245408 245513 245618 
245723 245828 245933 246038 246143 246248 246353 246458 246563 246668 
246773 246878 246983 247088 247193 247298 247403 247508 247613 247718 
247823 247928 248033 248138 248243 248348 248453 248558 248663 248768 
248873 248978 249083 249188 249293 249398 249503 249608 249713 249818 
249923 250028 250133 250238 250343 250448 250553 250658 250763 250868 
250973 251078 251183 251288 251393 251498 251603 251708 251813 251918 
252023 252128 252233 252338 252443 252548 252653 252758 252863 252968 
253073 253178 253283 253388 253493 253598 253703 253808 253913 254018 
254123 254228 254333 254438 254543 254648 254753 254858 254963 255068 
255173 255278 255383 255488 255593 255698 255803 255908 256013 256118 
256223 256328 256433 256538 256643 256748 256853 256958 257063 257168 
257273 257378 257483 257588 257693 257798 257903 258008 258113 258218 
258323 258428 258533 258638 258743 258848 258953 259058 259163 259268 
259373 259478 259583 259688 259793 259898 260003 260108 260213 260318 
260423 260528 260633 260738 260843 260948 261053 261158 261263 261368 
261473 261578 261683 261788 261893 261998 262103 262208 262313 262418 
262523 262628 262733 262838 262943 263048 263153 263258 263363 263468 
263573 263678 263783 263888 263993 264098 264203 264308 264413 264518 
264623 264728 264833 264938 265043 265148 265253 265358 265463 265568 
265673 265778 265883 265988 266093 266198 266303 266408 266513 266618 
266723 266828 266933 267038 267143 267248 267353 267458 267563 267668 
267773 267878 267983 268088 268193 268298 268403 268508 268613 268718 
268823 268928 269033 269138 269243 269348 269453 269558 269663 269768 
269873 269978 270083 270188 270293 270398 270503 270608 270713 270818 
270923 271028 271133 271238 271343 271448 271553 271658 271763 271868 
271973 272078 272183 272288 272393 272498 272603 272708 272813 272918 
273023 273128 273233 273338 273443 273548 273653 273758 273863 273968 
274073 274178 274283 274388 274493 274598 274703 274808 274913 275018 
275123 275228 275333 275438 275543 275648 275753 275858 275963 276068 
276173 276278 276383 276488 276593 276698 276803 276908 277013 277118 
277223 277328 277433 277538 277643 277748 277853 277958 278063 278168 
278273 278378 278483 278588 278693 278798 278903 279008 279113 279218 
279323 279428 279533 279638 279743 279848 279953 280058 280163 280268 
280373 280478 280583 280688 280793 280898 281003 281108 281213 281318 
281423 281528 281633 281738 281843 281948 282053 282158 282263 282368 
282473 282578 282683 282788 282893 282998 283103 283208 283313 283418 
283523 283628 283733 283838 283943 284048 284153 284258 284363 284468 
284573 284678 284783 284888 284993 285098 285203 285308 285413 285518 
285623 285728 285833 285938 286043 286148 286253 286358 286463 286568 
286673 286778 286883 286988 287093 287198 287303 287408 287513 287618 
287723 287828 287933 288038 288143 288248 288353 288458 288563 288668 
288773 288878 288983 289088 289193 289298 289403 289508 289613 289718 
289823 289928 290033 290138 290243 290348 290453 290558 290663 290768 
290873 290978 291083 291188 291293 291398 291503 291608 291713 291818 
291923 292028 292133 292238 292343 292448 292553 292658 292763 292868 
292973 293078 293183 293288 293393 293498 293603 293708 293813 293918 
294023 294128 294233 294338 294443 294548 294653 294758 294863 294968 
295073 295178 295283 295388 295493 295598 295703 295808 295913 296018 
296123 296228 296333 296438 296543 296648 296753 296858 296963 297068 
297173 297278 297383 297488 297593 297698 297803 297908 298013 298118 
298223 298328 298433 298538 298643 298748 298853 298958 299063 299168 
299273 299378 299483 299588 299693 299798 299903 300008 300113 300218 
300323 300428 300533 300638 300743 300848 300953 301058 301163 301268 
301373 301478 301583 301688 301793 301898 302003 302108 302213 302318 
302423 302528 302633 302738 302843 302948 303053 303158 303263 303368 
303473 303578 303683 303788 303893 303998 304103 304208 304313 304418 
304523 304628 304733 304838 304943 305048 305153 305258 305363 305468 
305573 305678 305783 305888 305993 306098 306203 306308 306413 306518 
306623 306728 306833 306938 307043 307148 307253 307358 307463 307568 
307673 307778 307883 307988 308093 308198 308303 308408 308513 308618 
308723 308828 308933 309038 309143 309248 309353 309458 309563 309668 
309773 309878 309983 310088 310193 310298 310403 310508 310613 310718 
310823 310928 311033 311138 311243 311348 311453 311558 311663 311768 
311873 311978 312083 312188 312293 312398 312503 312608 312713 312818 
312923 313028 313133 313238 313343 313448 313553 313658 313763 313868 
313973 314078 314183 314288 314393 314498 314603 314708 314813 314918 
315023 315128 315233 315338 315443 315548 315653 315758 315863 315968 
316073 316178 316283 316388 316493 316598 316703 316808 316913 317018 
317123 317228 317333 317438 317543 317648 317753 317858 317963 318068 
318173 318278 318383 318488 318593 318698 318803 318908 319013 319118 
319223 319328 319433 319538 319643 319748 319853 319958 320063 320168 
320273 320378 320483 320588 320693 320798 320903 321008 321113 321218 
321323 321428 321533 321638 321743 321848 321953 322058 322163 322268 
322373 322478 322583 322688 322793 322898 323003 323108 323213 323318 
323423 323528 323633 323738 323843 323948 324053 324158 324263 324368 
324473 324578 324683 324788 324893 324998 325103 325208 325313 325418 
325523 325628 325733 325838 325943 326048 326153 326258 326363 326468 
326573 326678 326783 326888 326993 327098 327203 327308 327413 327518 
327623 327728 327833 327938 328043 328148 328253 328358 328463 328568 
328673 328778 328883 328988 329093 329198 329303 329408 329513 329618 
329723 329828 329933 330038 330143 330248 330353 330458 330563 330668 
330773 330878 330983 331088 331193 331298 331403 331508 331613 331718 
331823 331928 332033 332138 332243 332348 332453 332558 332663 332768 
332873 332978 333083 333188 333293 333398 333503 333608 333713 333818 
333923 334028 334133 334238 334343 334448 334553 334658 334763 334868 
334973 335078 335183 335288 335393 335498 335603 335708 335813 335918 
336023 336128 336233 336338 336443 336548 336653 336758 336863 336968 
337073 337178 337283 337388 337493 337598 337703 337808 337913 338018 
338123 338228 338333 338438 338543 338648 338753 338858 338963 339068 
339173 339278 339383 339488 339593 339698 339803 339908 340013 340118 
340223 340328 340433 340538 340643 340748 340853 340958 341063 341168 
341273 341378 341483 341588 341693 341798 341903 342008 342113 342218 
342323 342428 342533 342638 342743 342848 342953 343058 343163 343268 
343373 343478 343583 343688 343793 343898 344003 344108 344213 344318 
344423 344528 344633 344738 344843 344948 345053 345158 345263 345368 
345473 345578 345683 345788 345893 345998 346103 346208 346313 346418 
346523 346628 346733 346838 346943 347048 347153 347258 347363 347468 
347573 347678 347783 347888 347993 348098 348203 348308 348413 348518 
348623 348728 348833 348938 349043 349148 349253 349358 349463 349568 
349673 349778 349883 349988 350093 350198 350303 350408 350513 350618 
350723 350828 350933 351038 351143 351248 351353 351458 351563 351668 
351773 351878 351983 352088 352193 352298 352403 352508 352613 352718 
352823 352928 353033 353138 353243 353348 353453 353558 353663 353768 
353873 353978 354083 354188 354293 354398 354503 354608 354713 354818 
354923 355028 355133 355238 355343 355448 355553 355658 355763 355868 
355973 356078 356183 356288 356393 356498 356603 356708 356813 356918 
357023 357128 357233 357338 357443 357548 357653 357758 357863 357968 
358073 358178 358283 358388 358493 358598 358703 358808 358913 359018 
359123 359228 359333 359438 359543 359648 359753 359858 359963 360068 
360173 360278 360383 360488 360593 360698 360803 360908 361013 361118 
361223 361328 361433 361538 361643 361748 361853 361958 362063 362168 
362273 362378 362483 362588 362693 362798 362903 363008 363113 363218 
363323 363428 363533 363638 363743 363848 363953 364058 364163 364268 
364373 364478 364583 364688 364793 364898 365003 365108 365213 365318 
365423 365528 365633 365738 365843 365948 366053 366158 366263 366368 
366473 366578 366683 366788 366893 366998 367103 367208 367313 367418 
367523 367628 367733 367838 367943 368048 368153 368258 368363 368468 
368573 368678 368783 368888 368993 369098 369203 369308 369413 369518 
369623 369728 369833 369938 370043 370148 370253 370358 370463 370568 
370673 370778 370883 370988 371093 371198 371303 371408 371513 371618 
371723 371828 371933 372038 372143 372248 372353 372458 372563 372668 
372773 372878 372983 373088 373193 373298 373403 373508 373613 373718 
373823 373928 374033 374138 374243 374348 374453 374558 374663 374768 
374873 374978 375083 375188 375293 375398 375503 375608 375713 375818 
375923 376028 376133 376238 376343 376448 376553 376658 376763 376868 
376973 377078 377183 377288 377393 377498 377603 377708 377813 377918 
378023 378128 378233 378338 378443 378548 378653 378758 378863 378968 
379073 379178 379283 379388 379493 379598 379703 379808 379913 380018 
380123 380228 380333 380438 380543 380648 380753 380858 380963 381068 
381173 381278 381383 381488 381593 381698 381803 381908 382013 382118 
382223 382328 382433 382538 382643 382748 382853 382958 383063 383168 
383273 383378 383483 383588 383693 383798 383903 384008 384113 384218 
384323 384428 384533 384638 384743 384848 384953 385058 385163 385268 
385373 385478 385583 385688 385793 385898 386003 386108 386213 386318 
386423 386528 386633 386738 386843 386948 387053 387158 387263 387368 
387473 387578 387683 387788 387893 387998 388103 388208 388313 388418 
388523 388628 388733 388838 388943 389048 389153 389258 389363 389468 
389573 389678 389783 389888 389993 390098 390203 390308 390413 390518 
390623 390728 390833 390938 391043 391148 391253 391358 391463 391568 
391673 391778 391883 391988 392093 392198 392303 392408 392513 392618 
392723 392828 392933 393038 393143 393248 393353 393458 393563 393668 
393773 393878 393983 394088 394193 394298 394403 394508 394613 394718 
394823 394928 395033 395138 395243 395348 395453 395558 395663 395768 
395873 395978 396083 396188 396293 396398 396503 396608 396713 396818 
396923 397028 397133 397238 397343 397448 397553 397658 397763 397868 
397973 398078 398183 398288 398393 398498 398603 398708 398813 398918 
399023 399128 399233 399338 399443 399548 399653 399758 399863 399968 
400073 400178 400283 400388 400493 400598 400703 400808 400913 401018 
401123 401228 401333 401438 401543 401648 401753 401858 401963 402068 
402173 402278 402383 402488 402593 402698 402803 402908 403013 403118 
403223 403328 403433 403538 403643 403748 403853 403958 404063 404168 
404273 404378 404483 404588 404693 404798 404903 405008 405113 405218 
405323 405428 405533 405638 405743 405848 405953 406058 406163 406268 
406373 406478 406583 406688 406793 406898 407003 407108 407213 407318 
407423 407528 407633 407738 407843 407948 408053 408158 408263 408368 
408473 408578 408683 408788 408893 408998 409103 409208 409313 409418 
409523 409628 409733 409838 409943 410048 410153 410258 410363 410468 
410573 410678 410783 410888 410993 411098 411203 411308 411413 411518 
411623 411728 411833 411938 412043 412148 412253 412358 412463 412568 
412673 412778 412883 412988 413093 413198 413303 413408 413513 413618 
413723 413828 413933 414038 414143 414248 414353 414458 414563 414668 
414773 414878 414983 415088 415193 415298 415403 415508 415613 415718 
415823 415928 416033 416138 416243 416348 416453 416558 416663 416768 
416873 416978 417083 417188 417293 417398 417503 417608 417713 417818 
417923 418028 418133 418238 418343 418448 418553 418658 418763 418868 
418973 419078 419183 419288 419393 419498 419603 419708 419813 419918 
420023 420128 420233 420338 420443 420548 420653 420758 420863 420968 
421073 421178 421283 421388 421493 421598 421703 421808 421913 422018 
422123 422228 422333 422438 422543 422648 422753 422858 422963 423068 
423173 423278 423383 423488 423593 423698 423803 423908 424013 424118 
424223 424328 424433 424538 424643 424748 424853 424958 425063 425168 
425273 425378 425483 425588 425693 425798 425903 426008 426113 426218 
426323 426428 426533 426638 426743 426848 426953 427058 427163 427268 
427373 427478 427583 427688 427793 427898 428003 428108 428213 428318 
428423 428528 428633 428738 428843 428948 429053 429158 429263 429368 
429473 429578 429683 429788 429893 429998 430103 430208 430313 430418 
430523 430628 430733 430838 430943 431048 431153 431258 431363 431468 
431573 431678 431783 431888 431993 432098 432203 432308 432413 432518 
432623 432728 432833 432938 433043 433148 433253 433358 433463 433568 
433673 433778 433883 433988 434093 434198 434303 434408 434513 434618 
434723 434828 434933 435038 435143 435248 435353 435458 435563 435668 
435773 435878 435983 436088 436193 436298 436403 436508 436613 436718 
436823 436928 437033 437138 437243 437348 437453 437558 437663 437768 
437873 437978 438083 438188 438293 438398 438503 438608 438713 438818 
438923 439028 439133 439238 439343 439448 439553 439658 439763 439868 
439973 440078 440183 440288 440393 440498 440603 440708 440813 440918 
441023 441128 441233 441338 441443 441548 441653 441758 441863 441968 
442073 442178 442283 442388 442493 442598 442703 442808 442913 443018 
443123 443228 443333 443438 443543 443648 443753 443858 443963 444068 
444173 444278 444383 444488 444593 444698 444803 444908 445013 445118 
445223 445328 445433 445538 445643 445748 445853 445958 446063 446168 
446273 446378 446483 446588 446693 446798 446903 447008 447113 447218 
447323 447428 447533 447638 447743 447848 447953 448058 448163 448268 
448373 448478 448583 448688 448793 448898 449003 449108 449213 449318 
449423 449528 449633 449738 449843 449948 450053 450158 450263 450368 
450473 450578 450683 450788 450893 450998 451103 451208 451313 451418 
451523 451628 451733 451838 451943 452048 452153 452258 452363 452468 
452573 452678 452783 452888 452993 453098 453203 453308 453413 453518 
453623 453728 453833 453938 454043 454148 454253 454358 454463 454568 
454673 454778 454883 454988 455093 455198 455303 455408 455513 455618 
455723 455828 455933 456038 456143 456248 456353 456458 456563 456668 
456773 456878 456983 457088 457193 457298 457403 457508 457613 457718 
457823 457928 458033 458138 458243 458348 458453 458558 458663 458768 
458873 458978 459083 459188 459293 459398 459503 459608 459713 459818 
459923 460028 460133 460238 460343 460448 460553 460658 460763 460868 
460973 461078 461183 461288 461393 461498 461603 461708 461813 461918 
462023 462128 462233 462338 462443 462548 462653 462758 462863 462968 
463073 463178 463283 463388 463493 463598 463703 463808 463913 464018 
464123 464228 464333 464438 464543 464648 464753 464858 464963 465068 
465173 465278 465383 465488 465593 465698 465803 465908 466013 466118 
466223 466328 466433 466538 466643 466748 466853 466958 467063 467168 
467273 467378 467483 467588 467693 467798 467903 468008 468113 468218 
468323 468428 468533 468638 468743 468848 468953 469058 469163 469268 
469373 469478 469583 469688 469793 469898 470003 470108 470213 470318 
470423 470528 470633 470738 470843 470948 471053 471158 471263 471368 
471473 471578 471683 471788 471893 471998 472103 472208 472313 472418 
472523 472628 472733 472838 472943 473048 473153 473258 473363 473468 
473573 473678 473783 473888 473993 474098 474203 474308 474413 474518 
474623 474728 474833 474938 475043 475148 475253 475358 475463 475568 
475673 475778 475883 475988 476093 476198 476303 476408 476513 476618 
476723 476828 476933 477038 477143 477248 477353 477458 477563 477668 
477773 477878 477983 478088 478193 478298 478403 478508 478613 478718 
478823 478928 479033 479138 479243 479348 479453 479558 479663 479768 
479873 479978 480083 480188 480293 480398 480503 480608 480713 480818 
480923 481028 481133 481238 481343 481448 481553 481658 481763 481868 
481973 482078 482183 482288 482393 482498 482603 482708 482813 482918 
483023 483128 483233 483338 483443 483548 483653 483758 483863 483968 
484073 484178 484283 484388 484493 484598 484703 484808 484913 485018 
485123 485228 485333 485438 485543 485648 485753 485858 485963 486068 
486173 486278 486383 486488 486593 486698 486803 486908 487013 487118 
487223 487328 487433 487538 487643 487748 487853 487958 488063 488168 
488273 488378 488483 488588 488693 488798 488903 489008 489113 489218 
489323 489428 489533 489638 489743 489848 489953 490058 490163 490268 
490373 490478 490583 490688 490793 490898 491003 491108 491213 491318 
491423 491528 491633 491738 491843 491948 492053 492158 492263 492368 
492473 492578 492683 492788 492893 492998 493103 493208 493313 493418 
493523 493628 493733 493838 493943 494048 494153 494258 494363 494468 
494573 494678 494783 494888 494993 495098 495203 495308 495413 495518 
495623 495728 495833 495938 496043 496148 496253 496358 496463 496568 
496673 496778 496883 496988 497093 497198 497303 497408 497513 497618 
497723 497828 497933 498038 498143 498248 498353 498458 498563 498668 
498773 498878 498983 499088 499193 499298 499403 499508 499613 499718 
499823 499928 
4762
