23 128 233 338 443 548 653 758 863 968 
1073 1178 1283 1388 1493 1598 1703 1808 1913 2018 
2123 2228 2333 2438 2543 2648 2753 2858 2963 3068 
3173 3278 3383 3488 3593 3698 3803 3908 4013 4118 
4223 4328 4433 4538 4643 4748 4853 4958 5063 5168 
5273 5378 5483 5588 5693 5798 5903 6008 6113 6218 
6323 6428 6533 6638 6743 6848 6953 7058 7163 7268 
7373 7478 7583 7688 7793 7898 8003 8108 8213 8318 
8423 8528 8633 8738 8843 8948 9053 9158 9263 9368 
9473 9578 9683 9788 9893 9998 10103 10208 10313 10418 
10523 10628 10733 10838 10943 11048 11153 11258 11363 11468 
11573 11678 11783 11888 11993 12098 12203 12308 12413 12518 
12623 12728 12833 12938 13043 13148 13253 13358 13463 13568 
13673 13778 13883 13988 14093 14198 14303 14408 14513 14618 
14723 14828 14933 15038 15143 15248 15353 15458 15563 15668 
15773 15878 15983 16088 16193 16298 16403 16508 16613 16718 
16823 16928 17033 17138 17243 17348 17453 17558 17663 17768 
17873 17978 18083 18188 18293 18398 18503 18608 18713 18818 
18923 19028 19133 19238 19343 19448 19553 19658 19763 19868 
19973 20078 20183 20288 20393 20498 20603 20708 20813 20918 
21023 21128 21233 21338 21443 21548 21653 21758 21863 21968 
22073 22178 22283 22388 22493 22598 22703 22808 22913 23018 
23123 23228 23333 23438 23543 23648 23753 23858 23963 24068 
24173 24278 24383 24488 24593 24698 24803 24908 25013 25118 
25223 25328 25433 25538 25643 25748 25853 25958 26063 26168 
26273 26378 26483 26588 26693 26798 26903 27008 27113 27218 
27323 27428 27533 27638 27743 27848 27953 28058 28163 28268 
28373 28478 28583 28688 28793 28898 29003 29108 29213 29318 
29423 29528 29633 29738 29843 29948 30053 30158 30263 30368 
30473 30578 30683 30788 30893 30998 31103 31208 31313 31418 
31523 31628 31733 31838 31943 32048 32153 32258 32363 32468 
32573 32678 32783 32888 32993 33098 33203 33308 33413 33518 
33623 33728 33833 33938 34043 34148 34253 34358 34463 34568 
34673 34778 34883 34988 35093 35198 35303 35408 35513 35618 
35723 35828 35933 36038 36143 36248 36353 36458 36563 36668 
36773 36878 36983 37088 37193 37298 37403 37508 37613 37718 
37823 37928 38033 38138 38243 38348 38453 38558 38663 38768 
38873 38978 39083 39188 39293 39398 39503 39608 39713 39818 
39923 40028 40133 40238 40343 40448 40553 40658 40763 40868 
40973 41078 41183 41288 41393 41498 41603 41708 41813 41918 
42023 42128 42233 42338 42443 42548 42653 42758 42863 42968 
43073 43178 43283 43388 43493 43598 43703 43808 43913 44018 
44123 44228 44333 44438 44543 44648 44753 44858 44963 45068 
45173 45278 45383 45488 45593 45698 45803 45908 46013 46118 
46223 46328 46433 46538 46643 46748 46853 46958 47063 47168 
47273 47378 47483 47588 47693 47798 47903 48008 48113 48218 
48323 48428 48533 48638 48743 48848 48953 49058 49163 49268 
49373 49478 49583 49688 49793 49898 
476
