276
667
286
60
809
657
488
804
401
273
460
191
859
899
344
495
416
289
984
595
523
648
958
359
690
648
25
330
107
687
247
561
633
395
383
922
921
639
567
178
515
1005
637
150
759
464
606
123
222
83
905
33
669
406
587
776
538
600
118
204
197
479
913
528
233
717
59
493
387
318
748
732
993
131
231
49
480
362
657
668
451
349
444
262
7
737
572
868
905
48
769
794
114
228
757
310
430
790
968
780
717
832
592
435
703
323
653
559
299
426
944
17
968
367
868
74
977
513
716
936
842
163
1004
766
892
266
180
721
184
107
42
244
254
816
857
807
443
547
555
877
884
238
789
578
518
676
222
107
595
339
927
303
626
141
740
952
153
468
460
504
446
513
471
699
757
874
710
430
375
728
1002
169
91
616
271
368
286
69
0
635
823
629
639
692
355
200
683
256
306
741
100
851
242
49
538
276
742
1
892
212
