511
1232
403
193
828
64
495
308
284
1081
1244
669
481
94
558
400
633
603
1230
250
1002
359
32
666
236
130
731
306
637
750
844
30
689
46
1187
671
1195
176
505
225
156
268
828
722
1092
1071
218
158
1113
159
851
331
982
779
144
1255
50
680
534
1032
291
1176
22
1209
54
1162
90
975
260
1019
198
890
991
665
375
702
158
1058
767
429
565
227
797
1187
182
521
654
573
111
962
168
677
1093
274
1066
918
37
789
444
98
644
1039
208
297
472
1135
1214
1054
394
926
428
934
1093
880
777
1142
464
1205
140
381
797
1240
1265
453
1088
631
1098
304
168
835
923
1237
540
796
1251
1044
866
727
6
705
350
685
1094
591
1113
935
73
484
322
16
905
82
811
152
913
0
1123
388
1077
763
898
713
332
1185
956
1133
647
740
366
251
46
758
904
548
463
86
1154
660
723
921
970
695
595
994
573
767
94
1046
355
538
888
949
117
340
583
1145
381
1009
532
61
228
622
861
923
1168
505
1252
229
1105
107
818
1055
166
318
168
1214
605
97
334
436
871
334
229
622
530
669
192
126
494
485
193
1094
1220
698
615
644
246
940
1022
802
24
705
412
744
1219
617
421
10
729
17
