195
550
209
497
360
0
37
71
243
637
52
627
290
327
640
487
235
137
505
52
356
286
517
706
391
33
526
462
98
164
6
212
627
361
397
328
221
337
173
164
607
145
472
268
713
278
248
57
315
373
516
116
569
167
597
202
257
155
120
654
154
734
430
406
378
304
295
396
575
183
43
406
665
19
504
699
727
507
257
640
265
81
703
453
386
671
322
11
564
189
595
695
311
646
653
101
342
351
417
88
142
585
204
586
88
62
551
390
439
639
732
69
717
19
621
557
412
108
11
479
248
617
54
679
229
543
127
286
423
150
534
370
741
688
116
669
448
514
664
693
543
558
211
728
528
648
474
29
636
54
