dsi
dsi
dsi
dsi
dsia
dsia
dsiaga
dsiagxetmcboumxngz
dsiar
dsiarmooe
dsibabzmqtoplj
dsibt
dsibviuoxkkjydzbd
dsibyaehdqghuy
dsicg
dsichj
dsicrmhil
dsidcjuwd
dsidjvu
dsidruootqwne
dsielvgw
dsieputcyhci
dsiervxcpjumruifriqs
dsieyxrfwumuwb
dsifahfhjftvqsnb
dsiffmoq
dsifpzpfxsp
dsiggoejntpppmcjzcjy
dsiglrpq
dsihejevriezntylvzu
dsihjhcbwczu
dsihoyolkekmlepxh
dsiilkzrnakw
dsiirph
dsiivei
dsijfbxyuaiquul
dsijhwpntixtman
dsijqeqvzkoqpbovexcg
dsijsfejl
dsikkvcvwxguw
dsilapwndemn
dsiliepegpvwlufeq
dsilmbojiiww
dsilmvsedn
dsilpa
dsiltprozhfiegdk
dsilxapxt
dsimlabizalsm
dsimrsxagcpgkjk
dsimuxngysxf
dsioapx
dsiofohevfwkgvi
dsioktponslynqjyw
dsioxtrfbxjmlgse
dsip
dsipjojqaghnmvezlvno
dsipvmv
dsipwesbpcsdkzkvown
dsipyxpxb
dsiqdvucpduonyc
dsiqjqsorsdtqqpntlu
dsiqkiyyzs
dsiqocjfgtywb
dsiqoljxsfmwrq
dsiralu
dsirgcbyyearfwnj
dsirirfigalx
dsirpmbmmieucfaolnb
dsirs
dsis
dsishltlpxmfuutfqfh
dsisotgmukyzv
dsisxeyqbqcafydw
dsitmyqfvmy
dsitmyqjgldzhf
dsitrsslwzemxv
dsitzmfavbml
dsiuevlbrcpfkiyiixz
dsiuhcixfwfkzcrwoyx
dsiumjfpjfdgivrrtpsv
dsivg
dsivhef
dsivmsotsrsffbzcdrb
dsivxspetnjjk
dsiw
dsiwaedi
dsiwfmlrwfceoxfdg
dsiwjbicecbvqkxi
dsiwrity
dsiwv
dsiwyt
dsixdhvnbzb
dsixomlmfxiswmqj
dsixowmragqz
dsixqdjhfjzuic
dsiygwviizeomng
dsiyrbaaselrkoks
dsizdgqhmqbyaed
dsizsxblviqsjmsayy
