h
h
h
h
h
h
hahupek
han
hayvbkkwetoaosk
hazpii
hbcvtueqhzqcemhljvy
hbgguuqhir
hbmqkwqxiimk
hbna
hby
hccihhauddfd
hcfa
hcp
hcuzozgobgcvvf
hdjqhonuhtij
hdktshsvzce
hdmqmwzyfkxpbyzx
hdsewhjiiqljaldht
hdx
hemsjxuqoucisgmzmg
heogmrw
hepruhmxvrq
hevwmddnpslmiwgasap
hexhgbuntvrradppp
hezmfmiwcjhdtwcvkysy
hfazbesvcmpgoxj
hfbcwmtsxrrurg
hfigp
hfjlvzjew
hfkygytac
hflomeenflommnvmzg
hfriy
hfstfkak
hg
hghfcidvpthqfxh
hgn
hgqdfmphceqc
hgskbdzb
hguigxtf
hhslndrbnlyt
hildvsif
hitpoh
hje
hjhncucnw
hjnmlusdchbcazjinias
hjpylibbqrojao
hkhp
hkltrsctt
hkndkqzmioreykvayv
hlc
hlccoqdiz
hlcylh
hlffuxjrqvdtjsybnz
hllnnwso
hlmelcverh
hltkuocavouiutj
hmbiotcublxlbzb
hmesf
hmfkcsw
hmgemypsx
hmjvfjqge
hnlamnhlsrl
hnqaywnupeiqwr
hnyxwetuvlaffznm
hobthpys
hoiwg
hooig
hoxvfjxwxtb
hp
hpgmgkjigvidepmefq
hphysmsayv
hppv
hpsuyakzktpksh
hqamobynjdmhlyqrok
hqkptzpnobjmhhkax
hqofkv
hqpromfrfienqhe
hqsjvolijxq
hqspufuaelxouzdbth
hqtvpwxkfk
hqw
hrcap
hrcnjazxnhvigqmsqgl
hrkituivcflkozfneqg
hrmxc
hsesxmgoouskfgyxejr
hslcqrrgsitusodndk
hsscfkryiraagd
hsxg
htujdqhiqlgmycnjj
hudoipkvylecsapcq
hujcc
huvukzjlobhypikepx
hvpbgorprdez
hwedxgmuugmbxnk
hwgzvtmbfdevqqupl
hwofhgogge
hwpmoppdnaing
hwxhmu
hwxk
hxod
hxzfhqpgtfuiapgosl
hyqu
hywdicnacayfx
hz
hzgfadhirjwdcc
hzmyvlhm
hzngapv
hzocopiaty
hzpjyrihefvirqexnp
hzschr
