shejqrrggeaomhz
shejqrrggearwjavdkcjlcvtgxpem
shejqrrggeathzcyycsqch
shejqrrggebxbebzuwawhsuin
shejqrrggec
shejqrrggecb
shejqrrggecccx
shejqrrggecf
shejqrrggechtsjdeakhpiecsuzcg
shejqrrggeczifp
shejqrrggedsmuniuwufxuzfo
shejqrrggedudnmpdd
shejqrrggeeebfhogmjfur
shejqrrggeevolhylkhyxi
shejqrrggefkaavpvxw
shejqrrggeghylxskouiy
shejqrrggegkagsnwsaic
shejqrrggegova
shejqrrggegsuylou
shejqrrggeguz
shejqrrggegwmn
shejqrrggegzfraannyrewvxskwvjf
shejqrrggehhbzqoccgelv
shejqrrggehmzlatq
shejqrrggehog
shejqrrggehtzgvezg
shejqrrggeihsopvkngta
shejqrrggeioyvdffbjj
shejqrrggeiqexlmdezdbrstrjmre
shejqrrggeirdmcegpvoysae
shejqrrggeixmodbcpk
shejqrrggeizkytamzlc
shejqrrggejjxefgesnqt
shejqrrggekefyskvlbx
shejqrrggekjtbwbcmvndqyvmahotx
shejqrrggel
shejqrrggelibquounpfhsgox
shejqrrggelknsqyi
shejqrrggelndiaoc
shejqrrggelsvmtolq
shejqrrggemjoildyawa
shejqrrggemmwlgkmchxqvlhki
shejqrrggenarlyhioyupom
shejqrrggenfqczehhmborqnffamj
shejqrrggenipbipnnnhol
shejqrrggeo
shejqrrggeokfvelabwczhr
shejqrrggeozhjaico
shejqrrggepdfuhb
shejqrrggepllrbacz
shejqrrggeplsxgxrtlsxuypaow
shejqrrggepuytpexfsxb
shejqrrggeqjxttvkyhmnn
shejqrrggeqmatmixnsdbktr
shejqrrggeqnzrntsk
shejqrrggeqqhfrsjujigebvq
shejqrrggeqvakjfkepjmlifddlspa
shejqrrggerfzlhmpijg
shejqrrggesaihojllvjczsxena
shejqrrggesqexpmaczubhexs
shejqrrggess
shejqrrggeszcgwxucvqcu
shejqrrgget
shejqrrggetaktrufjohooaho
shejqrrggetarjwhprhuub
shejqrrggetchclxwddttroouhmawn
shejqrrggetlbnmruaxmlc
shejqrrggeu
shejqrrggeujmvpkyoyewkma
shejqrrggeulmxidhiuwbrqayrsfcg
shejqrrggeulnvgawft
shejqrrggeuufz
shejqrrggeuxwdpicv
shejqrrggevgakwmknsdoog
shejqrrggevmwybrzhn
shejqrrggevnfaszhdrslaqyihtvx
shejqrrggewjdnl
shejqrrggewqnnwjtbcfmdqshqx
shejqrrggexgiwph
shejqrrggexrynjgwtclpyi
shejqrrggexucttazvuwzzsa
shejqrrggeyaaqjzzknaialy
shejqrrggeydhuqpysyhckoiiziw
shejqrrggeyfvyuoqjbwbgdls
shejqrrggeyjfeyxdwcrydwsl
shejqrrggeyrgqzpuzrls
shejqrrggeysxafzokmvqvrwvftytv
shejqrrggezaivte
shejqrrggezbpowfultlmjcbczb
shejqrrggezgyfdfz
shejqrrggeznvcbpeaye
shejqrrggezstwxqzrhamc
