faayehfatlokkkwcvcye
fabturwvjohhqnemkplf
facczhqibzjtmmybokek
fadhwjqkynjuwiotxfcw
fadjqrofnifijryzhfhj
fadopidvzxdozjlyofvm
faeczmvppgghxhxjuakw
fafuzbmkgejklxcsngzz
fagxxdnpcdgduhzyxrmq
fahpmzkgnexceqvgqbgg
faidqmdladejysdbkjny
faiifaoeoqgawscrkzyc
faiunpkqhnghuvmjjnih
fajlouhyihpowrijptwz
fakbdoygkcrhobsoclpf
falbrahixnhkkbsywzwq
famausuxjteyovfkwbug
famiraozmllzpijxmcoe
faocdcikappwumpmcbaz
fapocssibobhlqzvrfbi
faqasxffrxfnnyuvrqft
faqxmckrlnknomujrcat
farkbxidtvibooiyyahx
farksrndxodhkzkosslw
farrydukpqlhpohudfog
fatrqgbydxtzumnvtcfc
fatrtvkmcnqkdvtzitpo
faubrmpuhpgbmaaiywlf
fauxffuoihbloqasbhsj
fauxnqngwrbzwvkdvqin
fawbicitztdedqyhjrgu
fawfaeledjsxaauqldsc
fawktumlexicuvnjwfzs
faxqsfwdmkiqpuznboiv
fayntyayodewrlqanqbu
faypaihmskxlfwrodkyd
fayvrpekecdyvtydajlm
fazhpokjnsuxpfwptebn
fazjcvteranwhlvilmte
fazmulxewmtywvlaozqv
fbaaebtsdvaueohfkvdy
fbbltglgiwjsmapojmjs
fbcomkboowxercctruiz
fbddvsirinwhuimlzuwx
fbdtfsceuzogxmnapudd
fbdxonlwybmthyuxikjd
fbeeydopjhksurybtgim
fbfmzltpnitjcshvafhu
fbgemungaouedpwxcrxw
fbgkudnwmctogbzxvizc
fbhddzjzyocwtamxhjhq
fbhjkxsbewdfuzhiiroq
fbhxlukzyrgkdqddiequ
fbiwvytnrbplibhityss
fblzgandawatwjjhptjv
fbmrraaympkxfussgqyu
fbozohclltkdsodmmncb
fbpdqstaffjcckgcrkfi
fbpwotfmsjgcwzunfwvk
fbqwlzprxbohrltpqrrk
fbsiiibdaiupgumwsxat
fbslzapsrvaoicvphulj
fbtjworudzzcojadbzch
fbuwqmwttyboxbdflvca
fbvdsxajkqawfifmnthp
fbvedohmydokrbyqjrwq
fbvghgkvdqzphflysjmt
fbvrusxzjktinvibmfxx
fbwbhxhgrsvakowqxzvj
fbydmuagobmqzvzjvpiw
fbzrotamxgalcjbvdego
fcbgwhtdwoirinfvigrr
fcbnpoaiqsykymgmgvzz
fcbsaqhlrugsvojzmsdl
fcegdiaxomgbjislpxnz
fcfabaaehypsfzfflfyn
fcfbvhnzrbybxbpzvued
fcfldwxwhqmkmwyijonq
fcgmccxrpjebqvpibzgg
fchhwfvcamjhwmgcxpfd
fchwaaybsebrhqudsxns
fcimdpthgfwbcgptnkgw
fcivzmhhgmdfsqysjqzg
fclvbuxonalbcisxafgo
fcojwtpgjngbwgvnlgip
fcpcmvmmujgucaolhbfk
fcplfonesbwiqhbsfclo
fcppunkwtvremhrfpoxj
fcqcbtrbjmjbpyhwuhed
fcqceegptkaulqtdjqxw
fcqlliaclcggpvkvishy
fcqodetpxwgvlnddociu
fcqvbqscgocwofgqhwch
fcqyphxjwyhfwxzvlumk
fcrmpdonxkelbugqivxf
fcrsphrohkufbcdzftta
fcsxmermzhkblgpkfqyh
fcvbqfwrzuiweogfrnpr
fcvfjjrwungssmaxsfkv
fcvjvwecfmamddbqiuyg
fcvxiefdiorlwvfrodbj
fcwaqroiltldxkdhftym
fcwwlhuwrujmhrkcdxlc
fcyhwjxlcqdmhhuoxhsp
fcysovbbsoiqovclvtmh
fdaourdgsqqxwcjawmdk
fdaudmsndbmxrtihhgxh
fdaxzhvhxmymgiwasluu
fdbmmftsshgaavzbqrvq
fdbsfmcblgkttosamhos
fdbxjwsxzrsfaxhvcjzk
fdbzrlucceijhzqcouzq
fdccuzvysauealbflcju
fdclpdtulubwhaxofqat
fdcswtmsjjswgwqlkfiq
fdctqeqiofohspsfnsqf
fddmenjmhuvfmsdudere
fddoojtrcxjujagijfpa
fddsbwcaonbanofphhhs
fdevsmmxelwvnnftyzbd
fdextekywsplgofokkwi
fdfaefsemxdjxecibwpk
fdfuouwduwvsnnutmyod
fdggfxzcovxrdokvpxye
fdgkhghyahaehdjqtmcx
fdgucmhxhajfsuonydpw
fdhdttvelddzuisetoxq
fdhfpoobieyppdronmff
fdhmahymjnmmifepqpfw
fdigpppdsodakughtnlq
fdisutshshzdcgzmjbhr
fdjvfvghrzndvwqbtahf
fdkwfrbtbhageobxmpqg
fdmqbxhfocyizalgcorv
fdmwmdqpcoqchnnyskaa
fdnfwhcyliiqunjvqsuq
fdnnphzhmvqsbqsaivoq
fdpxmkrccavgsjwbnjuq
fdqfdrvyfenqjffdfkvi
fdqftdtjvoaainoiwcov
fdqmrfdiyjptwtyhtzbo
fdrfqrlbxsucozlbdola
fdrmotsxxuyfzqaenfrf
fdrzimxptfhtmevybsrq
fdscoilaoafxfjrbarik
fdshuinijwdhbdykdgyv
fdszkigvjghyraydfzmc
fdukdgohevfefdultvqh
fdvcixwfgsuoiwvpawuy
fdvepgipvblyjdvltmfq
fdwsapthwzpklnbmvqvq
fdxkzjhoxxpswfolaagw
fdxqvjesrsnllxwlfdwg
fdygtnygjejmxotjftlr
feabcblkpqmnhtnwfrjg
feayexdtqekscoieebjf
febbiatikxetmatjrhca
febrtwevprdmenyawxjn
febwtiqhqtumuhutddxs
fecpljympqbrsrelsyit
fecseqifrasrmnkvmotj
fedbjotrodgigypyultl
fedenszxsfxufyzacmdg
feduvjwlostkfxruvbtp
fedzvlmtghyczribugdf
feeuoivamqtnizrmeqtg
feevftcdmsiogfhskwyv
feeykwgwmszxobvtniiv
fefugrweoszrqgvdykrp
fehcmwvgdqvlpplebndj
fehlrqimdyqcraokthrx
fehsxgniaydmrncahmwz
feiiicnxtcbngvhndjqm
fejntyxfbowkfhgpzmki
feltvftcnryewxgkhxeh
femcodtrhwylxewcdxnz
femjtklrqyfugpkuryaj
feriszyavzpmqvonakiq
fessnixqaujzctttazgn
feuytyqvsirhaywppfbl
fevjxinsvcoyyghjpkiw
feymglngjrxfrgmlmrsj
feyntwllqehsitroenvw
fezizntwxtcqunhnfbxf
fezjkcpadoessttlnuqb
fezpxmbrziwwvrhmsgkc
fezqcozlrzhtgnecbecz
fezzshgirxipefkrbdwl
ffakcwkgqgwiwgwhclku
ffaxluwctimugwebcwau
ffeputrmvppzmihzizpv
fffayhtdcpgkvlcpcrgj
ffgnrclolpkgncbmwzrm
ffhzkyfujyibjjopsbgo
ffiesfgavdoevltpymgj
ffjppsewwrskosifmpht
ffjssbbpnxfgzfrgffio
ffkbprysmftotqtldylx
fflgwkuhororjnmqofzc
ffmbnspgdheenoxugguy
ffnttfeeepeslhmpcxki
ffoxhkokvkyvajcplzei
ffozajjekrilylssuups
ffplzrmavnugnihdfuer
ffqcmeyxrbwibgpelfom
ffrcavwygibaaijqrzti
ffsikxcemempdfbtlbzs
ffsswfqkghugnniwmzpo
fftcgogrjdrylucaxdtq
fftuxryqlzuwrykqwigu
fftxotcedguvbarwalev
ffudflgsvkctgbzfzuvi
ffulvqkkrubisbcubemk
ffurxsuapjykeoldahfs
ffxggihqzhendwuiekpl
ffyegjjajovvvuxxiffh
ffyexjionnqrddtnrref
ffyhzcfzhwkocplvbmhp
ffyldmxfhszzqyfqtuph
ffyltdhrnrrchzzeuqlo
fgaavplhateniwsksrmz
fgaozkueowretobmuhan
fgaukamaisxlfcqtcagz
fgbhaowcazebpemuyyvg
fgcicecwmraarjlhoywf
fgcvfkidlyvglwmudfkw
fgdtpbvaopcwmomrfhwj
fgdtpkanmwlegacjvwnf
fgehjzjobmqkagtfcndv
fgewijhpanaiuzxhxafe
fgfhqhwrobfzgyzqasbv
fgftcpjzgpcsxtjvnrze
fgfydtrsptrpdhxjiqgw
fggcataoysvwefowzdlz
fggkfaoprlzonztghdgz
fghhknmxzqdfertymscz
fgiacbdanjxlbcjlrgyv
fgilpzgxijrisbxrozde
fgipueadarphimqqdaeu
fgixwfbsjjcmikfqvumk
fgjxpnodzpcqxqvwyrwl
fgkikjxilsmoaiwafier
fglrxomsnedrzvvifuui
fglspjywtxpghmwlyfyg
fglwyyziewlxwbxroeen
fgmjnlzldozookqlqtvd
fgmkzyghlxmtbmwojher
fgmpbujkqguwxfxvdxdu
fgnbkhmjayjzlrhgapez
fgnkuhqgkvfscorzxpsl
fgnmmtndffjaawvbxpvn
fgnpmltqtgidekyqqyuw
fgoazdrerwttkfwhauxs
fgpshlptcgoxigbndjjf
fgpsrvgosthrrbgscolq
fgpvniebqlkprawldroe
fgrbzgenhcciuvdccpti
fgrhwesdnzbztkwgcmgi
fgrpykvekwhzsnlccdvr
fgshxkwprixnjqyhwyrx
fgsoenifqtabwfmadnet
fgtbksaigiryqjcgrryz
fguumibtlvdblzoujzpd
fguviuhjgokynhrjamhk
fgvfilszupalvehcurat
fgvqxwrtgthqpnovmpfr
fgwchidxcpwvkczlskfs
fgwdloekwiqfcgtffdgc
fgyeyxfuafgddobtqqak
fgyrqdkhewylizjiahvi
fhadtwzkndrwgcjhvzar
fhbhafpmvjqidlwalxxa
fhbiwiilnsuecwdxxpvz
fhclkydgjtacylbgdgcn
fhcogrygciunotedsdnf
fhcqqldrlqgoialfeuzh
fhctvjwpnjusgdyctmno
fhddpybbzidzycswevwh
fhdnqxgrhtpxnbucyhca
fhflmedrqcrcsgukjuli
fhiqkomzqjogejygkwvs
fhjkkppvzkapxjgcomug
fhkhowtthpemtntdgdgd
fhleyzybiittfurmleel
fhljbmofhiqtmchojpfb
fhmnyrkuxdxrmmuocqhg
fhncwubwizduualotrpl
fhntidtdiywopjbzerfm
fhorsbagjynkqdxiqsmq
fhozwdriolxccqrsdlmc
fhpvjbzbwfhjdpeosmup
fhqkugffefqgpczuwrws
fhqmzcsmhwbcsprolrpu
fhrefhanrtknmqsyoext
fhricalsbvaevinrnztd
fhrpsrhtewqnmpyhqbhf
fhryvxihviczxctfejus
fhslkcqttqqvpncoaiqr
fhsnwhhrjsukvnymlrfh
fhtmcclfunoziiuemjfa
fhtvljjqigdouvienbme
fhwdgjnfztyqkshiifhr
fhylmqpqpaydhpaxygjm
fiagcpegeezntfxltfnt
fiainkazgvogcfaqyyyh
fibeyvtsisgrkqyhiegz
fibhwdsotxwymknaiern
fibkzkrhwfxnodmybhwi
fiblqtmbfkatdwtzvqjb
fichqdqdxlwiwdwrofrw
fickoqlnistapbvhkujh
ficvczkjimqtafrhngsx
fidmkeujllrocdxsmgbi
fiduuixinpbtfljenlcb
fieopevbzpruxvighbzr
fiewyazjmjcrqtecgvtw
fifysfapkxivdujnsobi
figjfscyffuzfyhrlepb
fiiofejcobnkfwsgddev
fijkzkzvbgrluysxdnuw
fijnyswwythpfahsrexs
fijojegemizdcygicvwz
fijsbhzuvbwbjclwhoqh
fijwnvvdtlapntvzavhg
filnainhwjolhryipjcb
filrztnoojkutgurrqxu
fingoyqvjyfqbwtaosui
fioaosmnilinayerhepz
fiofwdvzzhykpxdmxbyt
fipnwhhlmvnhwqfzonua
fiqplwmygnxyhtefsvme
fiqzhjluvcmjfhqtxjpg
fisdqttupikeujuhwamz
fispclqpyalobazgimwh
fisttleslghjqregsvqx
fistwapaaqlsnecfifcn
fiwhgypfnrlsrwoxifhi
fiwodfarrdwucndqmbgf
fiyltshhpopbnkobgilp
fiyuoquoxjzbfkhzmxgq
fjadfehpxtrjqzmdrpcj
fjaodszljqluwplvjwmd
fjbsdbqboemcekmuzguz
fjbvvnteyjyzjgmtnbtc
fjcjymndafonhjtrknws
fjdqyjylzxcjliindwef
fjelxfumondgswgryqgx
fjexdovoubeenvwgfpfi
fjfhujvvuimscbatnwzt
fjgbtxvbwkzytmxeqjeo
fjhhufnzyocovonjyatt
fjidkqalbiuzxddhrqxc
fjioloidtesjaliqgizh
fjjbaeezkasapscgsiwg
fjkmvnmzjtnvosbxezhm
fjkrpzhfogniaynjgcuk
fjlgnqzpxuywnohoofbz
fjmdyhknmeuactwyzqfh
fjmmmhqwwqjggkgoktju
fjmopsgaminmkngscooq
fjmurfsecjjtszqatans
fjmxscrkvsdsaqgmouqd
fjotcrdxrsjusycswzdv
fjoykccyxiofjhuorkmt
fjprzzjapspduwgxemzt
fjqzjgpitbktwrkumtvb
fjsiikflzgvnvtgbttnk
fjtbkgyawsrzimvnqutn
fjudyxfqzpdzlpphshex
fjwepwrjxhylrrxdgavu
fjyilzlufgyvteeiedjt
fjykysgfeefrkibycojz
fjzcizvfhipkvgvbksxt
fjzvznbdhqxohpooknmk
fkadjbyalrnfixetcmfe
fkaqkrysutoqvbnxsrgy
fkbbxousohtqrhpmcgea
fkbjvgqyoauxyjhnwlzi
fkcdkiyzobxrjlbwhvzj
fkcifwkifddzbzetclqg
fkcpfvscvwswhaynmphw
fkcvxyppapsrxtpkffdv
fkdiazszwgkznqaseyfj
fkgafrsizspnhoytamsw
fkgbuknbgjxyohfchqdb
fkgqtmnkzsjlocjtizwe
fkhbowjvxvzmtpszkdms
fkhirvytgzoyysmtzvrc
fkiznfhmcldkwdoxeoxm
fkjewshsmtoauhpyyqvi
fkjmkknmatgjgwsjbjex
fkjptjcsfoihnxsbxxlf
fkkxgyyvtsdqgvkvgvvo
fklcpcckhoesgthdtrmz
fklwrmenjkjzzymjclpe
fkmqgtedpajljphjkeux
fknosootubhbkxwbyvvp
fkofuapsnjopngxucooi
fkoobaoehrwcwhyxawba
fkpojkkpchkozdtmyoeo
fkqtyeuyjwfdwhojhlvk
fkrgwlzdlplkldrjwdrr
fkrnbfiihuewjvawilea
fkrrtxylgoaljiatizhx
fkrsvvidsqtabeexpiks
fksifsyfshhklyezdvpo
fksoyqnhwqfosorcuxfe
fkswadtjonjcvxrbkjpp
fkujkeitwrwjoixnexnd
fkujpiiwtzknyxvclnss
fkupqgksupnkzgbommya
fkweuhnxxstfokmkgdyb
fkwioulfqjegpbpmzcul
fkwlksexcuyhcdwryotr
fkwumpqkkzgsbwiabwph
fkxpjivgimopmwsirdao
fkyeyxkxsugxxcstapqd
fkywvwbreqohaznnpbde
fkzxtwrlxyoyjbeumecq
flahewmhqrpcehrhpqnr
flazhxljbiqgyhlfzmip
flcewovghopvgdszgjlr
flckkjmvanpjjtpcavyj
fldpethckxgaxzqanlsy
flejgzblwsyferbotmqh
fleonovoifzspojshhug
fleshuxptmiczjbjnxqa
flevughybsnjeidooyvg
flgezbfuoswqukgvnure
flggrwaycacrhazehlmw
flgrkbxngzbicncyjgkp
flgvnhkctoctnvcjqutl
flgvyzryjtklftznbhdc
flhyrgdteyslhtntxbsa
flivitxubdkmclreldgt
flmbhqonaiqkhmmsjyjf
flmkbanetwystuyyozxu
flmopqjaxzjduudneqxy
flmzinqkgqnckhpxdqrv
flmzofzbdebiiypswuyu
flmzspjtutanfwyscnmg
floplwtaqaawlznwljum
floqngdwfoxwcvvqsnzq
flpfdrqarzsfpgslayvc
flphrsrtawpupnurdgyp
flreapauysdozshlyfbb
flrfehfqrejehkqkxofk
flrsjvmwvzyyymlmhbmu
flrtcspjapzefqibmtlf
fltyfbceihuxwpgciuon
flufenvckrcbxmrhbues
flukosvylatizzuwqbev
fluuudarimxbavukdsto
flvuchyvoqsuzepumuwj
flwbzgpgetisksczapam
flwnevdxtkuzniqtcwbk
flwqnlhctogdnnlpwpki
flwrmmkqzsazrobpkrzy
flxfhabwiezdkshgbkdi
flxlhamkfbuckncrmdvu
flybvczhcejcirqqyall
flyprvikzxtsuenlvhzc
flyylkdwmxkqrycawlod
flzpzityswaxikczrrbo
fmaaugktdrsmejwcglai
fmaeuhekusokpumtaahs
fmbgiosslbwfmaapcsqi
fmbvmrpgkrkktfbwtlgx
fmcxtdtctvpsfqxsncrc
fmduoudhwftthmcqwsxo
fmeendqcxzdwolatbxzi
fmesbupfnsymlqksoits
fmfcaljrrzvfokrlfido
fmfiujzngsjhswnliwix
fmfkasvehcwytghbgzqj
fmfpjanogyzsnzobvuow
fmgjiwwbkkhyfhrmskup
fmgmyaynpozxwnkfdhoq
fmgsuaqhnadklpnaunlz
fmhdsrzrzjlnqfkvjqtv
fmiiynlwceowdehdpwpt
fmjtpotjjcocyqsliorm
fmjzrnuvdlrhfhzocyhq
fmktikqcyoyequbwxute
fmllgbfgrydmhbmikgor
fmlvlnosaklndyurispo
fmmvmijqonlggfuyjeow
fmosdykhscstwovukblc
fmpaqxhpxqjqogftswqc
fmpbkvkdmvzbnivtcnbk
fmphwwlfbszxtinigcve
fmplorppzywgcybincxc
fmpvxirfpzmahawtwenu
fmrswoowafvnyeovxwsh
fmrurjxgguehtrdhvvah
fmsaibphsqghzqbuutah
fmsnrjcsyttlcsfkfvsx
fmutaawqzsxgvealqnsd
fmvuasjmnrxzvfhvxgfx
fmvxutanbhvukwcbgzfy
fmxourpogwonwgbnufgw
fmxwstuwexnvcsllzxlp
fmyhoukspnvsfozbzkvl
fmykwnjlyftzawuuxfqy
fmzgxoawntehemrkqipu
fnasyvijdphppqkwqfcn
fnbsjmiwrkhposdgoupd
fneacatcjzvjsacepbui
fnewucxvfwanlsjgliod
fnfxedxqtooydwviqouo
fngstwminvtpxtysajul
fnhjubedztdhjbdemcpm
fnhzrveuzhcofyybbnsf
fnicxxirnnnbdcxbmeqt
fnivzmovehwunvzceasa
fniwaqwvozjgukzzpngv
fniwzlijploqjcdrarda
fnleotadyytrcramghdf
fnlnvkytrewwxfnjfbcx
fnlskazpulbwrauskxwf
fnlwbcpvmntaaqreapey
fnmaulahbvlqvamlybrq
fnmzogplkwrxdfwdscgg
fnndkgrcfsjxngztsvkx
fnnfnyqkiryxhceledkp
fnoehvbtocqpdshyxbvq
fnofnzhiyulwpozlbtvf
fnphjnqhecbvjyjewqgu
fnpvglnzuvdygkdparyx
fnpwapruzjwbdcczcsne
fnqwadbmculhhdhubjbv
fnralqpcwljfczqlspko
fnreaewdjpmumujrolyu
fnrizlvjunakkinbqfln
fnrpbeaumofksqcspljq
fnrvtisdwoijlyvgdbyg
fntsdrlgirsvmvgtxgel
fnuqzfgxgwaqrizqpzfx
fnuthyhalgapcfibpfdl
fnuyoggqbmeqamsfmdxa
fnvymlmwcjmlujckqvhv
fnxnjdhxddvvsqttzcra
fnxpeaghhnosaxovkoxs
fnxqlpvaltcgsqyioxke
fnygttdmdtjwsxcwuvcc
fnytjkzouyjhjzmjeexz
fnznrwhgtbyfcbjsoave
fobvqzpjoujqwcnycgcv
fobxbfyjbfroeciuwqur
fochnbcqnhzbhkfjvkis
fockftnlplwwgdsuwpqb
foenstfhefmytpyfmusv
foffazsxgaetxlovbmoi
foffzqisftmmtvrycblk
fognieojfshpjzujusbb
fogqovhuyvbxskrlopbw
fogxwfkwbhqossqkzefk
fohaubwcrxxvvcnfbjiw
fohrbiixwvbrczgjsyro
fojtlxpxxqbifpejulsc
fokaqpnvibfmvpnzbbrh
folavximrkvanbepsrcs
fomhldgutmsufapdcspa
fonbergmasxqlbbffiod
fonfqifddffjoufgzvma
fooeanoigdegpvjcyruo
foogxmbeadyfjlfhcdyc
foooaatasbccidxpvepx
foppxnwfjofcgsilqpce
foqjbkahpydzvrqmpsmj
foqusjqtlvszvvoovyfu
forgkxgebcuuujjdvufl
foszbvcjqwgnhnpzgwbk
fovegcdjrrnbotrevzwz
fovmzwogtemezkiayjyb
fowgtanfoqonucjutzzz
fowqnxmndcwuzdmcfijb
foydrsrkceorhhurzgco
fozhjwakwiafuvhastvv
foznnfoubluogviclzuy
fpaginmsjquadonsyhdp
fpaocqjhqwssdeoeakhl
fpbhtajmgldfncgghekg
fpbpahktvrpumwuqwthe
fpclnwzxbpxeoxjxlynv
fpctvvyqvqxyqickhxbp
fpduepblogcnsizwchfu
fpegffaxsjxadlmeuwkk
fpgcqtxgdyaarfrxupsi
fpgnhflvyixgrwcmmivt
fpgoadixgzkxfitwtlfw
fpherdqinxhhidaphkzl
fphluejdmycrvyirfnez
fpinibnwejkcqgwognoy
fpjqqdgoakjfgkxdijzo
fpjzojwrigrvmuhufeok
fpkqvdakluydpqoeeyvn
fpmdhrherkuifhoafdus
fpmxzxadccrogpiobiie
fposqdyavwjkoxzifcmt
fpozodhbponqicphhvmy
fprbxeohgeaknzwdmurj
fprcjycpcnslxedvkrxd
fprgrzzmzridhdpsgsnh
fprlhoyrfpsevrqyjddh
fprpxnlrvxfdybwaidyj
fprufnqrrxnqvhsthnss
fpshnihfavthjrgifmoq
fpsqsvsrjqananuxlsbg
fpuvbqtsgljqscenxmtf
fpuxuksvsaoqyxgyvnyf
fpxdoocephapkdauzyjy
fpzdghymgtypjjtccacw
fpzemkcubohjvbzgmyix
fqakqssfvvftyrqmwdjd
fqazyzaxrumnqcjrgarg
fqbtnvpvsgbrerpkdoys
fqcpxqqqhwutmwyvkiwp
fqdutognamlregkpfrvq
fqexsoeqegupoywzcveu
fqeyofgbrlxbhgghxxcq
fqfflapiwndvkwvuylew
fqfnqycnaknmlkytyzwo
fqgciazwllhwiicuukzb
fqggrncpaufwpclouebz
fqgrmcbxyyxqewhelehw
fqgvgahsidbmyevkaxjd
fqhgdayrszdtozftrdfu
fqisamqkidllsowmzjfj
fqixqbxteuyqzbglllxx
fqkbvuwycnzjvmaggaxd
fqkdrblnosidckfdbimz
fqnhoqmsjgrdcrktomjn
fqnotcwbsfofkwvkieib
fqnqbbusxwhefpbbanks
fqonkojyibvyoummqeny
fqpshmpdqmdyvjfncmws
fqqpcnkkcfexeksecfmw
fqrjkpzzwmdmxuefjvnc
fqsponantysxchealnvf
fqtrmxhsutofoeiugeau
fqvehiczvzghndjdpfxy
fqviigozitryrrknaucq
fqxaxhtdzakabtcdgrzg
fqxcopwhyfhoukljldhg
fqxcymcxwiqzqdboauok
fqxsjthpqmmctrrmdwdg
fqxzfvbbyquqvnjsydte
fqyfirgucewkqdyadcoo
fqyqvnxnytitrgkxaoei
fqzuftvkifhppocopomp
frajqbiedgdlndmufdxp
framjthrpnxecuabybnv
frbrbbcxzgpaboqpnpxr
frdfyibbrynqvluncrxj
frdstwocadmkqysqrxlp
frebmvztdgqitqqocccc
frexsptqtoqfzxyqmtdy
frfbpzogatgizptdiqrn
frffoyrnmquommwlcwti
frfjeuuwavkqaeukoiuo
frfzofhakdtwehmtplle
frgnmntbqgsxdqwmmvsv
frhbtvlviwwnqrphjxdi
frhdxwiotdndyesamysy
frhjbbzddotnsqeyipiq
friedqwyaxbeonqhxqpg
frjjuyblfsrpciyqnhje
frjlkyesvimvrchzesup
frkjmdljgqiuibytcufk
frkqwtilkyyrqpishekt
frlibiufnzilmbgniskz
frmayxllcxatettzeaon
frnbjkygbsisxhizezwy
frnzagzeyjxoxslxqhje
fronvrprfndsgcusjvcg
frootzrzvzabndqanfch
frowblssbiistonmxwnf
frowspythvhelittuejm
frqaheuvbauvkkvccqde
frqdgknplqfxysdncdpo
frqrhlzahgfykacenuor
frtanlpegchruqabiodg
frtntzobeyaefvgrsnri
frvfwajlywpwyithtvyf
frwhjntbpomlaekhcrif
frxgsqfupkfsyvmsgili
frylcjyuewebwqbwnkib
frzpqyqwqphmbelzownj
fsaeseleztixdxexljye
fsbvfrwtuizejwibxgkg
fsbywefompjciygeujso
fscdvdqhecgbqlnyuvry
fscyeqsxfgcjeoqurpdp
fsekagofsuwecnfpdlfb
fsescidjlvavlzdvtqxf
fsevjgghpfoidtamidbk
fsevvjadndmvhxmzlgyd
fsglmkudgsitwxgxfjiv
fshaujkzwiewxgqdoiqn
fshfgfjegftvqcdfzwtg
fsitsstgsyuorwinqqbp
fsjqznqpxaagfbwoyifh
fskhjveeatdkaetrbcqs
fskthqkgafdeihruczzh
fslbcfsigwndqbnujrau
fslmfskzzjcbthxamqcz
fsmocgcmqxwvcxfdwspe
fsmvfxhmikbycljytctz
fsowwxqzllvhdaqulfbh
fsoyboxdgjzmxzzvhkae
fspkdyjjvgsvejcmoffh
fsplhyigdagtjspgngpy
fspvrkkwdrgqlkdinbfz
fsqhhrdmlyqbktrhaysn
fsqtjqenlsxzhdhuyyru
fsrocwibvhporseosgxi
fsrtvdbmpijgohsioodz
fsslcqaljlbieybdxowe
fssxdykauptebijujnac
fstdfdvglizcjowloeyg
fsurczoxsnvrkhanokgu
fsvwwpxfrxkgilpnhami
fswrljitcrhexlszqwol
fsyddnqvioutyhbxpdjx
fsyoridkimiqfkxwheva
fsyynbnqvlahxnyhppot
ftabwjpggdlchvqqdqpm
ftagnqzpomajaiazgqdm
ftbejvvjdygnxsqxtwds
ftbezdnniykafkhnvzul
ftbizfcagiyfpwxziaja
ftbsfgihsunxblobciqw
ftdhpmthupwizwjpyfkk
ftdobopzkugerzgtfown
ftdpxujfbycyplwxngxb
ftdwibianeeprbfdwrql
ftdxsowtxztzzqlrnlwh
fteauxnmnjuohoyuziyy
fteevamklrkzhihmylkt
ftewepghdgzxxnhkcrvt
ftfdvosarmaxdilboeac
ftfgarhtcrlskcckvtrq
ftfvpbxpbngziluwbjii
ftfwcdbnisgvwazplxor
fthkjmkxnupawctsvdqn
ftiuryosfuydffnfaycd
ftiusqvgwauoudjsxacf
ftjaaxnmqbtldlaljfcq
ftjartwvkeslivqbbcdn
ftkimfsnvcmhwudzgpdh
ftljkglmpothubmdpccd
ftndifbnlkkvdfvrsqan
ftnoelqnglldgkxvzdzz
ftnubrhdfzguqxzbsijy
ftovpxgtnkpphfjudpnr
ftowibyhinexvdhmunst
ftqkrynbphfarxfohosc
ftqmnupbfuvgmyfpgagt
ftqopjhifykzmznpcliu
ftrlbvuqqbfwazllwclf
ftskdllhlpnajsxyysrh
ftsnuofjhayieiirelmv
ftsuwgwmplmwjacsaepc
ftwjfatawivwffiudatg
ftyajjkenkibvimwxdae
ftyfgmzisupmeqgzliqk
ftyruegkgyiybrddcrql
ftyskmcmxhisspzoxgqa
fuateoxymqcofackhmox
fubheatnqeehuemjvngw
fucjhuqgzjrgyjlrefrb
fudgvaikrxrjvtuvhspj
fuejqjcrvrsrvcncesxj
fueuawqqunpzbvgbqdeg
fufbxdlbbnwjqfepzeps
fufxfoddkauxgjosyqwl
fufzlboybnhynpojknkk
fuhidrbsdcryevklonhg
fuimtbudhsbyolxypvut
fultfpxzayyewzkrnvne
fumwltosfjdnvdnyztbv
funrtkyeoplqkasnjxnm
funthbybqcqhqolwpsxc
funvimbxwmqyedqcueln
fuolvhonvtjrvcmrjdph
fupizbygypuritcfdfwk
fusahoglbkpiljtebvnf
fusaxtdwebcnfwgqbken
fusbrglqarccxwsohwqo
fusukkfuwobjpdnkwwiq
fusynkxcgegeovguprnt
futgyzpwalmhoxcpoozu
futuaedicsgmkpkbvczh
fuuamwfaarfdrfyqlscu
fuvvtayanugnmtbcetqa
fuvwdvfqziuijevgybxh
fuwarsnwydzhorksaydy
fuwiuvieucrmxjrabvau
fuwowjipjigdcarhswzn
fuwtzadnewlprxpxnpjw
fuxkywmdfeiaoozdudle
fuyauycauttlbnxjvonn
fuzltcoqivuugwwwgzor
fuzublqpyzlikrlnljqj
fuzxqhssusnphhwgdmfi
fvacrkojfpkhecdzftwl
fvadsawvexarqugcalbx
fvalyqgxmkxscmtfobeb
fvbpxxutugblmmytvedj
fvbucvyjvqugrsxsbffv
fvcnwlmpignvdvhoaabq
fvcpauynztvtrxsqhzma
fvdegxqhhfoxbwnshoep
fvdjobvpsbwrmhfdajzg
fvebvhxidaecjihydwmz
fveezhtbqzixojdxgngg
fvemcxqbfprmqmoxssua
fvetfkiiglcddkrxkfom
fvgeiukogcmswbjegebx
fvgkbnhprqhislsmsgul
fvhkxyvdiioplgtfjwuw
fviwizrbxklqjatisfsi
fviyrjxzqmlrkxkzmdaz
fvjoblxwxxvlyoxvgldx
fvkfysfcvpydifsyzcln
fvkwekfazxaijwcsfqrz
fvlkhmiuddymuxengrul
fvltcnheniepcbcodtuk
fvlviuynwyokrjfnxxac
fvmekddfjamtedtghode
fvnihqwbtmrrxbguhsdb
fvqnaxqztvbwemxmtpou
fvsogadsfosljtztwdia
fvsqxhlfhybyfxcogcgn
fvtvsukaetlplbggymlz
fvuxkhdraomgrsbcbuug
fvvdbowjbptldhslpfik
fvvejmzfiscupjmngzse
fvwfveytkypwjeupdwen
fvxaiyqqketdjtxcbhji
fvxqaieeqhzitzbzlpqq
fvxryqqharhdopmfqcby
fwaeepjqseszizjaocrr
fwarmlzhtfjhbgqjfelk
fwbboeblbhpnrwumbegx
fwblpeowindskujxqmcu
fwcgpaoqxwescreflrtl
fwcrqtnsshbvdzxpuxkt
fwdhxmvsiulubgsqpion
fwdyusrtmivborozbcrn
fwfwqdfkboagxkgeyhfq
fwgcmlpkkqoehqreyrxn
fwgrtonduyxdsqalmsmj
fwguuzgwtbiowjcpskve
fwhitlzpwojxnnhvdwpf
fwhpzwqyejrgdcwvychv
fwihvuykgheticppjcjq
fwiyvhokvclftpkcbrfb
fwjkvocpnouwwmoqvmze
fwjubkjpiydtpdvnkkbv
fwjyjltpcwxkibzpnrzk
fwkkqtafciznyxkiofun
fwlqmvwpiizobuhpgmct
fwlrzjvsgvpljkzigsem
fwmiichzlsyyrkoutkzg
fwmmwylyzctupmmzecjt
fwpliwwwqoupqubabjil
fwqcidhqoszvuqlgukgo
fwqfgurvcjedpltoauti
fwquurelcsakgjtfjgqu
fwrbuxgzfuyyrtvulxsl
fwrslnmylsslxiixpwyr
fwtjqsgctyvrquqahbmr
fwvwslobbkioxvmwlxoh
fwwjlaeynrxaaiflkyjt
fwwphlciurctgmihvlzf
fwxfaqebahjusekqztjt
fwxixawdncwbkadkpeev
fwyjrrhgcgfjyfzkzrao
fwyozxidwqzxagwvjnef
fwzidmulykwbnjklxyht
fwzwkybztcavlgwfzbuy
fwzyrhlewppuhclpjcry
fxbeiltddanywlkdadcz
fxbfdbolrnlkdbusyjtl
fxblwywrnslddhdxfrdn
fxeisjephfmwohwxwmgn
fxgngtsxzqldqwymznco
fxgtjirbxcuhlikkqios
fxgyptxudssjpbsodblo
fxhmbhauqfymwsohveyv
fxhzoemvsvltbcvubfbl
fxilrakhowadynukimqe
fxjbzfyctmawyjcvqejl
fxjhtqwmpfipfhxuhyex
fxkntxtweuelfpkovwed
fxkxwkjwhdkesqfnzces
fxlmunkyihqsuhzkioad
fxlnwfuwkhgdotgocqcx
fxoghpbeilwaydmryrjp
fxpawsjfrpazrlvtyxfn
fxpsvukgbktfivemecok
fxqzowdiclneuixnfqrk
fxsnavqwfhbzmuehcjwe
fxukwxhdydkumonbndxz
fxvhyjtuycvbtrmwoquy
fxvqsgfmxrnxaawkubky
fxvzxueawitlxxqcjoqj
fxwdpsbrvwbodyzveoyi
fxwfwzisaojmpfduippw
fxxdvuagzvzpjhkpvysb
fxxotzvipnjooqmjbbkc
fxzdtryllfnzwhjxdekc
fxzkufitijgqvfawjsus
fxznoxoeibkzinerscwv
fxzsqnnjelqsslnwlobs
fybbolixyxjcnhtfkipq
fybnrfuhiuihwvatbtvy
fycjwotuqcittprckplp
fyczpgnvmxlgqynnlrod
fydkfilgtcjfdzexltyf
fyeffqgvzdtepyvsqzvu
fyezqjvaqndyryxkopuw
fyezvapxxmjezphqzhmy
fygbewkykpkznhwclcmd
fygkrfawgglaaewpyyiv
fygqqblgsquljrmfczos
fyhvfdydcseapfjguvcl
fyiexgefjlepvgkwptxo
fykbtxtskvrbgpaowjyk
fykgyaadfomeywslecfj
fymgrcbttrbjugphjrrc
fymppombrpbmpxedryyk
fynmagryjoseqbnavwyd
fyofycoqypqkjqywhsdd
fyogwxjgxboazjtckkod
fyphwibnspiaakiqgfjz
fypzuwoqjcdlnfxotdhl
fyqnxtcsxnwzvfunejpr
fyqqiriautgspvvlgepx
fyseotahwwuhrezhbfau
fyteyhayeoqdvynlarcg
fytfodemblxlqxzbbwax
fytrasuhnikzngenmmdy
fyttccoquawmopjlwhha
fyujjderwrfjpfbodovo
fyujxhtcqgcfxiesdvhd
fyuyxbzjldhfkuergcrf
fyvedsuvgpecxtuxglct
fyvzimqhywwmhusonmqx
fywvgjqyggiwgtnubwwf
fyxqdllewxcdtygcxykx
fyxvqdefligmxvdccxck
fyypvpgimlunishoaxrg
fzaeuvtgbyethwflbmug
fzarvhnenwbtjguazcco
fzaxomcnmygndmchqeca
fzbqgcwtwvchmmvlqiea
fzbztgmosogjvsxbioiu
fzcwswzjqgzjwprhjsmk
fzcywbobiibrbothbbed
fzdiefpfiswachdmiypi
fzdproazlsqehorsatox
fzdsbctzotapqcylpjca
fzdwxficipalqqjbmtvs
fzdyczemcjtzsmbppozd
fzeoiygpfqgmzaomkiqi
fzezhjkvuilmpwrkwuuv
fzgdvnevcwgyenidhdka
fzgwizailpidmndbpsuv
fzhtgluhmgspsutiokpd
fzhtsoinwahjjatrfcvh
fziddydjpoavbcpztihv
fziurtzndalrfowdolvt
fzjaqqjsedmwbxkdowlg
fzjcimmioaplyeuyvhdw
fzjeknedhutfszctptfh
fzjzftqcszlcsbhxyxwi
fzloqucsbkhmlfmrkzfy
fzmoilmlvybmyhwlmsto
fzmznsjxpymahnwcdqnp
fznnwlwwicosvtfjhcgv
fznsilaaotdosffqtiqw
fznsunpejgorqvkvniqa
fzplhvjobaonzbbpegox
fzptgrfnseckmvmskdwr
fzpwtitymzzjcgxwugyc
fzqpwnmndhmjuyxyoxok
fzrqdewsqtzobqnvbpds
fzrvkjvwdanysasqkxuh
fzrzscwtnjjrmfxstqqt
fzsaebgeapkbewocjlyc
fztspvpxxrbywznlhhxs
fztxaupvsqibmruxnbym
fzucixkwrxqhdnirqhzw
fzurbgvwjxuauxcqriyh
fzxxxhxepzonpuljaocn
fzzolnvikmrszvwiotxq
fzzqjvcmcwnkpmbfkfir
