avewgxsnqs
avewgxsnqs
avewgxsnqs
avewgxsnqs
avewgxsnqs
avewgxsnqs
avewgxsnqs
avewgxsnqs
avewgxsnqs
avewgxsnqs
avewgxsnqs
avewgxsnqs
avewgxsnqs
avewgxsnqs
avewgxsnqs
avewgxsnqs
avewgxsnqs
avewgxsnqs
avewgxsnqs
avewgxsnqs
avewgxsnqs
avewgxsnqs
avewgxsnqs
avewgxsnqs
avewgxsnqs
avewgxsnqs
avewgxsnqs
avewgxsnqs
avewgxsnqs
avewgxsnqs
avewgxsnqs
avewgxsnqs
avewgxsnqs
avewgxsnqsa
avewgxsnqsa
avewgxsnqsa
avewgxsnqsafjaicup
avewgxsnqsahghu
avewgxsnqsahtp
avewgxsnqsaij
avewgxsnqsama
avewgxsnqsamtjcf
avewgxsnqsandnequco
avewgxsnqsangsdiue
avewgxsnqsanmrbfykni
avewgxsnqsapmgrkd
avewgxsnqsapvzsrufi
avewgxsnqsardyfpsqtx
avewgxsnqsau
avewgxsnqsauhfjsdlt
avewgxsnqsawewzwusd
avewgxsnqsawsgl
avewgxsnqsaxszgvjy
avewgxsnqsb
avewgxsnqsb
avewgxsnqsb
avewgxsnqsb
avewgxsnqsbcunvd
avewgxsnqsbk
avewgxsnqsbltgyl
avewgxsnqsbltnflsgyn
avewgxsnqsbly
avewgxsnqsbptssfp
avewgxsnqsbrcdk
avewgxsnqsbrozyc
avewgxsnqsbvn
avewgxsnqsbwdpl
avewgxsnqsbwmgpovsd
avewgxsnqsbz
avewgxsnqsc
avewgxsnqsc
avewgxsnqscbefnt
avewgxsnqscbkfrdbvl
avewgxsnqscbt
avewgxsnqscg
avewgxsnqscihymlsb
avewgxsnqsciruib
avewgxsnqsckrermcpae
avewgxsnqscmmaedtrze
avewgxsnqscwxd
avewgxsnqscxbp
avewgxsnqsd
avewgxsnqsda
avewgxsnqsdcui
avewgxsnqsdi
avewgxsnqsdjufm
avewgxsnqsdkats
avewgxsnqsdks
avewgxsnqsdnwkoqinq
avewgxsnqsdo
avewgxsnqsdoa
avewgxsnqsdofedkerog
avewgxsnqsdopopz
avewgxsnqsdsawjnxt
avewgxsnqsdvbyy
avewgxsnqsdwgyxllwb
avewgxsnqsdxwgssyv
avewgxsnqsdyhj
avewgxsnqsdzgkwm
avewgxsnqse
avewgxsnqsebrpc
avewgxsnqsebticeioxi
avewgxsnqsecws
avewgxsnqsef
avewgxsnqsegb
avewgxsnqsehpy
avewgxsnqsejk
avewgxsnqsejzvg
avewgxsnqselfhycvtce
avewgxsnqseqbvjafgpl
avewgxsnqseqjekn
avewgxsnqsewesuuc
avewgxsnqsexo
avewgxsnqsezyhi
avewgxsnqsf
avewgxsnqsfbkiohkdei
avewgxsnqsfcbho
avewgxsnqsfdogvxhcr
avewgxsnqsfg
avewgxsnqsfi
avewgxsnqsfjrh
avewgxsnqsfkilu
avewgxsnqsfq
avewgxsnqsfvqjnq
avewgxsnqsfzoyhj
avewgxsnqsgc
avewgxsnqsgfdoqnzq
avewgxsnqsgfuck
avewgxsnqsgi
avewgxsnqsgjvp
avewgxsnqsgkaw
avewgxsnqsgp
avewgxsnqsgqsw
avewgxsnqsgrat
avewgxsnqsgrlx
avewgxsnqsgu
avewgxsnqsgugid
avewgxsnqsgwozobf
avewgxsnqsgwxzdklto
avewgxsnqsh
avewgxsnqshargw
avewgxsnqshcoap
avewgxsnqshdflqj
avewgxsnqshg
avewgxsnqshigmmcz
avewgxsnqshiuhzcvupa
avewgxsnqshlolsqmcu
avewgxsnqshm
avewgxsnqshqgm
avewgxsnqshsey
avewgxsnqshu
avewgxsnqshwtlzsarjj
avewgxsnqsiaw
avewgxsnqsibj
avewgxsnqsidxycqyvgk
avewgxsnqsieasonk
avewgxsnqsieqh
avewgxsnqsifwt
avewgxsnqsigglfii
avewgxsnqsiirxv
avewgxsnqsilkds
avewgxsnqsilxzqrb
avewgxsnqsipxaf
avewgxsnqsitdrpnw
avewgxsnqsiwmaule
avewgxsnqsiwvelraph
avewgxsnqsixy
avewgxsnqsiz
avewgxsnqsj
avewgxsnqsjeujcncgq
avewgxsnqsjflbb
avewgxsnqsjgxslm
avewgxsnqsjkjpnobufs
avewgxsnqsjklwpkibwv
avewgxsnqsjl
avewgxsnqsjlynmf
avewgxsnqsjmtwoof
avewgxsnqsjoffh
avewgxsnqsjr
avewgxsnqsjuflgdgt
avewgxsnqsjwerd
avewgxsnqsjwrz
avewgxsnqsjxkqbfyjgp
avewgxsnqsk
avewgxsnqskbm
avewgxsnqskgmva
avewgxsnqskgpwlmzf
avewgxsnqskiokrovr
avewgxsnqskiv
avewgxsnqskiyawmv
avewgxsnqskp
avewgxsnqskqhbjui
avewgxsnqsku
avewgxsnqskyncyrmhqv
avewgxsnqskysmygplwl
avewgxsnqsl
avewgxsnqsl
avewgxsnqsl
avewgxsnqsl
avewgxsnqslcfkyowow
avewgxsnqsldpb
avewgxsnqsletvchby
avewgxsnqsliohx
avewgxsnqslipvz
avewgxsnqslkv
avewgxsnqslopueuxls
avewgxsnqsloyd
avewgxsnqslptvoqnk
avewgxsnqslrtyvhwd
avewgxsnqsltbigoazra
avewgxsnqsltte
avewgxsnqslvu
avewgxsnqslwekrg
avewgxsnqslxlyraifns
avewgxsnqslyghsrspf
avewgxsnqslzortgxr
avewgxsnqsm
avewgxsnqsmbgpqlkqpn
avewgxsnqsmf
avewgxsnqsmiccmgjkma
avewgxsnqsmicppb
avewgxsnqsmnjdr
avewgxsnqsmnjigl
avewgxsnqsmnxbedjat
avewgxsnqsmrnklbakn
avewgxsnqsnept
avewgxsnqsnhwvxlmbno
avewgxsnqsnilcfe
avewgxsnqsniusnqedbw
avewgxsnqsniyt
avewgxsnqsniz
avewgxsnqsnjnogc
avewgxsnqsnjspcbssq
avewgxsnqsnkfavec
avewgxsnqsnlftwwbma
avewgxsnqsnncstns
avewgxsnqsnonxwuzzhb
avewgxsnqsnqdiiti
avewgxsnqsnqwiwazw
avewgxsnqsnsdvbdlu
avewgxsnqsnsspzq
avewgxsnqsnvzqubavd
avewgxsnqso
avewgxsnqso
avewgxsnqsoa
avewgxsnqsoa
avewgxsnqsob
avewgxsnqsob
avewgxsnqsoch
avewgxsnqsoevbztqmw
avewgxsnqsojlsw
avewgxsnqsojziv
avewgxsnqsomqhb
avewgxsnqsooqizwovdg
avewgxsnqsopupf
avewgxsnqsoqx
avewgxsnqsorumvh
avewgxsnqsorwcogvu
avewgxsnqsotezcrhef
avewgxsnqsovcvgnjf
avewgxsnqsoyek
avewgxsnqsoymd
avewgxsnqsozcwucn
avewgxsnqsp
avewgxsnqspbach
avewgxsnqspbgz
avewgxsnqspbtoygk
avewgxsnqspc
avewgxsnqspcb
avewgxsnqspeqjhogk
avewgxsnqsphfejoc
avewgxsnqsphiw
avewgxsnqspkynpluv
avewgxsnqsplfvyxpm
avewgxsnqsplvbe
avewgxsnqspny
avewgxsnqspoxcipl
avewgxsnqsprpoj
avewgxsnqsptexva
avewgxsnqspuhivxlp
avewgxsnqspun
avewgxsnqspwlm
avewgxsnqspyzviomtm
avewgxsnqspzgqs
avewgxsnqspzipqx
avewgxsnqspzwmikn
avewgxsnqsq
avewgxsnqsq
avewgxsnqsqabqzyrpd
avewgxsnqsqde
avewgxsnqsqfvfle
avewgxsnqsqgczj
avewgxsnqsqh
avewgxsnqsqjnucw
avewgxsnqsql
avewgxsnqsqmutmykslm
avewgxsnqsqnzmp
avewgxsnqsqozyev
avewgxsnqsqqebkuqwx
avewgxsnqsqsjc
avewgxsnqsqssoptrr
avewgxsnqsqvqhuctrwf
avewgxsnqsqwvxs
avewgxsnqsqyzsorbfrv
avewgxsnqsr
avewgxsnqsr
avewgxsnqsrghnzyld
avewgxsnqsrjj
avewgxsnqsrjsvazd
avewgxsnqsrjzf
avewgxsnqsrlpgzrdvos
avewgxsnqsrmoqifeho
avewgxsnqsrnxhjzjai
avewgxsnqsrpxxnpyi
avewgxsnqsrqsyyqg
avewgxsnqsrsleiq
avewgxsnqsrtfkqygaqj
avewgxsnqsrvtpogfsy
avewgxsnqsrzjkbk
avewgxsnqss
avewgxsnqss
avewgxsnqss
avewgxsnqssdsiht
avewgxsnqssi
avewgxsnqssm
avewgxsnqssmlttlrvfe
avewgxsnqsstdmj
avewgxsnqsstrine
avewgxsnqssuajnyfht
avewgxsnqssy
avewgxsnqst
avewgxsnqstbjonmwhh
avewgxsnqstd
avewgxsnqstfli
avewgxsnqstg
avewgxsnqstgamxawvu
avewgxsnqstgnba
avewgxsnqsthpeoo
avewgxsnqstjhnrvenao
avewgxsnqstl
avewgxsnqstpwpbss
avewgxsnqstrdsobe
avewgxsnqstyn
avewgxsnqsu
avewgxsnqsu
avewgxsnqsubmdyonsyv
avewgxsnqsuclucouckp
avewgxsnqsufuejardm
avewgxsnqsuhdflsebbc
avewgxsnqsukoweshs
avewgxsnqsulvgfllu
avewgxsnqsumwqrzt
avewgxsnqsunokgjge
avewgxsnqsuoilmdfpm
avewgxsnqsuq
avewgxsnqsusbz
avewgxsnqsusypesz
avewgxsnqsutnmaneppw
avewgxsnqsuud
avewgxsnqsuvywtpvmv
avewgxsnqsux
avewgxsnqsuxrabfc
avewgxsnqsuyxszzmx
avewgxsnqsvblowa
avewgxsnqsvfjtmtk
avewgxsnqsvgads
avewgxsnqsvhslttk
avewgxsnqsvkh
avewgxsnqsvmabe
avewgxsnqsvnohxojxpq
avewgxsnqsvqrqp
avewgxsnqsvtwqnfxci
avewgxsnqsvxkxkw
avewgxsnqsw
avewgxsnqswcxh
avewgxsnqswiup
avewgxsnqswkysybsgxn
avewgxsnqswl
avewgxsnqswlepe
avewgxsnqswmkurhjpe
avewgxsnqswmxaivnfxy
avewgxsnqswo
avewgxsnqswofmse
avewgxsnqswpbdxj
avewgxsnqswpdtjw
avewgxsnqswvxjbquckm
avewgxsnqsx
avewgxsnqsx
avewgxsnqsxame
avewgxsnqsxbuoqiwr
avewgxsnqsxcqr
avewgxsnqsxdsvnxguyq
avewgxsnqsxhje
avewgxsnqsxhpmxrvtwz
avewgxsnqsxlaelo
avewgxsnqsxlkoahbw
avewgxsnqsxmmpcseql
avewgxsnqsxnoiuk
avewgxsnqsxpsbxsoiua
avewgxsnqsxrntdzsg
avewgxsnqsxsdohbsdw
avewgxsnqsxszxlrl
avewgxsnqsxtnemzynq
avewgxsnqsxwizwy
avewgxsnqsxyj
avewgxsnqsxyzivuxh
avewgxsnqsxznbloaxr
avewgxsnqsy
avewgxsnqsy
avewgxsnqsyagsvzuqc
avewgxsnqsyaw
avewgxsnqsybxnhrtk
avewgxsnqsycrq
avewgxsnqsydeoun
avewgxsnqsydvpldebi
avewgxsnqsyelisi
avewgxsnqsyfpfq
avewgxsnqsyfsjbsfa
avewgxsnqsyijbpicmg
avewgxsnqsykkbyc
avewgxsnqsym
avewgxsnqsynjyf
avewgxsnqsyntorcyx
avewgxsnqsyq
avewgxsnqsyqdbkensp
avewgxsnqsysoblpmqes
avewgxsnqsyta
avewgxsnqsyu
avewgxsnqsyvii
avewgxsnqsyxxd
avewgxsnqsyymxjaj
avewgxsnqsyznonpnvba
avewgxsnqsz
avewgxsnqsz
avewgxsnqszbgyi
avewgxsnqszf
avewgxsnqszjydxwg
avewgxsnqszkzq
avewgxsnqszlldt
avewgxsnqszmfbl
avewgxsnqszmlzylwkk
avewgxsnqszoflznty
avewgxsnqszokta
avewgxsnqszpkhldn
avewgxsnqszsnjldlrd
avewgxsnqsztj
avewgxsnqszu
avewgxsnqszudntlz
avewgxsnqszxdwca
avewgxsnqszy
avewgxsnqszzzbiaowo
