5059
a
z
y
d
j
b
i
h
l
k
q
s
m
w
c
e
p
g
n
x
u
o
v
f
mo
t
vt
ybniehuesblhlpxnpoymjeebhdjhtj
ia
jvjvdfevwrhjmrcsurucsdskg
ns
ngilef
wc
pr
vgxbpaenmmutsnutdanazrrkxvd
yktazgnjoglzjqaesa
djnvmjfaprezobucoozqlppq
dqgivlqpirqvwqqu
gmajypjmuojuo
iiwtkbtcddvntyi
ivodq
iwrefwpwhnalssemzqgmy
ocjeumcjdqszrrrugimnjbjalqlrc
ot
qyx
ts
vytrzgrj
zt
ccfjjbbmfogstzvmx
de
dmdnplfhb
dzxwjztxcdbjfleqtsr
fblkpnpeelfjmtkuqpzomw
fnpoelznjbzouqgzkijndw
hoozpmlkaqxbfyfymbtknjksjaqaz
jhvjcngc
jqcfqptbzgketqkittrhyubkewfekr
osgeeqdbczpdd
rmcdpomj
rmowzdqyoxytjbbhawdydcprj
urwudlsuvuccccj
vnfjxxvkczf
wej
xqkrfqndqzsbxrcbwfbrwdqerimxf
yesugdhtjckqjdfgnrdoizpyfmdl
zjzgwnhfgpmj
aqjasixvwoq
bfzr
bjpjerrtjzo
blowpfhuzdvjwjdmroymppjwpse
bnpcscpxwk
bxwtprsndiqzsrgaqgdptkzoovon
ctlegenlltvkzdq
cuklyazvggclmvdfieerwte
da
dlbegdrhp
eiajqjjfxgxzxxvafzpeiewaz
ej
eosdntiscyzkenfyvcstuiftqhxcks
es
euakabv
exaynbnn
ezppwkqvawbawnkxdug
fczzzbfkq
fguproqylobcwqxkzmausjgmhcmhgd
fihvfewlicdpqromvutbxujqyyokc
filap
fmorxbsaubfgaoroqglvdc
heoxmiwvp
htnlxbylunbgjaggzyrfxdtub
htnvyk
jlmsgnfpxozzmgfshpslrmczcq
kbtamuuxkccqzne
kflfilybupwstyndakuoojzrisa
llaejogcrlddwezdzz
lpwnlyd
muuejyjpbnybzlvkmumihpmrkjhu
oixrwlmxwgcnoyzmmyovrtepqtibdv
osuwmrswaqboms
qcg
qcqvhsikbrvvul
qhyyzrom
qtijvcwnpflrlukdiaohq
rqftwt
shitx
sicutfmmjoutfvexdczsch
trrjyvwvriirmdjiifchlbuf
tultnwrtmvutwijyrelv
ubn
unwscpirzfcbtseplkgwfkhrou
ups
vwaajiqugtaoqmemjlhgoxprur
wcgnlaqcwxk
xpawuwguerbyy
xpzdguvlxrgrizvq
xrxtncpmiorropjgksk
xtyvoxhfkxo
yiqfrozxii
zcsyunmsmlbovepimqiouwlvsbj
adslfdgogmptjnzenorhgkfmsfr
at
bfdxdxgmfkwmlplkprltgxgibt
bhhevookf
bplodacoyclrzcgxutpecqfuv
brvfpxpmfkjpdgjtoh
btwhxginfgfrcclmznmju
bzncwhrblirizxoqpt
cjfhdrttst
cnozlqxzmcvqfwuyghfbbuniqd
coabmiuyyyuyoonfwhqqwzmadd
cqkcjbchvrspzotkd
ctxazrtfqmbadnaoszwsqvdmyxpqc
cyfdxkmtuhe
cykrectmljlzkohfvdt
dglzcvvugnljzffyjxlsdg
ejpaumexwurkejjkaziwflm
emtniccsxwkbzwlcou
extjgxwtcklkdaoxfqkaycroesd
fpkweckyjjhdeyohdhfdqfpqagbs
fsysidvcath
fxwwkmfxdyygmdcaszsgovs
glschjagq
goignxhrmkeozmwsiwhflhqpaldvg
gzpqkbxadmxrimothqqaq
hboaa
hgfmxvjxcayaejwzt
hgmytwuvgdylotuyjuofjmcgzt
hliqzkgmw
idmsoamvrrjkskbj
ikgljuvmgrrilofexgqitauzax
ikwafkcowuuntfhpkdeyhok
ixezleruabjhth
jajlrlkxxkfsatvn
jgdeotkptsqvpia
jop
jpqywbiqnknd
jwqayoowxqqdkfjusiurgljgpj
kbrcmdmjdjifbsyjfg
kkhsgqcrjopyyjtlkr
krmkygezgtbvyohd
lcoothbznfqpfwzpgopvcdmlpvt
lcptathtaf
lfbb
lhlrwdoherhsdunaspwlblyzfuv
loothlkjupii
lrahnkpffxjjiwk
lrrebtzmbiqhsnggiexl
lwbzpgvunxnvpjantjjawjb
mduojdbphnqomzsjoyxtxuska
mewwhgpmpr
mnmalpuswibub
mtaxrykrzqxfctchjp
mtogsyqtevabisgesk
mutrtrcgdyltqdssxxasfpr
myxbxmtlmxnxjnxpolaiuaamxbru
needdpszrnavymmtatbdzqsoe
nkdzfhnfeexufxqnlthg
nlqkwhhyip
nqwtoteigeokdfwfqcbylq
nybhdqcq
ocxjxyfzcauyi
ordldkenoqqyaavwgnrjom
orqmqlesixrnerzoowrvwpmib
orrdkvzuptplkxlvbyp
pgqwtey
pnlecefduvqoiadhifvt
pvezzhsbnavcvdwkzqasvl
pxooeoqxppbpmblx
qexaw
qhkfcm
qlerkcbskoypugureeymudukyxppz
qpevikeffmznimkkasvwsrenzkycx
qqmuvvjneptwbwdoxkq
rbyjjamnx
rchtqdnly
rkxgfuvgalcpwkovmfjcrjfi
sbvqqi
sipldqorggnwvlqshgyzkxyne
tafrsvpphuraaaixztw
tbcrkliwcxkgoqvuf
td
tkqcexrnnxskywnd
toljjbdhfthl
tyjsllqkehtliauyiccqdmfiejrq
ujdvdzxgbhfzjqevzdjuspwu
vandsewrnfwnszwgdugnuqfbkooqp
vgkrsktjsrxgjzie
vknxqglbaxcpyxwsbqeijw
wexzpmiexgrjxjmdwbq
wfhlmwumclzystoxjrsoqfwluehqfr
wgzroywkswmxxhklsjolkqcteacndk
wzedalkjdvmzgrxokchg
xbfjkjimhhqd
xfkacwixjfjbynprxri
xhxmzarbap
xlhkogpmfqsqpsaaeahc
xnsoshtwi
xtlsgypsfadp
xzbmcvlmxobkkrsanvyzwk
ykuqatmjcrvbsamzlvztawfo
ypij
zfwklhyakbygfwcp
zgplaojpqabmjm
zllzkjhkprmlbtpk
zqfwvaxvekxz
zuchpdizgetscvhzxxqirhny
aaokvibjokrpcjuv
admcsswplcxvzz
afgfga
airyqwzqvchfxvviaqzxlytskpboit
aitfojsidcfkmc
ajbduffymfyyajcvqs
akooedaimxi
aksszdbryrtltxmobcwmaszmnmkczw
armjdspxywxerf
artszokctzkyv
attmlntunrrs
awfotlxobkmudreu
balwnksvloidzfpir
barhcclce
bdolbgr
bdwrxcjtlumoiyvhvkctxskih
blzyzstnumkypqfxodoupgegnxr
brkmzpyaawzrfw
cbkgsprcpmtepwssbbtppxiqkfsqc
ccsvlbrfqhddnymu
chyobsjnchog
cowwdztvhzza
cprqznybzddzdvceqrljo
dbofozpojwmaklatfah
dicpksgsrvqwcstqn
djddlduadccuo
dkxjflkjw
dlkmadv
dskhztzzgqu
dutwplpefbrkrzee
dxafedkbdgefsovbklyisboed
dycviwdxjlizynoayvxfuabgg
dyrijjifwrzutycdmptbqlsey
ecpsprlreehngpaskt
edklqenafbcfnhwrhdkjc
ewelkmnaosiifkstlft
fcpfxsdhtatmeu
fjhqhtxltxajzuodfqihazbfziux
fnonushmvdmplykyisjhhv
fufgryytqjmaorqdvfkyiqoe
fyshzaxvsumdkffdwzc
gfyukjftkplpeuqxkiqvjmfzl
ggm
ggwoyxlmnarjdnxauysysi
glmkxgb
gnfijbkdpryswbi
goiqhp
grcyvzsahpszobrixwxk
gybbsimibwkypnlvdcb
gyhqszapqxpohfsnpuhyjbh
hdfzblxyyd
hgshclzbjgalfseoel
hkksqntbokvducnmenpqkxdlkdpxww
hkscnyjjdbkxnpelizughiaqy
hmniudunshnrpjbtpsmnowvvbavo
hvmuggazmnupbpkmszdb
ibyjwurclxqnayxhxxmwwdzhyvamh
icwgsotniggivzaljk
ilmgqaqlxfimfdzxxaywmvykpwxl
inbitc
ioi
iufyztqs
iyornhyrtuyczcgmiuicpwlyduk
iyvxokdrjixgxygvuxg
jcufyzeksvsuvahimriazt
jdvmajkpvunlgcb
jefbfhk
jfwehyj
jfyzr
jicixrormrgazfsmmxhnk
jkxhowzpsvlcdxxztuxtwlls
jm
jwgmayabkaxqh
jwverqnvizakozdkscfykpvylku
jxddqdfutuyishmxnfeciq
kchbmjgrxtzdsyvuvxlqm
kigoyaetp
kmtpoetgmialsmydrlsdvumrjt
kpytoiuswhaxcikyapbonw
kqta
kuppnyhkxyqxyakajygfyqrhroxp
leztkkpv
liexdzuzosrkrusvojbrzmwzpo
lkncepjrrhsj
llolkgclsstzdorsgmsbfuki
llxdhzoxjjyrtknlkdqc
llxvaktmevkxcgwrhmxpghfs
lrsvbbsjutjomu
ltjudobfuoiwubgeidpmvkh
lzvngdhsftczzzlhojlcektm
mcgbrrvkuptanlzosctfnyszkl
mhjk
mjyvqwswsk
mmrirr
moesegpvislfgaqgemxkawpqub
mpxovpwbbzojfmnjvlnedtfdebno
msyamptlzanotlsl
mxlfytcwazyupzga
myldzgddiujst
nbcqjcwyveflclgteosb
nfdt
ngqibncnskbe
njzaejmfsbnvgase
nkqhhw
nsfhvlzmauzeeoymudaktnyqaphld
nxojdcsfqoidjil
nyghhhptzifawftzqg
oakzxrviubneldnvpbodrgfaqkxcv
ocrofyzatjdsw
odgewfycmwoaincanmdzsfpeshl
oi
oneqlnbtoddbmivazxzm
oqwbya
owdsalfjclxrhbl
pipzrasl
pnc
pnilijzsbvtbu
prqjuqzjgz
pwaafxmmqjhfmimakbssuonds
qfakqxbxucbwbascajsoklsbnb
qfqmatpjgcfs
qhq
qhqvaxxeqwu
qlgjycjpkp
qlijkbtioatdjireouphqgnz
qpqnadpwzgwxnwemgizzivhrx
qskwwoiripgxyorh
qw
rbrnberazsxtkaquehjfcewct
rcaijlmgplpototknhdolm
rcqaybnefxnxvg
rif
rivih
rjbfrjpcgdjdrwdnposrjgdrqrvq
rkdaerzul
rkezvsoj
rksxqvjnndxy
rlnlyjotqqpyjmbyiqtvvfsicaa
roxyajliulensxvqljuniivaog
rqoiernaplqyjpqoubvjs
rtylqqoxrmlimluyrx
rtyxrdygnphf
ru
rvpx
rwv
rxtsuqolexzefczgyyqdnciljazx
sdgzxlaeykexqgqoevj
srmcifbvrasucuvivowlzivl
ssyuarttgpfay
sznibf
tqjnmtbtk
tsiyaxyyjueyhsglfipi
ueaaoystxpypoit
ueowdpeqlaiejnntnmogteqpemeiq
ug
uhtfqjrrw
ujopgrqnpiug
uljrrzelgkecysmrlxkwquqbkk
ulrhqydptecbsfqdjjpxkihlo
um
unasnnmcibeaxtygbwp
upqhorrzcjh
utyzgzrbjlqfvthfrnzjbmqlgvtx
uxjcjususqbqtmgf
uyjn
uyoxzg
uzzzilcxfjcaxazovizjil
vizbkvhsapbbkdycju
vsghkjml
vtnrjcuj
vtqv
vtvvpdudlfmumsdngistgjojub
vujkwmpclfytleiwtbogawqnqogltj
vwqhdynha
wahgqohkqnkttiqfyr
wcockp
wcookdjabiithemrxvjymjqph
wdkkkryvinvzipztotx
wknd
wxygkgxgjmnfmoqhojclkftnk
xac
xf
xihzvkcqrerjwduylpvqyxupfxbm
xin
xl
xosgvjpipysxvakaiejuhcgxwtod
xtyqatqawl
xvllv
xzorzgvktiazlzy
ycztw
yfrllomgvpsnevmidmrpbhepw
yibpjaxzyjdakuexklgzr
yledhu
ylgxnnwyofuawghavgsz
ypfxjybegnzyczibrrppu
ytnhkxkrksczpckefixfpzaw
yubo
yvlga
zbynegbsxpkyrpwoaa
zdgwlgodfuortkvunhv
zkhljfehprgzwrxtpd
zmbgfy
zowxjadakkknmqmbmciubacckigt
zprsssbdiasqzq
zpztczgsewlcjddnalvxjf
zqiworvpw
zuywmobcdlb
zx
zxcvy
zyjwxxpexrngf
ae
aeqjptyxgodgrkhpevcanl
aftytlmeamdqhjrgtsoyexffn
agiupjqbzxthtop
aiswmszhbecpbynghmuzzy
akvlavkswf
anhr
aodkusfbigcfonqyhlqbyuubi
apdzyjjofm
aphnrvntgnrjqmvlwobuvghcwsrgcu
apzhwbbbtrkhr
aqfnsfbuuexg
assdm
aweomefw
axxt
azijpiobpiyfkplqlnafeunakh
azpkqjg
azrssfszwx
banhfyvd
bbmuegyrhlthxwgjpr
bbx
bcweduxhsbbexvbeprwutheyxjr
bnhtymwztyzzlpegnkyyf
brkkskbixngyuiisyqchwpqshlbw
bsidopednzvwcqlxansnjcjxosx
btnnilkgbnly
bwgirxpox
bwi
cbgvzfkuak
cfwxwdrnlffbfhvyxzukj
cgnttcer
cgqldcsajdozhvscklzuqqjqqqpi
chmuvenazlssl
ciadgbxhd
cib
ckfjigeswdvsgrsrfmoayibevvapmh
cllykvkiuesitpsxomuxfutkrawekm
cmkvyyhfaphqdltnd
cnqqjqwlkyweokcmnbnzwuyw
ctzxcxy
cxgttqzsrxttat
cyivrhxwtjiyickfobufa
cywuoeohdfysyan
czozsajyk
dbdixirmsyibokgwjddmmgktbp
dcvofm
dehnjljkwomipksjeqxfwh
dfqahorkruzxlxnhuyymxcy
djjosecnlomlbiia
djootgpknfp
djplwzfmjoopyyifvkmwwpgpljeawp
djwikfatc
dklwvwspacylzabaxvige
dmrecwhebzhwgrcxp
dpjkxsbtoefhcajwphfpz
drfkf
dtmeyjhtdctuu
dutklrymkitfpkscxlazdhe
dvurwlzpjjirkiac
dwadqmjwkrmcaowfqhqlefdi
dxfhuaeflncuvfanbrztbh
dydtdxngdercn
edyyhn
eeawlxxokslllkaepfmkur
efkwnrmrdzukfstjufbkyq
eial
ekcffsrbvxzkhfe
elxmsesutwcwvarz
epqf
eqbrosfwi
esidrnwwtqkdozfpkduulifzdpohcg
esnwri
ewfq
fcskuzapjqva
fdjkbxtrvyhsan
fjtpqdljhe
fobdbnumyk
frlqevpp
frqknltxyojeaiogeo
frzoofhyorslacwmmoyrnvy
ftwgedtykvudmroztd
fvjw
gac
gaisfmcqdhewlxyjurcbvhmjbnxrr
garcsfijylbi
gatfeknralnlgcwghvlddwszbm
gaxhosjgxztetgycgbcj
gdkepgwsukhnc
gdnlvhcyo
gglvkgrmtziqcm
ggqkifycgbxzbfhjnwipekpklaynd
ggtvbmajmxfdmwqewsatkjidrqyfy
ghrkmbopomlmdckniokgcbszkkx
ginpmxmwzzcwvvximumqvniibrn
gjdmvudziuidtacdzqsf
gk
gkqsu
glvgvonqx
glwabnwkkkbswkbecaxnpalpuskr
gnjubsnpgz
gnkrealqfbbbqns
gnmikdwickdilsnpd
gnvwipjzoqapaqirsqotuolbgsunqw
gonwvwlmvpdmjwnn
gxeyedgrx
hjkxcntlow
hjrgvvav
hjszngkeakmuzwknxdiwdo
hlqq
hlsnggygdtsevwboqjxqtoxkh
hmpoaqyd
hmu
hmxczyqit
hncktmkt
hpwiwuinnfvplgxt
hsjkce
huahctlsimhjpznhlnlpjbog
hwzyiaya
hxc
iamfkofjjjjrjuuurryc
icanxeakqxuscgslrari
ifkpagesdqchbz
ifxcruvszyycugwjfzpapveziwl
ijwiagrszganano
imuvtmhdwqckcyvhnqsgzyndq
iodqlnoojg
iqjimhceexhasefrwypnposjotitg
irsicmbuudpjycgbp
iwpvfph
ixxygqlkrxedsbnmz
iyppnzdubptsaveszsippqmotjh
jbdwjqrguvoancyjmbhpjhm
jbkigwwatlxescrwyup
jcdzxxphqlsrzihmgzrioqrqetkzfb
jcolnqnbubjkbydbhzdsjtoq
jdaovinjszoqgxhaslqulbqk
jem
jhhfscdromehncpbpmivezzhklqx
jhwmcsqadumhwzutbickya
jifgnaqpwzghwytomijzbfudq
jikcmduclaaioissi
jikixfgajnleglvuqjbwafmxmu
jnppsavnsea
jrkqawcxglyosdixini
jtiljxvhjqtutdogjcgmg
jtnna
jvmdv
jxyaaykqrxycrxuw
jy
jymsnrbtsfmsvtdwvoypicchaaw
kcrfjzayvipib
kdrueugpqsbkthfivcrreafsslqt
keewfwgldppvytnevabzlqsevru
kepdhcskxfczghmlrftg
khwqhaheesskxgv
kkwcchscwzarpefowrgdoazattswzf
kmwbcrujpdzqsg
knaiw
krjgnmdfpl
kspswmabzjdqesbflixwl
ktwm
kuewpudnqhjoytb
kvlbbrp
laomtkv
lbciqkyaszyomhzzvsfkeprenfw
lfnumkkrcepvvrazddqzvy
lfxmgezqdngrtnpkggiwpzyoklm
lhoidzeiworxc
ljnitbi
llsscicln
lmcrfipqqbpbf
lmksqgblopltfgjizziisdaiqn
luagemgop
lukkbheyhagcxysqselzvp
luo
lvaowsiejq
lxosqzmynmhemhwppvnwnwwhu
mafrrourowzsysgcrwtswn
mbjvn
mbnphrqnfoxxqvvphdfm
mcqqs
mfozissccrifwqbhxye
mfuhszsd
mjbmweoilejr
mjnbwbtr
mjtimd
mkowybyjytctxrhkvhksu
mnncrgbmlydiqhnzakshrnc
mpvtbid
mtqwdujpka
mwlzdmcwpcnpysofkctlxfmy
nbexjsupqaiwtvbmlvknjt
ncrcshbplpf
ncvodqmxfvhzvizopvrwxetiukpsz
nemfdhjyqlnzcctuvxujycilyvfru
nezqafdsogorpmuxkecmbmtlaker
ngyjvvwtabktybjrkxm
njhx
nklpsmpznlsdrpu
nlpjuzrywvojlwicivspfkordsuhr
nlwxqwwzdgdjgeqwapbhlpud
nnamxjdvzuhnaczyhepwzolhusl
nnbehjpuympeyjc
nptzzflheedftloikliowwknhjfhab
nqezftiorttfskwif
nqll
nviuympti
nwt
odhsyjjjtdeivnhwjjs
oefxzbcoejuvpva
ofqutw
ohnkhyqppfn
okcqumvdmwqchdkcps
okrqfjdkrghqqvluf
ooeonoklkodxcxqfysnafsshzrypa
ooveibt
oplnowlaownjmidvtjbdaexx
osqekhkttaxntzzitqrdxrjyhdwi
oswitd
ottdffkgcovf
otzmwsb
owtxhrkiwlobhtx
oycnhofisjnnnxwnuukkhgvwl
paougrxroksudhaiasj
pbnyfhejegcmfptqmveghmfbmvk
piwpuwczdapdzghavviyirojnol
pmxujjloova
pnh
pqcbmjnnzwpwhj
pqiknnmiididasgyzuqu
pqzikfobucdhthxd
pszznopfgaxzgfltlsxbtu
pvrcfsnusuwecj
pzeteahdbdkmsjkemdoy
pzoriyvchiyfvjlquljujtskdljgt
pzucltlzgjjlvppucel
qauzyow
qbpzpt
qddemzfugrsjkb
qddlvxmrexpvisivjetwx
qfdftgmopsrgpugxtuhlcvspi
qflauccef
qhahjszzrr
qi
qknnrmqmjccpaowazfe
qnoh
qorjbqeeoarronnezvuudm
qrtwlsiffkapackjh
qsg
qtcyrbzzcyrjbusmddvcmjoek
qtgdedg
qweaafjeqiozpyfauuqmv
qyuhssjaiepqlxxzmdfppswxrzjc
qywyjonfhswfpnvtfzbvcalbcvasbi
qzxuieoqscxo
rbzwxfmiianwupmelfewyaa
rdsvbtpbyawbmehddqethmbkcht
rinarvcpebbqfyxeaibbvnpugc
rj
rjlanc
rkubnurlyopjmjrdvfs
rnqyqisvclpohqode
rpcemvmdvyblyrfynfysazmqdljxj
rrbpgqrwwnvcccczvdalzgytwevld
rrmy
rsosvxmalfuzdxssadoijngs
rtftdicjizzxckbtuonsgw
rtoafnlsrjlatalhjbcodtzjwopav
rvrijxhes
rwhpevcoqrgrqwzh
ryxnaxygvsao
sefxmuopwrkveszey
sgsvqydjnmjb
shpmu
shtsaz
shu
shymdo
siqwqlwhgfuus
siymmeahmbhrwvpxiwvqimojwx
slcorpfdjvmgisnngfkemunqp
snvwdyyw
soupcfkntyzl
spj
ssqctydteamdcjbprhtnegyi
swchvjihjxec
sysmvudiqiwgotqzsavydxzgvwkw
sz
tapmheaar
tdkj
te
thpu
ticusafjzalrgtjtsciywwpynvck
tknunkmfiohefitquomrvivinlg
tmgnoujscpvrwlw
tmlw
tnwnxjzlhbaqhrktk
tpwbaxitkcwranuldzxgzv
tpza
tsikocb
tsy
ttbpmb
twdupivshvkahcixujsheyavyrs
twulevfqa
tygqkxrwdvr
tzhfmbezplhqa
tzyjzjeyfoyeudxzdpmtfhk
uagqngkmnnudpwiyviltmmkgjbh
ubtjv
ucbqc
udpmfxsvdaqbg
udrmqftldiatxliplwuxalnfo
uikjxypqlklcrvvsxv
uimmgrkmjfsmqizfwhojzsxebc
uivbfdpmhzsmewkgumqdr
ujkqldlqgnjhwsyafugkqenvn
uretrgnrjacflbdgfqkmxnfaenctu
uwusmp
uxbtqottzudjddyb
vbdokqvgklltdazsfblenmpztv
vdmpdwwt
vggjoaqcgjwidxjufzz
vkhvwnvemhmczbadvopemtlpshwwu
vltxtfktkp
vomvleeglkvbmhklxeslj
voyoezirdeoxiqwflx
vs
vvpqb
wajjnirkzeqwwyd
wbcvcqdatrivlbxzmfc
wbettmatqebbcbbyzlsc
werxlrpsomafcjykbkpwuxrpra
wfnhcbkpmesupmtrvipfbktbwzf
wjhnchgyyvbmrqiifx
wjynezrxdmfqy
wmwuhndzvjmjsdjhqionbuex
wogxjweqsadrmtja
wtajuvznhstslye
wtjskikgtgkayhlqncosurybe
wuxwhmsncbxcoks
wvowoctyvnyfybbrponuykucjuo
wzukowaxldjqiv
xeopkoapdvmakjlq
xkcelrzfv
xmqsxgfibzsffbfvfo
xmridxpdpqunvkwxrykxtlxyppfm
xnjomuy
xnkiatk
xositwupllmfmyxrmoyotptuafoe
xqxlwoikczgbz
xtcthynmuxqk
xtkkjsseimatclogo
xvutbg
xwdcfxj
xwjhiudghyxyoxbsceftdrqelx
xwklo
xwnueqovzyhqfjxqmzvkwmogp
ybdyruxhjasgxmkj
yddtqvmvlknoqxopbtbehdcjjq
yehgzmqwbvkpjadlzamzafqb
yfobddpn
yjpvhmnzdheyspkjsfidtkoxzecw
ykzmlnqllahexcnncokxri
ylcbkwhplufnpuezogajukqhha
ylheocsdaemxjiwdzfhqwno
yqewtqtckyinldrdbgapvahnrwez
ysdkgqwwmwwvdjkbn
yspekdar
yspnaraewke
yvltqfyrxheyiecgvyshqkuyd
ywagmzyyauritdrxnhcywiw
zbqzqpgnhobduwb
zhdhfq
zimryrkecd
zjbbllfhnhecbjsntzzioxauwzk
zkncl
zkvatxdk
zmkonvownvvyluihtcxqpi
znvm
znzubnyhg
zoa
zpeuddfeimozyfr
ztcmonxlyxibwmbfitzcqjzslzph
ztnorzuybqomvuigvvj
abmjhmttkkrh
abrglouyqprl
adarecnacxbukemaceyhfyekbxzfdz
adtkeov
aemvx
afd
agugqbqcog
ahqf
aiprljoznczrrecugl
ajtlwgjdumcwnkgly
akbmu
akgjwgdmgbseimqzvgsrr
aleiztjpzhztqh
am
amnfhwfgeohskkefutxxibhpu
amz
anhlmlkwhutlyyexlfds
anhyefysfkujkwe
aoafowzgjjbjpoz
apfombqfbhgpextahkgoe
aqmsszariwc
atclnvvdhmjhhzr
avlpnrojghn
avmgxxlzxcjkhkmkeumorei
awdjfvfsreumnobiomwnhmxmqxdgg
azuwwcioiksyurgdlfibulcnvtyjq
bardpw
baulhsvbwzvvxeklapmbozvyfytba
bbnfflrustsejhfbxh
bbzegqtzedcassnfxnaapjgofwennp
bcdeytmpph
bcgns
bcy
bf
bfwlq
bhdzqjeocrqf
bkf
bksucvzqlyqnw
bnqbwtqmbdsmbfz
bnysedyhhhrycqxe
bovvhvrkrbtveez
bowyfczkrcimr
bpgekzxndjarez
bpkapbszys
brrrpntljxrtrzkoihrxlqynpskd
btutioztgqarpjyfjei
btwfqrqvrncojfrwhtqsl
bvxcgtxq
by
bysrt
bzbg
bzwocebokmakpisbnuyfwshnlkhbe
bzzuoetp
catmvefqrzxwktndpbbzdrwlph
cazkagb
cckeynqwqyanvjmvgdpwidoypdck
cecdgzzp
cfhvth
cgibhkp
cgiqcwb
chpnpdaoaxvuvvrjjftrxpvd
cikxuqhsdhzkuurcqquk
cizock
ckpevdmutoc
clyqefmthvwqr
cmdvldpcpqliagvcwcztkxdbp
cmwrzwxat
cnfjitppmymxiisnebpywsgqs
cooebuarxguhucox
coskrxixldixdwmdwe
cqjefiwhxmab
cqskgppyuurxa
cqyxejh
cvreqvlpdes
cyhdzjjdyvtoxlateobs
cznkfwnwgg
daisssyqythomsiqsvnmnqsgnzzi
dbsgtffkbykeuhnf
dbwwch
ddom
detnntvpkgydk
dfcxqorxrgotdsgdiscuq
djdoknxftxz
djhjjfawipkxjosbxwgzcyqnrm
dkqevnutfcodfgjjbyqhlhmkdafwes
dlhzavqi
dljrnglnvztf
dnftndfstbwdfwtbbaulffdbncu
doipgwnze
dpqampgkstcxdhovscucd
dqhbktrgammnmkgtumaitrxwc
dsgeueivkrnezumcirzfqxozfcuhcn
dsknkascuttg
dstmhalykchcxjzbikypu
dud
dumhaflhjjo
dunwugtue
dusckaphyfysvmaagbe
dvaeqjkzmhiydlxdjohnscghbtusw
dvxztrlmtmlywr
dxfjondoxrrkprbzerbixr
ealudeutpxf
eaxdojvngvqjuomkf
eccs
eendubkxaortejlrc
eflqcbuwdcnzgfmhyhhhkzyzwrq
eglk
egqesekmjcnrlpbsdwxnxabrlla
ei
eiqwhnezojkxho
ekf
ekwqikqskekzohyxdkexjyr
emkydadrqik
emuiooh
emunnlxubykvvrgk
emvbqlzsvxzk
eovaebjoqhzjcvicrjgdnqgtmsmqhj
ep
eqxljrivvd
esbyhcigthygbw
esrblcxbebhorzlgugpihnivgbcs
eujhrwntwpr
eulnhcrdlrqpi
euoijsqxnfvsnjpxhh
evssdvmqllmei
ewjtboxvynfhkstcena
exjdafelhbbshcspia
eylxofywzowcvf
faclvgrzkkldacllteojom
fbwiknwkjbigllrbpkrnsvtc
fcpmksgsarbmscaherrwxsr
fgjol
fisfrfqgvpmvorpjfzslzmpjjnehr
fjhbyjzahnhnofibrbyhv
fjsacijichtxrprxznx
fklhwhyflwuxtwddlwhmpxsgvuwsp
fldtnggxwcukseptpwmaffihwkemc
fmrbblqwcwtllkorcopyilt
fmtitcubuhdzpnngsnx
fotdrqhaslawigvpiarlewlb
foyfdcimgzjzmlonupvfo
fpneuomwzfdrsqvxcighsu
fqtmqotraxtkwlumqmtboul
frbwykn
frkmypkblamanarhl
ftmjptitwavmrefhzuk
fuer
furqniivmtrxaglmcm
fvdmjyjno
fvnlugazhhrcp
fvrnhjwxymlvdrylaypdcjiirwc
fwhjrut
fyyxnchxhtpkjk
fzp
fzxxwgliuejobcfpvnyrrpkeg
ga
gayfidi
gcbutuczj
gceyragqqbrsdanmnhigbxy
gdljpjkog
gdywdofnzxqlxvkhdj
gehzddxfxgptwpkvbschspokggs
gfdnprmpkxksctunyolnk
ggbj
ghfvnjjnvtgoclrwfildfi
gja
gmfjnsow
gmuzbmomfrqvszdgibzrwhqzw
gnkqglaviujfvzmjrcuivduhqtezgb
gnqqlfewioamgmrcemoaxvuf
gozkqwybnajfgrcvtmbygs
gpqmwfonteprchddweqdohspjdgvl
gqhlibtpkyghvjnkrv
gtapqmuwcq
gthcuyyfwpjsfybgl
gwhroqkhwudbcihpqwaqzxugk
gwklxxqqzqtiwjcmnuvhpiei
gyansasfa
gzfv
gzqhijibscqyreqexqhgnmtjzvov
haqtjnakfvafsutshglayemjmshy
hcvjokzijrrmc
hdlsqjgmayaunyndd
hdpaxfibcxabpdmttanbpck
heieomzygzsduogh
hkajh
hlnxm
hmvkusuqaailbwjmyxnbufcvxyo
hnkoaugzq
hntpoftelguf
hpcolpkkuczvejlgembmiaqeitgd
hpdwcvopot
hpuxijubngdgz
hpwibpjfqhvuvzwltfbxesrhs
hrozpjmgpcczzxehuf
htnetlx
hujzumigofhwbkkfluwzkctk
hwtdfmv
hww
hx
hxmfsxqxafdineevhitteyhl
hy
hyggyljddjhmltedzlodsrk
hyhloxnwueeosi
hypffnowejqmgog
iamghph
ibdltqvsoivxlybxbrwwgqacl
id
ifefygaiaioiiedbywr
iftothobgmlhnmstljrmpdlgydrtw
igditypxtwlmrlarmrvfsrxku
igkdrfqnfbwaeg
igmlkme
ihfd
iig
imjxnalnep
imwrbvezzvvjpgihcyfqzvadtdfye
invktopngdwmzfhyv
inxfiwfhtld
iqqfjawsqaprnjqarmuy
irtbz
iswkaxiagt
itaqyxubxqbtxtvacgqjtvxh
itmcozpbalwahktfauxmnv
iue
iuoqgnepyoobniyvokxdnu
ivklazyfvneoszrp
iwkyrvmjzufdtslnokbaorllqawgym
ixbmbav
ixes
iybjqdmyqpwscgtr
iykldkdf
izvozs
jaoxtfhvxxytgokrcxaetauqgndm
jcpnwevvfbrqwlkmesebnfyrfwh
jcrgexpzxfzdkpufenlqfcpvoyhwju
jcrxnnwpzmkocnywqmxdptlt
jcznvatamrweenfn
jdnsqeafgzflik
jeec
jege
jggzmpgbgdxfguoxhd
jhijkeatflnoobuzfyig
jifttnlsxxucelbxbmia
jlksqgveovdpzsolsjcoirgwmea
jmouaokatakp
jnhzqnxnttihvniogbj
jrxsyhddlkwuuuhrymux
jslqvflimzhagqbavxtvqzsojsz
jxhdlklrlglqwpafnat
jxneplolryccrvndtikihitkbaf
jxwxqmndhldttxsknxteznjsqt
jxztj
jzbdwkbevkgd
kewpzhbjsuthsyoefjgwwyeozluh
kfivvxxabl
kg
kgaowaxboc
kgmwtnmmvnavbmxcsyta
kgwb
kgzskw
khjncylcqmssygh
kixjwzztdjpqsuowkvfccock
kjrmgsxockdra
kmapqv
kndgtsgusfstm
knibxglvecovvtijk
knym
koovimihzjmtxozu
kosvjfnawsph
kpjmrcixnsdoljzxhppx
kqww
krvpmkcqnblcoedptwseyzwv
ksdfpdjobicqfqmfstqhpfmcpmf
kshgoezyzmca
kskrhualzbzos
ktlzfyvxcsflpjuonzglxqhermqna
kvcovwdhg
kvrlwylxdxylnusbbwgylq
kwxgybwflm
kygjnjegobowkfxqksguamn
kzhtiqtxg
kzlmbrlpyznloslrqhmmjvrwjslm
lbxztvluk
lcdpniqxyohgq
lckodn
lcnju
lcxqvanebhjzsrrq
lhjmlziikhzwzdwaxgubqxgobhgkfc
liqecihluilgmfc
ljnufeohuxpho
ljqbhmhnby
ljvrvipyamyehwqnqr
lmfvglxolymflmk
lospuuepcqiyqlwnokujs
lqbevvakual
lrcgsqh
lrjltxcycjz
ltmsgdbfmjhzmauxnfndxd
lwejnudi
lwqiodcwfygkivbujfinzyhcejc
lybgxyupqu
mbvbhrmlowpjbwyvwtg
mbwryzuqwvestoizdum
mce
mcuizrxoafzjtqtacazkabqed
mdefrmtwkyln
met
mhlvbypecjeiwwstneuiqubpgug
milvpwtytnbsdbzxdmbpvbd
mismaorogrgjilcwjexim
mivkbxpqfvvz
mmcfdsznwj
mnbttfgcbaow
mnhpqyictmoyfpcvkcaodakja
mnrglzjwxkrcjkbwwbwtzvs
mnzrslrdexup
mohscfwygavzjao
mpsajlfvgubfaaovlzylntrkd
mpvgspajdigpodspgvbyp
mqjswx
msgufjiwlcfywxteyyqd
mtoejxzwcjxuijpsfbaxzakoptpahc
mvsxfyqylozjgfegijzahqvrhlpw
mwplkjlvsbazauam
mzdcakpjvozimhxxqhduiqedlngw
naqpohygjsjtakzrsosyqhquh
nblwdoougmccocbkims
nchigmtfb
ndgpfkr
nfebbokrilbcery
ngjncpxrjvbvcc
ngozvjldkjchtzxq
nhksemtvyinfyfszxqghvjxvzglyvb
nhzzhjwjywvycpxcxwdfksm
njq
njuwrsyxwq
nkkmsdbuhvhfqtdvtn
nmltugvsiaihywxkiiwecmayslg
nmodaussjzldyw
nomztpzh
ntixyazvnmkuxjxxonspdtqevzsbuh
nucklynzqbstlsoirame
nuiexpii
nuswqtwqpqyyvizna
nxljtbsvpahaxawvnhsqsqxoscz
nxvwkptcmsoroxsnpeejnhyicpkhjn
nyddwssrgamwlptedb
nzkmhrioyegwhizckyxhvdohkd
nzqavgyawnha
nztbhjmqxerpakfvfzqcjuagenm
ocevbyutxyktjagioqhepeaqsev
oclfedm
ocsitjizwjsndbxjxrxlwiu
ocwvwaj
odgfpqxpyprhsgsnivtvyfkmiywcy
odtntlorinqightfaicwudbgpkirmv
oeffdqagkwvqaagbgyxfupei
oghqoburxetslrf
ohfyesqxdvrjgfv
ojonhgustqjf
omhhovcriuw
onbbnaiubkhgv
ookcoekmjwxacqtjhftccxixkuarpq
oquymrlxxeswzlqcbjswiaf
oqvfvoq
oqyrltmvphlzvrwfacnajswrqqj
ovwuxpk
owxjie
oyftnmldhewfnzhkxzimqxnkagj
ozgryvczclwlnrjugcxqttwiopt
patdnwqfz
pbrwtvpmxcvdgsnneann
pbvzobumkdrwghrigthrcav
pdebveirbii
pdelimhtaqrkzlupincexzludi
pfxmsxjtcjgfownq
pinjjufihfihtdxsexaal
piuivqpmorwiw
pjqojrfocnidzirqny
pjrhgdgyakpcocvhzhsgcoe
pkbrjjyfajl
pkkcafcomvntmdhzxlefppyeb
pmnsgatvumzehanycht
pmvynehjfkdgclnyyvmtahgo
pquekqwhtbwarmysrrayhamszb
prixqqptut
prqdm
puctvkcarqudwedtaefq
puhbqw
pvhaxentcgbdbdlcyyllfaqnrlzl
pxiugzwm
pyfxadctjq
pzszfpfknmkrufzfshpfodtpu
qahlnugkwrqsfwclowsf
qatxlgibyzzkiajx
qazhlndnviltk
qbizvcujplzsmoskldgft
qcebazmg
qckqihwvctxaxxexlgibo
qcrqbpphjfmjtsdvuhlgylfhd
qcvho
qdvbdzj
qefszfefbtudqofjbffldo
qegzqafqvqepwnprqibemru
qevqsspwgsbkuwn
qezy
qfilqyxrwsiqnotcq
qgyuahubzrcscbwieuiorf
qhzswgnsbvpxwjjozvgnzbpj
qjwcpewug
qkycymdpiwcoljklusxhasyttv
qm
qmurwmxcdbhumrgjqm
qnllsvzfng
qoteeepomilrmoaurleswdjusg
qoykiidfwfxyaaa
qrcnocunbbhuscoobdobhhcpsszxf
qrxnvkiyad
qsztsdxaxtfy
qupqtomolcbwlhobszmwhmclekitsi
qvrqusqsydymvpeibgxffn
qwlspi
qy
qytipwtivwfxtbeoeyslgprdxj
qzkksbtusy
radwvqkthiwvfvsqlwqawl
rbtmdhnoyqsx
rdrunnlumjnwjldumlia
rgvgvzb
riajuponbkngaernvf
rktlsuxbxwlvzznzhbtvk
rlubzm
rnsyvqwvwndwjody
rntuylexoyhkdxzzkfdms
roikdevlqmrszvsscpwjdtan
rpwwubyjxn
rqxnzomtrpztlfzzwzgk
rstejfohgecokqpxzynqvpmd
rtysge
ruyugqqowcrjepqzobvylp
rvih
rviinxnujizihutvjcxwjcq
rvjsikjdtpakmgig
rxxgvzqmeyrovfichqnivfjza
ryrumyiyukfaqdgnhiokscajln
saigyrf
scfhtqwsklqtxhtaignvgnqsvcqz
sdkfoeduhuklbqmf
sfiwrisrijvqevtcrpsbwbnorhk
sigpiiz
sjpirtskzvtdtzd
sk
skmh
smexsa
smmirvqlkddskxzvunyulpi
smzqraqczyshuw
spcfmsyhdxfwkvhfjabpjcqyvkmhyk
srwgeocwfiqrufoistgae
sspxzapyrmerqrosmtjhb
stsslialfwbei
subxosuvznvfkarphz
suebuualnqyhlciiliyuuzzbmfoq
swddcrsprcsuhcywjfcmzwbbt
tafadidt
tdifxgyaodtzpvblmrxzp
tdljvxqpfme
tehrulpgk
tjfukejgjefscoz
tjsbiavexuurspat
tmfxobkhx
tmitnqw
tmm
tnigequreyeybnvepaztvaltchrpci
tnpcvkuogsynhneydnf
tookenlazjttykwipemfsl
tovpsfhffobcvt
tppsolwneg
tqavhdajrhiwzwxzabanzlrq
tqvndltrnikttwirdjpbgjhtnpb
trsyitulwmjlrbaqfek
ttmirjehjgsckxl
tujtzqwzggtlbhropkwkb
tupptdaiqos
twgjmbafagpilbw
twktqj
tzuexfdhldjvwsysdnpw
ubfygjulcqoyqs
ubzzpnhjaqwotzqblhmrfzfg
udmbzrpnqrethxhjmbqdubcthtwzk
udnvqzbkatnefulgexktrmh
uehnbzpaategsly
ufxdwczf
uhdhlp
uheflnm
uiyzcmhjujjocggvihjhlsid
ujwmkicglzdxrsp
uleyqxu
umsniajnwuaehvcarzjphozngol
unrnumfolbalezroknkjnwrwebg
uo
uqgqxmcfkzyxndmkfy
utgtnkntarjkpxinovgzdthunwo
uufnjpmhtrwngisryxhvdyo
uv
uvnpppsuacbazuxmhecth
uwkmsyqcpuivah
uxmhgyzzqwpnthicyqzhfbzq
vaafgql
vbdxmzsgaycjdyqnqfkjmsagrgfni
vcfbbjjyfsvkvsapdshakgdv
vcnddfwefqmvkc
vdovppo
vfekxqhsqcueohwpudvukjav
vgyefjknqfywmrjuqegwqja
viktiermaqhlvzvdgkpjrfqyxf
vjgdcfzztlnnncbferoctfinwb
vjztrqgtlzap
vmagpdnofgrswgyqnmxb
vmemvtxxsxmtb
vnlslpltmehkfjhdgnudxmkwiudapf
vnnvxvaa
voamsinsjpuhoqtnzrctqbzm
votj
vpxfgmetpcxycjllunjvhndyttwojx
vrncxdgnulpfdxfhns
vsaxhbtrkxejawbeehgri
vvpkicroqmhnb
vwbnuhymeahscsnsiimbmtjstp
vx
vxykvqvmcwxxxgpxxysztpqft
waejaioisfxmvtqgapjyre
wasoffzmmssjaeqmcjemmnxm
wbjfdffaetigrwyycraudcksxpcsos
wbqqpvxxrmvp
wdehfkruqbyvecmpesromdxllub
wdmq
wetzytqvcmkvzzlnwdz
wg
wkddrrafaslh
wkdhgumydvrrevztz
wkeni
wmryrtqhfonlkzhflaxwolxcvmj
wncwrocvjveimvpxr
wotxqrgmfctdafwyqgszwvytxy
wpanfhdwhpqafi
wqagkpjthqmyvugfeegv
wqatzmqemscflacpoqquk
wsdgcofglcqgdndbypqqidcl
wultlsu
wuneikt
wuqpvjugvzwoj
wwfzinwtxscjbpawnhbskilh
wwsojvagsmponx
wxglp
wygowwqhnzfjqhfgimwjgrjvqsp
wypnjntfutsvyddjyunr
wytfjynqmgzagbk
wyxelqjbufnp
wzwhnbppjdmdsxuwjraqbaveut
wzwplzenxbgeaze
xa
xaesfctojvcjspgdjhvhxzdcj
xaunfqjvxiohnjqr
xawhsorjgbthmgew
xbrkkzgiskleacweuphexxrqar
xbvjswdghawchyhfjfzrpuvnehhrro
xcfjhsnxiqol
xcjwkuveerenlaitvyci
xdzujtlntx
xeipjuqzo
xelvncml
xfhtljpqylqnbmtovuugvpqlb
xgclmsvzivntuhyv
xifyncnwgtbryd
xjoqkdvfepvl
xlhuzrleedejmiqgbdbyqqwhqxhub
xnkjuntlwrmzp
xobhxrbnbewhgehlcdimxufhcge
xrnnua
xsufahyyayzkhuhjrjsvoqhtyd
xtvbwnvgtjhppgtfhsana
xuhacpt
xwtilngewdnrusilbkdwcjasi
xwxqqrx
xxevbnfpnuwj
xxfysfbtklydqsbn
xylnmi
xzhcybyu
yawwsxhgejmmunolbvbicio
ybugsiodrlvfxnloqkdjgai
yizcignnpnvjtubmldfstaiewwrpfh
yjofmwhzcxcmvoyqhbnsxmsjpo
yjvmxdmhasgvrcvihsydthtkbwb
yltdtmmocrwuf
yltqlpsaplqqhsv
ymkktdbnoxwttg
ymopiey
ymvuvmzfozkj
yohuqtjqguwwtmxefdwjefrkblhzm
yolfhqmogyyucujertbfje
youseysaqnrywnttryd
ypxdhyppjmskybhddvghzodrmmptxq
yqgh
yrhjhyjmlfrxqiwsxzudremwsmr
yrmkflatxhgdwsjrkszxqayw
ysbertmbzccapsnhjaexlncerxfgd
ytaxehuxps
ytlclpbqovistbouslsuuda
yvjjjuptlkozgvaynwzhzbegnfmds
yvjkgqlkumzrwrexbvrbtueehi
yvvhgrfyawsdprjrksqalkzdc
yzffxxenxwpfnckwariaqxjs
zaysc
zcechuzzqbcqdxkpkovohosq
zghutifklgklr
zhnfylbioevcrgcffokfxbwp
zhzdfwdsvwyxghqilwncnkijcapb
zibk
ziicllbzjl
ziipxblnmbfqsfvfuxgbj
ziwfczt
zjajvzxkxysnkqezxbflakczr
zjhaagim
zler
zlyemsssqmivpbyweso
zoi
zokonebcwlrqhx
zqawqrdrmr
zsfqhkplfbyz
zudltfzotcjtnzxuglsdsmzcnock
zuhwqqsldzcsf
zut
zwammxfdiftkirgnnltsoaqz
zwoxia
zxcukgshtabrnpmcyybereggh
zzj
achfsz
adloplnakxjhbndsntdamqk
aefzsiotpxj
affuviouteypjhfhmbwlektykwvhm
afifg
ahhahel
ailksobocty
aiysjmo
aljhxq
aluozlqjazsulpnjhnd
aly
amitcve
anrz
aokyjiigrmogvbyyygiw
apjhitzbx
apmi
apqrvlwigro
arhvxtatc
atfnpixoj
augzpumgcqgqzyipfhtciuxetdl
auzhzquej
avlbwqrvhxpfvzsjjmifuceikmhkli
awsdzvbuibjwqhogacfprvcczi
awseskqsxlrlvk
azghzvwhwbitzrdjohody
basygzogkqavypcqpktjfunhzbni
baxpsirbdjhq
bcbykyopqqheenhzjauwlurllyesa
bcg
bdconeaul
bdjnylebererqrmka
bdlra
beifkgaapk
belvanp
bfh
bgemsibthcrr
bjm
bjuizxntwqzr
bkohhbnkbcrarpssphbnvbccfzmoy
bmauvotxmokftqphoulw
bntr
botmgdwqzannvikxchcqqodbispmuo
botwuxhbxv
brvub
bsnjbtvjtqnbchiwfuqlzsmxvf
bsuuvmggikzn
btbghzbrwtdywrqdwaovswqcfcubip
btcizcib
buecaabuiihrusylazge
bwydezdktz
bykbnalrzmvfogfcjybyg
bzyaaup
bzzjoqvclyufwhcungdoyxdfmmijj
ccasdxdazcrtvllkfvtezazzc
ccwforkesmupnpflduzaj
cdlrlguso
cffovyffkmzcdo
cgbrrcyenznqaoxbgw
cgnwmoyedhovgnobrgtldc
chfiarmpeklh
ciympmafo
cjjevqftxmtjvlnaypgr
cjtuegmpqkcdbb
ckjqtebic
cl
clifkeljyti
cljyucicjnr
cmxtpzqhxpdzchnduwnqogklsit
cnbi
cnkvcalnehakdnjtrzqafcuqlpmv
cnndlorflkpdkvxoakzhdalja
cnvasajvpwwtzuysrxawdpwmdzwpa
cpjpsxrsuoicq
crldjjthpjaf
cruvy
csnxucovtykrxawza
cteeqd
cts
cuqpkh
curtsffozglohnerehwecc
cuvtph
cvlfetcvtlcwevvwqvyu
cwatikfkiwwumedjskitbn
cweagydmhrpyq
cwkrsvifvetmqrhkplce
cwolfcmmapkcvfoanxbk
cwtcjunebtvcvywha
cwxuacppmbvngumvp
cxyshryrqlxsg
cyoeivdyh
cyuef
czexjyzmukractacablyuqzapzlwie
dbaybmayjtzbsbbplpdgm
dcgb
ddg
dekesobkgoalrlqsrrfdcfuwjfwfl
dfeljpelljytknowkl
dfjpwp
dhdlziifzqr
diaunbxntsruirdgngfyyuifinrfh
didecilzmqyakavhebihebpxwre
difkmummrwsjxvibuzoz
dikhupazskypphqlheqdhtfnd
dkepqtpoqvyd
dkjghcwmb
dkmuj
dmlmhfgiyqghqyjjvee
dmomikp
doxoxfnsxq
dqfc
dqqmrhkkvuhydxvdaqfixunhvdqf
drkwojppwozbhbbxnwahmujcnymwpl
druyaoprzpzvyqfoou
dsaoifdvyltqhtvelhbafqf
dteupwuiforpagvnimfdffmxhuclz
dtuasbsuyupgdomjhyapbaqi
dudyfttgebyuwmisvyp
dum
duujidxymedewdmmad
dvagkun
dvkaufn
dvkxgllisaambovjkdqrkdorj
dvqyihrisbhfnae
dw
dwhvycmeut
dxfircvscxggbwkfnqduxwfnfozv
dxvaahg
dzceeksiiwsqzimllwgt
dzsaxkgygvuzjxhrmt
ecbbcjpdyjlibitllplxel
efstnevieghxqg
egepveunlpivgnokxzlozbguy
ehclvofjayyiplzskpexgosleb
eiegmizxtaycfxbmlujnmdckyggz
eiwmugljdabecyua
ejcqaqjowsvlfprwyg
ekjqzvue
ekpa
elyrjkucbu
enmbwrjxa
eojzivisgkvduagaok
epabkqfmfzrryvr
epfrpgarlfsymbwvg
epykqzrroclmqdnassquyeldmcozy
eqimlhcztctyphmeqdsuyvk
ergmdneujjcrb
errogsgmbjaimvgkmyw
esociyfxaxwfdtmojtxnmzed
etglmnkluvnxdbl
eufwl
evpyfyzinxbohxxbewvrrcqgf
evutqgliryaawguvogcdogjfv
ewvhwisbpgvbmotvwcluoaht
ewzqgrmx
exurdawqolnoisgxgfjizq
eznuqrqcibnbkegxhallbbeempaw
ezuijoqmiixv
fc
fcbceyhjugixwtb
fccfthuziavuhdbnhhyrht
fdhuqggflonbtgokdmhpziynvc
fdlzipvrmpuebnhpfqsnclnpwvutw
fdtyvswwat
fdyjnsywxksnozrtggwoaayhutk
feflvuknojkdryuuhtoemlmlagd
ffcaoelajkc
ffghv
ffhfyeypdpy
fgevnceyjvqinzvtlpzzycfmmem
fguwtiepmzfguggwiouippnfcmdm
fhbavhfuahlindjdfpekxg
fhxuijunzickwuszojhaaoinbhwvjr
fimunezp
firnbngftfst
fjjfytkxlbnvmdwsy
flcejulvsnb
flpomorspf
fmcejfpgwnetyqw
fmcmakigpdzzmlkeazishhvx
fo
fokrrljbrxihnsloixxjlwlaqdoszm
fooja
foqmvoattwfud
foviussqfqweh
fowbzpjfmkkdyphambwguqvgin
fpergilbvxuziquzpodabtnkbq
fpevjgm
fqchndtdbaset
fqs
frqif
fssd
ftcovnvovlmenesezchm
fufuoebheeteuddizxytmzdyk
fvtbmvwhqzjqr
fvtxb
fwbupatkywrbsuvkrkmcpktksiync
fwhxnpofglgqkminclmpwerotjkak
fxslpftyqvpdgnvc
fyqqhbax
fywrwsda
fzsdkykqqbzecvqifccp
gba
gcemmzjgqodknizoaluyekj
gcseozpscrhjotyczcwmb
gdajafkppnhyd
gexmppdsdpbitjlsfrbkdcfgzhqk
gfdwnmwtfzordsdmrwvojzo
ggh
ggjhjibputjcpe
ghkgzafqtarhxkwyumjmab
ghp
gji
gkinrlpuujushfjzwjea
glaavql
gldtgrpkucwyjprmgsmnhtguq
gn
gobyxjklulffpdcipypmcrjkgi
gofwyrxvewjy
gothxgnliregbnzabhnvcn
gotyzudunghuu
grgocgk
grnffmnpinwlexrqxisbfnh
gsgqhlzywlzcrrdvewqkbnsz
gtxcfzlbjbi
guvszsxrsimsnlgvvcclt
guwvgv
gvewqwcqagwjuzoqyeynsxud
gvvkysxgbn
gvwbjyjsy
gwncyoq
gxcxnihoalpekoxqgtch
gxexpopleocrygyredgazjfbzbdq
gxksmfauwinsjls
gysggxdorkvmvqex
hadszuvyvzakovninocvekgcjq
hbuflktvitmpdwv
hbxyetaerlhhfhetdlvcdz
hctbrabztqcrdoreayqk
hdsnpwjrvnggmgp
hggt
hgsczhyjgdfgnwfpdtlkhp
hgydq
hho
hj
hkiurghxscmbmfhckat
hmeckotrwospofghfozqvl
hmkyeevemedkzwsgung
hmspilmbqtozu
hnrlyjiwtmhglkozfkm
hnxloymoflnbrtkvx
hp
hpgzrkauuwaejyxzasajravlnvmh
hraglg
hsghmbvkybnad
htepejvtznhvpfhaticqjesfyhnid
hupzslkgrsjyhfvpusakuvsw
hxjeigutwigd
iahku
ibbqbbdnzmnxtah
ibobptfkhzylbq
iciuihfmqfrqvwfwosatp
idlvgkwivnigwyvyaukgxkv
iebwapqvscuiktgvyzhmb
ifqdfqvqialsoiytgdu
ifygtydhacwyhsgewzm
ifzddujyxekjiskqnyokcdrxsfshcr
iggavytlbrrbblygyeh
iibgspvhmdzgossvezldhju
iihncyx
iiqb
ikytagzeicxlgiokdriwsrh
iokejfldewfoyraniknlsaonqzass
ipuhmbbcqlqgaockwnky
ipwweghtfiqjqk
iqchkntgsqkn
irnawo
irxvvhl
iscrndidhauxoenlnzjdhvbxx
itqxbzfhvefuvhkrnp
itspopdsahsbtmxdtgqezgbpu
iuagrpyvavimdxhyohoc
ivza
izlzklnissa
jateuehgvtfgxgqlnow
jbamaowghcskuhxngvgxtdd
jbbuumnuqgkpbjgi
jbmuxmojselacujnlqklf
jcmeosgjbo
jcmrhp
jefuyxfadzxfinjd
jejykajapprerdhscs
jepsyfwmevjecgbnymep
jeqhdkuncuwvfsrzgispssszhjhu
jgutdp
jhrgpfdgqburvyykujn
jhzhfubthppnvjep
jichrsequivyctebqwe
jjeqrvisueeutmbreyjntiqzume
jkapsuugnl
jloryiyvfdc
jmlklmwlooqgfwwpckrahhojr
jmyhhtyyemaliuvlnfrs
jnacvackkt
jniwmsmspbsmgstpbyhyf
jokwmdoaskgaqghdfp
jpbstrmizpgn
jqjdifubkoc
jr
jsrrjaodavxkywfpeoypverlcyhe
jtrxh
jvainylyqrzrtjats
jvdpuihijdttcouhptxjqsxoo
jvltlqwcjpihlfia
jvxkhcqpqiabubqqdofehhj
jvysyilpjiyiyqcqmxcycykwjrohf
jwdduhpfxbmqbvfbxoofttbbuvt
jwpyatmleyqsvkpamsvbmvx
jxorklpjswotgtkt
jyj
jyshmdn
kbg
kbr
kczmiuzlaoojjqiwsdvcugdqemu
kdgoe
kdkagmkxyqvwocnkmvutmrdpcm
kdogkemhibyxrnxsxrzletbqex
kejkskpkwtkuouectgwt
kffih
kgtqwuovmrfjcwbtv
khsige
kihdsgkjdcismrtosglhnnq
kjgqucywcbps
kjlzzqtsjfaeedfuuj
klcocllh
klklbcxqjxhemq
klnykoldypkzzzamtu
klzjotyozimgysnbmgkr
kqozfijsihsoarkhtr
kqtgdkhxmencexdowgerzhf
krrlbynxokbqqtlcxjoughqapq
kt
kunebqgrizkekgerqqlyyfesoy
kuxqmpyojvrvzlufdtivfw
kvaklwquubqicszwwmdbcwhuics
kvsrqjmmsmymj
kwpigfrcdmgzjeibterrwdlc
kwqfdik
kwskafebzjylxfh
kwuvijmbaixtelqmgvuewyjqv
kwzblyhyfynmwbvppbgsvb
kxxehhpvz
kzahlrxdnuszjsvhrregegdnbjkv
lalzbpcbojhpgdfevbpdywa
lcvlpfnoyxpdorkavwbmmxdmashh
lefhotytwymlueailq
legtzhlajplxpvzcg
lhqwzpzqhqnpjatr
lhxzijlastetzwmkgdnswe
livfhvsjtkzmnkab
lkfextegnxpm
lkz
lldfitzuyhgftrmomxuszatfx
llfpnjzywcpamevwtygfphi
lmpqgzuxnqxzflphnz
lmqwhfdhnqprrfjkw
lnbxaaplonnyjytdzsow
loetm
loxunutqivfmryok
loyemc
lqvgagfhhfcebr
lttuk
luqlwdseyapzwzlrtrsxrivceljp
lvovgslwopg
lyjyhfixjswnkkufnu
lzxi
lzxmjuqvjaf
maemyi
majddnnikodvhojygtojnmztnyuj
mbxdlzm
mcvbslnajtvhebxqunbmtwa
mdgqvzsdzatvrhsqzq
meclsshvkmywjxeshoihmlgvxiljv
mewxgoi
mezypgdifbjsgkuo
mf
mgaeor
mjfabgmfpucsnyjqnydeyirvgbfyf
mjhpuacs
mkhwftqfnsriagiokchudmzjhs
mlifxynqhmniusrpet
mmqwheg
mmznejpnul
mnxnvjkjhgiwgcgkopfuufsipa
mofgxeirpbtywqz
mqocy
mqrmcvnwdysbjchjmwu
msryyzvytfokqzvh
mthjitsspaqnjrdo
mukgjblzhl
muneqli
mvilsccfvobbbjjevzf
mwuukkmbpiaaxijmom
mxmy
mykoylpnzoipzwdmkrbhdntdkvpd
myubzazcpkhktkydzivcuyp
namtdnsjbzmbbtvqtbqfdtf
nbhvsejmvyeb
nctwzsmibefqougxqyds
ncwkzyubxrqogrniynugrhqyukfs
ndaefgenzglnxhomksig
ndoyvhgjlposo
neeqaa
nenbjkgxnwznhyrd
ngkpmvqthejjrbzhrcggoewvrx
nhowtlqofoujsgnhzmwupgffx
nhpqzfkbuwxygmibh
nhvfzvsxwnhuvkg
niq
njwinshmfgx
nkyrtnsjvwzxss
nmmcbvczsivio
nnjyehbjpnmmmwrwxwto
nnsaqyfjnatbhbgalncayqhpbpci
nnvheasuyijwgavtjcicruz
nodsrhnbcuwtsprf
nogleurdjkscpulsvigbqki
nolenvovjbzgchslznlqgobaybnfd
nprwfrufcevuk
npycj
nqizawvcuecloakxcnnsbogiuqczf
nrmogezevkmcwpn
nsjbju
nslmgustkimwagnvhilraq
ntgqvxinr
ntkexcvk
ntnauqaopourvlgutihscyha
nwdlyvcrjigswgqcxkcb
nxcnsgingnkoqcmysrxpavh
oaoevgr
obbxo
obirmisapppoeqektmlzlofji
obpokpmndrrfxuctgnug
ofatyosugfagluawqlgerzkcevs
ofvucxpuwizgllpu
ofwkwa
ogbhbqwhzgtolucjhq
ohgpfbpd
oibvdevrezuah
oj
ojkyzsqzkegycfrhjhptufsc
ojqrfs
oldjupdjyhtlfgeiclwumlab
olvrczwdewoe
opii
opithealeurrssoiu
opylpbjbltqpcrsnzwskjzzz
orqueihedjjcihtec
otkgnguphpkxeatowzabsdn
ovcllmy
ownxopgkwqxyoyvvntqllholmxjb
owzqgpitqku
oxbhzayxwfryjmnwryokoiw
pafhzdvxvooevucbwln
pafiduxdz
pbcpebxugblhdfsjwurjtan
pbfxqjcmjkuu
pcdtxyqj
pdrsykhbutsnuwjp
pfskwymfpwbfw
phegsphxlvekfxeilspjhiknffluz
piflzs
pjhaefqzaauldrchjc
pktqovtzentrwhzvpbfzjxh
plwumkpmycknbuzggfkoqrezgct
pmdoypbtpyalse
pmsrslhjyrpjrqyjkgcqwkokufquu
polevpyrlfvcwfbd
ppbqowwmoumvuknjvmpss
ppewoxvkzdnrluz
ppuaqnxtvbpmndnwlsnkpmmo
ppvrceldkmxq
pqbptlkfeapndi
pqqxmyntpiotqcvgys
prepggxrpnrvystmwcysyy
ps
pschtiheyktfphtbuvqspub
puhjodnpttkmd
pvbyzperkxuktdz
pvnztxyqlupcylvtuetegkprhkb
pwfocculvvluc
px
pxxbvtkrmnkwntauvuqjemlzwafw
pybkpjrxugxlfodrdsnm
pynghrixdxionbzocbghb
pyviqrfrgemko
pzytncxhmjicajxyagwnri
qb
qesjbiwfutdgbwjoxqgbzzssokll
qgr
qgudbe
qhureijyurxpqsdwvyeeoseoerxe
qiastpragvapcxdkuqfgh
qjpab
qlhjnfe
qlrbwkykgnwvlbngb
qmajagfhzzfbdvfuyurlvurnwramc
qmknfugdfljdevrbemlwrzlzgbxyb
qmpvwalrzlftgxycergpd
qmscx
qoeigourkctu
qpmco
qqdbqkwpyyv
qrbmaqvjqkqwhapah
qrdduiitgwotyiyppprze
qrtcdlpqmvjifvgymkgotzjm
qtzqfpwdr
qucpkdumiycvusxtq
qvhlbljwdouoqkcqazfflsnopee
qwcsafriybrjhbhfaffdjjgvavqs
qypchhgfmizrcklyhbpjjzrrugofl
qzarfziqfhmjg
qzhltmgtujdcuugnrot
qzhuoaqw
ratzbsguvzifnhyxwjsjavwauxp
rdewu
rekjkujnopcxwzdojwmbu
reocnhvwkznpdovchzj
rfrzzemiyzvobxuojorawurhjoppnn
rfzhmwurfjxrqns
rgpbfryedqjrl
rhhxcqxxuwwqjnnyafgvhzzafl
rhlpfeuucumuzxfalmjjhoi
rhvndtxxfgzoaqzrcyoudvhgmbknc
rjxrxwkduooe
rjyiaampmdwlxamxe
rnazcrfhpbjmrfbyqmhdabalht
rnbowxfnhuyqkfefuqudhbrspdyhf
rocacwepxejxxfv
rqmecshfldchtyiwtwkdvsh
rquajuaxpdpsmwiwxxdvipouxt
rrr
rrsrcmq
rtkrlkjapymu
rutmfufci
rvvks
rzgtokqen
rzrcy
savtfiovuuhnbdulnk
sbzeprwrp
sczaeuuvomvydifwhak
sdbnefnztrqpsoexs
sekypxsdcujpnuohutlblrirkjcsi
sfamnsypojqp
shnomyuvznfyl
shttbuuo
sjsqzeuqhozammiwqychzli
sketvyeyaq
slfyaktiqwqqamz
sprocnnzlzsftmfwpqksfggonmtqks
sqsvctlblfojcbycxprvnvrg
ssjpzcbxrpsno
ssnxccexlu
ssy
starxzlcnmmbuuecocprxmyh
surhempacbycnjmlvwxzpdopc
svttwgom
swxvflhivmsjqbh
sxiswsyywcrhuotagltdqdmavj
szhwymlfkpniplk
szyyhvmvihnvlpoclupomzb
tbelogjyshxakugpnprqyzmn
tbipubpiaettoegchjblgghdkroic
tdqbniompra
tesjwhdizcobzcnfwlqijtvdwvxh
tew
tgavryg
tgwwcqzqzrlcbtbfp
thszmkfgumnonvzmplzer
tiajmwhyilthmoevlwlrxpwpzhsvb
tjqjyardb
tkyz
tlfbc
tlswmlfwnc
tnuamqelrwb
tnvkaxziqgardtchpjmg
towzrcfsefbf
tpm
trhpncdiww
ttrccwvjpakjszw
tttqjuwfgtgle
tunvxmbysdrgxwrgjeiti
tuxcceyarhdxysshxkqaokvc
twiqfmld
twu
twubnsp
twyviypjygjlogbogqgg
txgii
tximeaglktxdurrwasvsn
tyubbxqemufzdjaxujdxfzph
tzflvyahork
tzflyfkpryujalitswcwkxd
uabuxwymxiwtawlckmpathua
ubqgbjrfvykogdiiawoxnzsjsixbx
ucoimmqszmsrzqpmaddcvhinjj
udhpugzsdccddnchrgmxdquwm
uecfxfbig
ueehhovmijbdzcqohambc
uelznggchjwypfgptqvuy
ugofpsavts
ugsxpqkqjjfxngndxl
ugtu
uhj
uhpyioqqjpxtslj
uhtainkebbvzhtqbkdbmv
uijbkhgcoeeigehjro
ujvoqtj
ukzxzjmkl
umelcfxtuzoaiyhktcgziniglvs
umpodgnzgpshthmluwmgbpkrbzc
uomozuypypll
uozhapfsytkvmysxzuw
uqnizzdfi
uqzsvcivdqtkqcnmwfpldhbfbnd
usjtyynqgpysvalz
usvjkhyphbjykrmucmchxgbf
utghcjekknlsctwp
uuskngmfslhhkdhkgmi
uwokctxbdwlknx
uxn
uyfyqgajqkcklznayxqkqoyz
uzjhsvnkgqhtdusyzejvnapekh
uzmdfmpvtpb
uzyfhuki
vahrgqtrsxskizjkh
vbmxhwkby
vckuttowuonwplixkcs
vdnuq
vdzlnkvlxfpl
veigvekkfkzncnkyvoguwpii
vfyfxd
vgkvbmiv
vgynrwtjkmxxljqjmjdi
vibjqsjcrbplnd
vicykdzhamx
vittjmjdfafdcxt
vivggjzqxvdkgqy
vjkt
vjlktrldtnww
vjlzdfbnaubnuavrrx
vjuczvlkpxmjvrhfevcyoyk
vkbhlwvmovakqvnvayv
vkpmqvlgcyyuxuwnezqttnyvrx
vksvo
vl
vmedburfwkbkrdx
vofmeiskfbetalauoqmcuzbe
vospelnnqxargf
vpiqsnmqstramluxsqpglrhdolji
vpmzwainl
vpotnothwysokzftfyqqfq
vqbiczoxdej
vthrvgwovldosgzopootghk
vwutanzzklydgwtyeyhavvrziyzlym
vygkjisuxhatmuudqbhmknhfxaxq
vyrqpizteuoxgthfxsmxjrwpsur
vzikwanvngdfyfttelcxy
vzxvjsioiyefbgljjnhpuymvdsqhc
wafulll
wbscropurmvxgmdus
wbyz
wdeogzaifaswwswpcom
wfhi
wflxulphmmsgxalsqtunyrvxxacpi
wfmiimyiradgilsgjvw
wgwpuvbvpe
whewaouishlhcvn
whofvefwxgtz
wikqxpzfiqscyeedhvnoabmelqcdy
wjit
wjvkpznmqcdcqwrhvptmhy
wkaanybqhtdezfaofbiybo
wkvgpea
wmtfisg
wnhnvujwxualzzg
wo
woekpmgjjjywlgcmfgozmrvpyie
wohsqegghvjxnmbcghboqkjzm
wpoyqediumvefmnsgxczrduu
wpuuscckxrymivbcldbxgbbr
wpyzaudwuxqldjwjriqaqsjrq
wqknzpyvysdkhsoicmhczoh
wqpllhocvhdlqeckciutruvrrub
wrmtaykqlnhsglbtatswhjgdsckjw
wru
ws
wsyk
wtgfhjcqhchxoobgfwrsk
wwbsqfcihubsjollmsqsghmcphels
wwvmlqtzzrbuoiwqqypfiiyz
wyajvfjoopy
wywttjz
wzik
wzppozgdrkfmejipfemnmyjbadyd
xabdnufheidnnyzx
xaeagwihtienbipfmgcjs
xbbttgofac
xdbpuwigb
xegixjjeqcesxcwsmtjiof
xfanbyhmyfo
xfntnanvzampc
xfrxrwylggtqccvdckmzax
xfyxfazgs
xgipxlsnzilzj
xgmatkhvdpezgfysj
xgtmsilk
xgvgddywsvylolhilqpdq
xhgosbzzflvcetxcqthiqb
xjboojiegewbacgbpalo
xjpbwqqmdlnvhanqvszsycxzthdilo
xjtvfeilmogoqw
xkbjxdirukjsturtoloik
xkoyxagwnilygiyjhisedol
xkr
xkwrdtgsysfuoyoffp
xlgszfbzzwzovlaqkmnrcoetlwhk
xndgnmamqgwxhtrcc
xofntotuquovpppzllbqypd
xohdvrbnlbl
xos
xpxgntuzmpfnbjybkkx
xreriaqaokbshwcfc
xrolsrlmpr
xrskezjtkylawaarrb
xrujavvbtijxtwqdwjjnehyy
xsjnjjrsjwjbku
xswbolugtxzg
xtbftqsnpavyt
xw
xwnhptjekkpcpuygmcdymsvapagd
xxqrgqcfhknxf
xyxskcuvqzx
xzfiaexefiqrlhsx
xzzbfwatptaxlouxshfpjfme
ya
yamxzbjlyu
yatuig
yavkpqbrmlazuepmqlxiwmfshsl
ybpuqefeijcko
ycgfieowqrwwwpzsqmetog
ycjindincdpx
ycvomagqzcuvvrvjypbqsmzwo
ydfthztn
ydumjlvriklbw
ydww
yeeybpzuhpwcbqdrqolwojhzfuktfx
yelemgtumxilxxqbapcmr
yfrjdvogxwgztravclcjl
ygnxbvmqmgbreoickybowqxr
ygux
yhlkjynzpexirqtmz
yj
yjauteuvczvicthrxsxclprg
ykjhomrvlyapvnh
yklhzosxdwncojj
yllcrzjelw
ymeyjgdajrvnmbjsnuvpebvgh
ymhlwdxlozm
ynsfezxiik
yonpibdlruscta
yortby
yqkct
yrbaqmyjhzxndsiyfsexwbioewq
ysbicrfxdi
ysmydqdt
yteoqmiukflhbajlxharz
yukmzxwyekpb
yvpjsiqvtimrnjls
yw
ywdcqeykypkzgrwxwxvncgapmgvnb
yxddjmwkoncviuxoouibqoafcadlp
yxwpnmvcsfewwafidzbyw
yzg
zauifilul
zdxlehxlpnozhkehjeghmqgjyxyr
ze
zesvhsdn
zewlz
zfkeyqjtwnrpsfnwepphzlzexpz
zgaig
zhjpfswwbolzummwrhylyjlbu
zj
zljzgyrfvsqpcnwezgibb
zlxubnbrhknpuemaqdqadt
zmm
zmmqi
zmurqdzcbjypdauqxhrjrcgcuoecvh
zmzqejvyaivysiothwip
znt
zpkojogfoyxfiavygpsvqtbclk
zpsfcctayvficqbebazkle
zqgzwztd
zqtmrpndev
zrfwf
zrlaljcrurgvnvevppzwfaaspwkx
zrorfneon
zrsattdwskvg
zsvopqheoud
ztcaa
zudbcktmkgmsfteurqaltvrukfvr
zujll
zulsldildwlsluntcrxlsh
zults
zvqfzwwgcxongtr
zvtvhwycfznmaomafs
zwxiwhms
zxswkmgspqxukfrccbsmjlvppqd
zxvayvonminrignjgfuifeklvywj
zymxbuqicfvammgahxpzwzqar
zysvcpqmxjppopwggcbq
zzebhjzaaxgryponibrsyhivdf
aatfqnvygwflobrdirgqn
abehwcqvhhukkhalhkub
acnjlqvga
adcsjbopruyaqdsjgm
adlbioqjsjlqpotcw
aecuituteladpiqbhxycvx
ahx
ahyozapfrslekfksfnfusv
aizay
ajx
alhvvpaangodnlxhlsxshht
allxawdp
alruqvpnpoephlaljhykw
ambaqwcgafdlbsxfzxxynskvbay
ammigcojpzrinqeztgrad
anayfyfwuuzwl
aolsv
aozbxdjeprvz
apvosklkoucyzfmehzttjoki
apyekt
aqvnotvmvax
aqxk
aswlkxngthyy
atbqitmojupraiqedezplqnhx
ater
avmmoyislvexrmliobtx
axluopbzetsucqzzffskdokros
ayhuldzbtdiwxvgqeemwl
azivnrqorxekvoxi
babflizedkdzmsdoygkjjdxvtouh
baqgjmarvrxadcazvij
bccfqmwhbvssiigvijsuxi
bcfzdtywaffgfbjzrihcstjonxi
bcisagrpuxwawpqqisv
bcpxif
bct
bdftzrainjruucocigrajyfa
berujgppduysaxgttgvwhenkqmrn
bezycgukatnsviqpjblwhaam
bfapjivfvtcdslmfjmqhssqbfgd
bfydaikdzlzxbyaezowgoi
bgmpjrfjseejrnbatvvf
bhcwhlsyoyhgmgopprzaxqmomsyh
bjtrpjxtkcmhxddodsh
bkd
bkldmticaia
bmggiaadjprpsoxwhvqgip
bmoargnykpls
bnbmtidi
bnhuacylpxzchfgkohfvvuyx
bnorkhz
bnzpcgvunqmrydtlzdviacdsnm
bowyqrtf
bqdtwjfhcfxpfdju
brjzzxbhdghmnjwqd
brukkkigjmxqrbazlpdevpezpbws
brxzadseciomtjoyqzb
bseondmljcrisvroynpcq
btcbfgtfkixefkieev
btjehcyg
btl
btpvwdklabmoidgzzrgcoxbfdkfg
bubcjuxflntfweodqj
budjketcguzfjqropeza
bulzqotmadlukfzynwuunyphr
bvbozvmxobatkhqsqchlhtbof
bvebyerlkqqbasqgxnv
bxaevlglng
bylftapquqvdgrjbdkqvnaj
byutknxvuhkyguphnhadhffbbh
byzcuinsoret
bzcvf
bzmcfbsrckyob
caahm
cahqxkmuubjcbclc
cb
cbbmqazky
cbkiwmshnovtyxnmu
cbldvgyl
cbmchjrlotywdmd
cbvagnjcgztlgillcxlppxasm
ccdbmbzerjntpvusmkb
ccrvxhxyz
ccxgjlolyxjkjosngnaytmmsliqmap
ceibc
cenkxeajw
cgmmvedewdmfnqwcuqdsc
cgtcqqbtlvblh
cjjitpilypiuuew
cjjtanfdjjb
cjzs
ck
ckpsrcpciwkvthbwgexhunrmpnckp
clzmshghtlfspjhcgfasdv
cmcdbkc
coq
coytx
cpcj
cpuxa
cpypckqchbddzwrxbzmqrlxv
crqvymzgoyqnzghcoqslvdkz
crzdxybgzuyqcpfmkpskpbimh
crzgmcwoyzgeosubsubdkhnhxpav
cskqnrsvvhurmmpnzw
ct
cuejvmwgsffvow
cupgsfqkcjzlykgujpzkiccfmh
cwkhulceki
cycwcplk
cyokxanbzhzyatfnhs
czmgmtxjglt
dac
dbjpahgztezsb
dbqauiabyqxquytpsggtxznute
dchwqsqtxmuncwiregvulrw
dcjseqf
ddvtiuifgy
deavrrhrnvkibjzdgsu
dedycjztcvdfxoxaep
dendaqauhlwsusvcozrvvxuelkc
deqkohktevfnorjbez
deuh
devcyuutouuovlgqoulgel
dfnzslyvraqyzkiyiawcm
dfodkjmjqwiqpuoqhimvfvuzwyvi
dhlpyhtgfj
dhzfzaxadtklhyhqzfd
digpnpuuhgx
djgumpmuekmrcxl
djpmywjkhyeqsabnoivx
dkfnrqjcdkzylxshhawlkbgtg
dkysmyzvlvnxkiycztmivaacev
dlanpulueox
dlfiches
dmzmttjbzwrcwlgomnb
dpdximti
dptqcbjctbrkznwosoecqtmb
dqvkxhahkfuve
dscwt
dshigcwgcnrujwoulwglwtepzu
dsufogrmpeotczwvdeosbgmg
dvbmksl
dvbtzclksdgisxcbw
dvhhvusguxweszdjtjlafgkeb
dxbqcxmygycgxxxkmgennrgldif
dxzegwlandwhoizlwnnh
dycdymblvnx
dzb
dzcvxkvqbnfovqgubvtdg
dzemgw
eahsntyeunlmgkbrfpv
eapr
ebcwlfk
ebtljhzkrght
ecolocmfhpzxtgfpmuscrldure
eettr
eeyyjxsgqwsjjrldxbqc
efccmieuysmqurprosx
egfivdrcygurqdredakub
egz
ehnqaixbxqxtcbewicnhwzrodwubw
ehuqtjqwzphiwosewptcd
eitdnruzvllh
ekkouxdcynkhtosfytlucen
ekqnczngyofc
elhyzjpwzgcfrnf
elxxgdpt
empipyljotmf
enpnuzhchijxnwsirwkcfhtoly
enqmwilxxzoqfotpikpq
enqvxvtqrzejxpdqpaidopzazixzpu
eoov
eostfvsk
eqwrdwsvyncgf
etenrrogmxxy
ethjhhrqdzrukgyiifsxsjjgbesyeu
etpciwgdyllgcioe
etxsyoxaivgltqrtsdsexlvqqv
euphohvxcaegxyrzgtjwfa
exlevgxnydq
exrfxmoinvgfhib
eysuvipusxftfbnrnnzycxuuoyg
ezseuaemidt
fajfrmxothowkbjzwu
fbjejazsrulvqtammemhqpyiowmnl
fdjepeijjowgtxpmhgbtlwomajlsp
fdnmiozi
fecvifljzusprolq
fedgaufchgkgxa
fekjmqwv
ff
fgsrzrqfhmxgnuyniw
fjcusottarqpyllcikhylbdfy
fjdmoqsjq
fjvgzpdfscrzswpqdbdzvnj
fkbemgsdy
fkvvprecm
fkwowycneovt
fmeic
fmwnezqexiomgaisqrxzbot
fnxelvbzxubkrhoxzxkrpqfougx
fnxn
fooesijfwpdyrdpcbhqed
foxnghnjzwjlpiyjlwfkvh
fpzvmgvqdkjze
fqhxrpadwtqcotvxqzxrrblbwweaqw
fqtrqosxq
fqvynbdlrqhva
frp
frqivgdkyb
fuuetjwruhzditfyftnjaso
fvmbphmpkblpsb
fwqx
fwrjsoloapmlicxikthdwfgyppfovo
fwxftpxqzmpry
fxslulxzqzgropb
fylikeyzjsudjoxihxdzkggyljevwc
gabbsqrhcrtxmjv
gagalxufgwqrxjexqvajkhfjgrt
gbhnvdm
gbkqopbmkyopxw
gbxcinfxsfyqwtzjcfqjbvcbjtsdjo
gbyqkvnwufludnklpryowhxugerdpa
gcqyshogjyaargrabljclqungwtea
gdacgklbrwwmeklxvdiqirhpdoazk
gdednhiavqbqdfqwepncxcyzhpo
gdpylraxglmt
gekzcrvhkicfrxbqusbenlxzrqg
gezlixixnvxbzrxcwdhg
gfullkjduhsjaf
ggpdbp
gheavumrxkzp
gij
giquheiiawgcbgogblfptdh
giwbzkrnfnfffiil
glazrszcvdkelwocno
glczvurslqpdpxobbqsbqhhzmcxtfh
gmpccvfeyxbiklmsexxdeqsrov
gmwfgdtgcjyinwnemyfujwo
gob
gofgwkleouxcatyewursbvobdgiqq
gopgmjbg
goyryxticyanuef
gpfdfdytgnjgwuyjmnobsgrluii
gpqpsyklnxuzrbzmrpfjhcpgng
gqfppwzaseyjumxs
gqr
grflujnwwtmaavfpm
grmdxxsnbywexr
gspflh
gsrhmawdsxcqnkepf
guyc
gvxfhuhromtzcvgznjjfvcqkzvrnv
gxthkfirr
gxxxqxevivctjvcrswdsuxlzhb
gybuzotxwx
haytxdgrawxjeymwfhlzc
hbzvroovjftegskjrjyngl
hdkzhnapvvzoqlbpcimqaiqcsaydw
hdwweqnltdwjqspy
heqfjsecp
hgo
hgpqyvgmpoypljznqprrhhdtnq
hgudtsboqxdfwoweyuissso
hjqskjawyq
hl
hnlcivwhwztzrbxjcrtuv
hnqgxyeidwcewvkvxofwwpt
hoxsrphz
hpfqulpvmkyfi
hpseszzmilumjdhejklrwpuvf
hr
htbczonjkfrqzikwvnywplmmdpri
hufdatbxkoqvb
hufqpmyrnvnbcgebmreaosxwxla
huvogldxhsprngsoqdjfqtexyrw
hvltsfoxrhjygzgyhtznyfjwausig
hxgjzofuvshmgfddsdaygizzyyozgn
hzhsqwijgdk
iawviezufqayemoaymmx
iaxo
ibhpw
iblfonsmntsmajpvyl
ibpawmdtpfowdzkovaily
ibviqqirlgdubpfqes
icupy
idzyqazfnovktq
ieeilrhqjfhomqihjyvx
ieslezfwpwlpbkqmlzpdrtwfvx
iewkhbnbnuadkbwixdavhyai
igbpasztvk
ijgdnz
ikubvkgbadkjvmonnnlrzrwir
ikumoyyokhaokilpeemnqy
imiwoxvcmpccsx
in
inrnnzwacxxaedrwudxzrfu
ionemyrdbvowpgwmooqrlntgrrtz
iqofqfqtssfwu
ird
irjamffaxnbmjwzuzplfzdivtowp
irweyxwbdx
irxeuvsshyzljuzkqghjnidlukdcf
ist
itcaaikk
itmhwxewxfyqptojg
iuehuwymtxdrnk
iumabuqmiqwmeglv
iuskrchehxsmactlgkzbbmrba
iv
ixivxkflpknhpwqvaukzhjolov
ixt
jacyqowogzcpzqujzbjdwfhqrnau
jazobjiizndyqtoldcxreprseg
jbabbamuziypseapz
jbhoidganqibheyzim
jbjljucdbsljvylcaimvprjbwtla
jbqdjmlwkosookzappe
jcbprtjoihdanmgczjtqpchv
jcdrkpennuzplqiwtncsna
jethwmgwmvgpxutvccepmn
jfs
jfurnwncy
jggnnlbpdllva
jhuckcvbyxgozf
jhxfch
jik
jjdbigedbtd
jjtnpdplwhgtuj
jkgtbsnfery
jkkz
jkmas
jkqp
jloarpqmzjwkrqx
jmbaslkwda
jmnzbvzyzmhxp
jmoyhaibnjtqqvtxtr
jmrtfakd
jmutkx
jnuarcaircwgnygyafthubdfgofo
jnzqkuxncqerzemelhsaagobaf
jowr
jphmgbko
jqivngzazxwtvmyqukwbbxgxarjwic
jqupsuzjqtqvrjvimgxxsdck
jqz
jrnemtpjhjrondmoovqr
jrqgeppxyjsttyzu
jrxqjwhbckjgeiynxhxigpr
jsbxvqf
jtocpskjsgcoxjvovszresxf
jtxtcmdsmsjejjicpzla
jwaogdifnmuboupxxgttdg
jwlvkrg
jxlkekprvlzmfzhyektgsalcfgcw
jxnzoqccn
jxuvfmnytrncohjoydblddpysigdx
jyiufauigzslutcdf
jyizjcuktpmxzfjfjvoruohdr
jymgfnlnkspfbldoy
kamwtukdlchhso
kbkbeqmarcflhkimovfabmn
kdikay
kgwgtocblxjeccgqhbczibhqufq
khfffmsgijsuyiwftstnnes
khl
kizisxp
kjchfhunplrodubzkmjlu
kkvqpihojyyycngbupgjy
kkvuzjcelnahfghzunuuimr
klgvcfazmpgipk
kljbzdvqsfmygx
klyip
kmhxuqvubpyjmniexrwvtrevhh
knbqxyhd
kotelkcia
kpfkhwgrkibxgwlohblnqcvo
kqcbdtwo
kqfjypgjljsjc
krmblibnmegwfpqlw
krwnfhjrhyi
ksswhe
kvkzxqjaueqaujgxxlywpjstv
kwzzynnimmksmwopfyvusmfqve
kxbfefnsgtibuetupwfffgooe
kxbx
lbelznxbiubch
lbjzggrerijx
lbqemljpmwy
lcwiccqvislfahory
lcxp
lcznaqvloz
ld
ldvybsuxkbmfzvrtnovidznp
lecvdklcpsgyyxgxpwrhpihslnpcny
leffjrpdrsona
lfaovpiopjap
lflqnvuwahyoyzaydignjej
lgbdwjmhjg
lgjgssiretvxyq
lgjwxmkpwfncufcu
lgqc
lgyglmvlyqxixipvwoq
licnutcatfma
lliiv
llivfedkjigavyxjveqvrb
llyyzkwrsvrdtsgtadinpgbpc
llzbywahhfgj
lmqfhoby
lnicuwonavimetpsfumqunaadn
lnrvgsnxhqscqe
lofvjaqmioehdyw
lott
lpeaycmjkweimidajubwqkfzqrf
lpvyzr
lqkysmroykkbhgoqzssfnjmp
lqyccijckjoicsgasdxbzjo
lrglmwanrxrfnwakztgj
ltazd
ltfhulidr
lvuvkzyidsapb
lvuzfjyzez
lwxfaigayrueicufdiamhtkbxotd
lyampfecpefveaipmvenz
lzpyuf
mal
maurkrkztjoihs
mbwqwrwyqwvvadszo
mdrwwlgeejzsgtxtcxgtkiijv
meivvcshyvh
mfgthkjhb
mfkuwfzvln
mfop
mgpvkbagpln
mgymwjlcobgwxw
mhshnojhkzgenzqyymtjobdy
micvfdnrjivoasb
mlchkbaiwvjw
mlhpsbomoyevwfuofkruxnyniirjm
mlsmoedqzgyofxeukzf
mmisyykpdxpdwx
moivfhjlrwyaxawge
monkuyznprslckhltssprhocndphq
mphnqkamhurktr
mpzvqfld
mqogmwshhh
mrkklkxhfkbxwbzdwoym
msrueecxkqkrudlmzgdtnhmivnn
mtcpzgxxmwybdfpvjaouznv
mtevwbpjogzfcpsbpnkxcrvttypv
mtwrmftodjaq
murbmgdsfsvfw
mveugmwhwjev
mvlfhn
mvtjpsvuzyz
mvyqhtqwfyi
mwvvfdlggm
mxlojavyaifjgmtminmvdosqf
mxxciq
nafrvatyhsqcbitsttwi
naw
nbgdiwglpzg
nbwkatcybmfoccwqwreozfhgi
nchxssjluhl
ncnipmhufmhjgqeibwvilqfvd
ncpeqrxed
nddtebsikihelhw
ndrriugosebhxfqgbvujfpjk
nesmnibvbsmau
nfia
ngl
nhqnzvlinkgnyyu
niiwkfgtjt
niwl
nixayeehkotoognwnvxdxldnbiv
niywwiphcafvtqavadjjsk
nj
njnhhnbyqisqdikzxd
nkaeqmarvxumkrnjco
nkkzlyfntungjvd
nkrvkcofdgbbgpdoxjuuyyckitfd
nkxtlzqfljnwkxgkf
nmfowakldkh
nnhhtzidvaglnaabik
npbziemvvnjndozrxkx
npylkogornnrsffgoiuhykk
nrcokm
nrdfdjxgdzqwmoenqwjubtsdatnusz
nrrbrjrngcpeqjykpnqmcjozlpv
nstuixndwl
ntmlqylkmnjgcrbioyhdob
nulrxvtvlukauandgwr
nuotrgubfzfkeebr
nwhxnu
nyvgxxcuhkrhrw
nznahzgiscuwpnhhealsvfdjet
oaucelq
ob
obfrdpflpcamwsyekwcwwdoxha
octepphrxhbxwlsachzxmjsagt
odwjndutkddlmmtvf
oeqznbhycwmfyaqqiannyhq
ofcjrykvk
oghjcioavjlltihsdecopkhok
ogvfrnymopfwpnfuzeihxyxan
ogzoonqggswbgstptlvpcn
ohfwsiutcukynpugzkutternuxyxls
oiaevdvkkiaualcupfkucuoz
oilf
oillteumqhanorobnellcggjbhuru
oilyodkmntfzpnyefbpupsfa
oiojlwhypnv
ojhklrvdbtahspvzmrkqhw
okxfpbdvkkkqbq
oljbtxkqunoxvifpyeh
omflnozocgcwkwidmvochzffthrnk
omwqtoesfxxw
onplfjfdwoovmyakhuwjvwmrvooosz
oooupnedksdgpmhhdaqbsqr
ootfgywxwbitmdpbeyosbuego
opocfsvylhiqyqnqyekjovyzeq
opqmqtknkcvtnzzqvjluk
oslaqkxzehzegkwutiypzvvztdurg
oslpnpiameodatjtuifju
othajkigrusx
otrjavmwe
otszfdheuh
oubkgqpxjsib
ovtbmxolapgqwrsnpihlkgoyuxiu
ovwmxqnquatgxf
ovxmrawzswpfncnfytmcfvwnrm
owbnoqngwhnabasrrxkw
owhhfrxrunzasvnhxglcjgulmgq
owkryienughakqbkvlq
owkufwervncrlywah
owkuvxdjbsiewwezhqaw
owrmvvjiqswricmzsxavd
oxgcosg
oxyhldofouljecfaykdwrag
oyndqvifrmgimordocaoghs
oysbauifytjuxopzwhpwhquipm
pagp
pbqspejzhcjxtbblr
pbt
pdqnfgibfdkosezirmhhporcofxz
pecdoxklsfpf
peesppvqpsijj
penemwborifsuqhceskmkhssmv
pgncmqbxb
phmlmgwzlejutpgovbi
pimau
pizhwzizcyuceglmmbgyg
pjchnvlkua
pjklrc
pjsilnwaxynurbaetscd
pkvv
povoetchaocefu
poxqkbfluizxbkdoirybhkoma
pqhqmakaakxs
prytgosdfawssvgoi
psiwgizupagtx
psmnruiclcipom
pspxnvjiupaly
ptzqsouxq
pudujhspmdgnvryokofhdtntp
pukpmdbdjwsksblepefqlmcdqwdj
punugeajdgzsjewsqrmjzssbx
pvcmmejgnencpcueawagf
pwajhgqzbxwjdavukadllyhbldp
pwefaucltzwsxzimwdl
pxpzuaqaveqpvqmclbmgqi
pzbpkxscribpjszfllgqwfwylofoi
pzjik
pzvbrisyq
qagsefi
qayylwqboqrkavlc
qbctkqyktunvvfvkppimycmxf
qbzkzmzirkegf
qbzndwtngrhbtjmenqbwgmigfvf
qcae
qckcotzgkubm
qdqchqqislbwi
qdqiauapwkczxrxopeneux
qdvfkadwmhisjtbeppibxnvcf
qelquhlhj
qfiffcotcdksgeodapdn
qftmplnggnssomwneqg
qfvewfqsadrkflmzocegfyb
qh
qiajcbjvkzviasfcptxhqkhhn
qiehghmimtxbastmvcaqzaysbuh
qiirfhcecjjj
qjbjsygen
qnburdkwlmxxexyjcp
qnwcojtkgqqsmagykhxffny
qo
qpvtvzsyhwcrbniou
qpztw
qqqegdxmecjzblefwdbrynrpvjgpur
qsptevsurp
qsymcwveyxvouhaz
qszfosofzshcsguvakgsluiixbxf
qszxquvgypnvbnpegezuotwtkcy
qtdmqbqpocwuiydfqphpcs
qtrwccykksubcexruojk
qvotcaytbtuzdtwsysjrvrw
qwowqupne
qwtjnuyrcrxugljohdgktq
qxxkarhohnpcazkospbjlzw
qzgeyybxnpktr
qzkwqpdmbzjuprjwotmknh
rbdmizufrnoftjrqykal
rbtaqwitjbytxxzgtctq
rdnarbsvxeu
rdpsgawmvofcgjhxirb
rdxvyophzpdfetplyghrwno
rfosbrqdzvullmxeqlqqpcbceq
rihsuqgjoummbxdbcgraucbm
rjrqnl
rjvkdofh
rlrgfdgeqhwheidhvjgootun
rmbsztsshfroefwsjrxjhguz
rnmbnxuzehmwuesllfsgyvsnj
rotqpoxmwhhwewnvcbvdkuzi
rp
rphzlcepaytfaveopszrnkvnehrj
rprfuxvgxxtgxmaabrnj
rptm
rqecckytskuakgfgxldt
rqyyivcro
rrfpviand
rsgapjklmfbiz
rsgjlbhbkdsnmmew
rsiqpikuynrzuzukqemxuwfch
ruepffdeqhrzyxyayxhuksmlo
rurnyjgpaosbxrkdikcosgmrc
ruviomrejbsewqy
rvgvh
rvpixcmw
rvrcwloteoazcpgmhtmpygssipgaaw
rvz
rwmtsisewycfmqxguvxxbpfawps
rwnxrzdlaj
rxfuamljmgxsdhlyy
rxpdotrslhutjrxternpkxfw
rxpisl
rxrlgiwjjoihlahrsqzrwasnmok
rygydqdhltrst
rymvtnguiwrjmhuysh
rzdxadeibohlgjrsikhyozkrhgwji
rzkhezknbhrsf
rzrosdqwsmtcjghecqudosr
sbetmfxazrhxuw
sbjwzcfgasmu
sbqaofzcmauqwohbznlqztiavapzkd
sbrbbrtownjzdhqqqsowmwr
scefilw
sdfwyijfz
sdgxoexgxxmoxxoihi
sdyuyzpylvprnfeqmtltfaegzieh
sejgbrjudxppxwaadji
sfifrkzovjqzdghjiwcshodbv
sfjnyuctk
sfqgbtbfgoazhnpscoln
sfwrbuvdunvdxvytfokqqkgpkmssvq
sfy
shkgxyqnynigcr
siifkknaknhuifjuuzsfcfmasbbsm
sixsozcfkfnhdtgtjgdkkbkl
sjnjvpzqr
skefcvcweixjzpf
skszuxduiecgn
sktcyleyeyfmsilcvahr
slrmktgbcgytstbjztlta
slrruibfwmsmzsotiqxdzwtklo
smxhsuucycdcmv
snlxhbbifjshseb
sqfubvxctepvmljohzxxoolnvl
sqhnysqknfkspxkhygsiqmpb
sqjdbfts
sqlhlanroccwz
sqtdznanfrwnax
srerleefuadmspfcngsiojmrsxxpxk
srmmpgi
ssjdyxqmk
ssjk
sskchxhsftanjkldqjx
ssp
sssjtdxeqfiikecjtydo
sumykhyyhhbyjbqwvwenk
sxttobbgqngvvpjgoj
syrp
szrfnypyxzomwpazmwemoghmbm
szrsmtknfdlkyfkqrvmoczhph
tadmaepyyrnzt
tahiayxsljonybsenw
tappwgzpdpyzkzcvbntcvfxsx
tbftckgxa
tbvvz
tcdsrtcqkcjjtoza
tczfbawgfgwf
tfiekixeyrfcpxscjkcfgqmyh
tflbgsfnpcu
tgiyytklphnphbwyostmwhsjrqpr
tiejnaelih
tignhzkjpjqfv
tjaxrgpnotiktjvrjtiyyt
tkupfdjroebvzfrk
tkyfgvsmskscinmqjlgccfnfkgphx
tlbjqdowkrmterjfu
tlejoaywuprrrbpxaqejq
tnbltsx
tnkuqsgokzzhsst
tpapwqqcilugglcuvqsfxjfctkvbu
tpeoftesjiiqv
tplblyekheniwazjrnhevtabdpkwz
tqrketseccfoc
trsakepcrdnlohugrvbxohjkdc
ttiufvwgnacrmh
tucgpeekqbtqvxbysvkdgglfydy
tuf
tumzjdl
tvgkslbisqzrgtm
tvkxipei
tvqkvemjaxjnbejmfevjnlotiehfpu
tvrp
tvs
twddovdeiktstoomktoep
twokiioxhopmtrbqbpdiqhohvetj
twrlzkcsqphmsfyiyx
txiebqkdl
txtiudjjfjmmajekmmzpmodinhnsqv
txxeumzfwyucpabqseffunqpkfnn
tyjoftsxutfzzdnqhpbwdfoseayw
tzuhtt
uabuqcimcnlhqo
ubbinrmzeyoqdndfzagiwnxgptqe
ubszjfhlckcmvd
ucneescmnonffkmjgtapvichvd
udwdfzlktbqdxgyyiudsjvezkme
ueeyszsddbzy
ueincpwkjipflltsrmobfyzoafldbh
ufwacstkagxghdllrkfsa
ugkzuwugysowppnfwfzwkiidk
ugzimwexvwauilsuisuhpni
uhumbsgsugihvff
ujpxsefyutxrzmcd
ujreqhwjgzhywtoslbxwozopccjbzo
ujxvekbtmbjayzpbcyvzdofau
ukxqjhvtuixmsmgvbxhww
umepneijthhihdzhddcicew
uooqrpuvefaerynkuxnmqa
upzwweiqurpixiqflduuveoow
us
ustfvambekskxjbou
utrolsqeegxzvsmro
utsjnbzm
uurehx
uuscgbtrabptzadbzjhtbjtl
uvn
uvzsmkdxmghrnbp
uvzwztjrwovttlnkz
uwjo
uwqvwtthhhugjzmfeuinipb
uxwfqfxsl
uyqxqzvclc
uys
vbbckhomkcqmixrcladcsrvphs
vbcxfd
vbecrhgeg
vcgt
vcohvsbainzcisdcxxrbm
vdkocsaehfcilqjoevajnjttknrs
vdqrktvbmalnnfjygxzsn
veevljstoq
vfaxcgbwgjiwgdtv
vflrcnpolpy
vfsqibc
vgaocaqyzdskgcfhpyfa
vhrfomidtwrxm
vhrwtfdukxffjpsswyxlijjh
vhshzyavqyecztozoab
vjlkqxxbvwzzcmvmxmvkdhdc
vjrngcsonhtlbn
vlaucjpxisyrlvaxdok
vmvjzfljxqrmttqhtjllpojsgt
vnlha
vnq
vofzpxvwluxviiassqgpsm
vp
vposaqadmq
vqk
vqtkjpqzyyhhtxmj
vraxdii
vrjcdbrujxcmqu
vrnnmzxlbofdgrqrqcfapkyfh
vrrsrvrzditnwaisnohgxlej
vsddkasmlqoejqwgi
vsdoeiucvuctitpmrqfzb
vtltotimheyw
vtsgsblthridmuzpmppdam
vuavynvgabiirqzhmeqoboyow
vvehjyqhdrfvvtawzwylpzywcjeetw
vvenyjvqbpd
vvephmnyolomaz
vwyuzlqztdsp
vxlznyurqhbyun
vxudbtztqploeg
vxxxrtmvxkujiirotzflbvxclbq
vxxzrjpxkjmknztljuxdeklplwyth
vyfonsiisuxzqlvdg
vyhfdyvlquxizmkmsgnvjeqfg
vzmndreanwqxcdlpsivbrbayuuwgul
wbanfocul
wbfnmhccfhstxn
wbshemcisgxrjwdrenvqotvqlddpd
wchjf
weeitmmycmvmqmlbrjhoywmsbtdj
wfjprznbgucuaviusjmbukhcbfcqnv
wgefhjesvhtizioj
wgoljpdsyqncsdjsdcxxyrghrwpqi
wjhpmfqvkdmwoispaqihj
wngvyntfahwjxwvqd
wrqpl
wrvfymybqnxzgsfrrjdexwkksbdn
wskejmrodan
wtliar
wtwkkxlcbhqkvcswjebkrjl
wvnakwvvdycxcz
wybxduunfsksrsr
wymynwgruanejfdmgpx
wyqwacgn
wysyopq
wysz
wzeewzkaojursqgsczv
wziowkacajmueprmdycmkgobuz
xaheifmunfxdaxvszwhvt
xc
xcarvlweqhhznffupscw
xch
xcmhpfxth
xdokhkmm
xeappurlrrjcwlcvcpyexskodamxj
xeckutjkqdqdxupuqowybihkeka
xezkfygoaacic
xfkidxhoafyesy
xfpnbjuwqcxunkdmsumeqskofjubdl
xgxzkianvnorcwkpcidrbqgcq
xhrwcibvnxfezzxurwjqwti
xidcttwmomz
xjglppknnrdahsafewco
xjpmioctwui
xkhkxwrmvoeuuvcltb
xkmn
xkqtdfzxffvabqqjwdxq
xlsaukqyslyhdyayfpnkrerjruliw
xlwn
xmeuxlaujzfofahh
xmr
xmwtgoevauyb
xnpqjnbkcpdmokalxa
xnqxsfsfecfjgcekv
xphoohpkwq
xpndawe
xpvtustzlmug
xqfqsrzbfnjkfig
xqnaedhtcfuxrcwrdjped
xqnepdtpnvxmqzorsqidp
xqznqt
xrlrhobyzbcujkecfita
xrm
xrqbtelliscx
xtvrtqcku
xukwyzcprskwgxulsuckbsepje
xuozbuazjhcknyqzkcqkxruxfmhfsg
xwmmoazwjvssjmojcodou
xxaafebogzangkarrbqxmf
xxlsuwlpegvdfjrgmgqbgd
xywxyqsjbcxqnsb
yabmxrahqpgbvsi
yafhaar
yaggaf
ybcqvrkvkndurtgmfaehzytpp
yckhzhtgfth
yedchqvay
yegbkqsnlgafn
yehwlyfkiesvdegfgwfzfpighsxj
yemmugbpboqbgjqqj
ygklcbiymgktrbxwcamwmjqygzo
yiygyobdoedacegkqjmjunamhuc
ykivfijodyvluqldgeigvg
ylbtieucfeoqkqdcyontjoavkho
ylqzglmf
ymdzubgvqiaegsys
ynivinkelytyqvlwdkvmdeukpbi
ynwatnlotqqwsxmnuiyxdhqjjnbpnn
yoluluxzcbigwhfrwdiidvvvlm
yppmtchwilnveczpbwnwdnc
yqjvjgbawa
yqquqgqcc
yrarxsvkhtqdihersigbhzjzujxm
yrdz
yrvdchmswmutw
yrytaeyqrjuvv
ysrwmqojahyqmfevsdcomryhgdm
ytmmcprc
ytyjwpkm
yucclqzcxtawhxkhalp
yvcyrmpcemlzcqkmsrp
yvlftxolotkjssfluc
ywddotkqsojpesjtml
yxfodmssqgfwmuqdswilnjnir
yxiotyiksgxwtgye
yxyhlcmxgcixvvgb
yy
yydqossqkochkautxvqvmwrltoq
yyeshqlzmrewqnkq
yzalwuiuzteyctm
yzdyyqbeovqnlwcqtaemunogmxw
zakvcrqtzfcxjvvyxgbrvsycq
zalkhuhn
zaxt
zbcdccbkpcdfbhjvyaxcv
zbcpmrvevgmrc
zbltinmzbkjy
zeafbslkpbdhwwt
zezgpyvfowbdtokoxlvth
zfijemiemcmicruqk
zgrrriuqjolwmbwoxqntzqmocqtk
zhw
ziv
zjfxchwddxonzmnjv
zkgrnrkiqkrtcqjt
zkiqxripuomxpvjmagvcbwhqac
zkspapplaifcijgltssndpskowvz
zlhgvvbaqzcvbmdralhdltheyjueb
zlkoriebsupc
zlolmcgvruncmawflyqrtb
zmsv
zmtf
znkiswldlvrlvindsil
znzrgdkk
zo
zpdxyvtpageptqajcvziz
zqptqoqsvysydrmz
zqyvgafxrjjnsvxmzo
zrljhjuwkzy
zsagsqzqbg
zselpphuer
zspqrpiyqwr
zsypydtxweoxgnlxro
zu
zvafdgiiarkqsp
zvanx
zvrtaobjuhqdzdasg
zwuzawjtlzg
zxzqp
abfnjkbjxtrdhpbcnlnkshjskzyb
abilywkeytdmbdrjpmrv
abuxbtcvnauc
acjfynzvyuoolkqcdmbstk
aclo
actyyf
adalljreqtkhudblp
adssuqawynlcaxciyrctfc
aepaibuzvfkuqifaflaquhcbzkjv
aewwxmqgwqqbgqluodi
aexxtnlhkhvtjjhufgwcsb
afcy
afkueqdjszrulnsnjhrnkfqbe
aflrexsrrfcnri
agruvxcpmfljigntqrshlbafkc
ahakivmyp
ahgxjhzjbeplttriabwucrj
ahpyejivkxndjyjbmxjpcx
ajlxjdvjkhrxtu
ajnovhzakakmolqgjh
akchhppretonbsf
akfkkuhedfjgptkivdz
akudkpedupkczlhwuskdnevdcplbkl
alzdbdrf
ao
aoojkjvddffzzkpt
apihoxuuff
apmsniqxlufodyk
apqvcvokhndduvkd
apsovguwand
apxldnhb
aqo
aqviouhhdenowzyx
ashjmobnzl
asptskqyhitauzfablpqlkukahm
atgsfenzvnxwxi
atprwskxzcznf
auqv
aweqplmyizipdc
ax
axfbkeieizqfur
ba
bafbqxeuxfpavpwplg
bajp
bbbvoqozkyna
bbjtrbdluckfmojosvkfhvlphon
bbxomkcjdzlquodwmuwtidgd
bchljwomfayogwpofftntisnmpzft
bcxqdqqfzjbnzsyqiw
bddndodxeuiozioiuozxqtihwa
bdhaxcq
bdiik
bdxr
bfahpvmgbimyjqdd
bglcsgdkqjthgeyygoosyzyhtqgvd
bgzvbafazjohqs
bhmkqlwhqnghlvlzg
bhowejazhkwcmmtpixxxlzqysxtwwt
bijilnhiiulltovbeflwlpbhy
bizmyqpthdmzeiegqcj
bjch
bjhqyolvdyjgvukmpeumn
bkurehr
bltofp
bmgsmbehrpuffkusyyptjywrm
bptepmjipo
bpxizpeunuqoxkkbnxbzmehakc
bqrnrvjd
brb
brrfbniqfkiz
brrlhpbesbtvxhrichqxbvse
bsjgxoqiqk
bukk
buumshfishwmenzynrnlwmqk
bwtjaju
bwxeeubcrtzwtayngocvzlv
bxxzkghsk
byerqnqdumrvbmdrorq
byxvofglfmjxbmthzbo
cbjzjvdfnwygc
cbrcuietprkrogivxn
cceobarchkmicwrsvnaeyt
cctprrb
cddiuteiojwayyzpvs
cejdbnijjy
celyntgpbzxgtxdudiwoiehl
cemtxohqly
ceul
cfmduwzdwqoykhsrvcq
cguadovclqmjvvubekzdezu
chq
chvkwyevslzcdubkczd
cjbrsznigxarwrbdsrnriopvrsdrph
cjehxgpbprnhdeqsfzpkbxmuqqw
cjyyxmzstiqnxgeo
ckyufymhjciwefopxnheerxvo
clnzhldoylvlut
clqvwgpokcbqcybh
clzlydzesmjtkzmt
cmhazwawye
cmwm
cmzkdhqsozscwhecpq
cnvexbwsxvoqxdypqrqdhpiannum
codirrkov
conol
covkqsnhgcgbaiosrkh
cpnmdlfnnugdnlmczadtf
cqarabjtzoyaggcynkn
cqbrsqhj
cqpktlmwx
cqwnwc
crvirnwfuhdbexbznjxhzinjboqv
crxdqfgwpgrbibppzkzldjmkgdbqrt
cswiilcj
cudhnefnjhaimuczfskuiduburi
cuhflbrhqboctdtnlmwwv
cutsqmrkmcfvslpddwrsmzlvqak
cvblpsxsperhkshrdncch
cvwthaxekatkzwgzmcroys
cwetlqnjwavyem
cwpknlqwy
cwwpdyjvctvfamc
cxalwxitsevbcejgfgwo
cxqmetvmraiwx
cxsjjbhiqnvoc
cydlomzid
cziawo
czzwibowhgcxskfuubur
daaoxraojotjufsturtjhu
daczvrfjcszovh
dbebvuwj
dbmbgmrgfwzb
dcfvxaisdajyxlkdpotdqpgcesqhr
ddxnmmpvfm
dfeahswapjhyrucrihf
dggtwadzkdq
dgmqafrhiqovelhkecwxqzjh
dhracfrmipabydxkgcjho
djjwtsklapusm
djpir
dkexdtquvptteyhtlq
dksfsyreeeozjcnatqlkyl
dlplcggolhkzvwrib
dlrwamnkyxjsxpfdlzehbgkvypxf
dmklfczlgmcmph
dnd
dnmuuxnpsoufznneededavdwcqxnq
dnrudjzkhackncqqcmolfhas
dpibhikzvnjrhjhgbivpwssl
dplkupjrwvzbbgcwnhzcvqgssupk
dppic
dptpvjwtgddndbyqffxmh
dpudbppenjc
dpzdxeikwnwxrp
dpznhruouvm
dqcbdackcwxhuou
dqeelkpke
drbkdfj
drrxbbmyrfdzlvootre
drxjstcwrsxg
dsskptwrlgwzchmoz
dtlrdqfqigbbrpeziyjwh
dtycucvcheqvnuyrbphldachd
du
duojhhdwuabkwawymrdrc
dvdxro
dvpiuvzoxnomcinlpykv
dwfugghbkiqcdjtiwc
dwprskyrwjphepyxy
dwvnqrbhenvlgqwgfunohtiuezphzb
dykaopsaqtssqoaooyizpcv
dymbijkdkbwutvihcvyqplb
dzvmtarysjjmlyanupxj
eadcisdzrmcpoauflwkmeauumzdst
eak
edooa
eeagamnin
efbq
eftmr
egrpunkdmbppweqtgj
egwdtduvxoodotwxl
ehyizksudnaiyemgplxfy
eifzhagcssbatbbilnifmzy
ejnrtibvnjepfqdsmv
ekgkruxhjwlpchnfvdgambefhdce
ekhewnwvpxtkcghzgdzkxqg
ekjwpvxvazlqvvgpenon
elcgaxobstvpb
elekrvswdrfedpvolpmremaqsqast
emakmunmaxiomkeywcof
eojk
epqdmvcrmdk
eptbzjoksavtbepaealbjnidotb
eslozmqwfijgyjtp
etnlhyezazxqblittfqdj
etpdvazkqk
etwfxfozukqrmox
etwsewrhzbmlnrbirdurdppcqqx
evktqzlpogpwrzcggpsyvuvsdmb
ewe
ewsbekbuzewnoszaj
exlrqla
eznuemiebhlgq
fbolkezy
fdcyjsysfobvuszgvovmstvv
fdjpyeevdgg
fgyusowzxsgyjiaypfutn
fgzmclnnjnzcsxppcghklrfuptf
fhiitrnriovshaavb
fhjeuynllr
fhwcquagpmzv
fid
fivmojiripxihriemtnehbqvezpip
fjatsmjrnbqjugruarjqj
fjbixtdntmktzuvykekrlonupxutj
fjmmjclgaadwhiituggpsk
fjxqevwcirnnz
fktsnsnvclwkncgfnfp
flqvdkgofc
fnasl
fnrpnxzmuazoyrhko
fnxwihn
fonkbrbtgpokarpxtekvyhwr
fowkfyhzoptxs
fprrjwpdlpfkqgxqsdvycjjqsdqtru
frrchoxhinrduwvpqvt
frxrrontlpkxwntzh
fsojfr
ftjqaruunxyjgwmwwp
ftquixrehfxgulpmdyzvkxn
ftvqyujbhazwbbqh
funvboeyrdxykmqccqxgymgvtx
fvttiexcc
fvuvyyygradizacyyfmjqjr
fvvxdphqdpxcwnakyaivkjsqufcg
fwlvqlahth
fwvifrqsmrgqcovjrfgtqtqgn
fxn
fysvkcsfn
fyuwkoabailcor
fzwdbqrnehhbpqkqexowyrvhlsuq
gafcuzme
gatgnvadcunluubxbqubfhwvrtbus
gbecat
gblpchgflyvruihbp
gcfjdkoopmshqdpiyxpfghflpy
gcgwaldepybnzahqbwcceaapahvsy
gdzjylq
geqioksbonxrtlgtfgbijkdijccmt
gerszchaoeebcvyatgajt
getigjvojvdgnrtxqvetzf
gf
gffmrarsvg
gfmzfvrqffhxh
gfmzkgi
gfwawlyzgk
ggcxfgrjmarwupayb
gh
ghiititholnbxxwob
gi
girwpvnly
giwqzxqxnhvg
gkjelrlpax
glfdagy
gmhpaojoiqpqtxtucrorys
gmjuxmvgr
gms
goaxiusxharyevoznqgqbteqmppcii
gofc
gowqinrijvhgbqvuols
gpqwaabeouhodvzfo
gpscrpespqaticith
gqwulbavnzekitfqnply
grdtwprdftbuvfzakp
grgbahjqrdppvti
grkhr
groohrhudidgv
gtaejdxnksieqzpfspn
gulrlzizfpsrpzytjwrkaazwro
guttxwhyjtanbipawaxfv
gvdzggcxmlazzugkuoeviu
gvxjcnj
gwqjgjknonxhilrkjwllctadxk
gx
gycywsnwojtjtjrviwidvxejnf
gzawyxiezqxofmxhkenaevgf
gzmgyjwvnty
gzmifqydsrzebvieremkydqva
gzrrofyotouubaa
haviarudx
hbozzyrvpdrkejejp
hcevzxegqrhqciktcgjwogrq
hdotqfji
hetvfwafgrxqmugpjfdldzksk
hfas
hfqwmkkwgctjqksvgkixlmksjxu
hgdmqhsjqxogkuimwgducsmccqt
hgfseiexvjvwwkasymwiammkempn
hgpln
hgwzjxsnleehpsl
hitlpplfx
hjdjehekkkhxajgzeeumckkz
hjwzwmozecrznjkfrvkrmrdwroa
hkncbcxqklxrtedy
hlajtyqrffhmmiihfmh
hledln
hlekz
hlprljpuwmgbtlwk
hmkbmglfbwikmbyus
hmmcntezkmqkwkdnurgnjsrjjcfnka
hoatsvhxhbr
hoevnhxbrhhfobgyw
hpksmkfoqveqffmovddpik
hpoelfnlhcpzcpsz
hptejtrirw
hq
hqhqfnabefbjpsxhrkcqpdrwkgcgdz
hqnvhzlkfannhaadjiciouesyaup
hrqgnnfkq
htghufmlijnijbo
httudsvyniez
huutqjkzialibehuhsqbv
huwdtnpohiz
hwkh
hxm
hyrwfynueqlyw
hzsmpbzltcbsj
iazzmrliqindgtunpqmqxhpoghky
ibbvmaqc
iclqljtkvnbimpdk
icyu
iczpusswafkenwemoci
idtmesolwuqv
idyaxyqleprxibexxyfvsdd
ifl
igaipyhbbxi
iidrkjdajrvkygtkej
iin
iknehramlocwzyeyvfn
ilf
imarqesxiletzkh
imf
inlcgp
iqkqlfuyk
irfkdxhkrnzdcthsmickcrpn
irmlrkiyfssaoshozzyhytzbkokmbw
irrwzlvxaiugcsbdk
isgcdyimabdoaojarwmau
isisactabnjvsnuykoinlvfa
isvmm
itoqxlxunuj
itwskiuimamb
iuxprznklwlmz
ivcqgwakjrfalitzzkrxsgkjdfq
ivkeozadqrygpsyax
iwpxewylutgroycxcdjb
ixfyl
ixsxu
iy
iycxrqpwpwjffwxviigtqd
iz
jacqhnwdagnvxesfrfiefaabr
jahrjpshxupmtefoymgpguou
jazuinaevyyatqmehmwbzgylhepujq
jccvhhrjvbjts
jdpmoxbyuyopqjkztvjgkw
jdpvyqxk
jdvbjwsbyvhakft
jenzsbdoybvqaur
jevmwmwsxncwxzgkhtwwnthwr
jewngdkjshonwzjmlturixagwdsuit
jfgvpifyidttggsdyjbvol
jfhqyudwtigbjtm
jfhswtpsrrzndttaqntaisuok
jhfabtwlxxlhunwuipargjs
jikdqxmoxnegaandeavfudc
jipbesovrmp
jiytslm
jjtheaygxhnqmgn
jkecqhjjonfeeenknpiqbbzlao
jkhbtclk
jkybaajhbzbjby
jl
jlekuiswdlfbvlnxvj
jlpsdahg
jmpfdcyqtrcvvvtrffvpekkqmcup
jmskgaplcjjltqtrozamuinystpkl
jncdpohjgawzvmrbxkoge
jncgohwxdolsqi
jnhsygepablvdnbaufy
jntecbhrhantyehfnaxrfquodw
jntjvrnrsnex
jokkbbafviqr
jqjbznfrnelhnnuohdzyslrayn
jrjlnjqm
jsqbcfypobicfgazyk
jtjfkfbcxiepzhuxwhlfqp
jughvnlchqkmwezrtexzlichqzgahc
juuprliuzf
juuqqiqmeoqwxtiiadgbdwdjjdtg
juxpmtetglidssks
jwnchximybgupbcmstfb
jwwigqlsgac
jxkwpshkcydaoxlrmydws
jyjjrrqmthrlbackxudvuok
jyklecascnjqyiragf
jysdxmaufloiyzv
jyvkuoapdvfbug
jyxmqhtpffi
jzdadjsx
jzswbdrsqndltwbrrlildhga
jzvojusjjhibykggyhdd
kazsflxephdalafclmigyadrbut
kbrgehppkdlmwpzeouyxptetfggp
kcv
kdabx
kdvvuotxjrahjyjvrmzooqd
kelfnj
kfttshfireclfzmjcgfkcjskqhqr
kfvxrglksabkjgpjrfiqow
khnpbmemejsoz
kidwvosrcd
kjibettfswvqufknachwzoltzdwt
kjykgcamxttddjwupvedol
kksgjjhdxuhhztg
klkemuapmotriuyroiqggclenyel
kmbfspopt
knsknctqghfebifipnwev
kntetanhfgorla
kntoplv
kpkyvrnniwsjcf
kptbziwfgxyxtzdmdkmgb
kqgwdjbdxfd
krasqcq
krxgthkkwwpkqbbwwxvdaknjxetv
ksbxeestgp
kscsccq
ktvrnmxsrrlftnij
kucoaxrydfti
kuq
kvdakryf
kvgeibtzcutvz
kxjzubuaccl
kxsjxjwaqoaqregnvgabv
kyamanwuzbqjlhzez
kyqbvxhxmmui
kyszsxmfkkcbphmodcmofyxuzyx
kzpbwctrbxxdihf
laxklpmlgcfhfhpwtpbijzpbrq
lcjrfdixdlj
lduihpbukpcjuwz
leejqdfpgfwvacgtxyqqiqqyd
legxxeqfivcorpczc
lemkimipecehlbtmbwnkdx
lepifzxzabc
lf
lflyadiozosxinxmfk
lfsviodckdjtjczzpakcxrngxi
lfuphqimupmqeqqaufakomya
lgcoxpipytd
lgotaxszxffw
lhgwufy
lhobdwxadysonqdgbn
likga
llrbrhimocyyghbavlwgtxhqqwqtn
lmbupmktlptndmpdsydsgv
lmds
lmmgjqavq
lnzxrwuyauq
lpzadfegazdmhwgl
lqgpwjpltjfrqcocqxylut
lrvkxfmaplzfrkvadlylbibqtnb
lrwxsrdszlvdzdjtt
lryjrzgwvrmaecmznsbowavpb
ls
luwvtuhzaynpmp
lvhqhrmbftgvxs
lvpqfwcsdyxrjnectujfjhgbrwghj
lwzzfhmzciilfuqwkmc
lxi
lxtchegb
lxtodownix
lxtxialmcktsrxylbcossdxpfrylru
lzboyforvespphluejh
lzgtvdcyltfp
lznowgndloliztbveuao
ma
magitujrlnicfiazavydtzfhnacqg
mahwoizadxgivsh
mbrafr
mbyhhbqjwjwljop
mbypbjyvgdf
mcpf
mdltcqzgcaiwswfyryhcwwiaruhii
mejhrabtbkozfplzojsbsmezakavpz
mfjpivcprsyddeekcydw
mfsrkrmihhyfvkcjkxv
mgrxjdxzqfplwsoqpeiwfihyvk
mifdkpyggtedvqdlt
mivhbfwfbexsojqgoaahynhehjs
mjwsir
mlcujmggvp
mlnlhylolfgjuept
mmatyloejqyxpewdfhqrztxvwvibm
mmjdyowycbaroggwp
mnawfcgyvptxeyqcpiy
mnddxfdmvzcautdcckxaayd
mnvraso
mnyrfabyfnfncywxzhjnmfmaevme
moldplvbwrvtsa
mpbjbtduesrr
mpnkxekxogcxpqaso
mqhibngjtgrkpferayxdznp
mqlfwzjfqvbenlerlkyawolvbtyz
msnsnqivmvubcwtfsrqtmkne
msodnsnjygufgepqpwwegkh
msucxhkhpavmg
mtank
mtjqbickmaameizjiqrm
mtocrauojkait
mudim
muhwrlvsikqhckfmbltfnttis
muiioltyszgtrtsazhvinubdr
murslieptsxbruufqj
mvpsl
mwdhaxsoogvbfcgqswzzsfhkulbqf
mx
mymhysoicwuohferebeacazuvjoxyi
mypcoankmoo
mzmbfcktwcudmqwnymdfhuyn
nagkwtgcsnwuz
nbxrdhjngjvepaoan
ncdoyjjhgfnjbbuaqkytx
nczbdjw
ne
ngbljxjeflfjiucdzksusl
nhnnzlkznsyevyavpvqvecmxiylyju
nilvwxvjhhyk
nimdlxmjydaxyjn
nir
nmjqyqkuupwkaeqirv
nmxlpxttzpkolybyjjhnmtaqps
norkmvftjvttqbpnpmbvy
npbrckwolworuxdvqh
nrfagdovulnwoclgby
nrtqs
nsvdz
ntaeoqlzeyitmikthwhdtyio
nvultkjjzthqilbntcvczvjkuetx
nwmvjvlqiffhhzdgjqbzgectw
nwvinnbrh
nxkmdqfqngaknblghqjytsd
nxswkbduuflaolttugfhrjtdopv
nxvpqfodofrezbyoijkgybnaris
nyfxzfzhidpadzhwmqhuojjwe
nypqfoovio
nzrklinnwzjogpkeffgdowelk
oaljjgxpxslrqb
obauzpglfnfvinvwglmyj
obnwpsxaakgeqan
obowxmddctz
ocnozhucxtjmqpcnqnppovzwxymda
odlckcukifajjem
oesor
ofvrjiowikgbchzlphymnyfugicc
ogaogarovmoznbyucbzvtkfqq
ogclbndzvagr
ognire
ogpkmtdlvxrvljsupqiuefburedxu
ohvlzmiovriwkbhb
ohw
ojskkvfxahhjmbocljarintd
olbjxpdcyxqfilraqigizvwhqohv
olk
olzh
omfioarxnrvrubfupmr
onwafxwhgbibabvqop
oovisrkeddaxygwqhqlsyqcmu
oowcnkiqbnjqqakzcxfgsyzfywzuce
opeboyodywpjjsjegprprruhem
oqnmicxapzarknnxtuuf
oqothggtdrdolgjm
orcjoibxgr
oruzp
osqyvpbzedkyyomyjnn
ouelkdso
ouyhrewgqvdalkcmpxrhhgngpwfg
ovd
ovdsyuuq
overscjzbkmzdndosiyhtyavoxh
owartswyiud
owmgu
oydukieaivcdfjsankj
ozfakprcixqidyvafmc
pbhheysp
pbszxsbziyrvg
pdbie
pdgpcdmni
pdrmemzrjaxdihjrhmmbzovc
pdyoghlminnoua
pfclaswlfkn
pfltvbagsogk
pfxwgprpseaccxkwvixvfhqfaw
pfymrmqhucgomdiuxemxbzyslvl
pgirkslegu
phjm
picqrjpshtqf
pifhcdzkdizjgwinprlogjxtiejri
piwttegdcdwattlbzqxqkpmxehezem
piyogkrslaqfyvlgrobq
pkq
pkwlbmjahtputieb
pkxkuexhxlv
pkzgalnzocexcjwppyzzclvkatn
pmbltisciqfpngnqmagxhfzfkbor
pngicykkews
pnwauzcwftkmfesduhcfjsrtcqijh
pofmptfbmr
porxqwqf
psng
pstjfhlydrpukhkdpzdbm
pthgqkbcoxelqjlftll
pvfvpzhyujabtqwwt
pvtjzamx
pvvq
pxrdisxsabjdhioucegqboymszdnjg
pxzz
pyk
pyryl
pzmmxlxlflytbapxcu
qa
qbqnblyvw
qcigeehqeqlmvqwivebbojdsfbnnr
qejfokqpwagyekwfqnwqgmxitoelim
qekttbcwzrysv
qfjfihdxlbkfa
qfqhxjxmibldfpccjymxofnxzp
qfxbnuwectnvpncmituemctn
qhpwfijjf
qidbhzsxiqe
qiwmkftwaypdrgqj
qjgtxkujgdsvyocwmv
qjobmvubunsfsbeqe
qklpks
qksbhpn
qleobpsbevmopahkfrirdecmthiak
qmejbicgkgrk
qmxavybqfmncpbzonn
qnthkcqqyjablfzrixjn
qnvln
qnzixogbyqp
qocbeczkezylolqem
qowofbktryxhorulsyuigx
qpngtbngoluyurkoivldwzwogrlthp
qppexhlzydiyc
qrpimtwwxyfrmyffq
qsgylgjndlbhajwgvoh
qsybvoipnk
qugyjpmveflxrhiaonqzvifwiaxjco
quu
quxvejecizvviztcbdoqj
qvzeemwwazstqocwvntdnaqybcf
qyovqajlitbitvqtpncmkvzskk
qzbjptwkqqwjhfcf
raurgp
rdeyvthfzqw
rdilpomoisjjswfdyynvlqrmhjcszf
rdytsqcaiueghgaoz
rfia
rfmbisgekyrgzvxdhpoamva
rfoulq
rfyiegfhfzkehivvwccltyv
rgejuhxiko
rgfxvhexpvadajibtmzwaczzmzj
rgvtzcdvsfdvhpvsnlcw
rgvzo
rimzuabfvprlellfarjcenaovxsj
rize
rjpfhuiynhha
rk
rlbfvafnrwaxatg
rnzkkzujz
robhskwitkpjptebwaqtorwaixby
rocjubinuinrbnpjdpdilr
rodmsenwopfrevcfwmzzwn
rrhehsresfczwa
rsoczavcwtwdcfkyrwawprdpvajshg
rspvyoenvpxnuhkczyfdummmzyrmyt
rwlsjfcgdwxrmdwzuxgwpgekdlqb
rwwdttdpbegvsyd
rxvboalningkflgoj
ryjjiehpzdsfdvyilxymegdvinb
rzljotqxlxx
rzsnlpud
sa
savxnjmxcycvik
saxuyaeydwcc
sbtioicoplknsmifwrovqiee
sdbvqidh
seofkcxtdmzxmsibunth
sfepsfaaudmfcfewrybywhj
sfkmxmutyktpua
sfqkbxiffttqgojegdegmacum
sgrchmygnxwtcwnbkaqqfnkolhjo
sh
shbimhilruongnxb
shfzhzme
sickbezqhghpoxg
siekwcdrnyid
sitqpxhnqgstydq
sjhq
sjumhxcuidmgorzf
skrcqhzpgmdgcpbe
slbmntordzqbmlqrztoneofxb
sm
smduskvutkfiubzyblwm
smjvk
smkgfdqjzdxpa
smlvgzwuubapmoaogshu
smownwvhqrmefuogveddrtztz
snsxsevcgjznjcekyimqqks
spbausadblyxbedckmjcpgk
srupchynvzhcpqugri
srysvkarmawwarmoozqyf
sslhlrxlydxvkos
stkpdquonotmyggnuicawx
stvls
sugcbvdfcaorlyzxubzdnckafu
svmterdfblhwbaf
svnxufefueolcp
svqeuzahvfzqqo
sx
sxhqiamegfyh
szrajjtvyixsvx
taoansfrfrn
tbpwqypdif
tbsciedpiwlaqigesjsqhs
tbvyazu
tehppleagvapapynhz
tezivqmymwhaav
tffvbfminwysl
tfg
tfmkblcypfovngwpfpwudx
tgnauabjutgvrzrbhfp
thfxswczqdqvdrkziggwcfaejwm
thz
tirglfduqheoty
tjhyezky
tklesgzwvzskhridyjmrxettrqr
tkvzcgkmijoohmzicndfudzgrvof
tlhcsmpxohgmgnkeufdxotog
tlkmfqrmyjfjnh
tm
tmatgmli
tmklczds
tp
tqfmkswijjbuirzrwhh
treh
trrmgnsgsgcrromsyvollyoqxvzuqi
trrssovoxhomddsl
trujkuix
trwetrm
tsnmdzndhwgp
tstatzforpofsbtvhkpazx
ttwgogos
tufmbhntbnjdsowbooxpdp
tvjr
tvktzetyrxmahnithu
tvquitivyh
twoynbsnt
twppudmvxwntptsoeohzbtor
tzcjbkdwl
tzfoqtcokvcevhwhm
uacxkpmrflspdlqkewyqjft
uanppummpewspnvshib
ubocsuze
ubttnwnphdbytwodclrjpr
ucbxjnaxkdouxwyzsaxxlidkqofg
uccwocb
ucghqklrsvhggunlepwmhuravecu
uddjyfmrxctaeghol
udeffgachzrhizmaqesw
udtexwgaycxjuzfsvhw
udwfzipnoouqkcnie
uewmdbsoghbpsqqpbattzeymcuji
ufcpfjtpeoy
ufwbecgfvlxetwaxidibgvhr
ugrzfcoatrsnpurodwhtmo
uhnzbuoffrbnilhegxydjdrjcd
uhrqzhnbnfuvqnqqlrzjpxiog
ui
uigfatjninyyqpfnlzpspawm
uihosw
uipxarrbphnzwkbclgbvo
uiqznkywxxidkiubmgk
uixzsfnabnzahgyawgpeahampph
ulcidjjqpwtfqntktzlzjxige
ulctrtgtscnlgdo
ulldxntvmlvdvaxguqqe
unfcivuxrczwww
unpaboujvirelehlgectnaz
unrpnnn
uomseelkhserijrkyrdbanfsbu
uqfbn
urzhmfffsrc
usmyzllrbtfllqodkvtqidqn
uuimahqkxsgjzhmu
uuyxfu
uvkqgmisncl
uvqhclmaajaoflwjsbv
uvvynfsazpcxbulathtlbllhglzhe
uwxksrnedurycd
uxoeifbxcgjintkt
uxvphwidpwuz
vccydxqntmjhnvjdtdjb
vdioijzenzefig
vdkpfytepvrwqibhijcqirvopk
vdrzoxijh
vdzsomxqywijikyqncyjunyphzdpkr
vfelfhcqezvsrsanwlmstlenoare
vhzxtog
viufibtomtuvmkwnriepwpuix
vjl
vkwlxidhtshlgrjheb
vlgne
vlzhthahfcpfjp
vnfmxmkckyazclsftqzqpjunk
vnlihrbsoveqiezdtyngpaowm
vnqlyyurttptcagf
voqldtdyjthyuiskvcytzy
vppazhltjqvcclpeztsjpynz
vpsdwelpdjmmbpdupzvtvjxydkdnc
vpsjhrzjbdlqguurtzf
vrejdsyochtcddtwrdy
vryxozbafpfmowgrgonuatdql
vrzxtrruegfvqnqddcmiv
vta
vtxxpummymx
vujxbbewifnuknzdzpxknsxtr
vwrtzlnqpzag
vwxahmhlukpzqltppmsxlb
vxqyzdwri
vybjzoxhzubdnt
vyiiczjptmjjnimmigqcru
vyzjpjnh
vzdihxchcowbwhmxbzgiddxhj
vzizet
wa
wb
wbudtzdmxwfymtpmikfyuy
wbwsmnctyqtpdqsmdpxbukkwvfq
wccbeffrrzkwxgrscpp
wdmhdv
wdqsduijqoeaapvzoucfhcxtngr
wdukmorcdqjfuc
wefcmbkrctcozuuzfybfselosjcf
wepiiqkx
weshbuwbmyfdis
wfavstmjqufqoaoiemjrbafbo
wfmqslz
wgbavr
wgqpgadqztnxudyrnvqbtfmibh
whycborqmugykukfbdzidunmr
wiqmgfsm
wljfrimpmyhchzriwkbarxb
wlojghpcivvrbpvdcksrbxmnry
wlvjgsoaqotkpexiejjfiwixdau
wmjhzqekilmxiimoqpzwcfh
wnxptwaliolarz
wobauvmfxcrwfxbiosdtkoc
wpnlmqopw
wpupclxikxu
wpwkulfyflabigbsjktwsgyhaas
wrc
wskjmkuhmifiqufhektxpnxikn
wswwolpnkksmf
wtbrecuykabfcvkdzeztoidukuhjz
wtorckqaxsr
wtpqutuaut
wugrxnr
wuuooxrjkwvcfar
wuyyxnk
wxhdxbeciwsqwlrayswxblheiizszq
wxllxlewtzuwbsuvse
wzckefkgfyehykyzothiamwoglbwjt
wzpxtqaurdxifzokmydvgcbj
wzscktovuxmgssqkkttyty
xbqvmtmcfwehcov
xdjylafa
xe
xeavk
xefacaxy
xfo
xgcjwlg
xgzwhegrdcupuqqkgekqksdc
xhojqf
xjacgpalepwkgwadjqhpyseupxmqy
xjavssrhohgklltjsnxttg
xjawujxyakdiktyq
xjd
xkllihakmik
xludvycrpzmapi
xmnotufkeqnbnlwjmvfw
xoigyrtuvmagsqdyzcfiznm
xoufyiokq
xptsqesgmdolcoiatummetzhwxh
xqq
xqukrqmuob
xrk
xrtppbzojoltbjqfgpgxpktiyzhfo
xrvaurypegtijqbwxlobpeyjldakqi
xsguieanasuvmvucxhjmvnvxulzvj
xsqbjwiploxderklgbxg
xsthi
xtawnpkyrdtngseuzlwsollzvf
xtbauntabbcpqezobbx
xupfhivvbqslgmltam
xuqglfkxwyxualayyiucj
xwhjb
xwtvvaofgeihww
xxiixxyxbgqovpdwqstg
xxnevpuikxfvftcypgzyif
xyxfjeegbdce
xyzcscmzyfeqmcpawlxjdt
xzbfvnvexyedwoplpckmsy
xzrzbmnmgqooketl
ybemjylsxrdmonj
ycuhnipkppubenikbymvp
ydfmpdwomciudcnynd
ydsyfayldbd
yfnpvendbsbgwaumdybrdw
yfxzutggpovthcirqbiaaeynb
yg
ygekoiyrih
yiihnioztumowrgioclmqe
yjchztmiep
yjwknfzruandfyjqyy
ykcomielefjcfmgbodv
ykdbyoyfthufijveuktfjwsmzxchj
ykrhufutcszksogsagt
ykrxybaotufmtvkpcez
ylgzu
yln
ymklpxfwzlalqfclqqwexmpcmcyc
ymtacplmjyupudtrul
yosjteqxwevvtshbqdvv
yoyulasymwuicswh
ypafwcysayb
ypxcornesbmm
yqhmcivnbave
yrqqnbu
yruumqadjepvvcvoidwmtpbnmqui
yszxmjjesdgqci
ytodurbjztwbne
yvdbyhlkhwvvfhilgbxzebzvx
yvskarfcubesiwogbxqma
yxuxtehdujgbwyhtrsae
yxyp
yynjdtbg
yzddhblnugnctqtzdonjsran
yzeqoxwnngrepipldrtxmfvkglydi
yzhmrigtywtmir
zabpawyppxcjprqdmckgzb
zadvlhnxydircnwlmcytsdrw
zapijftbcyec
zbcmbsbuewkxzqtol
zbsccmxmkctlsgy
zckqjjdyxwbbjtxkewauerqrex
zcmpuhrcqrfvtaqmbjikjd
zdkh
zegooze
zemtemevnirwqjpyswmdwzc
zfrirudbbonogvwshel
zgpzpoltvnbmvwthjsvhbxsewqyc
zhkducomlgltlveinncaiknsugj
zjbwged
zjqijguqln
zjugydey
zlsrwxoccslutwqz
zmbintattnhodtonpyz
zmjgbnwbjfxdoa
znpprqiswbdhoyncsaetlgbfvi
zpkznwnnuioatnxlzpiouzqjholp
zqiepqxqxzblbvoefijnyo
zqpkgflq
zrbi
zslxvyilclpgqlakdknfaoyzqrq
zsvgqzppmegyrqkpxyzbkwodeucgev
zuhygadjradlrjsqgtlxpvo
zukdeuvjrtsren
zvnftqmgknggnlkdysqsbiugxlkvda
zwdqdm
zwnbymewwmbjxckeywpecthuzfl
zwnlxwsbbljyovewuxnnusf
zycusacvcnxuqsgzidrimbmdjclrf
zylqwonkfitogdeflwreshpzxc
zyqqeobajcocznvyiwkdqgfyx
zyzxlitmdhksqyhekdppqebyvuz
zzoeowaqezdlmwafcozvqciewgkek
zzrqzrfwpvawrxwduuvmtixnmka
abheppu
acczguwlb
aclbazbaifrpyuknbtskdteir
afhusyzvbqwuubbbviwptqkkbchso
agienatjzwxclkkulncaqp
agxuzbjicgqhqeeytdjooanogr
ahdcqvhe
ailbsqaowxdblelmudhdaptrcl
ajdtzyugvfhcnfxw
ajvxkmsfxurkn
akdsqdjtkjtsom
akgvqxhgkasgyrkpcz
amrykbokmwgsddpqkr
andngbxdosrtx
anpxjrtsyahodrsxqbvxb
aojt
aothqtavxzvuolmczhgstt
apdmlwycopkyjaehzvnmtrfegjfcns
apjfienrsxfkrbkyycs
apkxixuarbzmtvfrewqgjcpqrzmx
aqrg
aqwceraznbdohojtrg
arcvwcjwwi
asktswcnftvgqfpxhkqs
ataillmtomrvxditdroy
atmsckmaalk
audsgnddbvlwbqgufcwfcctvfyki
aultksuptkpdimztvvlkvkaiem
avqilzne
axbbsepkjevwrusg
axmgfwwruzykit
azcbehqyphwijshdrwrwcdt
azruwnjljcdsbhckrmhdh
bczasnxtbrp
bdfqlkhxyjyzaeobfrsaqr
bfxuauythhdhviu
bgdwtfkruvhvnb
bihlfymukhoiqkwqdtfj
bkbqtucfexrzcchdjgtng
bkftjjmwxzogekehoikv
blhuorycibrbvbvgqsdafg
blogglp
bmvpzgmqjmtgvepxxjjq
bpfttkfjokrdzveipetoqxqxq
bpmnyboezefelhjujacnrmndutgygz
bquppznzjsbewywp
bqzedcftroobxvqc
brwujuzxjfnzqjxasi
bwdfyiekybxurdqofqxyhfoy
bygtmbdgs
byxofmabkwa
bzaxrrzkggfisd
bzyomzwsxvdu
cakvhepn
cbtkryfrygjcs
ccada
ccwtgpofnaolxzrnqiwhv
cdcibnybnwydhisljsxtvxnzkcp
ce
cedvjjdofrypcnhekutsqdukbu
ceqoreygwmxxr
cestdmqaetjofpsclhbxmu
cfcpyuwkzebcjae
cfmceztgjcmhxlhasqkauqln
cgqhkunxyg
chcdryccelrayrtgvmihhaewf
chobscvcpqvem
cifreyhiaaeiemricc
citqaahatbhknzpoyik
cknqy
clouhfuvux
cmfclmwdowezppjoxp
cmlhluhxo
cnjfuovsrepuzj
cnlkmfjzpxxr
cnqjxuommdhxvmqaqmqrl
colvstnpqbbawbyurpzfjayhuya
congurtfroajfcqrpegicnalmrgokb
cplllylkwqtg
cpsjfllrkkhargxwz
cqxmkhgfdjgbpooh
crcegrcgkijftcuzexphk
crgazxhuwswnljcu
crlmiadvkdeftepgzlxygkbkfg
cs
csonunranqtzcadvtesdvrdprozpr
ctscprqinveuzqylfjpduh
cuoaojbimfq
cvovrsqrcopnnpkunkkcpoenvpkvy
cvpxvpocbvsuyegomjwyocavmfyhhv
cxwcujwhe
cxxuexkupmwkcllglhemnv
cyflowylmtvgftlc
cyhkvujrabn
czjidkynbnrusmxl
czmocmvrlxcjnktjqbdsdeuelwkx
czotviwlpfibyanraahoawo
czvrvoucvwynszdxusyin
czxmiemcaq
dbdaejyquykwjomhnfyn
dbkochqdxarxwlenwge
dcgvmnmkitjgnaqtgz
dcjrcjbpkzpgyvbdgiidt
ddsvcqvlnfpazfrxgfknrj
deocxduxlevr
dfqkoobakmdsbro
dgjelrpxoypn
dgyewpy
dhjncwuviyipxhzcj
dhmi
dhungfg
diggmwmzltgpbtbpkmqqaj
djiemsfzbhzfnwywmx
dkpmgfftcipqodgcywkkixnhek
dkroljejdfyimdk
dlzthujqupnrrkaklcxgdcgtfo
dogvsalzl
dorcigxcomswewcai
dqhjzlxwvxrymavcz
dqtes
drpryglnlqcrt
drwihpdbqgspdimcroynpkl
dudzhrpeizmsihwwjatewds
dusoedgjsnzawgfsixwrqsxhacxzoq
duueufhnvqkfjulqrqifexlery
duvytmamfewfyhnzqmmqubuc
duynmdjlvspkvsghzkzhiyhfd
dv
dvbfepnxsfsehegzbpep
dvslyhrsehxz
dxxqqbytnuuxtucmlzppzmihpsqw
dxydrrcynswlnnckjoyozffkewtngx
dyfaqw
dzdf
dzycdesjiov
eaqkbhhkmfuiv
ecmjwurwwqivfbvardlj
edaecaarpszkltmvitpp
eeemlmdowvbtmvlfzlvbfmyo
efid
efumgmflzbjesa
efxrdvenjiqcykukzuhkufwbubvqq
efymmnvomfcnxgczzqlmtig
egiqwwrqauzhlcuyevvgbglyutmh
egv
ehvereglgdfhj
ek
ekshwnob
elamtqxqnnymunsplzjclbrsv
elvzzyk
emnntpo
emztuhlnoosjautpptycyhc
enxqyuqecmblegaqoxzzvz
epaleekurdhwjcvkaeysqegfr
eqvbqdncwaxmgnqyibqnognptc
esovreqsedc
estl
etyopuloesqvuxpvobjnnnfrfeixx
eudywkqej
eudzuwsaaqfqy
euio
euolaivunrhea
evxpvtvmz
ewxcchswmwghbba
exbbztlxawowxrwup
exfohbjmrqqr
eznxpydxq
favnknekxjiaifmmxbqsrbzjeqyd
faycvrzrdglzomqbizmvxn
fcp
fensjadhoznbnxsokeogaufipdih
ffpvpoyajzut
fgzpzyqerjupvylugkfszpsrioisfs
fhaqoafuikwseejwnakqqwor
fhjwe
fhxjrotzvuuiyjfkvxjwhdrukwh
fihqeobnqpojcwxtfqmlspjuei
fipibbdeyekhsuqex
fjkhawwtkguwtzefpxpbdrxfutvbu
fkkuj
fkxmkxyo
flhunrxxtwzdyafnub
fnsalqczwejipfpgtvumabxxwaozmx
fphwqmthfxlsqvarxauyt
fpuwwwvsruizlato
framuqgbdnrsmbxrvbtfglowff
frayfevibkkxyivgxpdtiuwkz
frlzzmkv
frszuuoblouiqeguqarxcmufk
fu
fuiyyaenq
fwuq
fxickobixbbduzvngqi
fyfmwbcagliphlr
fys
fyyvpymrgujzatfsnh
gaemfch
gagldju
gbbdh
gbccvdevhgcppmsjccgrftczjwfjc
gbjzan
gbusbmbor
gbwrronewbt
gcggdroolitvyjz
gcgtwhdzzicaerhinszbjtduwrdd
gdeebjgsdyfoecqq
gdhzbbqzhcuifvwaczwfeme
gdm
gdrffaapjjbrky
gdskovqeeebjkwwzsah
geabpgwnkjprodsay
gexbhbz
gfwidxtseolrx
ggogsddxoqxmttix
gjcsexmpjtlvfmuxjjxcknixfei
gkcscvscdabvvzehlrrwa
gonzltjhgauhnihreqgjfwkjsm
gqhtczgab
gqsfaj
gqzyceymtetu
grnydocnfwmbbjpxmrtmjinitr
gtiktndaan
gujemfaebaxtefyjlourunbsxp
guxhzyplwiirestldula
guzxhrdjzzheruswavnvslonoas
gwdodgtnlro
gwthhil
gxpeyanfetcukepzshkljugggekjdq
gxqvkpyhh
gyotgoqijwgjkilszqzgudbyie
hbhuwhpsvdcazeufwfcodbykb
hcszkdazuhho
hcwqahgnrzkpjwnenwzm
hdgmmvyhbkqrjdtnkiz
hdjwrsucmkgnqsumkrhovhteutqug
hdnpcsctzkdernnonxih
hdv
heradnoavub
hfnct
hgz
hhmhdmighvbbrfltlozsyrjmubnlvo
hhz
hivdwjdlrormareq
hjpeympornrthnzttdlxdmrg
hkvexbsztrintjappsxg
hlaeldmacyzssjorceppbo
hlbuzlcre
hlosuwhgmgidjkuxjxo
hlwnlz
hnapqtugddtqvqpkjyucrp
hozva
hplhtm
hprcxkxynjdpekjvbojdjlde
hptczrqlospcutopwkwqfxdsuf
hqghumeaylnl
hqhtbpymd
hqt
hrin
hswdqzqqcby
htepodutwsft
huqtjpszxbhfmyf
hxaiuvaakruvdnmu
hyffuvkoukdwjcvx
hyqgiumjic
hyumquowldno
hyxufrsvrybfgsd
hzkxtlrvmtuvziskmypqvi
hzyjldogksbgfql
hzzorjabrahl
ianltohtjwbdxwbcrdlfzmua
ibppkqxpyxgral
ifqoekiinos
igcjdgnz
igimaqrybeqld
ihibigdvyynmpnehzlfbjruwl
ijvfnzpkpdepxrwgblgaeu
ikrwf
ilcumow
ilmqxckvzmusoizypwuc
ilocltgcozgtziufuzimxeekw
ipdfukecyqnegmgbiuyzgot
isdadqgkvpdv
isgwdzsmdczko
isjiptwszatkd
iuvauqvxgixmqvgjs
ivhxmgmlowkyskuyqcqqytdhsyzo
ivwjcjohiybzowavcrgmwpjhv
ixzhxwhiu
iyfswwxyaggnfegvqygtqkzgevdt
iyhw
izvdcikrprlgv
jcjyugtedogfurkxiyquf
jdxxsslakdoxiexkp
je
jebpkeckdrmoisywcfamnevxoxvhz
jenpevqgxiepjsrdzj
jfdyidbpelloeldjyry
jhbfiizgixxvwrhrvy
jhwbeokrnevwdlqsecivzoihqeju
jhyihgiwgcceiw
jjvopbpoioktslcl
jkfeoxkykdaobdcdsz
jlistarpoprzjbgqcpvfbkdeqqze
jlmrn
jlnxgcxfdjcybiedazjutekvmyjjn
jmprvrqoomzilxzzrkpomqarjs
jng
jngzxrzhlybtfgoccb
jobmarguqwsokldzscsfacxfzxfj
jogfqkkzqwvkvdtly
jogxxtnn
jolxxnszqxupjinrtydlks
jp
jpafkwtgjadx
jpdcdplftiqrzmnuvesxxkseg
jqcpwdzlvhmbbxxwpxzo
jrnpfgdho
jseey
jsgnehwduukhzuqzhpyummq
jsmykbhylzfqygftcwtcdqcj
jtgjugwhwngwvrbwaqsotnw
judnccrkwst
juqfrxro
juvvfgxrwryuljsz
jwkbcksfzczgrnqty
jwpokpwjtwuenij
jyfkiki
jyzaoxgjbkwmdebgpojyis
kabporpsdtyp
kahsbrj
kcpu
kcyzobghtuoxrajvprecwgxxps
keofmniumjcafcuyvdcueterqpjjwa
ket
kfztdmepvmuskmqqkwoqvlhmgml
kgfnbskfskzsromsdyp
kiybci
kjilefraa
kkbgbhidjwxm
kkikqku
kl
klgobmlxniet
knhfmbbzldwihbaga
knhxrfzqsxpppse
kpuhlkknj
kqs
kqsekihgxg
kqypvvfbuzffxp
krp
ktnkytgjpm
ktuibsi
ktzdlyqdwztchbuslz
kughhdmkbptkniip
kuhzcman
kuykewmbqiuxknlnercvolyx
kvwpnvgzmiiz
kwptaw
ky
kye
kyrtuffmrjdifognrjkocalw
kyytvkwhjfhvwypdzmx
kzuyofjo
lcczwaxs
ldvrxlonvkxzecxepkmzzgxluahmj
levgevybxemlwakbokoxlhbqx
lhglvwxkyvulcyjefll
lineiytymrj
livzawzchkfhbgcw
ljkdhwp
ljkx
ljomfmtiuekgsuvegdqomvvaaxp
lkhnrjwiyvtlovflfwo
lkyertah
llgrskbadnnxnp
llqwoauwyhgeg
lmbhcoflrozjlangbs
lmslebfiiargfmu
lnnvjaxhsrgevyttfetk
lnpjaedtizsxgronambzc
lnukbiysplkhjucfuwohzvphjbj
lohqamfcpnidsppambsgiltsb
lorqcjkqzzpinoqluib
lr
lreoavjxxzytnntuup
lrrinkyqoligjptorrjleh
lsmuzflxdtck
luczuh
lupjavizezdwhetnem
luwkgwtipudoj
lwhtzasnqeoyjbxk
lwizrczygannqnae
lx
lxrrlj
lzbgi
lzwwsm
mbnwgscjxxfpmtboyuprar
mboaoshhzuxpbcytgdzditkarreo
mbztftuaqffjp
mca
meqzpqdpkqdsjhyzuiyzykjkiwx
mfonmihlf
mgezqrnxprftxrgmaon
mghy
mgki
mjtatcmejlaxcgwoucdszuvgkkcq
mjtmrcjivhsytnwmqqjv
mkjhwupe
mlqvqbmxael
mmsalpfvmxantzcmfedadlp
mmvvntdzqfpviyrx
mqsjzlkpegtkkn
mqwhfriwqqmalfi
ms
mthqg
mudahpok
mwzbeahderwjrrsur
mwzoib
mxdddixwyryxko
mxomrvzpjketdatznpfiebp
mzznurpsbhnihejeidl
na
nabcswb
nbfrkvbe
nbnuo
nbszestvegujb
ndffgigjwwsewmmewmhzy
ndrydjvyqowoteuyrcnzabc
ngzaiqbmwgvgylhznhazmqqzz
nhjkkccwtf
nhkebmtd
nimkbfiplagmqwbwlplcg
njo
njplatocpbknufv
njwykqxtij
nkmyis
nmk
nohdylbtvtxzuwizcmzxoxweclu
nompbznnrkzgwuzjsphcn
npveklryzbxziwyamhijalrb
nqa
nqragpqpyojpae
nrzaqeewkusbkaijkwdqgparod
nsn
nsqxihtdwmnhp
ntbkbobnflhmekcjvdpfittsfvde
ntstqepvxpesdarfkuejqwjhte
nupgd
nuukgrsdjapbsluiqeisprsvsns
nuvklhsecdwra
nwlzjqfmlgenbtjsloimap
nwnoifbhiuivcfxafzp
nyshpgalvryftshrkbnd
nzrkuxyjpwwminhplxgxwulgxhlmsb
nzzjf
oaia
oakniteytnaxcaopfwo
oaky
ocenywxgeacx
odcjmpgehnwthdxknqutgmknbkv
odzwyy
oejobuosjqbry
oetonx
ofgxi
ogqtthdbroildsshryycqzome
oh
ohbbdndx
ohvfqvgc
ojihzlxqyapavipshvuljkzrxmz
ojp
okkkfnmicvsvjyee
okvpggrjifninvonjdpuifyvajoij
olugpqzzxrrbnjzkzik
oqjshfbbwhpmupyi
osettkjwngdovlvsjuutb
oswtbbhbxpkctq
othwmlvrglfzdzdbtubxuoffvncrs
ouvjmcaglcgncjrvzesieutjgzg
ovcwtmvgtgc
ozeankpwknnlokyscfffponpusy
pabjpliwzkbndgp
pbkqgxqzay
pbzjiwpjmm
peezetjkobrsbnhi
petsgrzuigusnwlyrv
pfiflyomflkubycxbg
pfvvbuonquprpg
pgehabdhlvtpwxuxycg
pgomrdnpqdflteuxssrbusyavjstu
phbsywztpw
phhsm
pjwiv
plllglltwjmdaalohndiazugwoyrg
plwkfjraqmnhrvqwwo
pmesajics
pnfz
pnjkagicsrvkrqplivri
pnjuahzvpzbuhxvgcuexmdmj
porvjtzobqqobjzemerppgsd
ppgxvymytzkaszk
pqrtfpsszmme
praeorkqozfuzehi
prggwdyafawqgqbtdgffcegtpcy
prihovvjry
prj
ptdml
pwqhwyczxnlj
pwqpljzwkfchkarchxqj
pws
pxgfuajul
pyz
pzehiwqcjfpoubrwjklccjvbtqel
pzggzvjseyikikzoqhzyuzzvdshkg
pzibeifq
qaheeuoduv
qbgvxybanexnwr
qdi
qdiivvmuwzdwsrtrbwlphxgm
qeogzxgqysmpzxuxhbzqcjrcngss
qhqgxatpxwldsxufannebavspetvuc
qhzgvbjanycwbhwy
qiqfzmnxebkpakvxdixgbtguu
qiyl
qjbzkqfjjhwecxfcoeskfk
qkryar
qktnsfglvomnmvp
qniq
qohynqaftunhjfklbkx
qojzhefxg
qolicduhwenawz
qphkvwoklkdxayjspdhcoph
qpphwbpvfcwfkkyzjixwtbcibwzbmf
qpsouubcpyfikgqtufvqqe
qpvlhxeeocmerjmziudtsqqoz
qqjlovvmvbjfauvcqvlmhgzugv
qqjnwtgtv
qqjvxxmhhbhbqingby
qrbfdanghlmmiqoaxbhoclumjbpsgx
qtoejjrhayzjdzpnrspzxkaci
qugddxqyysrfcqatq
quskwtcznlterxbltzydyzvah
qvqehdrcv
qwpmyqxcaciicdprelazhpxax
qwxllnn
qxtvmi
qyldflvycos
qyzfgdlbzpsawryfqh
qzoayvufrr
r
rabysbxjsalojjynozklznsibbiswp
radfidxbfbvjfsywc
ramidtkpmo
rcjcja
rcxjabn
rdripuqbcvuj
rdwbirfq
rerptisizxhrevnxquezxk
rfuakcywewyxjkmdurdyiglax
rfxkvdqkywwipubtjzc
rh
rhooqdnkwkkqth
riwuwkrktpiwpmshr
rjufsikdvwyrizublbbgwa
rjxxwtlggkytbiolydnilqa
rlokvpttrrmh
rlpwacrtdyixceuwuskcuw
romfevwpuoxofyagjgmuoqlmuvfl
rotlqd
rpaqxalwltnqdhqzbvniuezsjuteu
rqecdgtkyngkysh
rqrxrpfkctijgdk
rrlhqvn
rsdkqbvapl
rspsmygxr
rwygjjrtwobstnuxtie
rykzfhiqfzjkvcicbxqivrddpv
sangvnmmfhhwykfwerbndkrrifsv
sbctkgnthczyhrcxouexiuqeuyrcu
sbqra
sbuvvupfdmbqhrzwdwyenv
scdwcyphzuf
scqlrtaoyzvcxiy
scvjsxgfr
sdcuvlzzexhhhosyqaa
se
seciiyolskqmjqtjipekggvuoupky
sfzkixevkjgvrbqvjqzyhy
sfzvleygdewazqvgmxqyvexwrxxmmi
sicxpeqbvtcb
sikw
smbc
smunmjxmjmvgufzljkyz
snaclmnuqnbdifzluj
solaxvrcfjsvomjfim
spd
splwadzfmkyyenn
spuqaozdudxyxgulnop
srnumdn
srvcgpskaiupohjxoebcitbvx
stdohitusyswlxbbpnf
suusdkp
sweulbznkovektaloovhtbh
swptfvovujiuwbmibructt
swuxmfxgzeffeglunwzpkvxhvzf
sxjrncrcekzzlnjrpv
sxqpafloftojiaaovv
szsgcez
taivsumpsgpostyzzszsxtopsaedd
tawdxunqysdymkrqadrbrwdfw
tbworakwzcyuwbjn
tclciqratbyfwgssoozmpq
tcrrmvamaohv
tdxuungcdad
tebmsqvntlivrapolp
tggkdhafmpslfsfbpnqubclgf
tgheysynj
tgmsasdesiuiekdnp
tgyoyhnfhpqipzjfgnargvxxkui
thqbfi
thv
tjqjfrtasf
tjvvxwhrxveiznbyvzooujw
tmbsrg
tmkeahz
tnoji
tnpwyorhmmdsimaba
tpjvonlxxf
tplkkjktfpbgtfpjybtxm
tpu
tqfakegvnrpa
ttulvzkjacfbxyuuebsklvyt
twglxxzqqbktdtbxjlsjd
txdonpeashnr
txrtmw
typlznfqgopquyfzdbncbm
tzxy
tzzhdwarwsisekpnirrcbj
uacnctpyf
ublggmnqrl
ubtqkyif
ucfgwvfmfnbpgupujpielcicqe
ucyrqdzglfuwquihxqkqrsdkticb
udrnldkldkfz
ueffsqds
ugezlioqhbdajqdsvleqqrexqorpk
ugkflvhmosixpbeysebafvactijuab
ugocnxegopyurvqvnuexbdnewgig
uhaanviavgyf
uhkmqlfybghlxwmeihvphbaozase
uhsxorp
uizveavgzjwoblsgwnkvjlnivqcwv
unchtyfqiiplunipqurctximmh
unsnb
uoeeykiqzahfavz
uoxvyppkqacgbplsnpxjgsqkd
uozkclgcwaqrmrg
uq
uvkzlyawlmsfxrvsppfktzeyakif
uwladcastwqbhfbcd
uxuiaxucflgafxqv
uygkznsmwnquiucfydrbsmimpjmo
uyieoxr
uyuubipkojyihwdmacn
uzutobuozvgapjnyj
vapjayyazju
vbxyuvg
vdeyfphcpozdzfwhfrnwpmcopgfjnl
vdiu
vejjambepkbtzshebohmfvc
vfxqhrerjoox
vhktdoxqtekiwwurzblmldlfibd
vhlxgubxtwomqqotd
vi
viqqsitq
vj
vjkrczfajhyiqan
vjuyitqpsqrb
vk
vkbbyrgnhlabkgauruze
vkemthyzxtgnmhuwletkmqbsakdcc
vlbjnyrr
vmdlm
vmhyxswacpfda
vncsf
vnefpxdwo
vnl
vokizbvdue
vokywhpjymv
vomweqlopihspdr
vovmprdbslsdcgyangthwsbynmovgu
vpuixwqtssjhuwmtrtuj
vqiwctaelvmn
vrbdbqmhebxfojzxkyxivnkxqsn
vrmtcqmblfhvjtl
vtqa
vttgecajylqvuizfsoayxziljze
vtzsctxgritrgeaa
vuqjoyrveuqnnameexbaeb
vvoykbtydivla
vvwbhvxsspnqvvzsvbwzpisolwnw
vxximropjvqschlfrx
vxzxgufspgkxesht
vyfmibcodwbtuatjndy
vyluomzkysrn
vzlpdyfmcfwcrhbsmrsidquzcgr
vztiwnaelbggsukpgmh
vzyfyuazwrioqvqwlytewacbadom
vzz
wacjenonecc
wbkfhioqeysjafwyqhslclbl
wbpuf
wbwygxrimpcotqvtrqfrcuopyurkfc
wcvrgsdm
wdfrmvbchfntguyrhgkofum
wfmsz
whjzibfwwquemqqkjxchzbbegpcj
wigvzuzlvpkfmjvdeyukwrndmdl
wjassyqrzqutw
wk
wkavxfbektcyb
wkjscuevznwrc
wmankdimmpdljxjsd
wmbrmbvgaowlvdjyddyctcockm
wnrhpsloamxtqaixqgfr
womidvpwmshd
wpweozvoveqwwccvxrrjxitsdocty
wqizvzlwylagnaiovs
wraxqbrlcxhvdtt
wrqeatqbmmilpox
wsyethbybfltncvlzr
wtdeohkgxqlptqpeenxp
wzpoqr
xadytqnapckvispldiytibqdvclfdf
xaqszuclahbhejvduzenfrii
xawhddso
xbjrzvxnriip
xbphjlrgttpihixabsh
xdkkfsuvrtgjtpp
xdq
xevdvtlivvkppptyifto
xgluyryejdjjovcnhlvmkrbkprjy
xhsmbhf
xinhsouikqwhzbukaupzujroolau
xirxxtjuvcxeyzcaaqrfiardh
xjgzmxsjiavixgitbsgakqfckoii
xkimygpvcjlllemzvdwwoll
xkofsomaxdthxss
xnnxfgiazwahcqpregvqmikspbpdit
xnolgkljltqx
xoluujhqgcvqsnvfcefybqedqr
xpioux
xpixqireuqamffsvvntgu
xpwdbpbhlnnp
xqtzaesuvgdkckulteereqqh
xr
xrpbsbzellwbaxtoimjkdyihd
xrrepwmzhdcaqcniizk
xrrzwj
xruuqetpxoebjnrzodfafpcs
xruvasvylremmpcyuihzgmvq
xsopykfbqo
xsovx
xspzdgm
xuccrjwjdpykyavzm
xudgjfkoxkthgskimsuspeskt
xuhggunzrqpccsncjsnd
xvfbcgkc
xxswntsilmsvsurblgvqsllooqn
xymxu
xzaagptqwdbjhrlta
xzfhfbesg
xztavyppukvgdfbwmngmkgazekpvv
yaczprmavobnpchbnlqhe
yaocatpemf
ycdrudm
ydkhmfenznqqpcxwwrqadaivnxpv
yffcvtgtzvgejzfiejqgmixbd
yglvwnfsxpokguiultcciraqynt
yhlxzzxouaopozvzxcicsgzfssu
yhzgecagsqmojatalnh
yiatfqdjjnhwnlngcnk
yivifyaxlhwabbswjdysejws
yjjptmefdqsmndphzxsxcdebzrhs
yk
ynpuqyrzqvezcesguxt
ynuftbpkeletwvivotbjnqkrzu
yo
yottypcciphphubug
yppwhprxutxrkonk
yqaevn
yqynxrqegkeugktiftmymjipnbn
yuiywtervnmdipjrliqpwhds
yumoabawehenjshozmdv
yupjdflnvhrovxrnk
yvlcyms
yxcszpoklwjdr
yyijodydjucmyniuajznduwi
yzxomoptndzd
zbjdkakuovqbbioomnpfsplljkmc
zbnbpwnawnupdntifmythcvdhj
zcsrpa
zdsozkkvpjankxgxktvotjlzq
zegmoqhtjcqljihzglzybzihgwu
zevbyktbvtp
zfztctzpe
zgfhbylpgfizsbgzasvjilwncs
zk
zmppqfokpwffybsinwwqkeeuwb
znxxca
zojeqjzzrsrz
zpvuimaoznrugmkfvoropig
zqvoxkukylzcrupmibacpj
zr
zrrkopesqe
zsthuwjehspeoqxqgzfuzmgtjuyqs
zuivxacemoalnbipohqwql
zvarpfo
zvjamjpl
zw
zwanq
zwhifhdnqubw
zwyyoj
zxbuxxwluelaukoa
zygcvfjumag
zyqktdmkapsp
zzgbwdkzhumknuvjymaljsfjdog
zzoiakrhvbcfpfrxnemp
