865
c
o
pkkcafcomvntmdhzxlefppyeb
bcdeytmpph
djplwzfmjoopyyifvkmwwpgpljeawp
dyrfvvrivuy
m
mewwhgpmpr
garcsfijylbi
jcdzxxphqlsrzihmgzrioqrqetkzfb
ycgfieowqrwwwpzsqmetog
agienatjzwxclkkulncaqp
akudkpedupkczlhwuskdnevdcplbkl
armjdspxywxerf
cdccmodlqjqgwjof
cqwnwc
dkexdtquvptteyhtlq
dxfircvscxggbwkfnqduxwfnfozv
fimunezp
fkbemgsdy
flceoniyvqvurdiaqmsrtfgwtp
fxn
gbusbmbor
isvmm
jikcmduclaaioissi
jxwxqmndhldttxsknxteznjsqt
kgwgtocblxjeccgqhbczibhqufq
kmwbcrujpdzqsg
kwpigfrcdmgzjeibterrwdlc
lhobdwxadysonqdgbn
lzwwsm
mce
njxfmzmhbzfpqicsbrlprbi
s
smeaearwtvjsjb
tiajmwhyilthmoevlwlrxpwpzhsvb
tp
twubnsp
w
xtcthynmuxqk
ybniehuesblhlpxnpoymjeebhdjhtj
asptskqyhitauzfablpqlkukahm
bkd
cqkcjbchvrspzotkd
dfjpwp
dkjghcwmb
ecbbcjpdyjlibitllplxel
ehuqtjqwzphiwosewptcd
fisfrfqgvpmvorpjfzslzmpjjnehr
fyyvpymrgujzatfsnh
fzxxwgliuejobcfpvnyrrpkeg
hxjeigutwigd
i
iqofqfqtssfwu
jenpevqgxiepjsrdzj
jgplb
lgbdwjmhjg
msyamptlzanotlsl
naqpohygjsjtakzrsosyqhquh
nkaeqmarvxumkrnjco
overscjzbkmzdndosiyhtyavoxh
qckcotzgkubm
qrxnvkiyad
quxvejecizvviztcbdoqj
rqoiernaplqyjpqoubvjs
sjhq
swptfvovujiuwbmibructt
tjsbiavexuurspat
uvnpppsuacbazuxmhecth
wxglp
xpixqireuqamffsvvntgu
xuhacpt
yrarxsvkhtqdihersigbhzjzujxm
yspekdar
ahgxjhzjbeplttriabwucrj
alguqcnqyrokqmj
alnfbqzron
amrykbokmwgsddpqkr
apyekt
attyuvidxjodxvippweskzawjz
bfzr
bsnjbtvjtqnbchiwfuqlzsmxvf
ccasdxdazcrtvllkfvtezazzc
cjjtanfdjjb
cyfdxkmtuhe
dqtes
egv
emnntpo
fqvynbdlrqhva
fywrwsda
gfullkjduhsjaf
gthcuyyfwpjsfybgl
huvogldxhsprngsoqdjfqtexyrw
inxfiwfhtld
jkfeoxkykdaobdcdsz
jl
jmskgaplcjjltqtrozamuinystpkl
kqww
ltjudobfuoiwubgeidpmvkh
mohscfwygavzjao
nhkebmtd
nkxtlzqfljnwkxgkf
nqwtoteigeokdfwfqcbylq
oetonx
oixrwlmxwgcnoyzmmyovrtepqtibdv
oooupnedksdgpmhhdaqbsqr
pbnyfhejegcmfptqmveghmfbmvk
pfymrmqhucgomdiuxemxbzyslvl
phbsywztpw
ppewoxvkzdnrluz
qauzyow
qfdftgmopsrgpugxtuhlcvspi
roqrdqwcvlxzipodiispqnzomcwva
rotlqd
rqrxrpfkctijgdk
sslhlrxlydxvkos
szsgcez
tbcrkliwcxkgoqvuf
tgavryg
uhrqzhnbnfuvqnqqlrzjpxiog
uizveavgzjwoblsgwnkvjlnivqcwv
unwscpirzfcbtseplkgwfkhrou
votj
wjynezrxdmfqy
wpyzaudwuxqldjwjriqaqsjrq
wtorckqaxsr
xdkkfsuvrtgjtpp
zhdhfq
zlyemsssqmivpbyweso
zqiworvpw
zu
akgvqxhgkasgyrkpcz
azzaodggxwwbtjqu
bccfqmwhbvssiigvijsuxi
bcpxif
bgzvbafazjohqs
bhcwhlsyoyhgmgopprzaxqmomsyh
bvbozvmxobatkhqsqchlhtbof
by
cgmmvedewdmfnqwcuqdsc
ckjqtebic
clzmshghtlfspjhcgfasdv
czotviwlpfibyanraahoawo
digpnpuuhgx
dsgeueivkrnezumcirzfqxozfcuhcn
ebtljhzkrght
edyyhn
eostfvsk
etglmnkluvnxdbl
ewfq
ewjtboxvynfhkstcena
fblkpnpeelfjmtkuqpzomw
fcbceyhjugixwtb
fxwwkmfxdyygmdcaszsgovs
gkjelrlpax
goaxiusxharyevoznqgqbteqmppcii
hgfseiexvjvwwkasymwiammkempn
hjwzwmozecrznjkfrvkrmrdwroa
hujzumigofhwbkkfluwzkctk
hyumquowldno
idzyqazfnovktq
igpsglh
ilocltgcozgtziufuzimxeekw
iykldkdf
izvozs
jnhzqnxnttihvniogbj
keofmniumjcafcuyvdcueterqpjjwa
kmapqv
kpjmrcixnsdoljzxhppx
lgcoxpipytd
livfhvsjtkzmnkab
llfpnjzywcpamevwtygfphi
llivfedkjigavyxjveqvrb
lmbupmktlptndmpdsydsgv
mafrrourowzsysgcrwtswn
mcgbrrvkuptanlzosctfnyszkl
mphnqkamhurktr
mpsajlfvgubfaaovlzylntrkd
mqlfwzjfqvbenlerlkyawolvbtyz
nnamxjdvzuhnaczyhepwzolhusl
nuvklhsecdwra
ocjeumcjdqszrrrugimnjbjalqlrc
oeqznbhycwmfyaqqiannyhq
ojskkvfxahhjmbocljarintd
ot
otkgnguphpkxeatowzabsdn
pbszxsbziyrvg
penemwborifsuqhceskmkhssmv
prepggxrpnrvystmwcysyy
prggwdyafawqgqbtdgffcegtpcy
qmurwmxcdbhumrgjqm
quskwtcznlterxbltzydyzvah
ratzbsguvzifnhyxwjsjavwauxp
rerptisizxhrevnxquezxk
rgvtzcdvsfdvhpvsnlcw
rjbfrjpcgdjdrwdnposrjgdrqrvq
rjufsikdvwyrizublbbgwa
rmbsztsshfroefwsjrxjhguz
rocacwepxejxxfv
rsdkqbvapl
rtd
saznmoijoivvgobqpnc
sdbvqidh
sh
shitx
sqfubvxctepvmljohzxxoolnvl
ssqctydteamdcjbprhtnegyi
tajdjntsgiecrpwinbumvktizkx
tkqcexrnnxskywnd
tujtzqwzggtlbhropkwkb
txxeumzfwyucpabqseffunqpkfnn
uacxkpmrflspdlqkewyqjft
udrnldkldkfz
uhsxorp
uhtainkebbvzhtqbkdbmv
ujopgrqnpiug
uqnpmhdvkzebnlig
uwkmsyqcpuivah
vhrwtfdukxffjpsswyxlijjh
vkhvwnvemhmczbadvopemtlpshwwu
vospelnnqxargf
vyrqpizteuoxgthfxsmxjrwpsur
wdehfkruqbyvecmpesromdxllub
wfmsz
wmtfisg
wrqeatqbmmilpox
wsdgcofglcqgdndbypqqidcl
wtcyxwujmjqhbj
wywttjz
xgcjwlg
xiisyzwnhxyf
xnpqjnbkcpdmokalxa
xphoohpkwq
xsqbjwiploxderklgbxg
xsufahyyayzkhuhjrjsvoqhtyd
y
ycdrudm
yjauteuvczvicthrxsxclprg
ysbicrfxdi
zbltinmzbkjy
zevbyktbvtp
zgaig
zhzdfwdsvwyxghqilwncnkijcapb
zjfxchwddxonzmnjv
zlkoriebsupc
znzrgdkk
zpeuddfeimozyfr
zqtmrpndev
zvewxo
zyqktdmkapsp
agiupjqbzxthtop
anrz
aolsv
apihoxuuff
atmsckmaalk
azrssfszwx
b
bdxr
bysrt
byxvofglfmjxbmthzbo
cejdbnijjy
cfmceztgjcmhxlhasqkauqln
clg
clifkeljyti
cqpktlmwx
cteeqd
cuejvmwgsffvow
cwwpdyjvctvfamc
da
daaoxraojotjufsturtjhu
dbsgtffkbykeuhnf
dhzfzaxadtklhyhqzfd
dscwt
dud
dunwugtue
dyfaqw
ecsldjesdcpjikvpa
egfivdrcygurqdredakub
ej
ewsbekbuzewnoszaj
extjgxwtcklkdaoxfqkaycroesd
fczzzbfkq
fdwgpbepeuhgbjbvnaxrh
g
gabbsqrhcrtxmjv
gerszchaoeebcvyatgajt
gmhpaojoiqpqtxtucrorys
groohrhudidgv
gvxjcnj
gxksmfauwinsjls
hggt
hhbfqmkimwzob
hkvexbsztrintjappsxg
hnlcivwhwztzrbxjcrtuv
hnrlyjiwtmhglkozfkm
hraglg
htepejvtznhvpfhaticqjesfyhnid
idyaxyqleprxibexxyfvsdd
ifrtwqqeojueqbns
imwrbvezzvvjpgihcyfqzvadtdfye
irnawo
ix
jacqhnwdagnvxesfrfiefaabr
jfgvpifyidttggsdyjbvol
jpdcdplftiqrzmnuvesxxkseg
jqcfqptbzgketqkittrhyubkewfekr
jr
jxyaaykqrxycrxuw
jzbdwkbevkgd
ksbxeestgp
kunebqgrizkekgerqqlyyfesoy
kzm
lcxp
lqgpwjpltjfrqcocqxylut
lwhtzasnqeoyjbxk
lwqiodcwfygkivbujfinzyhcejc
lwxfaigayrueicufdiamhtkbxotd
lyjyhfixjswnkkufnu
mbnwgscjxxfpmtboyuprar
mdefrmtwkyln
mjtimd
mnmalpuswibub
moivfhjlrwyaxawge
mtaxrykrzqxfctchjp
mvayqbnks
ngjncpxrjvbvcc
niq
nlwxqwwzdgdjgeqwapbhlpud
nxrqyjz
oefxzbcoejuvpva
oqothggtdrdolgjm
ory
oslaqkxzehzegkwutiypzvvztdurg
pizhwzizcyuceglmmbgyg
pqzikfobucdhthxd
psmnruiclcipom
pyviqrfrgemko
qatxlgibyzzkiajx
qazhlndnviltk
qdqiauapwkczxrxopeneux
qhqgxatpxwldsxufannebavspetvuc
qhqvaxxeqwu
qvotcaytbtuzdtwsysjrvrw
qvrqusqsydymvpeibgxffn
qw
rchtqdnly
rjxxwtlggkytbiolydnilqa
rmcdpomj
rquajuaxpdpsmwiwxxdvipouxt
rzrosdqwsmtcjghecqudosr
srmcifbvrasucuvivowlzivl
tflbgsfnpcu
tkyfgvsmskscinmqjlgccfnfkgphx
tlkmfqrmyjfjnh
trujkuix
uabuqcimcnlhqo
uabuxwymxiwtawlckmpathua
udwdfzlktbqdxgyyiudsjvezkme
urzhmfffsrc
uvzwztjrwovttlnkz
veigvekkfkzncnkyvoguwpii
vfktqjdcugbidvbxrnsaq
voqldtdyjthyuiskvcytzy
vp
vwaajiqugtaoqmemjlhgoxprur
wbpuf
whmqhzkhdkcrfvbe
wmbrmbvgaowlvdjyddyctcockm
wwfzinwtxscjbpawnhbskilh
xdzujtlntx
xnjomuy
xobhxrbnbewhgehlcdimxufhcge
xtlsgypsfadp
xtyvoxhfkxo
xxnevpuikxfvftcypgzyif
yesugdhtjckqjdfgnrdoizpyfmdl
ypiroc
yruumqadjepvvcvoidwmtpbnmqui
ysrwmqojahyqmfevsdcomryhgdm
yuzut
z
zlsrwxoccslutwqz
zttldfuroujr
zudltfzotcjtnzxuglsdsmzcnock
zuywmobcdlb
a
anhr
apqrvlwigro
aqxk
axxt
bhmkqlwhqnghlvlzg
bkurehr
bnorkhz
bntr
bpylonmwajgxzgyzaovenfvocik
cbldvgyl
cddiuteiojwayyzpvs
cnfjitppmymxiisnebpywsgqs
covkqsnhgcgbaiosrkh
ctlegenlltvkzdq
cudhnefnjhaimuczfskuiduburi
cxsjjbhiqnvoc
d
djiemsfzbhzfnwywmx
dkxjflkjw
dlbegdrhp
dogvsalzl
dqgivlqpirqvwqqu
drxjstcwrsxg
dzdf
edklqenafbcfnhwrhdkjc
egse
ehpnhkycpmjtgludhrb
ekjqzvue
emunnlxubykvvrgk
enmsdpakeearmhlffbpns
enqmwilxxzoqfotpikpq
esidrnwwtqkdozfpkduulifzdpohcg
faclvgrzkkldacllteojom
fjvgzpdfscrzswpqdbdzvnj
framuqgbdnrsmbxrvbtfglowff
fwhjrut
fxickobixbbduzvngqi
gbbdh
gcbutuczj
gcseozpscrhjotyczcwmb
gdeebjgsdyfoecqq
gdywdofnzxqlxvkhdj
guzxhrdjzzheruswavnvslonoas
gwhroqkhwudbcihpqwaqzxugk
hbzvroovjftegskjrjyngl
hgsczhyjgdfgnwfpdtlkhp
hmeckotrwospofghfozqvl
hoevnhxbrhhfobgyw
hvmuggazmnupbpkmszdb
hwkh
iclqljtkvnbimpdk
ifefygaiaioiiedbywr
igaipyhbbxi
ikumoyyokhaokilpeemnqy
ipwweghtfiqjqk
ist
iswkaxiagt
iy
iyppnzdubptsaveszsippqmotjh
j
jccvhhrjvbjts
jcjyugtedogfurkxiyquf
jdpvyqxk
jefbfhk
jenzsbdoybvqaur
jethwmgwmvgpxutvccepmn
jtrxh
kdogkemhibyxrnxsxrzletbqex
kixjwzztdjpqsuowkvfccock
kmgycouiertlpbjcsx
knhxrfzqsxpppse
kqta
kt
lemkimipecehlbtmbwnkdx
lgyglmvlyqxixipvwoq
lineiytymrj
lmfvglxolymflmk
lmslebfiiargfmu
lwbzpgvunxnvpjantjjawjb
mfozissccrifwqbhxye
mhlvbypecjeiwwstneuiqubpgug
mjtmrcjivhsytnwmqqjv
mnhpqyictmoyfpcvkcaodakja
mnzrslrdexup
nbcqjcwyveflclgteosb
nchigmtfb
needdpszrnavymmtatbdzqsoe
ngkpmvqthejjrbzhrcggoewvrx
njhx
nyghhhptzifawftzqg
ofajljbroertes
ogvfrnymopfwpnfuzeihxyxan
oiojlwhypnv
ojd
oneqlnbtoddbmivazxzm
onwafxwhgbibabvqop
osgeeqdbczpdd
ovd
p
pfxwgprpseaccxkwvixvfhqfaw
pmxujjloova
pszznopfgaxzgfltlsxbtu
puhbqw
qcae
qflauccef
qmajagfhzzfbdvfuyurlvurnwramc
qpevikeffmznimkkasvwsrenzkycx
qpvlhxeeocmerjmziudtsqqoz
qrbmaqvjqkqwhapah
qweaafjeqiozpyfauuqmv
rjxrxwkduooe
sicutfmmjoutfvexdczsch
sqlhlanroccwz
svmterdfblhwbaf
tfiekixeyrfcpxscjkcfgqmyh
tgrgdfnyytkwwqqtmiuuyvga
tjhyezky
tlhcsmpxohgmgnkeufdxotog
tolxglqtlmcjvrqlohvz
treh
tvquitivyh
ubttnwnphdbytwodclrjpr
ubzzpnhjaqwotzqblhmrfzfg
ucoimmqszmsrzqpmaddcvhinjj
upzwweiqurpixiqflduuveoow
vdkocsaehfcilqjoevajnjttknrs
vjztrqgtlzap
vqtkjpqzyyhhtxmj
vryxozbafpfmowgrgonuatdql
vtqv
vttgecajylqvuizfsoayxziljze
vuwptsbzakokkpatutbdjevvjj
vybjzoxhzubdnt
wahgqohkqnkttiqfyr
weusehrpmszbxbrqoa
wexzpmiexgrjxjmdwbq
wgefhjesvhtizioj
wtbrecuykabfcvkdzeztoidukuhjz
wtwkkxlcbhqkvcswjebkrjl
wxllxlewtzuwbsuvse
wybxduunfsksrsr
wygowwqhnzfjqhfgimwjgrjvqsp
wysz
xaunfqjvxiohnjqr
xohdvrbnlbl
xrm
xruuqetpxoebjnrzodfafpcs
xukwyzcprskwgxulsuckbsepje
xvfbcgkc
xvjjmpsvknhkwjopmml
xywxyqsjbcxqnsb
ydww
yhzqjzdhtbrrrllkt
yxcszpoklwjdr
zghutifklgklr
zgpzpoltvnbmvwthjsvhbxsewqyc
zhjpfswwbolzummwrhylyjlbu
zjbbllfhnhecbjsntzzioxauwzk
zlolmcgvruncmawflyqrtb
zmbintattnhodtonpyz
zoi
zpsfcctayvficqbebazkle
zslxvyilclpgqlakdknfaoyzqrq
zujll
zzj
aefzsiotpxj
ahx
aleiztjpzhztqh
alhvvpaangodnlxhlsxshht
aqviouhhdenowzyx
axluopbzetsucqzzffskdokros
balwnksvloidzfpir
bbbvoqozkyna
bbmuegyrhlthxwgjpr
bdftzrainjruucocigrajyfa
bfdxdxgmfkwmlplkprltgxgibt
bhhevookf
bijilnhiiulltovbeflwlpbhy
bizmyqpthdmzeiegqcj
botwuxhbxv
bpkapbszys
burjahmttyqqqaygtwrxunnu
bxxzkghsk
catmvefqrzxwktndpbbzdrwlph
cfwxwdrnlffbfhvyxzukj
cizock
cpcj
cswiilcj
cvovrsqrcopnnpkunkkcpoenvpkvy
cxwcujwhe
dchwqsqtxmuncwiregvulrw
dfodkjmjqwiqpuoqhimvfvuzwyvi
djwikfatc
dlrwamnkyxjsxpfdlzehbgkvypxf
dlzthujqupnrrkaklcxgdcgtfo
dmomikp
dqeelkpke
dvkxgllisaambovjkdqrkdorj
dxvaahg
eendubkxaortejlrc
egrpunkdmbppweqtgj
emvbqlzsvxzk
eqwrdwsvyncgf
ewxcchswmwghbba
fajfrmxothowkbjzwu
fedgaufchgkgxa
fihvfewlicdpqromvutbxujqyyokc
fjjfytkxlbnvmdwsy
fjkhawwtkguwtzefpxpbdrxfutvbu
fmeic
fnasl
frlzzmkv
fvtbmvwhqzjqr
fzdntosdjkidrol
gbecat
ggcxfgrjmarwupayb
ggh
glschjagq
gonzltjhgauhnihreqgjfwkjsm
grcyvzsahpszobrixwxk
grnffmnpinwlexrqxisbfnh
gzfv
h
hljzhezohmiurcpb
hlqq
hqghumeaylnl
hwzyiaya
hxm
iamfkofjjjjrjuuurryc
icwgsotniggivzaljk
ikwafkcowuuntfhpkdeyhok
ilmgqaqlxfimfdzxxaywmvykpwxl
ioi
ionemyrdbvowpgwmooqrlntgrrtz
izlzklnissa
jfhqyudwtigbjtm
jhhfscdromehncpbpmivezzhklqx
jmpfdcyqtrcvvvtrffvpekkqmcup
jmutkx
jop
jrqgeppxyjsttyzu
jvxkhcqpqiabubqqdofehhj
ktnkytgjpm
kzhtiqtxg
l
ldvrxlonvkxzecxepkmzzgxluahmj
leejqdfpgfwvacgtxyqqiqqyd
ljvrvipyamyehwqnqr
lkyertah
lmcrfipqqbpbf
loyemc
lrglmwanrxrfnwakztgj
lzvngdhsftczzzlhojlcektm
mdltcqzgcaiwswfyryhcwwiaruhii
mjhpuacs
mnddxfdmvzcautdcckxaayd
mqhibngjtgrkpferayxdznp
msgufjiwlcfywxteyyqd
msnsnqivmvubcwtfsrqtmkne
mymhysoicwuohferebeacazuvjoxyi
n
nbfrkvbe
nchxssjluhl
ndaefgenzglnxhomksig
nimdlxmjydaxyjn
nkkmsdbuhvhfqtdvtn
nkrvkcofdgbbgpdoxjuuyyckitfd
nlqkwhhyip
nmk
nsn
nzrkuxyjpwwminhplxgxwulgxhlmsb
ocenywxgeacx
ohw
oilf
oqmqhcalyzvqnkc
oqnmicxapzarknnxtuuf
oswitd
otchc
othwmlvrglfzdzdbtubxuoffvncrs
owrmvvjiqswricmzsxavd
oygpoeylfpbn
piwpuwczdapdzghavviyirojnol
pjwiv
pspxnvjiupaly
punugeajdgzsjewsqrmjzssbx
pvfvpzhyujabtqwwt
pws
pxzz
qgudbe
qjbzkqfjjhwecxfcoeskfk
qmvhtcexameykvixdaqvssdww
qnjwjmwaxx
qskwwoiripgxyorh
qtcyrbzzcyrjbusmddvcmjoek
qtijvcwnpflrlukdiaohq
qvzeemwwazstqocwvntdnaqybcf
qzhltmgtujdcuugnrot
rcqaybnefxnxvg
rdilpomoisjjswfdyynvlqrmhjcszf
rfmbisgekyrgzvxdhpoamva
rgpbfryedqjrl
rotqpoxmwhhwewnvcbvdkuzi
rvz
rwhpevcoqrgrqwzh
sbvqqi
sdfwyijfz
sdgzxlaeykexqgqoevj
snaclmnuqnbdifzluj
tbsciedpiwlaqigesjsqhs
tmfxobkhx
tnuamqelrwb
txdonpeashnr
tyjsllqkehtliauyiccqdmfiejrq
ubtjv
uhtfqjrrw
uihosw
uipxarrbphnzwkbclgbvo
usjtyynqgpysvalz
uyfyqgajqkcklznayxqkqoyz
vbxyuvg
vhktdoxqtekiwwurzblmldlfibd
vuqjoyrveuqnnameexbaeb
wfnhcbkpmesupmtrvipfbktbwzf
wgoljpdsyqncsdjsdcxxyrghrwpqi
wpanfhdwhpqafi
wrvfymybqnxzgsfrrjdexwkksbdn
wvnakwvvdycxcz
wwbsqfcihubsjollmsqsghmcphels
wytfjynqmgzagbk
xinhsouikqwhzbukaupzujroolau
xjoqkdvfepvl
xmridxpdpqunvkwxrykxtlxyppfm
xvllv
ycztw
ydfmpdwomciudcnynd
yivifyaxlhwabbswjdysejws
yjchztmiep
ymhlwdxlozm
ymkktdbnoxwttg
yrbaqmyjhzxndsiyfsexwbioewq
yrqqnbu
yspnaraewke
yyeshqlzmrewqnkq
zbqzqpgnhobduwb
zler
zmm
znpprqiswbdhoyncsaetlgbfvi
zuhwqqsldzcsf
zzoeowaqezdlmwafcozvqciewgkek
abrglouyqprl
akbmu
akvlavkswf
amz
atprwskxzcznf
bcgns
bksucvzqlyqnw
bmmvafqyxjyexdsswbjiouymhlz
bnqbwtqmbdsmbfz
brukkkigjmxqrbazlpdevpezpbws
btwhxginfgfrcclmznmju
cfkp
cpypckqchbddzwrxbzmqrlxv
csnxucovtykrxawza
cxhuuyyhtgdglfciebdutoeunfhda
cyoeivdyh
djootgpknfp
dvaeqjkzmhiydlxdjohnscghbtusw
dvslyhrsehxz
eqimlhcztctyphmeqdsuyvk
exhuqmjicbmusqdklasolwjx
fbjejazsrulvqtammemhqpyiowmnl
fjtpqdljhe
fnonushmvdmplykyisjhhv
foviussqfqweh
fvdirjmsszgabdv
gdpylraxglmt
gfmzkgi
gfwawlyzgk
ggm
glmkxgb
gnw
gofgwkleouxcatyewursbvobdgiqq
gpqmwfonteprchddweqdohspjdgvl
gqipzayixrydwsovhz
gtxcfzlbjbi
gwthhil
gysggxdorkvmvqex
hmpoaqyd
hyffuvkoukdwjcvx
iczpusswafkenwemoci
id
ivza
ixzhxwhiu
jaoxtfhvxxytgokrcxaetauqgndm
jdpmoxbyuyopqjkztvjgkw
jdvmajkpvunlgcb
jnppsavnsea
jobmarguqwsokldzscsfacxfzxfj
jswrqcnbqyxaagibp
jtxgvenksppwwplhxtgybvmajeyfa
k
kabporpsdtyp
kcyzobghtuoxrajvprecwgxxps
kgzskw
kjlzzqtsjfaeedfuuj
kjrmgsxockdra
ksdfpdjobicqfqmfstqhpfmcpmf
kvwpnvgzmiiz
kxjzubuaccl
ldvybsuxkbmfzvrtnovidznp
lhglvwxkyvulcyjefll
liexdzuzosrkrusvojbrzmwzpo
lnukbiysplkhjucfuwohzvphjbj
lorqcjkqzzpinoqluib
lr
lxosqzmynmhemhwppvnwnwwhu
lzbgi
mbvbhrmlowpjbwyvwtg
meclsshvkmywjxeshoihmlgvxiljv
milvpwtytnbsdbzxdmbpvbd
mjbmweoilejr
msrueecxkqkrudlmzgdtnhmivnn
mthjitsspaqnjrdo
mvyqhtqwfyi
myubzazcpkhktkydzivcuyp
mzdcakpjvozimhxxqhduiqedlngw
niwl
njuwrsyxwq
nkyrtnsjvwzxss
ooveibt
pabjpliwzkbndgp
pkwlbmjahtputieb
pvrcfsnusuwecj
px
pxooeoqxppbpmblx
qlgjycjpkp
qoykiidfwfxyaaa
qrtcdlpqmvjifvgymkgotzjm
qvqehdrcv
rbrnberazsxtkaquehjfcewct
rfrzzemiyzvobxuojorawurhjoppnn
rnazcrfhpbjmrfbyqmhdabalht
rphzlcepaytfaveopszrnkvnehrj
rspvyoenvpxnuhkczyfdummmzyrmyt
rtk
rxxgvzqmeyrovfichqnivfjza
shymdo
sxttobbgqngvvpjgoj
tafrsvpphuraaaixztw
tesjwhdizcobzcnfwlqijtvdwvxh
txgii
tzhfmbezplhqa
udnvqzbkatnefulgexktrmh
unpaboujvirelehlgectnaz
uoeeykiqzahfavz
uoxvyppkqacgbplsnpxjgsqkd
utgtnkntarjkpxinovgzdthunwo
vcfbbjjyfsvkvsapdshakgdv
vnfjxxvkczf
vppazhltjqvcclpeztsjpynz
wa
wqknzpyvysdkhsoicmhczoh
wzedalkjdvmzgrxokchg
wzeewzkaojursqgsczv
xcjwkuveerenlaitvyci
xtbftqsnpavyt
xwnueqovzyhqfjxqmzvkwmogp
xzorzgvktiazlzy
yguokqdauptyvjafz
ykuqatmjcrvbsamzlvztawfo
yucclqzcxtawhxkhalp
yxfodmssqgfwmuqdswilnjnir
yzalwuiuzteyctm
zqvoxkukylzcrupmibacpj
zsfqhkplfbyz
zsvopqheoud
zvarpfo
zvtvhwycfznmaomafs
zwhifhdnqubw
