88
mphnqkamhurktr
dyrfvvrivuy
dfodkjmjqwiqpuoqhimvfvuzwyvi
tlkmfqrmyjfjnh
ycgfieowqrwwwpzsqmetog
gfullkjduhsjaf
hmeckotrwospofghfozqvl
ifygtydhacwyhsgewzm
myubzazcpkhktkydzivcuyp
fczzzbfkq
gkjelrlpax
liexdzuzosrkrusvojbrzmwzpo
xtlsgypsfadp
yspnaraewke
dxfircvscxggbwkfnqduxwfnfozv
ewjtboxvynfhkstcena
gonzltjhgauhnihreqgjfwkjsm
gxpeyanfetcukepzshkljugggekjdq
jccvhhrjvbjts
nmk
nxrqyjz
oefxzbcoejuvpva
pjhaefqzaauldrchjc
qnjwjmwaxx
smeaearwtvjsjb
treh
digpnpuuhgx
dkjghcwmb
gbusbmbor
gfmzkgi
hhbfqmkimwzob
hlqq
oygpoeylfpbn
sxttobbgqngvvpjgoj
tesjwhdizcobzcnfwlqijtvdwvxh
tlhcsmpxohgmgnkeufdxotog
wljfrimpmyhchzriwkbarxb
ycdrudm
cddiuteiojwayyzpvs
edyyhn
egfivdrcygurqdredakub
jenpevqgxiepjsrdzj
kjilefraa
rmowzdqyoxytjbbhawdydcprj
uvnpppsuacbazuxmhecth
uyfyqgajqkcklznayxqkqoyz
wuxwhmsncbxcoks
wybxduunfsksrsr
xvfbcgkc
zudltfzotcjtnzxuglsdsmzcnock
clifkeljyti
fajfrmxothowkbjzwu
fcbceyhjugixwtb
ljvrvipyamyehwqnqr
lyjyhfixjswnkkufnu
mce
mpsajlfvgubfaaovlzylntrkd
needdpszrnavymmtatbdzqsoe
nsn
oiojlwhypnv
p
qpevikeffmznimkkasvwsrenzkycx
rcqaybnefxnxvg
rfmbisgekyrgzvxdhpoamva
rtk
ssqctydteamdcjbprhtnegyi
upzwweiqurpixiqflduuveoow
xgcjwlg
xphoohpkwq
xzrzbmnmgqooketl
bcpxif
cbldvgyl
cudhnefnjhaimuczfskuiduburi
djootgpknfp
egrpunkdmbppweqtgj
faclvgrzkkldacllteojom
fxwwkmfxdyygmdcaszsgovs
hqghumeaylnl
inrnnzwacxxaedrwudxzrfu
mnddxfdmvzcautdcckxaayd
nuvklhsecdwra
pmxujjloova
pspxnvjiupaly
pws
uhrqzhnbnfuvqnqqlrzjpxiog
wtbrecuykabfcvkdzeztoidukuhjz
xrm
zkvatxdk
