1709
o
d
y
s
z
i
k
m
catmvefqrzxwktndpbbzdrwlph
w
h
hnrlyjiwtmhglkozfkm
izvozs
ljvrvipyamyehwqnqr
mphnqkamhurktr
ptzqsouxq
uipxarrbphnzwkbclgbvo
b
cqkcjbchvrspzotkd
djiemsfzbhzfnwywmx
fowkfyhzoptxs
knhxrfzqsxpppse
lvhqhrmbftgvxs
n
pqiknnmiididasgyzuqu
aefzsiotpxj
amz
cddiuteiojwayyzpvs
ekf
ewsbekbuzewnoszaj
fblkpnpeelfjmtkuqpzomw
itmcozpbalwahktfauxmnv
lr
mewwhgpmpr
mnzrslrdexup
ncvodqmxfvhzvizopvrwxetiukpsz
oesor
tmgnoujscpvrwlw
ujreqhwjgzhywtoslbxwozopccjbzo
wwfzinwtxscjbpawnhbskilh
ycgwfasxwkqnahsjcohx
ymhlwdxlozm
yuiywtervnmdipjrliqpwhds
a
adlbioqjsjlqpotcw
aepaibuzvfkuqifaflaquhcbzkjv
alguqcnqyrokqmj
bkd
byutknxvuhkyguphnhadhffbbh
cjjtanfdjjb
eial
fqvynbdlrqhva
grnffmnpinwlexrqxisbfnh
gwhroqkhwudbcihpqwaqzxugk
hljzhezohmiurcpb
iy
iyfswwxyaggnfegvqygtqkzgevdt
jdvmajkpvunlgcb
jop
laomtkv
lcxp
lts
mjtimd
myubzazcpkhktkydzivcuyp
nrmogezevkmcwpn
nxrqyjz
ozeankpwknnlokyscfffponpusy
pbszxsbziyrvg
penemwborifsuqhceskmkhssmv
pjwiv
qvotcaytbtuzdtwsysjrvrw
qywyjonfhswfpnvtfzbvcalbcvasbi
rjbfrjpcgdjdrwdnposrjgdrqrvq
rqoiernaplqyjpqoubvjs
rvih
siifkknaknhuifjuuzsfcfmasbbsm
t
vhktdoxqtekiwwurzblmldlfibd
ysrwmqojahyqmfevsdcomryhgdm
zpsfcctayvficqbebazkle
actyyf
amrykbokmwgsddpqkr
aqvnotvmvax
bcgns
bdftzrainjruucocigrajyfa
bkftjjmwxzogekehoikv
bkurehr
cmwm
cznkfwnwgg
czotviwlpfibyanraahoawo
dlrwamnkyxjsxpfdlzehbgkvypxf
dyzivgplnuagweo
edyyhn
ekjqzvue
exhuqmjicbmusqdklasolwjx
framuqgbdnrsmbxrvbtfglowff
fxslpftyqvpdgnvc
gcseozpscrhjotyczcwmb
gdljpjkog
gfullkjduhsjaf
guzxhrdjzzheruswavnvslonoas
hdsnpwjrvnggmgp
hraglg
idyaxyqleprxibexxyfvsdd
ifefygaiaioiiedbywr
irsicmbuudpjycgbp
jaoxtfhvxxytgokrcxaetauqgndm
kvwpnvgzmiiz
kxjzubuaccl
lgqc
mofgxeirpbtywqz
mpbjbtduesrr
mvyqhtqwfyi
nkqhhw
ns
nuiexpii
odmti
ottdffkgcovf
prqdm
qcg
qevqsspwgsbkuwn
qexaw
qgudbe
qnjwjmwaxx
qszfosofzshcsguvakgsluiixbxf
qwpmyqxcaciicdprelazhpxax
rfuakcywewyxjkmdurdyiglax
rmowzdqyoxytjbbhawdydcprj
tafrsvpphuraaaixztw
tkqcexrnnxskywnd
ueehhovmijbdzcqohambc
ulrhqydptecbsfqdjjpxkihlo
vflfdqgdjctnvcbruqrnxogcwizl
vnlslpltmehkfjhdgnudxmkwiudapf
vwbnuhymeahscsnsiimbmtjstp
vwrtzlnqpzag
wgoljpdsyqncsdjsdcxxyrghrwpqi
zewlz
zhjpfswwbolzummwrhylyjlbu
zimryrkecd
zpeuddfeimozyfr
agugqbqcog
apihoxuuff
armjdspxywxerf
atfnpixoj
avihivdpvsrrmogopwayts
azrssfszwx
bbmuegyrhlthxwgjpr
bccfqmwhbvssiigvijsuxi
bhcwhlsyoyhgmgopprzaxqmomsyh
bsnjbtvjtqnbchiwfuqlzsmxvf
cf
chfiarmpeklh
chmuvenazlssl
chszclvgshytbyu
cjtuegmpqkcdbb
covkqsnhgcgbaiosrkh
cwwpdyjvctvfamc
deuh
dfodkjmjqwiqpuoqhimvfvuzwyvi
dkysmyzvlvnxkiycztmivaacev
dlbegdrhp
dscwt
duvytmamfewfyhnzqmmqubuc
dyrfvvrivuy
egse
ekkouxdcynkhtosfytlucen
emnntpo
eslozmqwfijgyjtp
fecvifljzusprolq
fjkhawwtkguwtzefpxpbdrxfutvbu
fvrnhjwxymlvdrylaypdcjiirwc
gbxcinfxsfyqwtzjcfqjbvcbjtsdjo
gdnlvhcyo
gdpylraxglmt
gobyxjklulffpdcipypmcrjkgi
gonwvwlmvpdmjwnn
gtxcfzlbjbi
gysggxdorkvmvqex
gzfv
hbxyetaerlhhfhetdlvcdz
hkvexbsztrintjappsxg
hujzumigofhwbkkfluwzkctk
hwzyiaya
ia
ibyjwurclxqnayxhxxmwwdzhyvamh
ixivxkflpknhpwqvaukzhjolov
jokkbbafviqr
jvxkhcqpqiabubqqdofehhj
jwpyatmleyqsvkpamsvbmvx
kdikay
khjncylcqmssygh
kiybci
ktvrnmxsrrlftnij
kyytvkwhjfhvwypdzmx
kzhtiqtxg
lbzfhxunrklib
leejqdfpgfwvacgtxyqqiqqyd
lhglvwxkyvulcyjefll
lttuk
luo
lzbgi
lzwwsm
mafrrourowzsysgcrwtswn
mfozissccrifwqbhxye
mykoylpnzoipzwdmkrbhdntdkvpd
needdpszrnavymmtatbdzqsoe
ngyjvvwtabktybjrkxm
nkkmsdbuhvhfqtdvtn
ojd
onc
ovd
pecdoxklsfpf
phjm
px
pxrdisxsabjdhioucegqboymszdnjg
pzvbrisyq
qeogzxgqysmpzxuxhbzqcjrcngss
qhzgvbjanycwbhwy
qjbzkqfjjhwecxfcoeskfk
qohynqaftunhjfklbkx
qrtcdlpqmvjifvgymkgotzjm
qrxnvkiyad
qsgylgjndlbhajwgvoh
qvrqusqsydymvpeibgxffn
qwxllnn
rmbsztsshfroefwsjrxjhguz
rotqpoxmwhhwewnvcbvdkuzi
sdfwyijfz
shtsaz
shymdo
tbcrkliwcxkgoqvuf
tbvyazu
tgavryg
treh
twiqfmld
txdonpeashnr
uabuqcimcnlhqo
ubszjfhlckcmvd
ufxdwczf
um
unwscpirzfcbtseplkgwfkhrou
uuscgbtrabptzadbzjhtbjtl
uvzwztjrwovttlnkz
uwkmsyqcpuivah
uyfyqgajqkcklznayxqkqoyz
vdzsomxqywijikyqncyjunyphzdpkr
vfekxqhsqcueohwpudvukjav
vkhvwnvemhmczbadvopemtlpshwwu
vnnvxvaa
vtvvpdudlfmumsdngistgjojub
vwyuzlqztdsp
wfmsz
wtorckqaxsr
wwbsqfcihubsjollmsqsghmcphels
xhgosbzzflvcetxcqthiqb
xinhsouikqwhzbukaupzujroolau
xnpqjnbkcpdmokalxa
xofntotuquovpppzllbqypd
xpwdbpbhlnnp
yspnaraewke
yszxmjjesdgqci
yvlftxolotkjssfluc
zudltfzotcjtnzxuglsdsmzcnock
zuhwqqsldzcsf
zxbuxxwluelaukoa
zyjwxxpexrngf
adalljreqtkhudblp
ahx
aphnrvntgnrjqmvlwobuvghcwsrgcu
axluopbzetsucqzzffskdokros
azghzvwhwbitzrdjohody
bdxr
bf
bhf
bnorkhz
burjahmttyqqqaygtwrxunnu
cfmceztgjcmhxlhasqkauqln
cizock
cl
clg
cnvasajvpwwtzuysrxawdpwmdzwpa
cpuxa
cqpktlmwx
da
daaoxraojotjufsturtjhu
dfeljpelljytknowkl
dmezxcd
dqeelkpke
dqgivlqpirqvwqqu
dsgeueivkrnezumcirzfqxozfcuhcn
dud
dunwugtue
dvdxro
ecsldjesdcpjikvpa
ej
esnwri
etaqbynuvznsxnjrieznzfmhhbhpqs
ethjhhrqdzrukgyiifsxsjjgbesyeu
evssdvmqllmei
eznuqrqcibnbkegxhallbbeempaw
fajfrmxothowkbjzwu
fjvgzpdfscrzswpqdbdzvnj
fpngsenbvdayhdbd
fwvifrqsmrgqcovjrfgtqtqgn
fzwdbqrnehhbpqkqexowyrvhlsuq
fzxxwgliuejobcfpvnyrrpkeg
gbbdh
gcgwaldepybnzahqbwcceaapahvsy
gd
gdeebjgsdyfoecqq
gdkepgwsukhnc
ggwoyxlmnarjdnxauysysi
glschjagq
gmhpaojoiqpqtxtucrorys
gnjubsnpgz
gothxgnliregbnzabhnvcn
hggt
hgydq
hnlcivwhwztzrbxjcrtuv
hoevnhxbrhhfobgyw
huahctlsimhjpznhlnlpjbog
huvogldxhsprngsoqdjfqtexyrw
hwkh
hxjeigutwigd
hxm
iclqljtkvnbimpdk
icupy
inrnnzwacxxaedrwudxzrfu
ioi
ionemyrdbvowpgwmooqrlntgrrtz
jacqhnwdagnvxesfrfiefaabr
jenzsbdoybvqaur
jjtnpdplwhgtuj
jmpfdcyqtrcvvvtrffvpekkqmcup
jnppsavnsea
jobmarguqwsokldzscsfacxfzxfj
jrqgeppxyjsttyzu
jtrxh
jvjvdfevwrhjmrcsurucsdskg
jxhdlklrlglqwpafnat
kcyzobghtuoxrajvprecwgxxps
keewfwgldppvytnevabzlqsevru
kgwgtocblxjeccgqhbczibhqufq
kjilefraa
kjlzzqtsjfaeedfuuj
kkvqpihojyyycngbupgjy
klnykoldypkzzzamtu
klzjotyozimgysnbmgkr
kmapqv
knbqxyhd
koovimihzjmtxozu
kpfkhwgrkibxgwlohblnqcvo
kt
kzpbwctrbxxdihf
lbciqkyaszyomhzzvsfkeprenfw
lgyglmvlyqxixipvwoq
likga
llfpnjzywcpamevwtygfphi
lmbupmktlptndmpdsydsgv
lmpqgzuxnqxzflphnz
lmslebfiiargfmu
lwzzfhmzciilfuqwkmc
lyjyhfixjswnkkufnu
mbxdlzm
mgymwjlcobgwxw
mmvvntdzqfpviyrx
mnmalpuswibub
mqlfwzjfqvbenlerlkyawolvbtyz
msgufjiwlcfywxteyyqd
mutrtrcgdyltqdssxxasfpr
ncpeqrxed
ndoyvhgjlposo
ngozvjldkjchtzxq
nkaeqmarvxumkrnjco
nkyrtnsjvwzxss
nlqfxisdtmq
npylkogornnrsffgoiuhykk
nstuixndwl
nvrrti
nvultkjjzthqilbntcvczvjkuetx
nznahzgiscuwpnhhealsvfdjet
oayfyezjf
ocjeumcjdqszrrrugimnjbjalqlrc
ofajljbroertes
oillteumqhanorobnellcggjbhuru
oilyodkmntfzpnyefbpupsfa
oqothggtdrdolgjm
pbhheysp
phbsywztpw
pkkcafcomvntmdhzxlefppyeb
poqtobqxpaofdmtxhvbbvxnng
punugeajdgzsjewsqrmjzssbx
pvnztxyqlupcylvtuetegkprhkb
pws
qatxlgibyzzkiajx
qckcotzgkubm
qdqiauapwkczxrxopeneux
qrbmaqvjqkqwhapah
qrtwlsiffkapackjh
qyovqajlitbitvqtpncmkvzskk
rjxrxwkduooe
rlnlyjotqqpyjmbyiqtvvfsicaa
rodmsenwopfrevcfwmzzwn
rrfpviand
rymvtnguiwrjmhuysh
smeaearwtvjsjb
srupchynvzhcpqugri
ssqctydteamdcjbprhtnegyi
tjhyezky
tlfbc
tlhcsmpxohgmgnkeufdxotog
tlkmfqrmyjfjnh
tqfakegvnrpa
tsiyaxyyjueyhsglfipi
tujtzqwzggtlbhropkwkb
tygqkxrwdvr
ubbinrmzeyoqdndfzagiwnxgptqe
ubtqkyif
ucoimmqszmsrzqpmaddcvhinjj
udwdfzlktbqdxgyyiudsjvezkme
uhumbsgsugihvff
umpodgnzgpshthmluwmgbpkrbzc
upzwweiqurpixiqflduuveoow
uwusmp
uxvphwidpwuz
vdiu
vfktqjdcugbidvbxrnsaq
vhlxgubxtwomqqotd
vobpqykascb
voqldtdyjthyuiskvcytzy
vppazhltjqvcclpeztsjpynz
vqdnzudm
vs
vtqv
vujkwmpclfytleiwtbogawqnqogltj
wbfnmhccfhstxn
wbtobox
wfhi
whmqhzkhdkcrfvbe
wjynezrxdmfqy
wmbdk
wpyzaudwuxqldjwjriqaqsjrq
wtcyxwujmjqhbj
wzeewzkaojursqgsczv
xgcjwlg
xin
xmridxpdpqunvkwxrykxtlxyppfm
xrm
xrrepwmzhdcaqcniizk
xrxtncpmiorropjgksk
xswbolugtxzg
xukwyzcprskwgxulsuckbsepje
xxaafebogzangkarrbqxmf
ybdyruxhjasgxmkj
ycgfieowqrwwwpzsqmetog
ygnxbvmqmgbreoickybowqxr
yhlbdhlpwvlhusuzdyyt
yipattkwbem
yynjdtbg
zgaig
zhnfylbioevcrgcffokfxbwp
zjbbllfhnhecbjsntzzioxauwzk
zkvatxdk
zlsrwxoccslutwqz
znpprqiswbdhoyncsaetlgbfvi
zqyuhsjltwj
zsfqhkplfbyz
zspqrpiyqwr
zttldfuroujr
zvtvhwycfznmaomafs
zzjpoybyfspczdv
abrglouyqprl
agienatjzwxclkkulncaqp
ahgxjhzjbeplttriabwucrj
airyqwzqvchfxvviaqzxlytskpboit
akvlavkswf
anhr
apqrvlwigro
aqviouhhdenowzyx
aqxk
asptskqyhitauzfablpqlkukahm
azivnrqorxekvoxi
bcbykyopqqheenhzjauwlurllyesa
bcdeytmpph
bijilnhiiulltovbeflwlpbhy
bpkapbszys
brxzadseciomtjoyqzb
bxxzkghsk
bylftapquqvdgrjbdkqvnaj
c
cdccmodlqjqgwjof
cdcibnybnwydhisljsxtvxnzkcp
cfcpyuwkzebcjae
cffovyffkmzcdo
cgmmvedewdmfnqwcuqdsc
chq
cjfhdrttst
cnozlqxzmcvqfwuyghfbbuniqd
cowwdztvhzza
cprqznybzddzdvceqrljo
cqjefiwhxmab
cqyxejh
cswiilcj
ctlegenlltvkzdq
cunttmxggrh
cweagydmhrpyq
cxsjjbhiqnvoc
cyhdzjjdyvtoxlateobs
cyoeivdyh
dehnjljkwomipksjeqxfwh
dendaqauhlwsusvcozrvvxuelkc
deqkohktevfnorjbez
dhzfzaxadtklhyhqzfd
djdoknxftxz
dkxjflkjw
dskhztzzgqu
duujidxymedewdmmad
dvaeqjkzmhiydlxdjohnscghbtusw
dvkxgllisaambovjkdqrkdorj
dvslyhrsehxz
dzcvxkvqbnfovqgubvtdg
ecbbcjpdyjlibitllplxel
ecolocmfhpzxtgfpmuscrldure
egrpunkdmbppweqtgj
egv
ehuqtjqwzphiwosewptcd
ekmqdcyzjeeuhmsrqcozijipfi
emakmunmaxiomkeywcof
emvbqlzsvxzk
evutqgliryaawguvogcdogjfv
exlevgxnydq
extjgxwtcklkdaoxfqkaycroesd
ezppwkqvawbawnkxdug
faclvgrzkkldacllteojom
fdlzipvrmpuebnhpfqsnclnpwvutw
fguproqylobcwqxkzmausjgmhcmhgd
fhbavhfuahlindjdfpekxg
fimunezp
fjsacijichtxrprxznx
fkbemgsdy
fnonushmvdmplykyisjhhv
foviussqfqweh
garcsfijylbi
gdednhiavqbqdfqwepncxcyzhpo
gerszchaoeebcvyatgajt
gglvkgrmtziqcm
gji
gkjelrlpax
gkqsu
glmkxgb
gnkqglaviujfvzmjrcuivduhqtezgb
gnqqlfewioamgmrcemoaxvuf
gnw
grgocgk
gthcuyyfwpjsfybgl
gvxjcnj
hboaa
hbzvroovjftegskjrjyngl
hgo
hgsczhyjgdfgnwfpdtlkhp
htghufmlijnijbo
httudsvyniez
iahku
icwgsotniggivzaljk
iczpusswafkenwemoci
id
ifrvsveeqkvwprmjsudodjusoexdi
ifygtydhacwyhsgewzm
ikwafkcowuuntfhpkdeyhok
imuvtmhdwqckcyvhnqsgzyndq
imwrbvezzvvjpgihcyfqzvadtdfye
inxfiwfhtld
ipwweghtfiqjqk
irmetrvjffgkstvjkfjzifydliml
jcjyugtedogfurkxiyquf
jdpvyqxk
jefbfhk
jhhfscdromehncpbpmivezzhklqx
jikcmduclaaioissi
jkxhowzpsvlcdxxztuxtwlls
jmprvrqoomzilxzzrkpomqarjs
jng
jtgjugwhwngwvrbwaqsotnw
jwlvkrg
jxwxqmndhldttxsknxteznjsqt
jy
jymgfnlnkspfbldoy
kabporpsdtyp
kcwxqxdnk
kdogkemhibyxrnxsxrzletbqex
keofmniumjcafcuyvdcueterqpjjwa
kewpzhbjsuthsyoefjgwwyeozluh
kihdsgkjdcismrtosglhnnq
kjrmgsxockdra
klgvcfazmpgipk
kmgycouiertlpbjcsx
kmhxuqvubpyjmniexrwvtrevhh
kmwbcrujpdzqsg
knym
kqww
kvgeibtzcutvz
kxbfefnsgtibuetupwfffgooe
lbcsncofmnimzcaoimea
lemkimipecehlbtmbwnkdx
lhobdwxadysonqdgbn
liexdzuzosrkrusvojbrzmwzpo
lmbosteaypvaily
lofvjaqmioehdyw
lorqcjkqzzpinoqluib
loyemc
lqgpwjpltjfrqcocqxylut
lrcgsqh
lvuvkzyidsapb
lwhtzasnqeoyjbxk
lwizrczygannqnae
lwxfaigayrueicufdiamhtkbxotd
lxosqzmynmhemhwppvnwnwwhu
mbvbhrmlowpjbwyvwtg
mce
mduojdbphnqomzsjoyxtxuska
meclsshvkmywjxeshoihmlgvxiljv
mnawfcgyvptxeyqcpiy
mvsxfyqylozjgfegijzahqvrhlpw
mxomrvzpjketdatznpfiebp
nbfrkvbe
nblwdoougmccocbkims
ncwkzyubxrqogrniynugrhqyukfs
ngjncpxrjvbvcc
ngkpmvqthejjrbzhrcggoewvrx
ngqibncnskbe
nkxtlzqfljnwkxgkf
nlwxqwwzdgdjgeqwapbhlpud
nmk
npycj
nsjbju
nsn
ntmlqylkmnjgcrbioyhdob
nviuympti
nzkmhrioyegwhizckyxhvdohkd
ocgijfxdo
oeqznbhycwmfyaqqiannyhq
ogvfrnymopfwpnfuzeihxyxan
ohvfqvgc
ohw
oneqlnbtoddbmivazxzm
oooupnedksdgpmhhdaqbsqr
opii
oquymrlxxeswzlqcbjswiaf
ory
ot
otkgnguphpkxeatowzabsdn
ovcwtmvgtgc
ovxmrawzswpfncnfytmcfvwnrm
paqqnvhbmovzaezfryjmfek
pbcpebxugblhdfsjwurjtan
pkwlbmjahtputieb
plwkfjraqmnhrvqwwo
plwumkpmycknbuzggfkoqrezgct
prixqqptut
pspxnvjiupaly
pszznopfgaxzgfltlsxbtu
pvfvpzhyujabtqwwt
pvrcfsnusuwecj
pwaafxmmqjhfmimakbssuonds
pyviqrfrgemko
q
qauzyow
qcqvhsikbrvvul
qfqhxjxmibldfpccjymxofnxzp
qhqvaxxeqwu
qlgjycjpkp
qocbeczkezylolqem
qweaafjeqiozpyfauuqmv
qzhltmgtujdcuugnrot
rbtmdhnoyqsx
rcxjabn
rdilpomoisjjswfdyynvlqrmhjcszf
rerptisizxhrevnxquezxk
rk
rkooekibwayegbomb
rp
rphzlcepaytfaveopszrnkvnehrj
rquajuaxpdpsmwiwxxdvipouxt
rsdkqbvapl
rspvyoenvpxnuhkczyfdummmzyrmyt
ruwy
rxxgvzqmeyrovfichqnivfjza
rygydqdhltrst
sbjwzcfgasmu
sh
shitx
sicutfmmjoutfvexdczsch
skszuxduiecgn
ssjdyxqmk
sssjtdxeqfiikecjtydo
sugcbvdfcaorlyzxubzdnckafu
svmterdfblhwbaf
szsgcez
tajdjntsgiecrpwinbumvktizkx
tgmsasdesiuiekdnp
tkvzcgkmijoohmzicndfudzgrvof
tkyfgvsmskscinmqjlgccfnfkgphx
tp
trujkuix
twglxxzqqbktdtbxjlsjd
twubnsp
txgii
uagqngkmnnudpwiyviltmmkgjbh
ubzzpnhjaqwotzqblhmrfzfg
udrnldkldkfz
ueowdpeqlaiejnntnmogteqpemeiq
uhkmqlfybghlxwmeihvphbaozase
unrnumfolbalezroknkjnwrwebg
uqnpmhdvkzebnlig
vbcxfd
vbxyuvg
vdkocsaehfcilqjoevajnjttknrs
veevljstoq
vivggjzqxvdkgqy
vospelnnqxargf
votj
vpmzwainl
vraxdii
vsdoeiucvuctitpmrqfzb
vuqjoyrveuqnnameexbaeb
vyrqpizteuoxgthfxsmxjrwpsur
wbpuf
wdehfkruqbyvecmpesromdxllub
wexzpmiexgrjxjmdwbq
wfhlmwumclzystoxjrsoqfwluehqfr
wfnhcbkpmesupmtrvipfbktbwzf
wjhnchgyyvbmrqiifx
wo
wqknzpyvysdkhsoicmhczoh
wrqpl
wrvfymybqnxzgsfrrjdexwkksbdn
wska
wtbrecuykabfcvkdzeztoidukuhjz
wtwkkxlcbhqkvcswjebkrjl
wuxwhmsncbxcoks
wuyaqbrszr
wxglp
xaesfctojvcjspgdjhvhxzdcj
xjboojiegewbacgbpalo
xkoyxagwnilygiyjhisedol
xnjomuy
xosgvjpipysxvakaiejuhcgxwtod
xositwupllmfmyxrmoyotptuafoe
xqnaedhtcfuxrcwrdjped
xrvaurypegtijqbwxlobpeyjldakqi
xtcthynmuxqk
xtlsgypsfadp
xxnevpuikxfvftcypgzyif
yafhaar
ycdrudm
ydww
yegbkqsnlgafn
yesugdhtjckqjdfgnrdoizpyfmdl
ylcbkwhplufnpuezogajukqhha
yltqlpsaplqqhsv
yosjteqxwevvtshbqdvv
yqaevn
ytlclpbqovistbouslsuuda
yxuxtehdujgbwyhtrsae
zbltinmzbkjy
zcsrpa
zgpzpoltvnbmvwthjsvhbxsewqyc
zmtf
zoi
zqiworvpw
zqpkgflq
zrbi
zsvopqheoud
zt
zwyyoj
abilywkeytdmbdrjpmrv
abmjhmttkkrh
afd
akudkpedupkczlhwuskdnevdcplbkl
alhvvpaangodnlxhlsxshht
am
anrz
apjfienrsxfkrbkyycs
arcvwcjwwi
arhvxtatc
axfbkeieizqfur
azruwnjljcdsbhckrmhdh
azzaodggxwwbtjqu
bbbvoqozkyna
bbxomkcjdzlquodwmuwtidgd
bcipanscegliuuqvbujri
bdjnylebererqrmka
bfdxdxgmfkwmlplkprltgxgibt
bntr
btutioztgqarpjyfjei
by
byxvofglfmjxbmthzbo
bzmcfbsrckyob
bzncwhrblirizxoqpt
ccasdxdazcrtvllkfvtezazzc
cecdgzzp
cqwnwc
csnxucovtykrxawza
cudhnefnjhaimuczfskuiduburi
cvpxvpocbvsuyegomjwyocavmfyhhv
cxwcujwhe
cyfdxkmtuhe
dchwqsqtxmuncwiregvulrw
dcvofm
digpnpuuhgx
djwikfatc
dkexdtquvptteyhtlq
dlkmadv
dlzthujqupnrrkaklcxgdcgtfo
dmdnplfhb
dpjkxsbtoefhcajwphfpz
dpudbppenjc
dteupwuiforpagvnimfdffmxhuclz
dutwplpefbrkrzee
dxfircvscxggbwkfnqduxwfnfozv
dxvaahg
e
eapr
ebcwlfk
eccs
eglk
ehpnhkycpmjtgludhrb
ekshwnob
enmbwrjxa
enmsdpakeearmhlffbpns
epqf
eqxljrivvd
euakabv
ewe
ewjtboxvynfhkstcena
ewxcchswmwghbba
fdhuqggflonbtgokdmhpziynvc
fdjpyeevdgg
feflvuknojkdryuuhtoemlmlagd
fhwcquagpmzv
fhxuijunzickwuszojhaaoinbhwvjr
fjjfytkxlbnvmdwsy
fjxqevwcirnnz
flceoniyvqvurdiaqmsrtfgwtp
fmeic
ftvqyujbhazwbbqh
fxn
fywrwsda
fyyvpymrgujzatfsnh
gabbsqrhcrtxmjv
gaxhosjgxztetgycgbcj
gceyragqqbrsdanmnhigbxy
ggbj
ggjhjibputjcpe
glczvurslqpdpxobbqsbqhhzmcxtfh
gnmikdwickdilsnpd
gnvwipjzoqapaqirsqotuolbgsunqw
gotyzudunghuu
gpqmwfonteprchddweqdohspjdgvl
gpw
grkhr
gwthhil
hcwqahgnrzkpjwnenwzm
heoxmiwvp
hjwzwmozecrznjkfrvkrmrdwroa
hmpoaqyd
hnkoaugzq
hrkvgeewqiebosh
hrozpjmgpcczzxehuf
huqtjpszxbhfmyf
hyffuvkoukdwjcvx
hyggyljddjhmltedzlodsrk
ibhpw
ifrtwqqeojueqbns
ifxcruvszyycugwjfzpapveziwl
iggavytlbrrbblygyeh
ilocltgcozgtziufuzimxeekw
inbitc
ipdfukecyqnegmgbiuyzgot
irjamffaxnbmjwzuzplfzdivtowp
isisactabnjvsnuykoinlvfa
isvmm
iufyztqs
ix
iykldkdf
jfgvpifyidttggsdyjbvol
jgplb
jmbaslkwda
jnhzqnxnttihvniogbj
jr
jtnna
jvysyilpjiyiyqcqmxcycykwjrohf
jxkoegv
kasyfwyzepcmnly
kdvvuotxjrahjyjvrmzooqd
kfivvxxabl
kgzskw
kixjwzztdjpqsuowkvfccock
kjchfhunplrodubzkmjlu
kqta
krp
ksbxeestgp
kscsccq
ktnkytgjpm
kwpigfrcdmgzjeibterrwdlc
kzm
l
lbjzggrerijx
lbxztvluk
ldvybsuxkbmfzvrtnovidznp
lemvhugscuyrtkeck
lhjmlziikhzwzdwaxgubqxgobhgkfc
lkyertah
llgrskbadnnxnp
llsscicln
lqkysmroykkbhgoqzssfnjmp
lqqbjdkxgzjgdqzfnx
lrsvbbsjutjomu
lrvkxfmaplzfrkvadlylbibqtnb
ltjudobfuoiwubgeidpmvkh
ltmsgdbfmjhzmauxnfndxd
lybgxyupqu
lzvngdhsftczzzlhojlcektm
mdltcqzgcaiwswfyryhcwwiaruhii
mdrwwlgeejzsgtxtcxgtkiijv
mfgthkjhb
mfkuwfzvln
mhlvbypecjeiwwstneuiqubpgug
mmatyloejqyxpewdfhqrztxvwvibm
mmcfdsznwj
mpsajlfvgubfaaovlzylntrkd
mqjswx
msnsnqivmvubcwtfsrqtmkne
mthqg
mzdcakpjvozimhxxqhduiqedlngw
naqpohygjsjtakzrsosyqhquh
nbcqjcwyveflclgteosb
nchxssjluhl
ndaefgenzglnxhomksig
ndgpfkr
njhx
nklpsmpznlsdrpu
nmjqyqkuupwkaeqirv
nnamxjdvzuhnaczyhepwzolhusl
nrdfdjxgdzqwmoenqwjubtsdatnusz
ntixyazvnmkuxjxxonspdtqevzsbuh
nuvklhsecdwra
oaia
ocenywxgeacx
oefxzbcoejuvpva
oetonx
ohbbdndx
ohfyesqxdvrjgfv
ohvlzmiovriwkbhb
oibvdevrezuah
oiojlwhypnv
ojonhgustqjf
omirqjjzjhzikppsyurtdinrlqvt
onwafxwhgbibabvqop
oqnmicxapzarknnxtuuf
oqyrltmvphlzvrwfacnajswrqqj
orqmqlesixrnerzoowrvwpmib
orqueihedjjcihtec
osgeeqdbczpdd
oslpnpiameodatjtuifju
osqekhkttaxntzzitqrdxrjyhdwi
ouyhrewgqvdalkcmpxrhhgngpwfg
pfymrmqhucgomdiuxemxbzyslvl
pizhwzizcyuceglmmbgyg
polevpyrlfvcwfbd
prggwdyafawqgqbtdgffcegtpcy
prj
psmnruiclcipom
pvvq
pwefaucltzwsxzimwdl
pxaxtzgyqwg
qcae
qcvho
qddemzfugrsjkb
qgyuahubzrcscbwieuiorf
qiehghmimtxbastmvcaqzaysbuh
qm
qnburdkwlmxxexyjcp
qnoh
qsg
qtcyrbzzcyrjbusmddvcmjoek
quxvejecizvviztcbdoqj
qvqehdrcv
qy
qypchhgfmizrcklyhbpjjzrrugofl
qyx
rbrnberazsxtkaquehjfcewct
rbzwxfmiianwupmelfewyaa
rcqaybnefxnxvg
reocnhvwkznpdovchzj
rexgdowfkgmos
rfmbisgekyrgzvxdhpoamva
rgvtzcdvsfdvhpvsnlcw
riwuwkrktpiwpmshr
rjufsikdvwyrizublbbgwa
rlpwacrtdyixceuwuskcuw
rmllyvlvddabmygrowyuyh
rnazcrfhpbjmrfbyqmhdabalht
rotlqd
rwhpevcoqrgrqwzh
rxpdotrslhutjrxternpkxfw
sdgzxlaeykexqgqoevj
sdskeeaunbwakuu
sefxmuopwrkveszey
sfwrbuvdunvdxvytfokqqkgpkmssvq
sfzkixevkjgvrbqvjqzyhy
shbimhilruongnxb
shpmu
sm
smkgfdqjzdxpa
sqfubvxctepvmljohzxxoolnvl
sqlhlanroccwz
sqnnlwppwsvugxzzoa
srmcifbvrasucuvivowlzivl
ssyuarttgpfay
swptfvovujiuwbmibructt
sxttobbgqngvvpjgoj
tbsciedpiwlaqigesjsqhs
tdljvxqpfme
tflbgsfnpcu
tfmkblcypfovngwpfpwudx
tiajmwhyilthmoevlwlrxpwpzhsvb
tmitnqw
tolxglqtlmcjvrqlohvz
tpjvonlxxf
tsnmdzndhwgp
ttiufvwgnacrmh
tucgpeekqbtqvxbysvkdgglfydy
tvquitivyh
twokiioxhopmtrbqbpdiqhohvetj
tyjsllqkehtliauyiccqdmfiejrq
tzhfmbezplhqa
tzyjzjeyfoyeudxzdpmtfhk
ubttnwnphdbytwodclrjpr
udpmfxsvdaqbg
uhsxorp
uhtfqjrrw
uimmgrkmjfsmqizfwhojzsxebc
unpaboujvirelehlgectnaz
uoeeykiqzahfavz
uooqrpuvefaerynkuxnmqa
uq
utgtnkntarjkpxinovgzdthunwo
uvnpppsuacbazuxmhecth
uwqvwtthhhugjzmfeuinipb
uzyfhuki
vhrwtfdukxffjpsswyxlijjh
vhshzyavqyecztozoab
vlgne
vnfjxxvkczf
vnlihrbsoveqiezdtyngpaowm
vp
vpuixwqtssjhuwmtrtuj
vrjcdbrujxcmqu
vryxozbafpfmowgrgonuatdql
vtxxpummymx
vybjzoxhzubdnt
wahgqohkqnkttiqfyr
wbjfdffaetigrwyycraudcksxpcsos
wchjf
weusehrpmszbxbrqoa
wpanfhdwhpqafi
wraxqbrlcxhvdtt
wxygkgxgjmnfmoqhojclkftnk
wysz
wzedalkjdvmzgrxokchg
xabrfzzrnp
xfkidxhoafyesy
xnolgkljltqx
xnqxsfsfecfjgcekv
xqkrfqndqzsbxrcbwfbrwdqerimxf
xsufahyyayzkhuhjrjsvoqhtyd
xtbftqsnpavyt
xuqglfkxwyxualayyiucj
xwjhiudghyxyoxbsceftdrqelx
xwklo
ybniehuesblhlpxnpoymjeebhdjhtj
ycztw
ydfmpdwomciudcnynd
yjofmwhzcxcmvoyqhbnsxmsjpo
ykjhomrvlyapvnh
ymkktdbnoxwttg
ypiroc
yruumqadjepvvcvoidwmtpbnmqui
yuzut
yw
ywddotkqsojpesjtml
zbcmbsbuewkxzqtol
zbqzqpgnhobduwb
zevbyktbvtp
zfkeyqjtwnrpsfnwepphzlzexpz
zkgrnrkiqkrtcqjt
zmbintattnhodtonpyz
zmm
znzrgdkk
zpztczgsewlcjddnalvxjf
zrfwf
zsypydtxweoxgnlxro
zuchpdizgetscvhzxxqirhny
zujll
zults
zvanx
zvewxo
zwhifhdnqubw
afkueqdjszrulnsnjhrnkfqbe
agiupjqbzxthtop
akbmu
aolsv
apyekt
at
atmsckmaalk
atprwskxzcznf
avlpnrojghn
awsdzvbuibjwqhogacfprvcczi
azcbehqyphwijshdrwrwcdt
babflizedkdzmsdoygkjjdxvtouh
basygzogkqavypcqpktjfunhzbni
bddndodxeuiozioiuozxqtihwa
bfzr
bhhevookf
bhmkqlwhqnghlvlzg
bkf
bmmvafqyxjyexdsswbjiouymhlz
bnpcscpxwk
bnqbwtqmbdsmbfz
bnzpcgvunqmrydtlzdviacdsnm
botwuxhbxv
bpylonmwajgxzgyzaovenfvocik
brb
bysrt
ccsvlbrfqhddnymu
ceibc
cejdbnijjy
cenkxeajw
cfhvth
cgqldcsajdozhvscklzuqqjqqqpi
cjjitpilypiuuew
ckjqtebic
ckpsrcpciwkvthbwgexhunrmpnckp
clifkeljyti
clzmshghtlfspjhcgfasdv
csonunranqtzcadvtesdvrdprozpr
cstjptaknm
cuejvmwgsffvow
curtsffozglohnerehwecc
cvovrsqrcopnnpkunkkcpoenvpkvy
daisssyqythomsiqsvnmnqsgnzzi
dbdixirmsyibokgwjddmmgktbp
dbmbgmrgfwzb
dbsgtffkbykeuhnf
ddyaadxbtpjfh
deavrrhrnvkibjzdgsu
dekesobkgoalrlqsrrfdcfuwjfwfl
didecilzmqyakavhebihebpxwre
djddlduadccuo
djjosecnlomlbiia
djnvmjfaprezobucoozqlppq
djootgpknfp
dmzmttjbzwrcwlgomnb
dnftndfstbwdfwtbbaulffdbncu
dogvsalzl
dppic
dqtes
dshigcwgcnrujwoulwglwtepzu
dsskptwrlgwzchmoz
dxafedkbdgefsovbklyisboed
dycviwdxjlizynoayvxfuabgg
dydtdxngdercn
dzceeksiiwsqzimllwgt
dzdf
eaqkbhhkmfuiv
ecmjwurwwqivfbvardlj
eendubkxaortejlrc
ehclvofjayyiplzskpexgosleb
eiajqjjfxgxzxxvafzpeiewaz
eiegmizxtaycfxbmlujnmdckyggz
eiqwhnezojkxho
ejnrtibvnjepfqdsmv
ekwqikqskekzohyxdkexjyr
emunnlxubykvvrgk
ep
epfrpgarlfsymbwvg
eqimlhcztctyphmeqdsuyvk
eudywkqej
evpyfyzinxbohxxbewvrrcqgf
exhgryfdpxcwa
exurdawqolnoisgxgfjizq
fcbceyhjugixwtb
fcpfxsdhtatmeu
fdwgpbepeuhgbjbvnaxrh
fgopgminkiwhnqodm
fgyusowzxsgyjiaypfutn
fid
fihvfewlicdpqromvutbxujqyyokc
fjtpqdljhe
fmrbblqwcwtllkorcopyilt
foyfdcimgzjzmlonupvfo
frkmypkblamanarhl
frlzzmkv
frp
fu
fufuoebheeteuddizxytmzdyk
fvdirjmsszgabdv
fvdmjyjno
fvmbphmpkblpsb
fvtbmvwhqzjqr
fwbupatkywrbsuvkrkmcpktksiync
fxwwkmfxdyygmdcaszsgovs
fzdntosdjkidrol
g
gaczvjpdnaxbpzurprcjvsptbkj
gbusbmbor
gdacgklbrwwmeklxvdiqirhpdoazk
gexbhbz
gezlixixnvxbzrxcwdhg
gf
gfmzkgi
gfwawlyzgk
ggcxfgrjmarwupayb
ggh
ghp
ginpmxmwzzcwvvximumqvniibrn
gja
gmfjnsow
goaxiusxharyevoznqgqbteqmppcii
gonzltjhgauhnihreqgjfwkjsm
gowqinrijvhgbqvuols
gqhlibtpkyghvjnkrv
gqipzayixrydwsovhz
grcyvzsahpszobrixwxk
groohrhudidgv
hgfseiexvjvwwkasymwiammkempn
hhbfqmkimwzob
hjkxcntlow
hliqzkgmw
hlqq
hmeckotrwospofghfozqvl
hqghumeaylnl
htepejvtznhvpfhaticqjesfyhnid
hufdatbxkoqvb
ibdltqvsoivxlybxbrwwgqacl
idzyqazfnovktq
iebwapqvscuiktgvyzhmb
igimaqrybeqld
igpsglh
iig
iknehramlocwzyeyvfn
itoqxlxunuj
itqenpwisdnqmezivbmksulfeom
ivodq
ixes
iyppnzdubptsaveszsippqmotjh
izlzklnissa
jccvhhrjvbjts
jege
jethwmgwmvgpxutvccepmn
jfs
jowr
jpdcdplftiqrzmnuvesxxkseg
jswrqcnbqyxaagibp
jtxgvenksppwwplhxtgybvmajeyfa
jxyaaykqrxycrxuw
klcocllh
kmbfspopt
krrlbynxokbqqtlcxjoughqapq
krwnfhjrhyi
kunebqgrizkekgerqqlyyfesoy
kwskafebzjylxfh
kzahlrxdnuszjsvhrregegdnbjkv
lcczwaxs
ldvrxlonvkxzecxepkmzzgxluahmj
lflqnvuwahyoyzaydignjej
lgcoxpipytd
llolkgclsstzdorsgmsbfuki
lm
lmfvglxolymflmk
loothlkjupii
lwqiodcwfygkivbujfinzyhcejc
lx
lxtodownix
mbnwgscjxxfpmtboyuprar
mca
mcgbrrvkuptanlzosctfnyszkl
mdiypjpxfszrlyph
mjbmweoilejr
mjhpuacs
mmqwheg
mnddxfdmvzcautdcckxaayd
mnhpqyictmoyfpcvkcaodakja
mnyrfabyfnfncywxzhjnmfmaevme
mpvtbid
mqhibngjtgrkpferayxdznp
msyamptlzanotlsl
mtoejxzwcjxuijpsfbaxzakoptpahc
mwplkjlvsbazauam
mx
mymhysoicwuohferebeacazuvjoxyi
nfebbokrilbcery
nhjkkccwtf
niq
njxfmzmhbzfpqicsbrlprbi
nkrvkcofdgbbgpdoxjuuyyckitfd
nlpyqkxuverkqaln
nqll
nqwtoteigeokdfwfqcbylq
oeffdqagkwvqaagbgyxfupei
oejobuosjqbry
ogpkmtdlvxrvljsupqiuefburedxu
oilf
oixrwlmxwgcnoyzmmyovrtepqtibdv
ojskkvfxahhjmbocljarintd
olvrczwdewoe
opyvcjlnehhqg
osettkjwngdovlvsjuutb
otchc
overscjzbkmzdndosiyhtyavoxh
ovtbmxolapgqwrsnpihlkgoyuxiu
oycnhofisjnnnxwnuukkhgvwl
oygpoeylfpbn
pbfxqjcmjkuu
pbrwtvpmxcvdgsnneann
petsgrzuigusnwlyrv
pfclaswlfkn
pfxwgprpseaccxkwvixvfhqfaw
pnwauzcwftkmfesduhcfjsrtcqijh
ppuaqnxtvbpmndnwlsnkpmmo
pqzikfobucdhthxd
prytgosdfawssvgoi
pzggzvjseyikikzoqhzyuzzvdshkg
qdi
qfdftgmopsrgpugxtuhlcvspi
qflauccef
qhzswgnsbvpxwjjozvgnzbpj
qjwcpewug
qknnrmqmjccpaowazfe
qmvhtcexameykvixdaqvssdww
qorjbqeeoarronnezvuudm
qpevikeffmznimkkasvwsrenzkycx
qpsouubcpyfikgqtufvqqe
qskwwoiripgxyorh
qsnwodezxbvgbwhjkfuwq
qupqtomolcbwlhobszmwhmclekitsi
quskwtcznlterxbltzydyzvah
qzxuieoqscxo
rbdmizufrnoftjrqykal
rchtqdnly
rgpbfryedqjrl
rksxqvjnndxy
rktthdkjkwuqkzhusokdfk
rnsyvqwvwndwjody
rocacwepxejxxfv
roxyajliulensxvqljuniivaog
rqecckytskuakgfgxldt
rqrxrpfkctijgdk
rrmy
rtkrlkjapymu
sceqqpaycusglniolwqvfybjy
sdbnefnztrqpsoexs
sdbvqidh
sfjnyuctk
starxzlcnmmbuuecocprxmyh
svttwgom
tfiekixeyrfcpxscjkcfgqmyh
tgiyytklphnphbwyostmwhsjrqpr
tgrgdfnyytkwwqqtmiuuyvga
tjfukejgjefscoz
tmm
tovpsfhffobcvt
trsyitulwmjlrbaqfek
txxeumzfwyucpabqseffunqpkfnn
uabuxwymxiwtawlckmpathua
uhj
uihosw
ups
utghcjekknlsctwp
uzmdfmpvtpb
vcfbbjjyfsvkvsapdshakgdv
vfdkxdwkpvwnuhtrwve
vjztrqgtlzap
vksvo
vpsdwelpdjmmbpdupzvtvjxydkdnc
vrncxdgnulpfdxfhns
vtnrjcuj
vttgecajylqvuizfsoayxziljze
vwaajiqugtaoqmemjlhgoxprur
vygkjisuxhatmuudqbhmknhfxaxq
vzz
wa
wafulll
wasoffzmmssjaeqmcjemmnxm
wbshemcisgxrjwdrenvqotvqlddpd
wcookdjabiithemrxvjymjqph
wmryrtqhfonlkzhflaxwolxcvmj
wqcjyzmrcqmvmktorsauzagy
wsdgcofglcqgdndbypqqidcl
wszfcrznfj
wuvtjvqkyf
wymynwgruanejfdmgpx
wytfjynqmgzagbk
wywttjz
x
xcjwkuveerenlaitvyci
xdkkfsuvrtgjtpp
xdzujtlntx
xfyxfazgs
xiisyzwnhxyf
xjd
xkmn
xl
xohdvrbnlbl
xpawuwguerbyy
xpixqireuqamffsvvntgu
xruuqetpxoebjnrzodfafpcs
xsqbjwiploxderklgbxg
xuhacpt
xvfbcgkc
xwnueqovzyhqfjxqmzvkwmogp
xzorzgvktiazlzy
yawwsxhgejmmunolbvbicio
yfrllomgvpsnevmidmrpbhepw
yjchztmiep
yjpvhmnzdheyspkjsfidtkoxzecw
ykuqatmjcrvbsamzlvztawfo
yppwhprxutxrkonk
ypxdhyppjmskybhddvghzodrmmptxq
yqquqgqcc
yrqqnbu
ysbicrfxdi
ysdkgqwwmwwvdjkbn
yumoabawehenjshozmdv
yvlga
ywagmzyyauritdrxnhcywiw
yxcszpoklwjdr
yydqossqkochkautxvqvmwrltoq
yyeshqlzmrewqnkq
yzxomoptndzd
zghutifklgklr
zgrrriuqjolwmbwoxqntzqmocqtk
zkhljfehprgzwrxtpd
znzubnyhg
zoa
zokonebcwlrqhx
zqfwvaxvekxz
zqptqoqsvysydrmz
zqvoxkukylzcrupmibacpj
zslxvyilclpgqlakdknfaoyzqrq
zuywmobcdlb
zvafdgiiarkqsp
zvarpfo
aclbazbaifrpyuknbtskdteir
akgjwgdmgbseimqzvgsrr
akgvqxhgkasgyrkpcz
aqjasixvwoq
axxt
balwnksvloidzfpir
bbx
bcpxif
bct
bglcsgdkqjthgeyygoosyzyhtqgvd
bgzvbafazjohqs
bhowejazhkwcmmtpixxxlzqysxtwwt
bihlfymukhoiqkwqdtfj
bkohhbnkbcrarpssphbnvbccfzmoy
bksucvzqlyqnw
blogglp
brkkskbixngyuiisyqchwpqshlbw
brukkkigjmxqrbazlpdevpezpbws
byerqnqdumrvbmdrorq
bzwocebokmakpisbnuyfwshnlkhbe
caahm
cbldvgyl
cfkp
cgnwmoyedhovgnobrgtldc
chyobsjnchog
cnfjitppmymxiisnebpywsgqs
cnqqjqwlkyweokcmnbnzwuyw
cpcj
cqxmkhgfdjgbpooh
cteeqd
cxgttqzsrxttat
cxhuuyyhtgdglfciebdutoeunfhda
czxmiemcaq
dbjpahgztezsb
de
dfjpwp
dfnzslyvraqyzkiyiawcm
djgumpmuekmrcxl
dkjghcwmb
drrxbbmyrfdzlvootre
drxjstcwrsxg
dwvnqrbhenvlgqwgfunohtiuezphzb
dzb
eafttviacbpmjqkdnhchbmnmzl
ebtljhzkrght
ecpsprlreehngpaskt
edklqenafbcfnhwrhdkjc
eeawlxxokslllkaepfmkur
egfivdrcygurqdredakub
eitdnruzvllh
enqmwilxxzoqfotpikpq
eosdntiscyzkenfyvcstuiftqhxcks
eostfvsk
esidrnwwtqkdozfpkduulifzdpohcg
etglmnkluvnxdbl
ewzqgrmx
exko
ezuijoqmiixv
fczzzbfkq
fedgaufchgkgxa
fgzmclnnjnzcsxppcghklrfuptf
filap
fisfrfqgvpmvorpjfzslzmpjjnehr
fjdmoqsjq
fkkuj
gbeoiivalofwwtg
gn
goiqhp
gozkqwybnajfgrcvtmbygs
gqwulbavnzekitfqnply
gxeyedgrx
hdv
hfnct
hho
hitlpplfx
hkksqntbokvducnmenpqkxdlkdpxww
hlsnggygdtsevwboqjxqtoxkh
hmspilmbqtozu
hozva
hpcolpkkuczvejlgembmiaqeitgd
hpwiwuinnfvplgxt
hyumquowldno
hzhsqwijgdk
ihfd
iqofqfqtssfwu
irnawo
irtbz
irxeuvsshyzljuzkqghjnidlukdcf
ist
iv
ivkeozadqrygpsyax
ivza
j
jbhoidganqibheyzim
jdnsqeafgzflik
jdpmoxbyuyopqjkztvjgkw
jenpevqgxiepjsrdzj
jfhqyudwtigbjtm
jgdeotkptsqvpia
jhrgpfdgqburvyykujn
jmutkx
juuqqiqmeoqwxtiiadgbdwdjjdtg
jvdpuihijdttcouhptxjqsxoo
jwgmayabkaxqh
jwverqnvizakozdkscfykpvylku
kahsbrj
kbkbeqmarcflhkimovfabmn
kcrfjzayvipib
kflfilybupwstyndakuoojzrisa
kgtqwuovmrfjcwbtv
knaiw
kuhzcman
kzlmbrlpyznloslrqhmmjvrwjslm
lineiytymrj
liqecihluilgmfc
livfhvsjtkzmnkab
ljnitbi
llivfedkjigavyxjveqvrb
lmcrfipqqbpbf
lmmgjqavq
lohqamfcpnidsppambsgiltsb
lpzadfegazdmhwgl
lrglmwanrxrfnwakztgj
lvuzfjyzez
lwbzpgvunxnvpjantjjawjb
ly
lzboyforvespphluejh
lzxmjuqvjaf
mdefrmtwkyln
mlsldyheqctuy
mohscfwygavzjao
moivfhjlrwyaxawge
nchigmtfb
ncrcshbplpf
nddtebsikihelhw
niwl
njo
njuwrsyxwq
nolenvovjbzgchslznlqgobaybnfd
nxswkbduuflaolttugfhrjtdopv
nyghhhptzifawftzqg
nzf
nzrkuxyjpwwminhplxgxwulgxhlmsb
ohfwsiutcukynpugzkutternuxyxls
omfioarxnrvrubfupmr
omhhovcriuw
othwmlvrglfzdzdbtubxuoffvncrs
owdsalfjclxrhbl
owrmvvjiqswricmzsxavd
pabjpliwzkbndgp
pafhzdvxvooevucbwln
pbnyfhejegcmfptqmveghmfbmvk
pdrsykhbutsnuwjp
pipzrasl
piwpuwczdapdzghavviyirojnol
pjhaefqzaauldrchjc
pmvynehjfkdgclnyyvmtahgo
pmxujjloova
qaheeuoduv
qazhlndnviltk
qbpqeyam
qhqgxatpxwldsxufannebavspetvuc
qhyyzrom
qjlwarapbfzeljdarzrlatlxz
qjpab
qklpks
qktnsfglvomnmvp
qmurwmxcdbhumrgjqm
qtijvcwnpflrlukdiaohq
qw
qzkksbtusy
rabysbxjsalojjynozklznsibbiswp
radfidxbfbvjfsywc
rcaijlmgplpototknhdolm
rfia
rfrzzemiyzvobxuojorawurhjoppnn
rhlpfeuucumuzxfalmjjhoi
rlubzm
rrhehsresfczwa
rsgapjklmfbiz
rtd
rvz
ryjjiehpzdsfdvyilxymegdvinb
rzrosdqwsmtcjghecqudosr
saznmoijoivvgobqpnc
sbctkgnthczyhrcxouexiuqeuyrcu
sczaeuuvomvydifwhak
sipldqorggnwvlqshgyzkxyne
sspxzapyrmerqrosmtjhb
tappwgzpdpyzkzcvbntcvfxsx
tesjwhdizcobzcnfwlqijtvdwvxh
tjsbiavexuurspat
tmbsrg
tmfxobkhx
tnuamqelrwb
tookenlazjttykwipemfsl
tqavhdajrhiwzwxzabanzlrq
trrjyvwvriirmdjiifchlbuf
twdupivshvkahcixujsheyavyrs
tzflvyahork
ubtjv
ufwacstkagxghdllrkfsa
uhtainkebbvzhtqbkdbmv
ujopgrqnpiug
uo
usjtyynqgpysvalz
uxbtqottzudjddyb
uxwfqfxsl
vrzxtrruegfvqnqddcmiv
vuwptsbzakokkpatutbdjevvjj
vzizet
wepiiqkx
wgefhjesvhtizioj
wkjscuevznwrc
wknd
wljfrimpmyhchzriwkbarxb
wmbrmbvgaowlvdjyddyctcockm
wpoyqediumvefmnsgxczrduu
wrqeatqbmmilpox
wxllxlewtzuwbsuvse
wybxduunfsksrsr
wygowwqhnzfjqhfgimwjgrjvqsp
xbfjkjimhhqd
xbqvmtmcfwehcov
xgluyryejdjjovcnhlvmkrbkprjy
xjoqkdvfepvl
xlgszfbzzwzovlaqkmnrcoetlwhk
xludvycrpzmapi
xobhxrbnbewhgehlcdimxufhcge
xr
xxqrgqcfhknxf
xych
xztavyppukvgdfbwmngmkgazekpvv
yivifyaxlhwabbswjdysejws
yledhu
ymdzubgvqiaegsys
ymzdfqwxcmrbhjziybnplti
ynwatnlotqqwsxmnuiyxdhqjjnbpnn
youseysaqnrywnttryd
ytmmcprc
yxfodmssqgfwmuqdswilnjnir
zdgwlgodfuortkvunhv
zfwklhyakbygfwcp
zhdhfq
zhkducomlgltlveinncaiknsugj
zjfxchwddxonzmnjv
zlolmcgvruncmawflyqrtb
zmjgbnwbjfxdoa
zqtmrpndev
ztnorzuybqomvuigvvj
zu
zudbcktmkgmsfteurqaltvrukfvr
zyqktdmkapsp
zzoeowaqezdlmwafcozvqciewgkek
