3387
s
o
q
b
a
l
z
w
y
d
j
k
i
h
n
g
m
p
c
e
u
v
t
ymhlwdxlozm
f
fwbupatkywrbsuvkrkmcpktksiync
xqnaedhtcfuxrcwrdjped
bksucvzqlyqnw
htbczonjkfrqzikwvnywplmmdpri
tyubbxqemufzdjaxujdxfzph
zu
befemjgbzyunxjilgjhoisq
dteupwuiforpagvnimfdffmxhuclz
gujemfaebaxtefyjlourunbsxp
lmslebfiiargfmu
romfevwpuoxofyagjgmuoqlmuvfl
sfzkixevkjgvrbqvjqzyhy
tjfukejgjefscoz
zjfxchwddxonzmnjv
aaokvibjokrpcjuv
blogglp
byzcuinsoret
ck
dhzfzaxadtklhyhqzfd
ecbbcjpdyjlibitllplxel
exhuqmjicbmusqdklasolwjx
fjtpqdljhe
gglvkgrmtziqcm
ia
idyaxyqleprxibexxyfvsdd
iknehramlocwzyeyvfn
irsicmbuudpjycgbp
jefuyxfadzxfinjd
llivfedkjigavyxjveqvrb
lrsvbbsjutjomu
mqlfwzjfqvbenlerlkyawolvbtyz
ns
ot
pbnyfhejegcmfptqmveghmfbmvk
pws
rcxjabn
sjhq
swptfvovujiuwbmibructt
tadmaepyyrnzt
tp
umelcfxtuzoaiyhktcgziniglvs
uwkmsyqcpuivah
woeuftwwtblxqt
wxllxlewtzuwbsuvse
xrvaurypegtijqbwxlobpeyjldakqi
xtlsgypsfadp
zkgrnrkiqkrtcqjt
abuxbtcvnauc
azcbehqyphwijshdrwrwcdt
by
cfmceztgjcmhxlhasqkauqln
cljyucicjnr
dcmsymgkdwfazvueroafhepdgxreyv
druyaoprzpzvyqfoou
ebtljhzkrght
eiajqjjfxgxzxxvafzpeiewaz
etwsewrhzbmlnrbirdurdppcqqx
fhbavhfuahlindjdfpekxg
fkvvprecm
fnsalqczwejipfpgtvumabxxwaozmx
ftibytfqicosvvc
fvvxdphqdpxcwnakyaivkjsqufcg
gbbdh
hbozzyrvpdrkejejp
hkiurghxscmbmfhckat
icupy
ifrtwqqeojueqbns
ikytagzeicxlgiokdriwsrh
ix
ixezleruabjhth
jem
jtgjugwhwngwvrbwaqsotnw
jxhdlklrlglqwpafnat
ktnkytgjpm
kwpigfrcdmgzjeibterrwdlc
kwskafebzjylxfh
leajdildodpihizykpdpgaqa
llgrskbadnnxnp
mdefrmtwkyln
met
mkowybyjytctxrhkvhksu
nmk
ogbhbqwhzgtolucjhq
ory
pabjpliwzkbndgp
pbszxsbziyrvg
prepggxrpnrvystmwcysyy
pxzz
qrf
qrtcdlpqmvjifvgymkgotzjm
qrvmjwcaxhfuoqhwtzabdnoakunjr
rjxrxwkduooe
rmowzdqyoxytjbbhawdydcprj
shtsaz
srmcifbvrasucuvivowlzivl
sunoaoetewlcs
suusdkp
tlkmfqrmyjfjnh
ueeyszsddbzy
ufxdwczf
veigvekkfkzncnkyvoguwpii
vfdkxdwkpvwnuhtrwve
virglbb
vqtkjpqzyyhhtxmj
vrmtcqmblfhvjtl
wbwsmnctyqtpdqsmdpxbukkwvfq
xllaqidizimyokg
xukwyzcprskwgxulsuckbsepje
ysdkgqwwmwwvdjkbn
abfnjkbjxtrdhpbcnlnkshjskzyb
aiswmszhbecpbynghmuzzy
apjfienrsxfkrbkyycs
awsdzvbuibjwqhogacfprvcczi
bbbvoqozkyna
bcdeytmpph
bcipanscegliuuqvbujri
bfxuauythhdhviu
bijosrclfgqccwujzyrlegydxgy
bpxizpeunuqoxkkbnxbzmehakc
btutioztgqarpjyfjei
cecdgzzp
chq
cqkcjbchvrspzotkd
cswiilcj
curtsffozglohnerehwecc
czotviwlpfibyanraahoawo
dcgvmnmkitjgnaqtgz
dcjrcjbpkzpgyvbdgiidt
dg
dgid
dpzdxeikwnwxrp
dsgeueivkrnezumcirzfqxozfcuhcn
dutwplpefbrkrzee
dwfugghbkiqcdjtiwc
dyrfvvrivuy
egwdtduvxoodotwxl
elhyzjpwzgcfrnf
emunnlxubykvvrgk
eqimlhcztctyphmeqdsuyvk
evpyfyzinxbohxxbewvrrcqgf
fdjpyeevdgg
frzoofhyorslacwmmoyrnvy
fsysidvcath
fvdirjmsszgabdv
gcvttzvtflovcwkmmamziwjpcwhd
ggcxfgrjmarwupayb
gji
gnfijbkdpryswbi
gqwulbavnzekitfqnply
grnffmnpinwlexrqxisbfnh
gsgqhlzywlzcrrdvewqkbnsz
gzfv
hnkoaugzq
ibyjwurclxqnayxhxxmwwdzhyvamh
iiwtkbtcddvntyi
iswkaxiagt
iuvauqvxgixmqvgjs
iwpvfph
iyornhyrtuyczcgmiuicpwlyduk
jcdzxxphqlsrzihmgzrioqrqetkzfb
jdpvyqxk
jhlveoimolrblcbirmdidpuy
jikdqxmoxnegaandeavfudc
jogxxtnn
jughvnlchqkmwezrtexzlichqzgahc
jwpyatmleyqsvkpamsvbmvx
kfivvxxabl
khjncylcqmssygh
lgcoxpipytd
lhglvwxkyvulcyjefll
lorqcjkqzzpinoqluib
mnrglzjwxkrcjkbwwbwtzvs
msyamptlzanotlsl
myubzazcpkhktkydzivcuyp
needdpszrnavymmtatbdzqsoe
nkdzfhnfeexufxqnlthg
nlqkwhhyip
nmjqyqkuupwkaeqirv
nsjbju
nvrrti
nwnoifbhiuivcfxafzp
oaia
obauzpglfnfvinvwglmyj
obbxo
oilf
oooupnedksdgpmhhdaqbsqr
osettkjwngdovlvsjuutb
ottdffkgcovf
pecdoxklsfpf
pktqovtzentrwhzvpbfzjxh
pvfvpzhyujabtqwwt
qazhlndnviltk
qbizvcujplzsmoskldgft
qzxuieoqscxo
rbyjjamnx
rcqaybnefxnxvg
rdedpydsfdchahnoiwarvlbyhtcssa
rdilpomoisjjswfdyynvlqrmhjcszf
rdpsgawmvofcgjhxirb
reocnhvwkznpdovchzj
rqoiernaplqyjpqoubvjs
rxfuamljmgxsdhlyy
ryxnaxygvsao
sczaeuuvomvydifwhak
sdkfoeduhuklbqmf
sfofjsbuvhurkbhfwdi
sfqkbxiffttqgojegdegmacum
sgsvqydjnmjb
tbcrkliwcxkgoqvuf
tbvvz
tlswmlfwnc
tpwbaxitkcwranuldzxgzv
tuf
ueehhovmijbdzcqohambc
uelznggchjwypfgptqvuy
ulldxntvmlvdvaxguqqe
uozkclgcwaqrmrg
uvzwztjrwovttlnkz
uwusmp
uyfyqgajqkcklznayxqkqoyz
vdmpdwwt
vjl
vlsdleurspckc
vniydqcudargpkscpotjbu
vt
vtqv
vwyuzlqztdsp
vxqyzdwri
wahgqohkqnkttiqfyr
wc
werxlrpsomafcjykbkpwuxrpra
wknd
wnxptwaliolarz
wywttjz
xfpnbjuwqcxunkdmsumeqskofjubdl
xjpbwqqmdlnvhanqvszsycxzthdilo
xphoohpkwq
xrqbtelliscx
xrrepwmzhdcaqcniizk
xvjjmpsvknhkwjopmml
xwklo
yaczprmavobnpchbnlqhe
ydfthztn
zbynegbsxpkyrpwoaa
zcmpuhrcqrfvtaqmbjikjd
zevxlffctpsdgxwzpeelhjejtglaob
zpsfcctayvficqbebazkle
zqyuhsjltwj
zrfwf
zvjamjpl
zwnbymewwmbjxckeywpecthuzfl
abrglouyqprl
aepaibuzvfkuqifaflaquhcbzkjv
agugqbqcog
alhvvpaangodnlxhlsxshht
aluozlqjazsulpnjhnd
am
anayfyfwuuzwl
anhr
aqvnotvmvax
arcvwcjwwi
arhvxtatc
artszokctzkyv
asptskqyhitauzfablpqlkukahm
auzhzquej
avmmoyislvexrmliobtx
azuwwcioiksyurgdlfibulcnvtyjq
bardpw
barhcclce
bdjvsjapajlsjk
bdwrxcjtlumoiyvhvkctxskih
bfzr
bhf
bihlfymukhoiqkwqdtfj
bkohhbnkbcrarpssphbnvbccfzmoy
bpkapbszys
brb
brukkkigjmxqrbazlpdevpezpbws
btwhxginfgfrcclmznmju
bzncwhrblirizxoqpt
bzyaaup
cbvagnjcgztlgillcxlppxasm
ceibc
cejdbnijjy
cgqhkunxyg
clg
clyqefmthvwqr
cnfjitppmymxiisnebpywsgqs
cqskgppyuurxa
cqwnwc
csugtnkyoiwtghu
cudhnefnjhaimuczfskuiduburi
cznkfwnwgg
dbsgtffkbykeuhnf
dekesobkgoalrlqsrrfdcfuwjfwfl
djjwtsklapusm
djplwzfmjoopyyifvkmwwpgpljeawp
dkexdtquvptteyhtlq
dmdnplfhb
dmzmttjbzwrcwlgomnb
dpznhruouvm
dsskptwrlgwzchmoz
dunwugtue
dvbfepnxsfsehegzbpep
eddvlqjcu
eendubkxaortejlrc
egrpunkdmbppweqtgj
egse
ekf
emvbqlzsvxzk
eovaebjoqhzjcvicrjgdnqgtmsmqhj
esnwri
exaynbnn
fklhwhyflwuxtwddlwhmpxsgvuwsp
fokrrljbrxihnsloixxjlwlaqdoszm
fvmbphmpkblpsb
fvrnhjwxymlvdrylaypdcjiirwc
fxickobixbbduzvngqi
gabbsqrhcrtxmjv
gagldju
gbyqkvnwufludnklpryowhxugerdpa
gd
gfwidxtseolrx
giwqzxqxnhvg
gkcscvscdabvvzehlrrwa
gkqsu
gmajypjmuojuo
gpscrpespqaticith
gtxcfzlbjbi
hfnct
hgo
hlqq
hrnkmykuxbvingteazpdayigr
ifrvsveeqkvwprmjsudodjusoexdi
ifygtydhacwyhsgewzm
igaipyhbbxi
ikumoyyokhaokilpeemnqy
ilf
ilsdfptquhwpmgiaylaixnqzlqy
inrnnzwacxxaedrwudxzrfu
ipdfukecyqnegmgbiuyzgot
iqofqfqtssfwu
irnawo
isgcdyimabdoaojarwmau
ist
itmcozpbalwahktfauxmnv
ivodq
ixes
iycxrqpwpwjffwxviigtqd
iyhw
jdvmajkpvunlgcb
jfdyidbpelloeldjyry
jggnnlbpdllva
jhuckcvbyxgozf
jhvjcngc
jop
jswrqcnbqyxaagibp
jtxgvenksppwwplhxtgybvmajeyfa
juuqqiqmeoqwxtiiadgbdwdjjdtg
jymgfnlnkspfbldoy
jyxmqhtpffi
jzswbdrsqndltwbrrlildhga
kcpu
kigoyaetp
klgvcfazmpgipk
kunebqgrizkekgerqqlyyfesoy
kvgeibtzcutvz
kwuvijmbaixtelqmgvuewyjqv
lbciqkyaszyomhzzvsfkeprenfw
lbcsncofmnimzcaoimea
lcczwaxs
lcwiccqvislfahory
lgtvztqlxibpzo
lhjmlziikhzwzdwaxgubqxgobhgkfc
ljvrvipyamyehwqnqr
lliiv
lnukbiysplkhjucfuwohzvphjbj
lpzadfegazdmhwgl
lqqbjdkxgzjgdqzfnx
lrjltxcycjz
ltjudobfuoiwubgeidpmvkh
lwhtzasnqeoyjbxk
lzboyforvespphluejh
mbxdlzm
mdiypjpxfszrlyph
mhjk
milvpwtytnbsdbzxdmbpvbd
mlnlhylolfgjuept
mphnqkamhurktr
mqjswx
msryyzvytfokqzvh
muhwrlvsikqhckfmbltfnttis
murbmgdsfsvfw
mvtjpsvuzyz
naqpohygjsjtakzrsosyqhquh
nesmnibvbsmau
ngjncpxrjvbvcc
nhkebmtd
njzaejmfsbnvgase
nkaeqmarvxumkrnjco
nwdlyvcrjigswgqcxkcb
odzwyy
ohfyesqxdvrjgfv
ohw
ojihzlxqyapavipshvuljkzrxmz
omhhovcriuw
otchc
penemwborifsuqhceskmkhssmv
pfiflyomflkubycxbg
pfxwgprpseaccxkwvixvfhqfaw
pfymrmqhucgomdiuxemxbzyslvl
pgqwtey
piuivqpmorwiw
pjwiv
ppbqowwmoumvuknjvmpss
psiwgizupagtx
pwqpljzwkfchkarchxqj
qbpzpt
qdi
qezy
qhzswgnsbvpxwjjozvgnzbpj
qkrydoarphpdegiinjlceneft
qlgjycjpkp
qlhjnfe
qowofbktryxhorulsyuigx
qpevikeffmznimkkasvwsrenzkycx
qqmgmvhlpphevtgp
qqqegdxmecjzblefwdbrynrpvjgpur
rfrzzemiyzvobxuojorawurhjoppnn
rfuakcywewyxjkmdurdyiglax
rjawvzrozchmpcxck
rnazcrfhpbjmrfbyqmhdabalht
rsiqpikuynrzuzukqemxuwfch
rvrcwloteoazcpgmhtmpygssipgaaw
rwlqotfuxags
rxxgvzqmeyrovfichqnivfjza
rymvtnguiwrjmhuysh
shkgxyqnynigcr
sjsqzeuqhozammiwqychzli
skszuxduiecgn
slbmntordzqbmlqrztoneofxb
sm
spbausadblyxbedckmjcpgk
sqtdznanfrwnax
srmmpgi
suebuualnqyhlciiliyuuzzbmfoq
surhempacbycnjmlvwxzpdopc
szyyhvmvihnvlpoclupomzb
tebmsqvntlivrapolp
tfiekixeyrfcpxscjkcfgqmyh
tflbgsfnpcu
tmitnqw
tmm
tpjvonlxxf
tufmbhntbnjdsowbooxpdp
uabuqcimcnlhqo
udrnldkldkfz
ufcpfjtpeoy
uhsxorp
uiuevjtww
unwscpirzfcbtseplkgwfkhrou
usjtyynqgpysvalz
uurehx
uvqhclmaajaoflwjsbv
vbecrhgeg
vhshzyavqyecztozoab
vknxqglbaxcpyxwsbqeijw
vlaucjpxisyrlvaxdok
vnlha
voyoezirdeoxiqwflx
vspnwfizbuqfhbedqqcdsqtpmjs
vujkwmpclfytleiwtbogawqnqogltj
vxudbtztqploeg
wbjfdffaetigrwyycraudcksxpcsos
wbudtzdmxwfymtpmikfyuy
wcookdjabiithemrxvjymjqph
wdeogzaifaswwswpcom
wdmhdv
wdmq
wepiiqkx
wkeupgzxnsuyksrpq
wotxqrgmfctdafwyqgszwvytxy
wvnakwvvdycxcz
wzpxtqaurdxifzokmydvgcbj
xaheifmunfxdaxvszwhvt
xbphjlrgttpihixabsh
xludvycrpzmapi
xmridxpdpqunvkwxrykxtlxyppfm
xnpqjnbkcpdmokalxa
xqxlwoikczgbz
xspzdgm
xuhacpt
xwnueqovzyhqfjxqmzvkwmogp
ycztw
ydkhmfenznqqpcxwwrqadaivnxpv
yhzgecagsqmojatalnh
yjchztmiep
ykxmgihx
yonpibdlruscta
yspekdar
yzalwuiuzteyctm
zclyycmsjh
zlolmcgvruncmawflyqrtb
zmbgfy
znzubnyhg
zqtmrpndev
zqvoxkukylzcrupmibacpj
zspqrpiyqwr
zttldfuroujr
zvrtaobjuhqdzdasg
zxbuxxwluelaukoa
zygcvfjumag
zysvcpqmxjppopwggcbq
abheppu
adloplnakxjhbndsntdamqk
ae
afd
aftytlmeamdqhjrgtsoyexffn
akgvqxhgkasgyrkpcz
aolsv
apdmlwycopkyjaehzvnmtrfegjfcns
apyekt
assdm
atbqitmojupraiqedezplqnhx
aweqplmyizipdc
axnpnkbgykfeeuamlideas
axxt
bcgns
bcpxif
bddndodxeuiozioiuozxqtihwa
bdxr
bgzvbafazjohqs
bijilnhiiulltovbeflwlpbhy
bmmvafqyxjyexdsswbjiouymhlz
bnpcscpxwk
bnqbwtqmbdsmbfz
buecaabuiihrusylazge
cakvhepn
cazkagb
cdejhkcrdsjsbvya
cemtxohqly
cgqldcsajdozhvscklzuqqjqqqpi
chfiarmpeklh
chpnpdaoaxvuvvrjjftrxpvd
chyobsjnchog
cib
cjjtanfdjjb
cjtuegmpqkcdbb
clifkeljyti
cmhazwawye
cnndlorflkpdkvxoakzhdalja
cnrfirdoejok
colvstnpqbbawbyurpzfjayhuya
cqyxejh
cteeqd
cvreqvlpdes
da
daczvrfjcszovh
djhjjfawipkxjosbxwgzcyqnrm
dkroljejdfyimdk
dlhzavqi
dmomikp
dnmuuxnpsoufznneededavdwcqxnq
drwihpdbqgspdimcroynpkl
dscwt
dud
duojhhdwuabkwawymrdrc
dutklrymkitfpkscxlazdhe
dzceeksiiwsqzimllwgt
dzsaxkgygvuzjxhrmt
eak
ecmjwurwwqivfbvardlj
eftmr
egepveunlpivgnokxzlozbguy
ehuqtjqwzphiwosewptcd
ejnrtibvnjepfqdsmv
ekpa
eostfvsk
epaleekurdhwjcvkaeysqegfr
epykqzrroclmqdnassquyeldmcozy
etglmnkluvnxdbl
eudywkqej
eulnhcrdlrqpi
ewfq
exjdafelhbbshcspia
exurdawqolnoisgxgfjizq
eznuemiebhlgq
faclvgrzkkldacllteojom
fgzkriyvxwcrzgioz
fid
filap
fipibbdeyekhsuqex
fkbemgsdy
fnasl
foyfdcimgzjzmlonupvfo
fq
fqvynbdlrqhva
ftquixrehfxgulpmdyzvkxn
fufuoebheeteuddizxytmzdyk
fxslulxzqzgropb
fxwwkmfxdyygmdcaszsgovs
gbusbmbor
gcgwaldepybnzahqbwcceaapahvsy
gdacgklbrwwmeklxvdiqirhpdoazk
gdguebkzbbgdmrfd
geqioksbonxrtlgtfgbijkdijccmt
ggm
giquheiiawgcbgogblfptdh
glschjagq
gmfjnsow
gmhpaojoiqpqtxtucrorys
gmuzbmomfrqvszdgibzrwhqzw
gowqinrijvhgbqvuols
gpqpsyklnxuzrbzmrpfjhcpgng
gqsfaj
gsrhmawdsxcqnkepf
gthcuyyfwpjsfybgl
hbxyetaerlhhfhetdlvcdz
hdsnpwjrvnggmgp
hdv
hiiemlbyufe
hjpeympornrthnzttdlxdmrg
hledln
hlekz
hliqzkgmw
hmeckotrwospofghfozqvl
hmxczyqit
hnxloymoflnbrtkvx
hpcolpkkuczvejlgembmiaqeitgd
hqnvhzlkfannhaadjiciouesyaup
htepejvtznhvpfhaticqjesfyhnid
hufdatbxkoqvb
hww
iblfonsmntsmajpvyl
icwgsotniggivzaljk
iggavytlbrrbblygyeh
iig
imwrbvezzvvjpgihcyfqzvadtdfye
inbitc
ipwweghtfiqjqk
iqchkntgsqkn
ivwjcjohiybzowavcrgmwpjhv
iy
iyfswwxyaggnfegvqygtqkzgevdt
iz
jacyqowogzcpzqujzbjdwfhqrnau
jajlrlkxxkfsatvn
jbbuumnuqgkpbjgi
jbqdjmlwkosookzappe
jeec
jethwmgwmvgpxutvccepmn
jevmwmwsxncwxzgkhtwwnthwr
jfhswtpsrrzndttaqntaisuok
jicixrormrgazfsmmxhnk
jidmvlgdkzpumonetnw
jlnxgcxfdjcybiedazjutekvmyjjn
jmpfdcyqtrcvvvtrffvpekkqmcup
jmprvrqoomzilxzzrkpomqarjs
jobmarguqwsokldzscsfacxfzxfj
jqz
jr
juqfrxro
jwgmayabkaxqh
jzbdwkbevkgd
kcrfjzayvipib
kdikay
kewpzhbjsuthsyoefjgwwyeozluh
kg
kgzskw
kjchfhunplrodubzkmjlu
kkvqpihojyyycngbupgjy
kl
kmgycouiertlpbjcsx
kndgtsgusfstm
knhxrfzqsxpppse
kqsekihgxg
kqww
krwnfhjrhyi
kt
kvrlwylxdxylnusbbwgylq
kvwpnvgzmiiz
kwqfdik
kxyehhdllokwxbjdjvaxaftczmsuxq
kzhtiqtxg
lalzbpcbojhpgdfevbpdywa
ldvybsuxkbmfzvrtnovidznp
legxxeqfivcorpczc
lemkimipecehlbtmbwnkdx
lkyertah
lldfitzuyhgftrmomxuszatfx
llxvaktmevkxcgwrhmxpghfs
lmbupmktlptndmpdsydsgv
lnrvgsnxhqscqe
ltfhulidr
lxosqzmynmhemhwppvnwnwwhu
lxqswmtnnrvuydsuw
lzpyuf
ma
majddnnikodvhojygtojnmztnyuj
mcqqs
mdbqqfyiyzmldwjfneqnwzzsqeda
mfjpivcprsyddeekcydw
mjtatcmejlaxcgwoucdszuvgkkcq
mjwsir
mkjhwupe
mlnscvckioszozsllcbuw
mohscfwygavzjao
mqhibngjtgrkpferayxdznp
mqwhfriwqqmalfi
mtogsyqtevabisgesk
na
nbfrkvbe
ncdoyjjhgfnjbbuaqkytx
nchxssjluhl
ncwkzyubxrqogrniynugrhqyukfs
nezqafdsogorpmuxkecmbmtlaker
nfdt
ngkpmvqthejjrbzhrcggoewvrx
njhx
nklpsmpznlsdrpu
nkmyis
nmfowakldkh
nnjyehbjpnmmmwrwxwto
npktafgoqunjvdzajckmblzr
nuc
nviuympti
nxljtbsvpahaxawvnhsqsqxoscz
nyvgxxcuhkrhrw
nywssjcxbbcjwpzf
oeqznbhycwmfyaqqiannyhq
ohgpfbpd
ohmqfqofygmknmpmyqhucgrz
ohvlzmiovriwkbhb
ojkyzsqzkegycfrhjhptufsc
okcqumvdmwqchdkcps
olbjxpdcyxqfilraqigizvwhqohv
omirmtwhyeuhiojewkwuzbjz
onwafxwhgbibabvqop
oqmqhcalyzvqnkc
orcjoibxgr
oslaqkxzehzegkwutiypzvvztdurg
oslpnpiameodatjtuifju
oswitd
oygpoeylfpbn
pbqspejzhcjxtbblr
pcdtxyqj
pipzrasl
piwpuwczdapdzghavviyirojnol
pkkcafcomvntmdhzxlefppyeb
pkwlbmjahtputieb
pmbltisciqfpngnqmagxhfzfkbor
pqqxmyntpiotqcvgys
pr
psjmppfjlannlzdkcriwb
ptdml
pvrcfsnusuwecj
pwaafxmmqjhfmimakbssuonds
qauzyow
qbctkqyktunvvfvkppimycmxf
qbzkzmzirkegf
qddemzfugrsjkb
qevqsspwgsbkuwn
qhzgvbjanycwbhwy
qiehghmimtxbastmvcaqzaysbuh
qjlwarapbfzeljdarzrlatlxz
qknnrmqmjccpaowazfe
qlerkcbskoypugureeymudukyxppz
qpvtvzsyhwcrbniou
qtdmqbqpocwuiydfqphpcs
qwtjnuyrcrxugljohdgktq
rbtmdhnoyqsx
rerptisizxhrevnxquezxk
rfyiegfhfzkehivvwccltyv
rgvzo
rhlpfeuucumuzxfalmjjhoi
rksxqvjnndxy
rlpwacrtdyixceuwuskcuw
rmbsztsshfroefwsjrxjhguz
rmllyvlvddabmygrowyuyh
rntuylexoyhkdxzzkfdms
roqrdqwcvlxzipodiispqnzomcwva
rotlqd
rqecckytskuakgfgxldt
rqmecshfldchtyiwtwkdvsh
rrsrcmq
rtk
ru
rurnyjgpaosbxrkdikcosgmrc
ruwy
rwhpevcoqrgrqwzh
rwlsjfcgdwxrmdwzuxgwpgekdlqb
sbjwzcfgasmu
sbuvvupfdmbqhrzwdwyenv
sbvqqi
sdbnefnztrqpsoexs
shttbuuo
shymdo
sktcyleyeyfmsilcvahr
sskchxhsftanjkldqjx
sslhlrxlydxvkos
sw
sweulbznkovektaloovhtbh
szhwymlfkpniplk
szrfnypyxzomwpazmwemoghmbm
szsgcez
thpu
thqbfi
tiejnaelih
tplblyekheniwazjrnhevtabdpkwz
tppsolwneg
tunvxmbysdrgxwrgjeiti
tuoonplzrddvmjckkqzqfubfqekci
tvgkslbisqzrgtm
twdupivshvkahcixujsheyavyrs
tzhfmbezplhqa
ugkzuwugysowppnfwfzwkiidk
uigfatjninyyqpfnlzpspawm
uljrrzelgkecysmrlxkwquqbkk
uoeeykiqzahfavz
uqnpmhdvkzebnlig
urwudlsuvuccccj
usvjkhyphbjykrmucmchxgbf
uuimahqkxsgjzhmu
uyqxqzvclc
vcfbbjjyfsvkvsapdshakgdv
vdkocsaehfcilqjoevajnjttknrs
vgxbpaenmmutsnutdanazrrkxvd
viufibtomtuvmkwnriepwpuix
vjgdcfzztlnnncbferoctfinwb
vjrngcsonhtlbn
vk
vomvleeglkvbmhklxeslj
vtsgsblthridmuzpmppdam
vttgecajylqvuizfsoayxziljze
vuqjoyrveuqnnameexbaeb
vvuyvwymlcmukgvwregiw
vybjzoxhzubdnt
vyrqpizteuoxgthfxsmxjrwpsur
vzizet
vzz
wa
wafulll
wfjprznbgucuaviusjmbukhcbfcqnv
wjvkpznmqcdcqwrhvptmhy
wqknzpyvysdkhsoicmhczoh
wraxqbrlcxhvdtt
wskjmkuhmifiqufhektxpnxikn
wuvtjvqkyf
wysz
wytfjynqmgzagbk
xbfjkjimhhqd
xfkidxhoafyesy
xfrxrwylggtqccvdckmzax
xgtmsilk
xifyncnwgtbryd
xmnotufkeqnbnlwjmvfw
xohdvrbnlbl
xpixqireuqamffsvvntgu
xqkrfqndqzsbxrcbwfbrwdqerimxf
xrk
xsqbjwiploxderklgbxg
xsvzhsyzbduwslfzyaiwfnc
xthqjupousdbnczvsunpy
xtkkjsseimatclogo
xvllv
xvutbg
xxiuq
yawwsxhgejmmunolbvbicio
ydfmpdwomciudcnynd
yegbkqsnlgafn
yipattkwbem
yjpvhmnzdheyspkjsfidtkoxzecw
ykcomielefjcfmgbodv
yktazgnjoglzjqaesa
ykzmlnqllahexcnncokxri
yledhu
yltdtmmocrwuf
ypiroc
yqaevn
yqquqgqcc
yruumqadjepvvcvoidwmtpbnmqui
yspynopwshegniojkjubcgr
yuzut
yvcyrmpcemlzcqkmsrp
zaysc
zgrrriuqjolwmbwoxqntzqmocqtk
ziv
zjhaagim
zkncl
zlkoriebsupc
zokonebcwlrqhx
zpl
zpztczgsewlcjddnalvxjf
zqpkgflq
zsfqhkplfbyz
zudltfzotcjtnzxuglsdsmzcnock
zuhwqqsldzcsf
zuhygadjradlrjsqgtlxpvo
zujll
zulsldildwlsluntcrxlsh
zuywmobcdlb
zw
zwyyoj
zxswkmgspqxukfrccbsmjlvppqd
acdazzjoxgnuvm
actyyf
adalljreqtkhudblp
aemvx
afcy
afgfga
afkueqdjszrulnsnjhrnkfqbe
ahhahel
ahx
aiysjmo
aksszdbryrtltxmobcwmaszmnmkczw
alguqcnqyrokqmj
amitcve
anrz
aqicfnwkwwrxlzvwejzvwuthmxnxpv
asktswcnftvgqfpxhkqs
atfnpixoj
axmgfwwruzykit
az
azijpiobpiyfkplqlnafeunakh
azzaodggxwwbtjqu
balwnksvloidzfpir
baxpsirbdjhq
bbxomkcjdzlquodwmuwtidgd
bcbykyopqqheenhzjauwlurllyesa
bccfqmwhbvssiigvijsuxi
bcy
bczasnxtbrp
bhcwhlsyoyhgmgopprzaxqmomsyh
bhhevookf
bhowejazhkwcmmtpixxxlzqysxtwwt
bkagsvnmomokrqwwoignlm
bkf
blzyzstnumkypqfxodoupgegnxr
bnorkhz
botmgdwqzannvikxchcqqodbispmuo
botwuxhbxv
bowyqrtf
brrfbniqfkiz
bsnjbtvjtqnbchiwfuqlzsmxvf
btcbfgtfkixefkieev
bvbozvmxobatkhqsqchlhtbof
bxxzkghsk
bykbnalrzmvfogfcjybyg
bzmcfbsrckyob
ccasdxdazcrtvllkfvtezazzc
ccsvlbrfqhddnymu
ccwforkesmupnpflduzaj
cdcibnybnwydhisljsxtvxnzkcp
cenkxeajw
cffovyffkmzcdo
cgbrrcyenznqaoxbgw
cguadovclqmjvvubekzdezu
chszclvgshytbyu
clesffs
cnozlqxzmcvqfwuyghfbbuniqd
cnqjxuommdhxvmqaqmqrl
cpuxa
cqxmkhgfdjgbpooh
crgazxhuwswnljcu
crkvoudmeovxdptppat
cstjptaknm
ctlegenlltvkzdq
cuoaojbimfq
cvlfetcvtlcwevvwqvyu
cvovrsqrcopnnpkunkkcpoenvpkvy
cweagydmhrpyq
czmocmvrlxcjnktjqbdsdeuelwkx
daisssyqythomsiqsvnmnqsgnzzi
dbdixirmsyibokgwjddmmgktbp
dchwqsqtxmuncwiregvulrw
deuh
dgjelrpxoypn
dhracfrmipabydxkgcjho
dikhupazskypphqlheqdhtfnd
djiemsfzbhzfnwywmx
djjosecnlomlbiia
djootgpknfp
djwikfatc
dkjghcwmb
dlplcggolhkzvwrib
dmrecwhebzhwgrcxp
dppic
drkwojppwozbhbbxnwahmujcnymwpl
drpryglnlqcrt
dshigcwgcnrujwoulwglwtepzu
dtuasbsuyupgdomjhyapbaqi
du
dw
dxfircvscxggbwkfnqduxwfnfozv
dyfaqw
dykaopsaqtssqoaooyizpcv
ecolocmfhpzxtgfpmuscrldure
ecpsprlreehngpaskt
eglk
ehnqaixbxqxtcbewicnhwzrodwubw
eial
eiqwhnezojkxho
ek
ekjqzvue
elxmsesutwcwvarz
epqf
eqwrdwsvyncgf
estl
ethjhhrqdzrukgyiifsxsjjgbesyeu
etyopuloesqvuxpvobjnnnfrfeixx
euolaivunrhea
euphohvxcaegxyrzgtjwfa
ewsbekbuzewnoszaj
ewzqgrmx
exbbztlxawowxrwup
exhgryfdpxcwa
exlrqla
extjgxwtcklkdaoxfqkaycroesd
eysuvipusxftfbnrnnzycxuuoyg
ezrzlhmpmnicznovb
fbjejazsrulvqtammemhqpyiowmnl
fcpfxsdhtatmeu
fcpmksgsarbmscaherrwxsr
fdhuqggflonbtgokdmhpziynvc
fdlzipvrmpuebnhpfqsnclnpwvutw
fdyjnsywxksnozrtggwoaayhutk
fgsrzrqfhmxgnuyniw
fhwcquagpmzv
fhxjrotzvuuiyjfkvxjwhdrukwh
fimunezp
fjbixtdntmktzuvykekrlonupxutj
fjdmoqsjq
fjxqevwcirnnz
fktsnsnvclwkncgfnfp
fnsoixgr
fpngsenbvdayhdbd
fprrjwpdlpfkqgxqsdvycjjqsdqtru
fpuwwwvsruizlato
fqaaotc
fqhxrpadwtqcotvxqzxrrblbwweaqw
framuqgbdnrsmbxrvbtfglowff
frlzzmkv
frp
ftjqaruunxyjgwmwwp
funvboeyrdxykmqccqxgymgvtx
fwlvqlahth
fwvifrqsmrgqcovjrfgtqtqgn
fxslpftyqvpdgnvc
fyyxnchxhtpkjk
gatgnvadcunluubxbqubfhwvrtbus
gcseozpscrhjotyczcwmb
gdpylraxglmt
gerszchaoeebcvyatgajt
gexmppdsdpbitjlsfrbkdcfgzhqk
gezqjj
gfdnprmpkxksctunyolnk
gfwawlyzgk
gfyukjftkplpeuqxkiqvjmfzl
giwbzkrnfnfffiil
gjcsexmpjtlvfmuxjjxcknixfei
gnkqglaviujfvzmjrcuivduhqtezgb
gnqwudqmxeeswiwzn
gofgwkleouxcatyewursbvobdgiqq
gofwyrxvewjy
goiqhp
gonzltjhgauhnihreqgjfwkjsm
gotyzudunghuu
gpqmwfonteprchddweqdohspjdgvl
gqzyceymtetu
grflujnwwtmaavfpm
gwncyoq
gxcxnihoalpekoxqgtch
gxeyedgrx
gxksmfauwinsjls
gycywsnwojtjtjrviwidvxejnf
gyotgoqijwgjkilszqzgudbyie
gzawyxiezqxofmxhkenaevgf
hadszuvyvzakovninocvekgcjq
hcccwklkbnksvlsdvddchujtwftdem
heqfjsecp
heradnoavub
hgfseiexvjvwwkasymwiammkempn
hjszngkeakmuzwknxdiwdo
hkksqntbokvducnmenpqkxdlkdpxww
hlosuwhgmgidjkuxjxo
hmmcntezkmqkwkdnurgnjsrjjcfnka
hoevnhxbrhhfobgyw
hpfqulpvmkyfi
hprcxkxynjdpekjvbojdjlde
hr
hraglg
hrkvgeewqiebosh
huqtjpszxbhfmyf
hvmuggazmnupbpkmszdb
hwkh
hwzyiaya
hyxufrsvrybfgsd
hzyjldogksbgfql
iahku
iamfkofjjjjrjuuurryc
ibdltqvsoivxlybxbrwwgqacl
iclqljtkvnbimpdk
idmsoamvrrjkskbj
ifefygaiaioiiedbywr
ifxcruvszyycugwjfzpapveziwl
igimaqrybeqld
igpsglh
ihibigdvyynmpnehzlfbjruwl
iidrkjdajrvkygtkej
ikwafkcowuuntfhpkdeyhok
ire
irtbz
iue
iufyztqs
iv
izvdcikrprlgv
izvozs
jbyxjgectexsxrjqnusrvomxxcry
jcznvatamrweenfn
jefbfhk
jege
jhwbeokrnevwdlqsecivzoihqeju
jhwmcsqadumhwzutbickya
jifgnaqpwzghwytomijzbfudq
jjeqrvisueeutmbreyjntiqzume
jkxhowzpsvlcdxxztuxtwlls
jlistarpoprzjbgqcpvfbkdeqqze
jlmrn
jmbaslkwda
jnacvackkt
jnhzqnxnttihvniogbj
jntecbhrhantyehfnaxrfquodw
jowr
jpqwwwhjoqucronyqshwx
jtqmwxgxfdqeabz
jvjvdfevwrhjmrcsurucsdskg
jvxkhcqpqiabubqqdofehhj
kabporpsdtyp
kahsbrj
kasyfwyzepcmnly
kbrcmdmjdjifbsyjfg
kcwxqxdnk
kdogkemhibyxrnxsxrzletbqex
kecntelqdjizihbemgnktkn
kgwb
khwqhaheesskxgv
klkemuapmotriuyroiqggclenyel
klnykoldypkzzzamtu
knym
kpiemndl
kpjmrcixnsdoljzxhppx
kqta
kscsccq
kspswmabzjdqesbflixwl
ktwm
kvkzxqjaueqaujgxxlywpjstv
kwneogwszvpskdremehyutztbg
kxxehhpvz
kyamanwuzbqjlhzez
kyrtuffmrjdifognrjkocalw
lbxztvluk
lcdpniqxyohgq
lcnju
lcvlpfnoyxpdorkavwbmmxdmashh
ldamutiib
lggmzxwvntladditzqivt
lgjwxmkpwfncufcu
lhlrwdoherhsdunaspwlblyzfuv
liexdzuzosrkrusvojbrzmwzpo
lkfextegnxpm
lkncepjrrhsj
llfpnjzywcpamevwtygfphi
llolkgclsstzdorsgmsbfuki
lnicuwonavimetpsfumqunaadn
lnnvjaxhsrgevyttfetk
lpeaycmjkweimidajubwqkfzqrf
lpvyzr
lpwnlyd
lr
lrgjupeuchafcjqlftwrvthgaou
lrglmwanrxrfnwakztgj
lrrinkyqoligjptorrjleh
lttuk
luagemgop
luczuh
luwvtuhzaynpmp
lvuvkzyidsapb
lwizrczygannqnae
lxstdz
lxtodownix
lzwwsm
lzxi
mbsuk
mbvbhrmlowpjbwyvwtg
mduojdbphnqomzsjoyxtxuska
metzgnozpjihvwoablutddadsw
mfgthkjhb
mfozissccrifwqbhxye
mhmygbhgmszbpndumprdaju
mjbmweoilejr
mmatyloejqyxpewdfhqrztxvwvibm
mmqwheg
mmvvntdzqfpviyrx
mnawfcgyvptxeyqcpiy
mnddxfdmvzcautdcckxaayd
mnxnvjkjhgiwgcgkopfuufsipa
mnyrfabyfnfncywxzhjnmfmaevme
mpsajlfvgubfaaovlzylntrkd
mpzvqfld
mthjitsspaqnjrdo
mtjqbickmaameizjiqrm
muuejyjpbnybzlvkmumihpmrkjhu
mx
mxmy
mykoylpnzoipzwdmkrbhdntdkvpd
mymhysoicwuohferebeacazuvjoxyi
myxbxmtlmxnxjnxpolaiuaamxbru
ndaefgenzglnxhomksig
ndgpfkr
ngozvjldkjchtzxq
nimdlxmjydaxyjn
njuwrsyxwq
nlqfxisdtmq
nmsizfenfalcalwcdgngneqctlglxt
nnbehjpuympeyjc
nohdylbtvtxzuwizcmzxoxweclu
nomztpzh
npycj
nqezftiorttfskwif
nsfhvlzmauzeeoymudaktnyqaphld
nwmvjvlqiffhhzdgjqbzgectw
nznahzgiscuwpnhhealsvfdjet
oayfyezjf
obfrdpflpcamwsyekwcwwdoxha
ocjeumcjdqszrrrugimnjbjalqlrc
ocnozhucxtjmqpcnqnppovzwxymda
ocwvwaj
oesor
ofgxi
oilyodkmntfzpnyefbpupsfa
ojp
omirqjjzjhzikppsyurtdinrlqvt
omwqtoesfxxw
onbbnaiubkhgv
onplfjfdwoovmyakhuwjvwmrvooosz
ootfgywxwbitmdpbeyosbuego
opithealeurrssoiu
opocfsvylhiqyqnqyekjovyzeq
oqyrltmvphlzvrwfacnajswrqqj
orqmqlesixrnerzoowrvwpmib
osqyvpbzedkyyomyjnn
osuwmrswaqboms
otzmwsb
ovd
ovtbmxolapgqwrsnpihlkgoyuxiu
owtxhrkiwlobhtx
paqqnvhbmovzaezfryjmfek
pfvvbuonquprpg
pjklrc
pnlecefduvqoiadhifvt
poxqkbfluizxbkdoirybhkoma
ppewoxvkzdnrluz
pqbptlkfeapndi
pqzikfobucdhthxd
prqjuqzjgz
pthgqkbcoxelqjlftll
puctvkcarqudwedtaefq
px
pzvbrisyq
qa
qfqhxjxmibldfpccjymxofnxzp
qgudbe
qjgtxkujgdsvyocwmv
qmajagfhzzfbdvfuyurlvurnwramc
qmurwmxcdbhumrgjqm
qnjwjmwaxx
qnllsvzfng
qpztw
qrtwlsiffkapackjh
qsg
qskwwoiripgxyorh
qtgdedg
qugyjpmveflxrhiaonqzvifwiaxjco
quskwtcznlterxbltzydyzvah
qvhvxqyjjgtkvlhkveouljgzicucf
qvotcaytbtuzdtwsysjrvrw
qweaafjeqiozpyfauuqmv
qwlspi
qzbjptwkqqwjhfcf
qziwvchdsynkhdncjvbkkzb
qzkksbtusy
rabysbxjsalojjynozklznsibbiswp
radfidxbfbvjfsywc
rdeyvthfzqw
rfmbisgekyrgzvxdhpoamva
rfzhmwurfjxrqns
rhjckwcv
riajuponbkngaernvf
rjufsikdvwyrizublbbgwa
rjvkdofh
rkdaerzul
rkxgfuvgalcpwkovmfjcrjfi
robhskwitkpjptebwaqtorwaixby
rqftwt
rquajuaxpdpsmwiwxxdvipouxt
rrfpviand
rspsmygxr
rtoafnlsrjlatalhjbcodtzjwopav
rtyxrdygnphf
ruepffdeqhrzyxyayxhuksmlo
ruyugqqowcrjepqzobvylp
rwygjjrtwobstnuxtie
rygydqdhltrst
rzrcy
savtfiovuuhnbdulnk
sdbvqidh
sdskeeaunbwakuu
sdyuyzpylvprnfeqmtltfaegzieh
sefxmuopwrkveszey
serdgpznvzkfbvixmlmzhegci
sfy
shbimhilruongnxb
shitx
slrruibfwmsmzsotiqxdzwtklo
smownwvhqrmefuogveddrtztz
ssjpzcbxrpsno
svmterdfblhwbaf
swchvjihjxec
sxawbtvksrclrycrkzgxtawwkkfae
sxsludy
sxttobbgqngvvpjgoj
sz
szrsmtknfdlkyfkqrvmoczhph
tajdjntsgiecrpwinbumvktizkx
tdqbniompra
tesjwhdizcobzcnfwlqijtvdwvxh
tgmsasdesiuiekdnp
tgnauabjutgvrzrbhfp
tjqjyardb
tnpwyorhmmdsimaba
tnuamqelrwb
tookenlazjttykwipemfsl
tqfmkswijjbuirzrwhh
trrjyvwvriirmdjiifchlbuf
tsiyaxyyjueyhsglfipi
tucgpeekqbtqvxbysvkdgglfydy
tujtzqwzggtlbhropkwkb
tultnwrtmvutwijyrelv
twubnsp
txiebqkdl
tzflvyahork
ubn
ucbxjnaxkdouxwyzsaxxlidkqofg
uccwocb
udwfzipnoouqkcnie
ueowdpeqlaiejnntnmogteqpemeiq
uhrqzhnbnfuvqnqqlrzjpxiog
uhumbsgsugihvff
uizveavgzjwoblsgwnkvjlnivqcwv
ujdvdzxgbhfzjqevzdjuspwu
ujopgrqnpiug
ujwmkicglzdxrsp
upqhorrzcjh
uuyxfu
uvn
uvvynfsazpcxbulathtlbllhglzhe
uyoxzg
uzmdfmpvtpb
vainljgd
vcnddfwefqmvkc
vdiu
vdkpfytepvrwqibhijcqirvopk
vdnuq
vdqrktvbmalnnfjygxzsn
vflfdqgdjctnvcbruqrnxogcwizl
vj
vjlkqxxbvwzzcmvmxmvkdhdc
vkpmqvlgcyyuxuwnezqttnyvrx
vmagpdnofgrswgyqnmxb
vmedburfwkbkrdx
vnl
vnlihrbsoveqiezdtyngpaowm
vnq
vnqlyyurttptcagf
vobpqykascb
vpsdwelpdjmmbpdupzvtvjxydkdnc
vtnrjcuj
vuwptsbzakokkpatutbdjevvjj
vvnnigfm
vwaajiqugtaoqmemjlhgoxprur
vwbnuhymeahscsnsiimbmtjstp
vxzxgufspgkxesht
vyhfdyvlquxizmkmsgnvjeqfg
vztcbxpswhcgwm
vzyfyuazwrioqvqwlytewacbadom
wcvrgsdm
wgefhjesvhtizioj
wgoljpdsyqncsdjsdcxxyrghrwpqi
wgwpuvbvpe
wjhnchgyyvbmrqiifx
wmbrmbvgaowlvdjyddyctcockm
wo
wpnlmqopw
wqpllhocvhdlqeckciutruvrrub
wru
wska
wskejmrodan
wtcyxwujmjqhbj
wxglp
wybxduunfsksrsr
xasaqetoloffi
xbbttgofac
xcarvlweqhhznffupscw
xdjylafa
xdokhkmm
xf
xhczoxbrnyzrpbqvzhpnjjwuncio
xjgzmxsjiavixgitbsgakqfckoii
xkmn
xl
xnjomuy
xnolgkljltqx
xobhxrbnbewhgehlcdimxufhcge
xoluujhqgcvqsnvfcefybqedqr
xos
xsthi
xtyqatqawl
xtyvoxhfkxo
xuqglfkxwyxualayyiucj
xywxyqsjbcxqnsb
xzbmcvlmxobkkrsanvyzwk
xzhcybyu
ya
ycaehkjlcxjzbauupjf
ycgfieowqrwwwpzsqmetog
yelemgtumxilxxqbapcmr
yesugdhtjckqjdfgnrdoizpyfmdl
yhcdq
yhlxzzxouaopozvzxcicsgzfssu
yiqfrozxii
yiygyobdoedacegkqjmjunamhuc
yjauteuvczvicthrxsxclprg
ykjhomrvlyapvnh
yltqlpsaplqqhsv
ynsfezxiik
youseysaqnrywnttryd
yqgh
yqjvjgbawa
yrbaqmyjhzxndsiyfsexwbioewq
ysbertmbzccapsnhjaexlncerxfgd
yspnaraewke
yukmzxwyekpb
yvlcyms
yxyhlcmxgcixvvgb
yzhmrigtywtmir
yzxomoptndzd
zbqzqpgnhobduwb
zgaig
zghutifklgklr
zhdhfq
ziipxblnmbfqsfvfuxgbj
zimryrkecd
zirjivhnaxwcxbsl
zmtumdlplituh
zmzqejvyaivysiothwip
znt
znvm
znxxca
zoa
zpdxyvtpageptqajcvziz
zpvuimaoznrugmkfvoropig
zqptqoqsvysydrmz
zrorfneon
zut
zvafdgiiarkqsp
zxcvy
zxvayvonminrignjgfuifeklvywj
zzgbwdkzhumknuvjymaljsfjdog
zzoeowaqezdlmwafcozvqciewgkek
aatfqnvygwflobrdirgqn
abilywkeytdmbdrjpmrv
acjfynzvyuoolkqcdmbstk
acnjlqvga
adcsjbopruyaqdsjgm
aeqjptyxgodgrkhpevcanl
ailbsqaowxdblelmudhdaptrcl
akchhppretonbsf
aleiztjpzhztqh
amnfhwfgeohskkefutxxibhpu
apjhitzbx
apqrvlwigro
apxldnhb
apzhwbbbtrkhr
aqjasixvwoq
aqviouhhdenowzyx
armjdspxywxerf
ashjmobnzl
asltoblmcnvcrcrcrz
atgsfenzvnxwxi
attyuvidxjodxvippweskzawjz
avlbwqrvhxpfvzsjjmifuceikmhkli
awo
ax
axbbsepkjevwrusg
azeojbdchq
azghzvwhwbitzrdjohody
azrssfszwx
bbmuegyrhlthxwgjpr
bdolbgr
bf
bfahpvmgbimyjqdd
bfuqcrnrdziqgqlcavof
bnbmtidi
bnhuacylpxzchfgkohfvvuyx
bovvhvrkrbtveez
bplodacoyclrzcgxutpecqfuv
bpylonmwajgxzgyzaovenfvocik
bqbsxmt
bqdtwjfhcfxpfdju
bqnjay
bqzedcftroobxvqc
brxzadseciomtjoyqzb
btcizcib
bwgirxpox
bwxeeubcrtzwtayngocvzlv
bylftapquqvdgrjbdkqvnaj
cbgvzfkuak
cbjzjvdfnwygc
cbldvgyl
cceobarchkmicwrsvnaeyt
ccrvxhxyz
cctprrb
ce
cfcpyuwkzebcjae
cfwxwdrnlffbfhvyxzukj
cjjitpilypiuuew
ckfjigeswdvsgrsrfmoayibevvapmh
ckpsrcpciwkvthbwgexhunrmpnckp
clouhfuvux
clpmyyhe
cnkvcalnehakdnjtrzqafcuqlpmv
cowwdztvhzza
cpnmdlfnnugdnlmczadtf
cqpktlmwx
csjdvjitlzjczkbudavw
csnxucovtykrxawza
ctxazrtfqmbadnaoszwsqvdmyxpqc
cwatikfkiwwumedjskitbn
cwkrsvifvetmqrhkplce
cwwpdyjvctvfamc
cxsjjbhiqnvoc
cyhdzjjdyvtoxlateobs
cyuef
czxmiemcaq
dcjseqf
ddom
ddyaadxbtpjfh
deavrrhrnvkibjzdgsu
dehnjljkwomipksjeqxfwh
deqkohktevfnorjbez
dgyewpy
difkmummrwsjxvibuzoz
digpnpuuhgx
djgumpmuekmrcxl
djpir
dkqevnutfcodfgjjbyqhlhmkdafwes
dkxjflkjw
dlbegdrhp
dlfiches
dlkmadv
dpqampgkstcxdhovscucd
dptpvjwtgddndbyqffxmh
dqhjzlxwvxrymavcz
drxjstcwrsxg
dtmeyjhtdctuu
duujidxymedewdmmad
dvaeqjkzmhiydlxdjohnscghbtusw
dvkxgllisaambovjkdqrkdorj
dvqyihrisbhfnae
dvxztrlmtmlywr
dxydrrcynswlnnckjoyozffkewtngx
dyrijjifwrzutycdmptbqlsey
dyzivgplnuagweo
dzcvxkvqbnfovqgubvtdg
eaqkbhhkmfuiv
ebcwlfk
ebeayrgrgktpiubpekjcotchrp
edyyhn
efbq
efxrdvenjiqcykukzuhkufwbubvqq
ehclvofjayyiplzskpexgosleb
eiegmizxtaycfxbmlujnmdckyggz
eitdnruzvllh
ekkouxdcynkhtosfytlucen
ekmqdcyzjeeuhmsrqcozijipfi
ekqnczngyofc
ekshwnob
elamtqxqnnymunsplzjclbrsv
emkydadrqik
emnntpo
enqmwilxxzoqfotpikpq
enxqyuqecmblegaqoxzzvz
epabkqfmfzrryvr
eqxljrivvd
esbyhcigthygbw
etpdvazkqk
euoijsqxnfvsnjpxhh
evssdvmqllmei
ewjtboxvynfhkstcena
exfohbjmrqqr
exfxzjtxinzeagzmih
eylxofywzowcvf
eznuqrqcibnbkegxhallbbeempaw
fbolkezy
fc
fcp
fdjkbxtrvyhsan
fdwgpbepeuhgbjbvnaxrh
feflvuknojkdryuuhtoemlmlagd
ffgwokfiihvtqjuh
fguwtiepmzfguggwiouippnfcmdm
fgzmclnnjnzcsxppcghklrfuptf
fhxuijunzickwuszojhaaoinbhwvjr
firnbngftfst
fjhbyjzahnhnofibrbyhv
fjsacijichtxrprxznx
fjvgzpdfscrzswpqdbdzvnj
fkwowycneovt
fmrbblqwcwtllkorcopyilt
fnpoelznjbzouqgzkijndw
fooja
fowbzpjfmkkdyphambwguqvgin
fpergilbvxuziquzpodabtnkbq
fpevjgm
fphwqmthfxlsqvarxauyt
fqtmqotraxtkwlumqmtboul
fqtrqosxq
frayfevibkkxyivgxpdtiuwkz
frszuuoblouiqeguqarxcmufk
ftcovnvovlmenesezchm
ftvqyujbhazwbbqh
fvuvyyygradizacyyfmjqjr
fwhjrut
fxn
fyqqhbax
fysvkcsfn
fywrwsda
fzdntosdjkidrol
fzxxwgliuejobcfpvnyrrpkeg
gagalxufgwqrxjexqvajkhfjgrt
garcsfijylbi
gbkqopbmkyopxw
gbxcinfxsfyqwtzjcfqjbvcbjtsdjo
gceyragqqbrsdanmnhigbxy
gdljpjkog
gdrffaapjjbrky
ggh
ggjhjibputjcpe
ggpdbp
ggqkifycgbxzbfhjnwipekpklaynd
ghfvnjjnvtgoclrwfildfi
ghp
ghrkmbopomlmdckniokgcbszkkx
gij
gkinrlpuujushfjzwjea
gnvwipjzoqapaqirsqotuolbgsunqw
goignxhrmkeozmwsiwhflhqpaldvg
gozkqwybnajfgrcvtmbygs
gpqwaabeouhodvzfo
gqhlibtpkyghvjnkrv
gqipzayixrydwsovhz
grgbahjqrdppvti
grkhr
gtapqmuwcq
guwvgv
guxhzyplwiirestldula
gvwbjyjsy
gvxfhuhromtzcvgznjjfvcqkzvrnv
gzqhijibscqyreqexqhgnmtjzvov
hbuflktvitmpdwv
hdotqfji
hdwweqnltdwjqspy
heoxmiwvp
hfas
hfvu
hggt
hgpqyvgmpoypljznqprrhhdtnq
hhbfqmkimwzob
hhcgsihcsavajnm
hho
hjkxcntlow
hjrgvvav
hlwnlz
hmkbmglfbwikmbyus
hmkyeevemedkzwsgung
hnlcivwhwztzrbxjcrtuv
hoxsrphz
hp
hpseszzmilumjdhejklrwpuvf
hqhqfnabefbjpsxhrkcqpdrwkgcgdz
hrin
httudsvyniez
huahctlsimhjpznhlnlpjbog
hujzumigofhwbkkfluwzkctk
hwtdfmv
hxjeigutwigd
hyggyljddjhmltedzlodsrk
hyumquowldno
hzaaqvv
hzhsqwijgdk
hzkxtlrvmtuvziskmypqvi
iadwta
icanxeakqxuscgslrari
idtmesolwuqv
ifqdfqvqialsoiytgdu
ijschwordgvtv
ijvfnzpkpdepxrwgblgaeu
ilocltgcozgtziufuzimxeekw
imf
imiwoxvcmpccsx
imuvtmhdwqckcyvhnqsgzyndq
ioi
ionemyrdbvowpgwmooqrlntgrrtz
irfkdxhkrnzdcthsmickcrpn
irmetrvjffgkstvjkfjzifydliml
irweyxwbdx
irxvvhl
itoqxlxunuj
itqenpwisdnqmezivbmksulfeom
itqxbzfhvefuvhkrnp
itwskiuimamb
ivcqgwakjrfalitzzkrxsgkjdfq
iwkyrvmjzufdtslnokbaorllqawgym
ixbmbav
ixxygqlkrxedsbnmz
ixzhxwhiu
jacqhnwdagnvxesfrfiefaabr
jbabbamuziypseapz
jbamaowghcskuhxngvgxtdd
jcbprtjoihdanmgczjtqpchv
jcdrkpennuzplqiwtncsna
jdpmoxbyuyopqjkztvjgkw
jduoljovgtulozwarcufqrzldsrz
je
jeqhdkuncuwvfsrzgispssszhjhu
jfgvpifyidttggsdyjbvol
jfwehyj
jgdeotkptsqvpia
jhavljnikwmxjebrtqfmfikjppjor
jhrgpfdgqburvyykujn
jichrsequivyctebqwe
jjtheaygxhnqmgn
jjtnpdplwhgtuj
jkfeoxkykdaobdcdsz
jkqp
jlksqgveovdpzsolsjcoirgwmea
jmutkx
jngzxrzhlybtfgoccb
jnppsavnsea
jpqywbiqnknd
jqcfqptbzgketqkittrhyubkewfekr
jrjlnjqm
jrxqjwhbckjgeiynxhxigpr
judnccrkwst
jvltlqwcjpihlfia
jvysyilpjiyiyqcqmxcycykwjrohf
jwubdxbagxualojnxgvurqnb
jxwxqmndhldttxsknxteznjsqt
jxztj
jy
jyj
jyjjrrqmthrlbackxudvuok
jyvkuoapdvfbug
kbi
kbkbeqmarcflhkimovfabmn
kchbmjgrxtzdsyvuvxlqm
kcyzobghtuoxrajvprecwgxxps
keofmniumjcafcuyvdcueterqpjjwa
kgaowaxboc
kgtqwuovmrfjcwbtv
khfffmsgijsuyiwftstnnes
kjilefraa
klyip
kmapqv
kmhxuqvubpyjmniexrwvtrevhh
kmwbcrujpdzqsg
knaiw
kntetanhfgorla
kptbziwfgxyxtzdmdkmgb
kqgwdjbdxfd
ksdfpdjobicqfqmfstqhpfmcpmf
ktuibsi
kuhzcman
kuqird
kwxgybwflm
kwzzynnimmksmwopfyvusmfqve
kxbfefnsgtibuetupwfffgooe
ky
kyqbvxhxmmui
kzm
lduihpbukpcjuwz
leffjrpdrsona
lefhotytwymlueailq
lemvhugscuyrtkeck
leztkkpv
lfbb
lfxmgezqdngrtnpkggiwpzyoklm
lgotaxszxffw
livzawzchkfhbgcw
ljomfmtiuekgsuvegdqomvvaaxp
llsscicln
llzbywahhfgj
lm
lmpqgzuxnqxzflphnz
lmqwhfdhnqprrfjkw
loothlkjupii
lott
loyemc
lqkysmroykkbhgoqzssfnjmp
lsdqbdfekazir
lswo
ltmsgdbfmjhzmauxnfndxd
lvovgslwopg
lxi
lxrrlj
ly
lzxmjuqvjaf
mbvrhfwklaftsddipa
mbyhhbqjwjwljop
mcgbrrvkuptanlzosctfnyszkl
mdsfehmofnlcsswy
mewwhgpmpr
mgezqrnxprftxrgmaon
mgymwjlcobgwxw
micvfdnrjivoasb
mismaorogrgjilcwjexim
mivkbxpqfvvz
mjhpuacs
mjtmrcjivhsytnwmqqjv
mlifxynqhmniusrpet
mlsmoedqzgyofxeukzf
mnhpqyictmoyfpcvkcaodakja
mo
moivfhjlrwyaxawge
mpbjbtduesrr
mqrmcvnwdysbjchjmwu
msrueecxkqkrudlmzgdtnhmivnn
mtcpzgxxmwybdfpvjaouznv
muneqli
murslieptsxbruufqj
mvayqbnks
mvpsl
mvsxfyqylozjgfegijzahqvrhlpw
mwuukkmbpiaaxijmom
mzfmxixhfdjl
nbgdiwglpzg
nblwdoougmccocbkims
nbxrdhjngjvepaoan
ncnipmhufmhjgqeibwvilqfvd
ncpeqrxed
ngl
ngqibncnskbe
nhzzhjwjywvycpxcxwdfksm
niiwkfgtjt
niywwiphcafvtqavadjjsk
njwinshmfgx
nkkmsdbuhvhfqtdvtn
nkqhhw
nkxtlzqfljnwkxgkf
nkyrtnsjvwzxss
nlpjuzrywvojlwicivspfkordsuhr
nolenvovjbzgchslznlqgobaybnfd
npbrckwolworuxdvqh
nprwfrufcevuk
nqfipebrsn
nrtqs
ntbkbobnflhmekcjvdpfittsfvde
ntstqepvxpesdarfkuejqwjhte
nuiexpii
nulrxvtvlukauandgwr
nyghhhptzifawftzqg
nzf
oaljjgxpxslrqb
ocgijfxdo
ocxjxyfzcauyi
odmti
oeffdqagkwvqaagbgyxfupei
oetonx
ofvucxpuwizgllpu
ogaogarovmoznbyucbzvtkfqq
ogvfrnymopfwpnfuzeihxyxan
ohfwsiutcukynpugzkutternuxyxls
ohvfqvgc
oi
oiaevdvkkiaualcupfkucuoz
oillteumqhanorobnellcggjbhuru
ojd
ojonhgustqjf
ojqrfs
on
ontvol
ookcoekmjwxacqtjhftccxixkuarpq
oplnowlaownjmidvtjbdaexx
oqothggtdrdolgjm
oquymrlxxeswzlqcbjswiaf
orqueihedjjcihtec
osqekhkttaxntzzitqrdxrjyhdwi
othajkigrusx
overscjzbkmzdndosiyhtyavoxh
owdsalfjclxrhbl
owxjie
oyftnmldhewfnzhkxzimqxnkagj
pafhzdvxvooevucbwln
pbcpebxugblhdfsjwurjtan
pbfxqjcmjkuu
pbkqgxqzay
pdgpcdmni
pdrsykhbutsnuwjp
picqrjpshtqf
pizhwzizcyuceglmmbgyg
pjhaefqzaauldrchjc
pjsilnwaxynurbaetscd
plllglltwjmdaalohndiazugwoyrg
pmxujjloova
porvjtzobqqobjzemerppgsd
ppuaqnxtvbpmndnwlsnkpmmo
pqiknnmiididasgyzuqu
prggwdyafawqgqbtdgffcegtpcy
prqdm
prytgosdfawssvgoi
ps
psng
pvhaxentcgbdbdlcyyllfaqnrlzl
pvvq
pxrdisxsabjdhioucegqboymszdnjg
pyk
pzblduetmfqwb
pzbpkxscribpjszfllgqwfwylofoi
pzmmxlxlflytbapxcu
pzoriyvchiyfvjlquljujtskdljgt
qaheeuoduv
qatxlgibyzzkiajx
qayylwqboqrkavlc
qcg
qcqvhsikbrvvul
qeogzxgqysmpzxuxhbzqcjrcngss
qesjbiwfutdgbwjoxqgbzzssokll
qexaw
qflauccef
qftmplnggnssomwneqg
qgyuahubzrcscbwieuiorf
qhkfcm
qhpwfijjf
qiirfhcecjjj
qjobmvubunsfsbeqe
qklpks
qmscx
qmvhtcexameykvixdaqvssdww
qnburdkwlmxxexyjcp
qolicduhwenawz
qphkvwoklkdxayjspdhcoph
qqdbqkwpyyv
qrpimtwwxyfrmyffq
qsgylgjndlbhajwgvoh
qsybvoipnk
qtcyrbzzcyrjbusmddvcmjoek
qtzqfpwdr
quxvejecizvviztcbdoqj
qvzeemwwazstqocwvntdnaqybcf
qwowqupne
qwpmyqxcaciicdprelazhpxax
qwxllnn
qyuhssjaiepqlxxzmdfppswxrzjc
qzoayvufrr
r
ratzbsguvzifnhyxwjsjavwauxp
raurgp
rbdmizufrnoftjrqykal
rbrnberazsxtkaquehjfcewct
rcjcja
rgpbfryedqjrl
rgwqxggairilxccxvkzbxaentapizr
rhhxcqxxuwwqjnnyafgvhzzafl
rif
rihsuqgjoummbxdbcgraucbm
rjbfrjpcgdjdrwdnposrjgdrqrvq
rjxxwtlggkytbiolydnilqa
rlrgfdgeqhwheidhvjgootun
rmozsyqivspjxdbsfwkqzfjssibwon
rnqyqisvclpohqode
rp
rqrxrpfkctijgdk
rtkrlkjapymu
rvpx
rxpisl
ryjjiehpzdsfdvyilxymegdvinb
ryxbqoxy
rzgtokqen
rzrosdqwsmtcjghecqudosr
scdwcyphzuf
scfhtqwsklqtxhtaignvgnqsvcqz
sdfwyijfz
sfepsfaaudmfcfewrybywhj
sfiwrisrijvqevtcrpsbwbnorhk
siekwcdrnyid
sigpiiz
siqwqlwhgfuus
skrcqhzpgmdgcpbe
smduskvutkfiubzyblwm
smeaearwtvjsjb
smunmjxmjmvgufzljkyz
soupcfkntyzl
srupchynvzhcpqugri
ssqctydteamdcjbprhtnegyi
sssjtdxeqfiikecjtydo
ssyuarttgpfay
svttwgom
sxjrncrcekzzlnjrpv
tafrsvpphuraaaixztw
tbelogjyshxakugpnprqyzmn
tbsciedpiwlaqigesjsqhs
tcwasvhtvwoudtqjqjuqqncahrqem
te
tehrulpgk
tew
tffvbfminwysl
tgrgdfnyytkwwqqtmiuuyvga
tkupfdjroebvzfrk
tlfbc
tmgnoujscpvrwlw
tmlw
tqsqkkobkgexybtzbku
treh
trhpncdiww
trujkuix
twulevfqa
txgii
txxeumzfwyucpabqseffunqpkfnn
tyjsllqkehtliauyiccqdmfiejrq
uabuxwymxiwtawlckmpathua
uanppummpewspnvshib
ubbinrmzeyoqdndfzagiwnxgptqe
ucoimmqszmsrzqpmaddcvhinjj
udeffgachzrhizmaqesw
udhpugzsdccddnchrgmxdquwm
udnvqzbkatnefulgexktrmh
ufwbecgfvlxetwaxidibgvhr
uhdhlp
uhkmqlfybghlxwmeihvphbaozase
uhtfqjrrw
uimmgrkmjfsmqizfwhojzsxebc
ukpby
upzwweiqurpixiqflduuveoow
uqgqxmcfkzyxndmkfy
utgtnkntarjkpxinovgzdthunwo
utrolsqeegxzvsmro
utyzgzrbjlqfvthfrnzjbmqlgvtx
uuajmvoxsjyavbgzmozeqew
uxmhgyzzqwpnthicyqzhfbzq
uzyfhuki
uzzzilcxfjcaxazovizjil
vahrgqtrsxskizjkh
vandsewrnfwnszwgdugnuqfbkooqp
vejjambepkbtzshebohmfvc
vfktqjdcugbidvbxrnsaq
vhrwtfdukxffjpsswyxlijjh
vhzxtog
vivggjzqxvdkgqy
vizbkvhsapbbkdycju
vjjahccxb
vkbhlwvmovakqvnvayv
vkhvwnvemhmczbadvopemtlpshwwu
vksvo
vmdlm
vmhyxswacpfda
vnefpxdwo
voqldtdyjthyuiskvcytzy
votj
vqk
vqrmztfvhltdjwuuiditomaonj
vryxozbafpfmowgrgonuatdql
vyfonsiisuxzqlvdg
vygkjisuxhatmuudqbhmknhfxaxq
vytrzgrj
vzikwanvngdfyfttelcxy
wbpuf
weusehrpmszbxbrqoa
wfhi
wflxulphmmsgxalsqtunyrvxxacpi
wfnhcbkpmesupmtrvipfbktbwzf
wgzroywkswmxxhklsjolkqcteacndk
whmqhzkhdkcrfvbe
wkddrrafaslh
wmbdk
wmryrtqhfonlkzhflaxwolxcvmj
wmtfisg
wngvyntfahwjxwvqd
wpuuscckxrymivbcldbxgbbr
wpyzaudwuxqldjwjriqaqsjrq
wrmtaykqlnhsglbtatswhjgdsckjw
wrvfymybqnxzgsfrrjdexwkksbdn
ws
wsdgcofglcqgdndbypqqidcl
wswwolpnkksmf
wwfzinwtxscjbpawnhbskilh
wwsojvagsmponx
wwteesjopergyakjxtlgdjjamp
wymynwgruanejfdmgpx
wzeewzkaojursqgsczv
wziowkacajmueprmdycmkgobuz
x
xaeagwihtienbipfmgcjs
xaqszuclahbhejvduzenfrii
xaunfqjvxiohnjqr
xbvjswdghawchyhfjfzrpuvnehhrro
xcfjhsnxiqol
xdkkfsuvrtgjtpp
xe
xevdvtlivvkppptyifto
xfntnanvzampc
xiisyzwnhxyf
xjboojiegewbacgbpalo
xjoqkdvfepvl
xjwevqgfwhohdzm
xmevjkajjvbck
xpioux
xptsqesgmdolcoiatummetzhwxh
xr
xrm
xrrzwj
xruuqetpxoebjnrzodfafpcs
xruvasvylremmpcyuihzgmvq
xswbolugtxzg
xw
xymxu
xyzcscmzyfeqmcpawlxjdt
xzbfvnvexyedwoplpckmsy
xzorzgvktiazlzy
xzrzbmnmgqooketl
ybpuqefeijcko
ydww
yeuujyrxz
yfobddpn
yfrjdvogxwgztravclcjl
yfrllomgvpsnevmidmrpbhepw
yfyiecopfchx
ygnxbvmqmgbreoickybowqxr
yjofmwhzcxcmvoyqhbnsxmsjpo
yklhzosxdwncojj
ykuqatmjcrvbsamzlvztawfo
ylqzglmf
ymkktdbnoxwttg
yppwhprxutxrkonk
ypxdhyppjmskybhddvghzodrmmptxq
yrarxsvkhtqdihersigbhzjzujxm
yrdz
yrytaeyqrjuvv
yszxmjjesdgqci
ytodurbjztwbne
ywagmzyyauritdrxnhcywiw
yxddjmwkoncviuxoouibqoafcadlp
yyeshqlzmrewqnkq
yynjdtbg
yzffxxenxwpfnckwariaqxjs
zalkhuhn
zaxt
zbcmbsbuewkxzqtol
zdkh
zewlz
zezgpyvfowbdtokoxlvth
zfwklhyakbygfwcp
zgpzpoltvnbmvwthjsvhbxsewqyc
zhkducomlgltlveinncaiknsugj
zhnfylbioevcrgcffokfxbwp
zjmyirdwoswgkaakxltcp
zjpxiqij
zljzgyrfvsqpcnwezgibb
zllzkjhkprmlbtpk
zojeqjzzrsrz
zpeuddfeimozyfr
zqiworvpw
zsypydtxweoxgnlxro
zuivxacemoalnbipohqwql
zults
zwuzawjtlzg
zyjwxxpexrngf
abmjhmttkkrh
aclo
adlbioqjsjlqpotcw
admcsswplcxvzz
aefzsiotpxj
aflrexsrrfcnri
ahcmxvwgstsdpxtimvwryj
akbmu
akdsqdjtkjtsom
akgjwgdmgbseimqzvgsrr
alnfbqzron
amrykbokmwgsddpqkr
ao
aodkusfbigcfonqyhlqbyuubi
apdzyjjofm
aphnrvntgnrjqmvlwobuvghcwsrgcu
apihoxuuff
apmi
aqtzxkfowuffjovboexlwdlm
audsgnddbvlwbqgufcwfcctvfyki
avihivdpvsrrmogopwayts
avlpnrojghn
ayhuldzbtdiwxvgqeemwl
azruwnjljcdsbhckrmhdh
bcweduxhsbbexvbeprwutheyxjr
bdftzrainjruucocigrajyfa
bdhaxcq
bdjnylebererqrmka
bfapjivfvtcdslmfjmqhssqbfgd
bgdwtfkruvhvnb
bgemsibthcrr
bglcsgdkqjthgeyygoosyzyhtqgvd
bkftjjmwxzogekehoikv
blmxuitplirtqxocku
bntr
brvfpxpmfkjpdgjtoh
btbghzbrwtdywrqdwaovswqcfcubip
btl
btnnilkgbnly
btwfqrqvrncojfrwhtqsl
budjketcguzfjqropeza
bvxcgtxq
byxvofglfmjxbmthzbo
bzkaumdbjqpudhwj
bzwocebokmakpisbnuyfwshnlkhbe
bzzuoetp
caahm
catmvefqrzxwktndpbbzdrwlph
cddiuteiojwayyzpvs
cgtcqqbtlvblh
chcdryccelrayrtgvmihhaewf
chmuvenazlssl
ciadgbxhd
cifreyhiaaeiemricc
cizock
cjjevqftxmtjvlnaypgr
cjzs
clzmshghtlfspjhcgfasdv
cnbi
cnqqjqwlkyweokcmnbnzwuyw
congurtfroajfcqrpegicnalmrgokb
coq
cprqznybzddzdvceqrljo
cqjefiwhxmab
crzgmcwoyzgeosubsubdkhnhxpav
cskqnrsvvhurmmpnzw
cvpxvpocbvsuyegomjwyocavmfyhhv
cxgttqzsrxttat
cxwcujwhe
cykrectmljlzkohfvdt
cyoeivdyh
czvrvoucvwynszdxusyin
czzwibowhgcxskfuubur
daaoxraojotjufsturtjhu
dbebvuwj
dbjpahgztezsb
dbmbgmrgfwzb
dcgb
dendaqauhlwsusvcozrvvxuelkc
detnntvpkgydk
dfeahswapjhyrucrihf
dfeljpelljytknowkl
dfnzslyvraqyzkiyiawcm
dfqkoobakmdsbro
dhdlziifzqr
diaunbxntsruirdgngfyyuifinrfh
djddlduadccuo
djdoknxftxz
dkfnrqjcdkzylxshhawlkbgtg
dkysmyzvlvnxkiycztmivaacev
dlrwamnkyxjsxpfdlzehbgkvypxf
dnftndfstbwdfwtbbaulffdbncu
dqeelkpke
dqgivlqpirqvwqqu
dqtes
drrxbbmyrfdzlvootre
dskhztzzgqu
dwvnqrbhenvlgqwgfunohtiuezphzb
dxfhuaeflncuvfanbrztbh
dxfjondoxrrkprbzerbixr
dxvaahg
dycviwdxjlizynoayvxfuabgg
eccs
eflqcbuwdcnzgfmhyhhhkzyzwrq
efumgmflzbjesa
ej
ejcqaqjowsvlfprwyg
ekcffsrbvxzkhfe
emakmunmaxiomkeywcof
envawrknvpjtjrtag
eojzivisgkvduagaok
ep
epfrpgarlfsymbwvg
eqbrosfwi
esidrnwwtqkdozfpkduulifzdpohcg
esovreqsedc
etenrrogmxxy
etnlhyezazxqblittfqdj
ewxcchswmwghbba
eyrsuwnflhbngfzlnrjf
eznxpydxq
ezppwkqvawbawnkxdug
fcbceyhjugixwtb
fccfthuziavuhdbnhhyrht
fdtyvswwat
fecvifljzusprolq
ff
ffghv
fgjol
fgopgminkiwhnqodm
fguproqylobcwqxkzmausjgmhcmhgd
fgyusowzxsgyjiaypfutn
fihvfewlicdpqromvutbxujqyyokc
fisfrfqgvpmvorpjfzslzmpjjnehr
fjkhawwtkguwtzefpxpbdrxfutvbu
fmcmakigpdzzmlkeazishhvx
fmtitcubuhdzpnngsnx
fnonushmvdmplykyisjhhv
fnxwihn
foviussqfqweh
fowkfyhzoptxs
fpkweckyjjhdeyohdhfdqfpqagbs
fqogqpezterll
frqknltxyojeaiogeo
frxrrontlpkxwntzh
fsmvkrxjunvtohzoyvizcs
fvttiexcc
fwhxnpofglgqkminclmpwerotjkak
fwqx
fyyvpymrgujzatfsnh
fzsdkykqqbzecvqifccp
gatfeknralnlgcwghvlddwszbm
gayfidi
gba
gbeoiivalofwwtg
gdednhiavqbqdfqwepncxcyzhpo
gdeebjgsdyfoecqq
gf
gfdwnmwtfzordsdmrwvojzo
gfmzkgi
ggogsddxoqxmttix
ggwoyxlmnarjdnxauysysi
glczvurslqpdpxobbqsbqhhzmcxtfh
glmkxgb
gmjuxmvgr
gms
gn
gnjubsnpgz
gnmikdwickdilsnpd
gnqqlfewioamgmrcemoaxvuf
goaxiusxharyevoznqgqbteqmppcii
gofc
grgocgk
gvxjcnj
gweow
gwhroqkhwudbcihpqwaqzxugk
gwthhil
gxexpopleocrygyredgazjfbzbdq
gzmifqydsrzebvieremkydqva
gzpqkbxadmxrimothqqaq
hboaa
hdgmmvyhbkqrjdtnkiz
hdkzhnapvvzoqlbpcimqaiqcsaydw
hdlsqjgmayaunyndd
hhfvpakdfbszjylkeunzbizfkoer
hjwzwmozecrznjkfrvkrmrdwroa
hkscnyjjdbkxnpelizughiaqy
hkvexbsztrintjappsxg
hlnxm
hmniudunshnrpjbtpsmnowvvbavo
hmpoaqyd
hnqgxyeidwcewvkvxofwwpt
hnrlyjiwtmhglkozfkm
hoatsvhxhbr
hoozpmlkaqxbfyfymbtknjksjaqaz
hozva
hpdwcvopot
hpflksezeunamhd
hplhtm
hpwiwuinnfvplgxt
hq
hswdqzqqcby
hxc
hxm
hxmfsxqxafdineevhitteyhl
ibppkqxpyxgral
iczpusswafkenwemoci
id
ihfd
ijgdnz
ilcumow
imwngsptxxpvgwawcao
invktopngdwmzfhyv
inxfiwfhtld
iqkqlfuyk
irjamffaxnbmjwzuzplfzdivtowp
iscrndidhauxoenlnzjdhvbxx
isvmm
itaqyxubxqbtxtvacgqjtvxh
iuoqgnepyoobniyvokxdnu
iuskrchehxsmactlgkzbbmrba
iuxprznklwlmz
ixivxkflpknhpwqvaukzhjolov
iykldkdf
iyppnzdubptsaveszsippqmotjh
iyvxokdrjixgxygvuxg
jahrjpshxupmtefoymgpguou
jaoxtfhvxxytgokrcxaetauqgndm
jazobjiizndyqtoldcxreprseg
jbhoidganqibheyzim
jcjyugtedogfurkxiyquf
jcrxnnwpzmkocnywqmxdptlt
jenzsbdoybvqaur
jfhqyudwtigbjtm
jfs
jggzmpgbgdxfguoxhd
jgplb
jhfabtwlxxlhunwuipargjs
jhhfscdromehncpbpmivezzhklqx
jl
jloryiyvfdc
jmskgaplcjjltqtrozamuinystpkl
jnuarcaircwgnygyafthubdfgofo
jokkbbafviqr
jtbqno
juuprliuzf
jvainylyqrzrtjats
jvdpuihijdttcouhptxjqsxoo
jwlvkrg
jxneplolryccrvndtikihitkbaf
jzdadjsx
kbrgehppkdlmwpzeouyxptetfggp
kczzykvaecqrwyrhmueewk
kdvvuotxjrahjyjvrmzooqd
ket
kflfilybupwstyndakuoojzrisa
kfttshfireclfzmjcgfkcjskqhqr
kgfnbskfskzsromsdyp
klcocllh
kmbfspopt
kmocwwhvixarrgoqn
knbqxyhd
kotelkcia
krp
krrlbynxokbqqtlcxjoughqapq
krvpmkcqnblcoedptwseyzwv
ksbxeestgp
kuppnyhkxyqxyakajygfyqrhroxp
kxbx
kxjzubuaccl
kydaizlqwedyloygutue
laomtkv
lbzfhxunrklib
lcjrfdixdlj
lecvdklcpsgyyxgxpwrhpihslnpcny
lfuphqimupmqeqqaufakomya
lgbdwjmhjg
lhoidzeiworxc
liocolsvahwzezgrzjtgy
liqecihluilgmfc
livfhvsjtkzmnkab
ljkx
lkz
llqwoauwyhgeg
llxdhzoxjjyrtknlkdqc
llyyzkwrsvrdtsgtadinpgbpc
lmfvglxolymflmk
lmksqgblopltfgjizziisdaiqn
lnbxaaplonnyjytdzsow
lnzxrwuyauq
lohqamfcpnidsppambsgiltsb
lsmuzflxdtck
lwxfaigayrueicufdiamhtkbxotd
lznowgndloliztbveuao
maurkrkztjoihs
mbnwgscjxxfpmtboyuprar
mbwqwrwyqwvvadszo
mbwryzuqwvestoizdum
mbypbjyvgdf
mca
mce
mcpf
mfkuwfzvln
mfonmihlf
mghy
mhlvbypecjeiwwstneuiqubpgug
mihwngw
mjtimd
mlsldyheqctuy
mmcfdsznwj
mmznejpnul
mnbttfgcbaow
mnmalpuswibub
moesegpvislfgaqgemxkawpqub
mofgxeirpbtywqz
mpvtbid
msodnsnjygufgepqpwwegkh
mtaxrykrzqxfctchjp
mthqg
mtocrauojkait
mtwrmftodjaq
muiioltyszgtrtsazhvinubdr
mveugmwhwjev
mxlojavyaifjgmtminmvdosqf
nafrvatyhsqcbitsttwi
nddtebsikihelhw
ndffgigjwwsewmmewmhzy
ngxfavfxpmk
nhjkkccwtf
nhksemtvyinfyfszxqghvjxvzglyvb
njxfmzmhbzfpqicsbrlprbi
nkrvkcofdgbbgpdoxjuuyyckitfd
nltzzekhmamemcdyjobbeosak
nnvheasuyijwgavtjcicruz
nompbznnrkzgwuzjsphcn
npbziemvvnjndozrxkx
nrdfdjxgdzqwmoenqwjubtsdatnusz
nrfagdovulnwoclgby
ntaeoqlzeyitmikthwhdtyio
ntixyazvnmkuxjxxonspdtqevzsbuh
nueknyykkbdsbibvnmtk
nxkmdqfqngaknblghqjytsd
nxswkbduuflaolttugfhrjtdopv
nxvwkptcmsoroxsnpeejnhyicpkhjn
nzqavgyawnha
nzrkuxyjpwwminhplxgxwulgxhlmsb
obnwpsxaakgeqan
ogclbndzvagr
oghjcioavjlltihsdecopkhok
ohdy
oiojlwhypnv
oixrwlmxwgcnoyzmmyovrtepqtibdv
ojskkvfxahhjmbocljarintd
okxfpbdvkkkqbq
oldjupdjyhtlfgeiclwumlab
olk
ordldkenoqqyaavwgnrjom
oruzp
osgeeqdbczpdd
othwmlvrglfzdzdbtubxuoffvncrs
ovwuxpk
ovxmrawzswpfncnfytmcfvwnrm
owhhfrxrunzasvnhxglcjgulmgq
owrmvvjiqswricmzsxavd
oxgcosg
oydukieaivcdfjsankj
pafiduxdz
pagp
pbhheysp
pbrwtvpmxcvdgsnneann
pcfl
peesppvqpsijj
petsgrzuigusnwlyrv
pfskwymfpwbfw
pgehabdhlvtpwxuxycg
pgomrdnpqdflteuxssrbusyavjstu
phbsywztpw
plwkfjraqmnhrvqwwo
plwumkpmycknbuzggfkoqrezgct
pnh
pnilijzsbvtbu
pqcbmjnnzwpwhj
praeorkqozfuzehi
prixqqptut
prj
pstjfhlydrpukhkdpzdbm
ptzqsouxq
puhbqw
puwfk
pwdikkcckunraduhwo
pwefaucltzwsxzimwdl
pxooeoqxppbpmblx
pxpzuaqaveqpvqmclbmgqi
pxvcbxolttuahhykxdqoqeij
pyfxadctjq
pzjik
pzucltlzgjjlvppucel
qahlnugkwrqsfwclowsf
qbpqeyam
qckcotzgkubm
qcvho
qejfokqpwagyekwfqnwqgmxitoelim
qfakqxbxucbwbascajsoklsbnb
qfiffcotcdksgeodapdn
qfqmatpjgcfs
qfvewfqsadrkflmzocegfyb
qfxbnuwectnvpncmituemctn
qgvtyhvmbdtyba
qhahjszzrr
qiwmkftwaypdrgqj
qjwcpewug
qmxavybqfmncpbzonn
qnoh
qnwcojtkgqqsmagykhxffny
qohynqaftunhjfklbkx
qorjbqeeoarronnezvuudm
qpngtbngoluyurkoivldwzwogrlthp
qppexhlzydiyc
qrbmaqvjqkqwhapah
qsionyuomrgzfkhap
qtijvcwnpflrlukdiaohq
qvqehdrcv
qvrqusqsydymvpeibgxffn
qvycwzfphdzxmy
qy
qywyjonfhswfpnvtfzbvcalbcvasbi
ramidtkpmo
rbsprcnaaehnq
rbw
rchtqdnly
rdytsqcaiueghgaoz
recdiuo
rfia
rh
rimzuabfvprlellfarjcenaovxsj
riwuwkrktpiwpmshr
rlbfvafnrwaxatg
rlubzm
rnertvgxbvwxisjwvoigfrt
rnsyvqwvwndwjody
rocjubinuinrbnpjdpdilr
rodmsenwopfrevcfwmzzwn
rotqpoxmwhhwewnvcbvdkuzi
rphzlcepaytfaveopszrnkvnehrj
rprfuxvgxxtgxmaabrnj
rqyyivcro
rrmy
rsosvxmalfuzdxssadoijngs
rspvyoenvpxnuhkczyfdummmzyrmyt
ruviomrejbsewqy
rvvks
rvz
ryrumyiyukfaqdgnhiokscajln
rzsnlpud
sceqqpaycusglniolwqvfybjy
sdgzxlaeykexqgqoevj
sfjnyuctk
shpmu
sickbezqhghpoxg
sicxpeqbvtcb
siifkknaknhuifjuuzsfcfmasbbsm
sipldqorggnwvlqshgyzkxyne
slrmktgbcgytstbjztlta
smxhsuucycdcmv
snaclmnuqnbdifzluj
sosfjiouqtlqdxawfonpqbnvbdljl
spd
sqfubvxctepvmljohzxxoolnvl
sqlhlanroccwz
sqnnlwppwsvugxzzoa
sspxzapyrmerqrosmtjhb
sugcbvdfcaorlyzxubzdnckafu
sumykhyyhhbyjbqwvwenk
swajghzogrnntiggchnjhasntx
swddcrsprcsuhcywjfcmzwbbt
swuxmfxgzeffeglunwzpkvxhvzf
swwqdvkykoqhiqygtnrvhoajbcdin
tappwgzpdpyzkzcvbntcvfxsx
tczfbawgfgwf
tdkj
tdxuungcdad
tgiyytklphnphbwyostmwhsjrqpr
tgyoyhnfhpqipzjfgnargvxxkui
tiajmwhyilthmoevlwlrxpwpzhsvb
ticusafjzalrgtjtsciywwpynvck
tijpqwncsulqfuoxvtnyjfcbps
tjqjfrtasf
tkyfgvsmskscinmqjlgccfnfkgphx
tkyz
tlhcsmpxohgmgnkeufdxotog
tmfxobkhx
tnbltsx
tovpsfhffobcvt
tqfakegvnrpa
tqvndltrnikttwirdjpbgjhtnpb
tsnmdzndhwgp
ttmirjehjgsckxl
tupptdaiqos
tvs
twglxxzqqbktdtbxjlsjd
txrtmw
tzflyfkpryujalitswcwkxd
tzyjzjeyfoyeudxzdpmtfhk
uacxkpmrflspdlqkewyqjft
ubszjfhlckcmvd
ubtjv
ubtqkyif
ubttnwnphdbytwodclrjpr
udmbzrpnqrethxhjmbqdubcthtwzk
ugocnxegopyurvqvnuexbdnewgig
uhnzbuoffrbnilhegxydjdrjcd
uikjxypqlklcrvvsxv
uiyzcmhjujjocggvihjhlsid
um
unfcivuxrczwww
uooqrpuvefaerynkuxnmqa
uoxvyppkqacgbplsnpxjgsqkd
uozhapfsytkvmysxzuw
uqnizzdfi
uqzsvcivdqtkqcnmwfpldhbfbnd
utghcjekknlsctwp
uxvphwidpwuz
uzevnbjvqvrwepkzwwlzhwtp
vapjayyazju
vbdokqvgklltdazsfblenmpztv
vdovppo
veevljstoq
vfxqhrerjoox
vfyfxd
vgyefjknqfywmrjuqegwqja
vhrfomidtwrxm
vjlzdfbnaubnuavrrx
vjuczvlkpxmjvrhfevcyoyk
vl
vlzhthahfcpfjp
vmkmhudtxfy
vnfjxxvkczf
vofmeiskfbetalauoqmcuzbe
vospelnnqxargf
vpmzwainl
vpotnothwysokzftfyqqfq
vppazhltjqvcclpeztsjpynz
vqiwctaelvmn
vraxdii
vrzxtrruegfvqnqddcmiv
vs
vtxxpummymx
vuavynvgabiirqzhmeqoboyow
vvehjyqhdrfvvtawzwylpzywcjeetw
vwqhdynha
vxrecdugyjtxqqerbfkndvqqttvid
vxximropjvqschlfrx
vxxzrjpxkjmknztljuxdeklplwyth
vyfmibcodwbtuatjndy
vyiiczjptmjjnimmigqcru
vyluomzkysrn
wasoffzmmssjaeqmcjemmnxm
wbcvcqdatrivlbxzmfc
wbshemcisgxrjwdrenvqotvqlddpd
wbwygxrimpcotqvtrqfrcuopyurkfc
wccbeffrrzkwxgrscpp
wej
wexzpmiexgrjxjmdwbq
wfavstmjqufqoaoiemjrbafbo
whwpxztbolfapagyiejprzdbz
wiqmgfsm
wjynezrxdmfqy
wk
wkjscuevznwrc
wpanfhdwhpqafi
wpupclxikxu
wrqeatqbmmilpox
wstj
wsyk
wszfcrznfj
wtajuvznhstslye
wuqpvjugvzwoj
wuyyxnk
wxygkgxgjmnfmoqhojclkftnk
wzedalkjdvmzgrxokchg
wzppozgdrkfmejipfemnmyjbadyd
xabrfzzrnp
xadytqnapckvispldiytibqdvclfdf
xdbpuwigb
xegixjjeqcesxcwsmtjiof
xfnwl
xfyxfazgs
xhsmbhf
xihzvkcqrerjwduylpvqyxupfxbm
xinhsouikqwhzbukaupzujroolau
xjd
xkbjxdirukjsturtoloik
xkcelrzfv
xkqtdfzxffvabqqjwdxq
xlgszfbzzwzovlaqkmnrcoetlwhk
xlsaukqyslyhdyayfpnkrerjruliw
xm
xnqxsfsfecfjgcekv
xofntotuquovpppzllbqypd
xositwupllmfmyxrmoyotptuafoe
xpvtustzlmug
xrolsrlmpr
xrxtncpmiorropjgksk
xtcthynmuxqk
xvfbcgkc
xwjhiudghyxyoxbsceftdrqelx
xwtilngewdnrusilbkdwcjasi
xxaafebogzangkarrbqxmf
xych
ycdrudm
ydauqwd
yddtqvmvlknoqxopbtbehdcjjq
yffcvtgtzvgejzfiejqgmixbd
yguokqdauptyvjafz
ygux
yibpjaxzyjdakuexklgzr
yizcignnpnvjtubmldfstaiewwrpfh
ylcbkwhplufnpuezogajukqhha
ylgzu
ymdzubgvqiaegsys
ynuftbpkeletwvivotbjnqkrzu
yortby
yrvdchmswmutw
ysbicrfxdi
ysrwmqojahyqmfevsdcomryhgdm
yteoqmiukflhbajlxharz
ytlclpbqovistbouslsuuda
yubo
yvdbyhlkhwvvfhilgbxzebzvx
yvjkgqlkumzrwrexbvrbtueehi
yvkhfjntouknywohwjtbuwyneaqs
yvltqfyrxheyiecgvyshqkuyd
yxcszpoklwjdr
yydqossqkochkautxvqvmwrltoq
yzeqoxwnngrepipldrtxmfvkglydi
zadvlhnxydircnwlmcytsdrw
zbjdkakuovqbbioomnpfsplljkmc
zbnbpwnawnupdntifmythcvdhj
zckqjjdyxwbbjtxkewauerqrex
zcsrpa
zcsyunmsmlbovepimqiouwlvsbj
zdgwlgodfuortkvunhv
zevbyktbvtp
zfkeyqjtwnrpsfnwepphzlzexpz
zgfhbylpgfizsbgzasvjilwncs
zjqijguqln
zk
zkhljfehprgzwrxtpd
zkiqxripuomxpvjmagvcbwhqac
zkspapplaifcijgltssndpskowvz
zkvatxdk
zler
zlsrwxoccslutwqz
zmkonvownvvyluihtcxqpi
zmm
zmurqdzcbjypdauqxhrjrcgcuoecvh
zprsssbdiasqzq
zrbi
zrlaljcrurgvnvevppzwfaaspwkx
zslxvyilclpgqlakdknfaoyzqrq
zsvopqheoud
ztcmonxlyxibwmbfitzcqjzslzph
ztnorzuybqomvuigvvj
zuchpdizgetscvhzxxqirhny
zudbcktmkgmsfteurqaltvrukfvr
zvanx
zvarpfo
zvewxo
zvtvhwycfznmaomafs
zwdqdm
zwhifhdnqubw
zxcukgshtabrnpmcyybereggh
zymxbuqicfvammgahxpzwzqar
zzrqzrfwpvawrxwduuvmtixnmka
ahakivmyp
ahdcqvhe
ahgxjhzjbeplttriabwucrj
ahqf
aiprljoznczrrecugl
airyqwzqvchfxvviaqzxlytskpboit
akfkkuhedfjgptkivdz
akudkpedupkczlhwuskdnevdcplbkl
aleg
anhlmlkwhutlyyexlfds
apfombqfbhgpextahkgoe
aqwceraznbdohojtrg
at
atmsckmaalk
awseskqsxlrlvk
axfbkeieizqfur
aydrohgzzxvshmcoow
azivnrqorxekvoxi
babflizedkdzmsdoygkjjdxvtouh
bafbqxeuxfpavpwplg
bbx
bbzegqtzedcassnfxnaapjgofwennp
bchljwomfayogwpofftntisnmpzft
bezycgukatnsviqpjblwhaam
bfdxdxgmfkwmlplkprltgxgibt
bgmpjrfjseejrnbatvvf
bhmkqlwhqnghlvlzg
bjhqyolvdyjgvukmpeumn
bkldmticaia
bkurehr
bmggiaadjprpsoxwhvqgip
brkkskbixngyuiisyqchwpqshlbw
brkmzpyaawzrfw
bubcjuxflntfweodqj
buxjpjdgijyohw
bxaevlglng
bysrt
bzyomzwsxvdu
cahqxkmuubjcbclc
ccada
ccwtgpofnaolxzrnqiwhv
cdccmodlqjqgwjof
cgibhkp
cgmmvedewdmfnqwcuqdsc
cgnwmoyedhovgnobrgtldc
cjfhdrttst
ckjqtebic
cknqy
cnvasajvpwwtzuysrxawdpwmdzwpa
coabmiuyyyuyoonfwhqqwzmadd
coskrxixldixdwmdwe
coytx
cpcj
cpypckqchbddzwrxbzmqrlxv
crcegrcgkijftcuzexphk
cruvy
crvirnwfuhdbexbznjxhzinjboqv
csonunranqtzcadvtesdvrdprozpr
cupgsfqkcjzlykgujpzkiccfmh
cyfdxkmtuhe
dhjncwuviyipxhzcj
dljrnglnvztf
dnd
dogvsalzl
dpibhikzvnjrhjhgbivpwssl
dpudbppenjc
dqhbktrgammnmkgtumaitrxwc
dsgmrimuywfxiupjgjltjylgoctmj
duueufhnvqkfjulqrqifexlery
dvkaufn
dxafedkbdgefsovbklyisboed
dxzegwlandwhoizlwnnh
dydtdxngdercn
dzb
dzxwjztxcdbjfleqtsr
eapr
ecppzdheygfpyffnvepgzkcdukmyf
egfivdrcygurqdredakub
egqesekmjcnrlpbsdwxnxabrlla
egv
ehkpwqs
ehpnhkycpmjtgludhrb
empipyljotmf
enmbwrjxa
enmsdpakeearmhlffbpns
enpnuzhchijxnwsirwkcfhtoly
eojk
eonahyl
eosdntiscyzkenfyvcstuiftqhxcks
epqdmvcrmdk
etlppeirrwzghmk
euakabv
eujhrwntwpr
ewe
ewelkmnaosiifkstlft
exko
ezuijoqmiixv
fajfrmxothowkbjzwu
fczzzbfkq
fdjepeijjowgtxpmhgbtlwomajlsp
fedgaufchgkgxa
ffhfyeypdpy
fhjeuynllr
fjjfytkxlbnvmdwsy
fkkuj
flceoniyvqvurdiaqmsrtfgwtp
fo
fquiimkvgjtnejkyopocvg
frkmypkblamanarhl
fssd
ftvjyyzh
fu
fuer
fvdmjyjno
fzwdbqrnehhbpqkqexowyrvhlsuq
gaxhosjgxztetgycgbcj
gbccvdevhgcppmsjccgrftczjwfjc
gdhzbbqzhcuifvwaczwfeme
gdnlvhcyo
gezlixixnvxbzrxcwdhg
ggbj
ggtvbmajmxfdmwqewsatkjidrqyfy
ginpmxmwzzcwvvximumqvniibrn
gkjelrlpax
gnw
gonwvwlmvpdmjwnn
gqhtczgab
gspflh
gtaejdxnksieqzpfspn
gvdzggcxmlazzugkuoeviu
gvvkysxgbn
gwklxxqqzqtiwjcmnuvhpiei
gxpeyanfetcukepzshkljugggekjdq
gxthkfirr
gxxxqxevivctjvcrswdsuxlzhb
gyansasfa
gybuzotxwx
gykwtbesxkvpbflmhtzylji
gysggxdorkvmvqex
hbsudvv
hcwqahgnrzkpjwnenwzm
hdfzblxyyd
hdnpcsctzkdernnonxih
hgpln
hjqskjawyq
hlajtyqrffhmmiihfmh
hmspilmbqtozu
hnhzvhicluhjumorbyxbdnfxraq
hpuxijubngdgz
hqghumeaylnl
hxaiuvaakruvdnmu
hyhloxnwueeosi
iamghph
icntdpsbpbytrgzebuqryzwo
ieriuecfpnccmyfgjgsow
igmlkme
iin
ikzaaeywxqzhelvcttlcrtahrjkj
ilmgqaqlxfimfdzxxaywmvykpwxl
iodqlnoojg
irxeuvsshyzljuzkqghjnidlukdcf
isgwdzsmdczko
isisactabnjvsnuykoinlvfa
iuehuwymtxdrnk
ivkeozadqrygpsyax
jateuehgvtfgxgqlnow
jccvhhrjvbjts
jcolnqnbubjkbydbhzdsjtoq
jcufyzeksvsuvahimriazt
jdnsqeafgzflik
jenpevqgxiepjsrdzj
jhyihgiwgcceiw
jikcmduclaaioissi
jng
jpdcdplftiqrzmnuvesxxkseg
jpqyrzzlvaqzyorpthpb
jrkqawcxglyosdixini
jtiljxvhjqtutdogjcgmg
jtnna
jtrxh
jtxtcmdsmsjejjicpzla
jwaogdifnmuboupxxgttdg
jwwigqlsgac
jxyaaykqrxycrxuw
jyjtkhuxuifulnuql
jyklecascnjqyiragf
jysdxmaufloiyzv
kazsflxephdalafclmigyadrbut
kdgoe
keewfwgldppvytnevabzlqsevru
kfztdmepvmuskmqqkwoqvlhmgml
kgwgtocblxjeccgqhbczibhqufq
kihdsgkjdcismrtosglhnnq
kixjwzztdjpqsuowkvfccock
kiybci
kjlzzqtsjfaeedfuuj
knavupkbopptf
koovimihzjmtxozu
krxgthkkwwpkqbbwwxvdaknjxetv
kshgoezyzmca
ktzdlyqdwztchbuslz
kucoaxrydfti
kuxqmpyojvrvzlufdtivfw
kvcovwdhg
kxsjxjwaqoaqregnvgabv
kyhwjckizrvbvijhiuevuhqoaflqfm
kyrbgj
kzahlrxdnuszjsvhrregegdnbjkv
kzpbwctrbxxdihf
laxpbnsxemvljxhqcbo
lbjzggrerijx
lcfgaboqicmukiyfuutggjm
lcoothbznfqpfwzpgopvcdmlpvt
ld
ldvrxlonvkxzecxepkmzzgxluahmj
leejqdfpgfwvacgtxyqqiqqyd
levgevybxemlwakbokoxlhbqx
lfydjagcmujz
lgqc
lgyglmvlyqxixipvwoq
likga
lineiytymrj
ljnitbi
ljnufeohuxpho
lmcrfipqqbpbf
lmmgjqavq
lqgpwjpltjfrqcocqxylut
lqvgagfhhfcebr
lrcgsqh
lts
lukkbheyhagcxysqselzvp
lvhqhrmbftgvxs
lzbgi
mafrrourowzsysgcrwtswn
meclsshvkmywjxeshoihmlgvxiljv
mehzdwblprfu
mgrxjdxzqfplwsoqpeiwfihyvk
mifdkpyggtedvqdlt
mlhpsbomoyevwfuofkruxnyniirjm
mlzsm
mmrirr
mnzrslrdexup
monkuyznprslckhltssprhocndphq
msgufjiwlcfywxteyyqd
msnsnqivmvubcwtfsrqtmkne
mtoejxzwcjxuijpsfbaxzakoptpahc
mvmscqi
mxomrvzpjketdatznpfiebp
myv
mzznurpsbhnihejeidl
nbhvsejmvyeb
nchigmtfb
nctwzsmibefqougxqyds
neeqaa
nfebbokrilbcery
ngyjvvwtabktybjrkxm
niq
njo
nlpyqkxuverkqaln
nlzpfoybwdganq
nmmcbvczsivio
nmuuuaqspnzzoaqwtfv
nnsyfrieqgrnouxtbpevdavabhejhg
nqizawvcuecloakxcnnsbogiuqczf
nqll
nqwtoteigeokdfwfqcbylq
nrmogezevkmcwpn
nrzaqeewkusbkaijkwdqgparod
nslmgustkimwagnvhilraq
nsn
nstuixndwl
ntmlqylkmnjgcrbioyhdob
nzkmhrioyegwhizckyxhvdohkd
odcjmpgehnwthdxknqutgmknbkv
odgfpqxpyprhsgsnivtvyfkmiywcy
odlz
oejobuosjqbry
oeudiaiurxiz
ofvrjiowikgbchzlphymnyfugicc
ogpkmtdlvxrvljsupqiuefburedxu
oh
oibvdevrezuah
olvrczwdewoe
omflnozocgcwkwidmvochzffthrnk
ooveibt
opii
opyvcjlnehhqg
oqwbya
oycnhofisjnnnxwnuukkhgvwl
ozeankpwknnlokyscfffponpusy
pfclaswlfkn
pgncmqbxb
pifhcdzkdizjgwinprlogjxtiejri
pngicykkews
pnwauzcwftkmfesduhcfjsrtcqijh
poqtobqxpaofdmtxhvbbvxnng
porxqwqf
pqhqmakaakxs
pszznopfgaxzgfltlsxbtu
puhjodnpttkmd
pukpmdbdjwsksblepefqlmcdqwdj
punugeajdgzsjewsqrmjzssbx
pvezzhsbnavcvdwkzqasvl
pvnztxyqlupcylvtuetegkprhkb
pwfocculvvluc
pxaxtzgyqwg
pxgfuajul
pzggzvjseyikikzoqhzyuzzvdshkg
qbgvxybanexnwr
qcae
qckqihwvctxaxxexlgibo
qcrqbpphjfmjtsdvuhlgylfhd
qdqiauapwkczxrxopeneux
qegzqafqvqepwnprqibemru
qfdftgmopsrgpugxtuhlcvspi
qhqgxatpxwldsxufannebavspetvuc
qhqvaxxeqwu
qjbjsygen
qjbzkqfjjhwecxfcoeskfk
qjpab
qksbhpn
qktnsfglvomnmvp
qlrbwkykgnwvlbngb
qm
qocbeczkezylolqem
qpjtulnygyiorzvmps
qpsouubcpyfikgqtufvqqe
qpvlhxeeocmerjmziudtsqqoz
qqmuvvjneptwbwdoxkq
qsnwodezxbvgbwhjkfuwq
qugddxqyysrfcqatq
qupqtomolcbwlhobszmwhmclekitsi
qvkacqsyqxp
qwqwvbzjvrlpuyx
qyovqajlitbitvqtpncmkvzskk
qypchhgfmizrcklyhbpjjzrrugofl
qyx
qzarfziqfhmjg
rgvtzcdvsfdvhpvsnlcw
rjpfhuiynhha
rjyiaampmdwlxamxe
rk
rlnlyjotqqpyjmbyiqtvvfsicaa
roikdevlqmrszvsscpwjdtan
roxyajliulensxvqljuniivaog
rpcemvmdvyblyrfynfysazmqdljxj
rpwwubyjxn
rqecdgtkyngkysh
rrhehsresfczwa
rsdkqbvapl
rsgapjklmfbiz
rsoczavcwtwdcfkyrwawprdpvajshg
rtysge
rvrijxhes
rxtsuqolexzefczgyyqdnciljazx
sbctkgnthczyhrcxouexiuqeuyrcu
sbqaofzcmauqwohbznlqztiavapzkd
scubzlw
sdfohobaxvgmf
se
sfqgbtbfgoazhnpscoln
sfwrbuvdunvdxvytfokqqkgpkmssvq
smkgfdqjzdxpa
spcfmsyhdxfwkvhfjabpjcqyvkmhyk
ssjk
stxtebampfymxkyxiw
svnxufefueolcp
tahiayxsljonybsenw
tbvyazu
tgavryg
tjhyezky
tjsbiavexuurspat
tkqcexrnnxskywnd
tkvzcgkmijoohmzicndfudzgrvof
tmbsrg
toljjbdhfthl
tolxglqtlmcjvrqlohvz
tpapwqqcilugglcuvqsfxjfctkvbu
tqrketseccfoc
trrssovoxhomddsl
ts
ttulvzkjacfbxyuuebsklvyt
ttuxkol
tuonngfpadqvvdiitja
tvkxipei
tvquitivyh
twiqfmld
twppudmvxwntptsoeohzbtor
twrlzkcsqphmsfyiyx
txdonpeashnr
txzxfyz
typlznfqgopquyfzdbncbm
uagqngkmnnudpwiyviltmmkgjbh
ubleaqeutqmqgpyvb
ubocsuze
udwdfzlktbqdxgyyiudsjvezkme
uhj
uhtainkebbvzhtqbkdbmv
uihosw
uipxarrbphnzwkbclgbvo
ujreqhwjgzhywtoslbxwozopccjbzo
ulrhqydptecbsfqdjjpxkihlo
umepneijthhihdzhddcicew
uq
uqj
urzhmfffsrc
usmyzllrbtfllqodkvtqidqn
ustfvambekskxjbou
utsjnbzm
uvnpppsuacbazuxmhecth
uxuiaxucflgafxqv
uyqxiyxxptpcwdoziqxfugn
uzutobuozvgapjnyj
vbxyuvg
vfekxqhsqcueohwpudvukjav
vhlxgubxtwomqqotd
vibjqsjcrbplnd
vicykdzhamx
vittjmjdfafdcxt
vnnvxvaa
vp
vpuixwqtssjhuwmtrtuj
vqbiczoxdej
vrjcdbrujxcmqu
vrnnmzxlbofdgrqrqcfapkyfh
vsdoeiucvuctitpmrqfzb
vtvvpdudlfmumsdngistgjojub
vtzsctxgritrgeaa
vwrtzlnqpzag
vzmndreanwqxcdlpsivbrbayuuwgul
wbfnmhccfhstxn
wbqqpvxxrmvp
wcim
wdehfkruqbyvecmpesromdxllub
wdqsduijqoeaapvzoucfhcxtngr
wfhlmwumclzystoxjrsoqfwluehqfr
wg
wgbavr
wisjckrouqyzqdzvnouqkpguujsqq
wmwuhndzvjmjsdjhqionbuex
wpajerrckbxhvokayem
wqcjyzmrcqmvmktorsauzagy
wtbrecuykabfcvkdzeztoidukuhjz
wtorckqaxsr
wtwkkxlcbhqkvcswjebkrjl
wuxwhmsncbxcoks
wuyaqbrszr
wwbsqfcihubsjollmsqsghmcphels
wwvmlqtzzrbuoiwqqypfiiyz
wzckefkgfyehykyzothiamwoglbwjt
xgcjwlg
xgipxlsnzilzj
xglzvepoiqtjfzinogkvvxmbfnhcy
xhgosbzzflvcetxcqthiqb
xkoyxagwnilygiyjhisedol
xnkiatk
xoigyrtuvmagsqdyzcfiznm
xqfqsrzbfnjkfig
xreriaqaokbshwcfc
xrujavvbtijxtwqdwjjnehyy
xsjnjjrsjwjbku
xsufahyyayzkhuhjrjsvoqhtyd
xxqrgqcfhknxf
xzaagptqwdbjhrlta
ybdyruxhjasgxmkj
yjvmxdmhasgvrcvihsydthtkbwb
yk
yllcrzjelw
ymklpxfwzlalqfclqqwexmpcmcyc
yosjteqxwevvtshbqdvv
ypafwcysayb
ypij
yqkct
yrhjhyjmlfrxqiwsxzudremwsmr
yrqqnbu
yucclqzcxtawhxkhalp
yupjdflnvhrovxrnk
yvlga
ywddotkqsojpesjtml
yxwpnmvcsfewwafidzbyw
zbltinmzbkjy
zbsccmxmkctlsgy
ze
zesvhsdn
zhjpfswwbolzummwrhylyjlbu
zhzdfwdsvwyxghqilwncnkijcapb
zjajvzxkxysnkqezxbflakczr
zjbbllfhnhecbjsntzzioxauwzk
zmbintattnhodtonpyz
zmjgbnwbjfxdoa
zmtf
znpprqiswbdhoyncsaetlgbfvi
znzrgdkk
zoi
zpkojogfoyxfiavygpsvqtbclk
zqawqrdrmr
zqfwvaxvekxz
zsthuwjehspeoqxqgzfuzmgtjuyqs
zt
zx
zyqqeobajcocznvyiwkdqgfyx
zzj
