4395
2709
3873
2636
9174
8175
1888
7393
2091
9780
8601
5476
7701
7001
1625
7794
4224
3520
4867
625
9201
5961
9809
4300
1161
2860
3601
7401
3625
9609
1028
5001
985
9374
4100
9625
2625
50
9789
4976
4001
5776
8641
8578
8300
6305
5319
4925
3326
6996
6801
8465
2886
6553
8176
7466
6230
5920
4760
3201
8925
4000
8320
4989
476
9921
2976
5667
4824
8125
5785
8153
9625
5625
6416
8350
3876
3312
7345
2209
4500
881
4451
5625
5326
241
9164
7361
8609
3535
9145
5256
681
48
1735
321
1924
9771
2686
2265
