4736
2160
6905
5776
6904
2396
4721
1394
9135
5625
4800
7470
2499
3409
3392
4691
411
7527
1694
9962
7954
2018
9718
625
7625
5220
1348
5711
2981
6600
2702
5729
4308
1564
4320
8548
9425
7601
1961
8124
1824
300
6636
8205
193
7751
4374
4516
7460
6225
800
721
0
4852
8681
1233
3193
5080
7140
7311
8195
5036
6825
6401
8322
6000
604
7680
9356
1193
625
3761
7299
300
2025
2686
1683
1428
4832
5905
1763
7823
652
1983
3601
3456
1714
5905
1349
5281
5627
9775
3210
7121
625
8401
8651
2576
9330
4416
