7114
5734
5968
3825
9116
3192
3225
2653
8460
3520
8355
5625
8185
3376
6036
6038
3514
1889
3404
4756
7190
5376
8225
5745
5228
9008
7462
9920
7673
8434
7921
7179
625
8361
7519
3301
5169
4319
5581
690
6481
778
0
4386
5625
2660
6023
9681
8656
9276
5281
2875
6700
7941
3320
6903
1776
7841
2047
3476
4241
5364
6081
7837
7648
3126
276
6049
8281
195
190
516
4401
9760
8609
8005
2689
8297
625
841
6001
9995
7468
4730
1025
2676
9024
3376
7545
1995
65
9330
9376
7641
7600
401
5625
3504
4865
6060
