9625
7416
8596
1950
6000
2304
1395
8700
660
4064
9170
1241
5076
7850
720
5107
9500
6825
7985
5025
8322
3764
6775
1021
5975
8966
8509
8841
2499
1281
4863
3900
370
9905
1161
9625
7637
7676
8360
1784
7600
0
9136
2601
9027
1840
6560
4500
2100
7892
9476
7055
2740
1676
4809
8009
8580
7625
2156
3616
25
5960
3025
1081
8001
3625
9360
1081
1801
8625
2396
1376
4841
3329
5025
725
880
1561
7161
2650
1500
2260
2676
1305
4478
9067
9995
253
2825
6262
6930
6300
1115
5465
9385
2455
6149
7460
4642
4740
