8825
2374
5921
9536
9920
5036
2474
5281
5025
7225
7929
4333
1321
4089
4465
276
3776
2056
4178
6980
196
3825
7460
6709
2673
5113
2204
4505
801
1611
8393
4720
7461
5092
800
2495
2576
8570
6513
5953
1500
7241
2580
495
669
256
7561
9998
1601
4815
1425
6302
1404
1385
1090
9625
6961
9104
5881
1633
8709
471
0
249
660
7625
63
2049
3955
5780
2401
5525
4650
225
8676
4801
0
8576
9589
3449
1196
8089
2600
4231
500
630
6500
4480
7520
9600
6800
8929
5001
5358
424
3265
3408
8032
9461
2976
