4775
6524
8601
176
3006
6513
8600
6121
4665
3925
2505
625
8944
1584
2089
9047
3992
3235
7160
9601
1648
5035
2236
9370
6001
4873
1329
500
6580
422
7425
8825
1516
517
9249
2939
761
2749
1625
1225
2934
3769
8873
2676
8981
6200
5161
7689
8625
3001
9775
6241
7500
9584
9624
2506
6000
7009
9825
7779
9851
1820
7500
750
0
8913
2649
2096
7876
72
0
4551
9625
5105
7809
3273
5297
8000
2399
5994
4574
0
5865
1073
4425
9845
6948
5841
2435
6937
4469
304
4156
5325
6302
1329
8224
8076
6710
7661
