7737
4769
310
7041
9625
1200
2625
7071
7476
7171
7601
5733
6091
1956
3376
4356
4416
1745
5564
6034
7409
9468
9625
7086
9564
5081
9036
3348
50
2591
8095
4265
8779
761
7519
3001
5625
4822
625
8845
1100
8502
3280
4690
680
4201
6980
7009
7160
6552
2300
3561
3780
1585
9481
2705
65
5840
7316
4016
9679
6696
6809
2821
7629
3374
8834
6796
1513
7513
816
2625
9876
5225
350
6000
7949
1481
675
6625
1268
1173
1091
5625
1127
8580
7250
8775
165
3536
4201
8400
6513
4844
9276
1100
2540
7963
7226
4475
