148314841485148614871488148914901491149214931494149514961497149814991500150115021503150415051506150715081509151015111512151315141515151615171518151915201521
148213331334133513361337133813391340134113421343134413451346134713481349135013511352135313541355135613571358135913601361136213631364136513661367136813691370
148113321191119211931194119511961197119811991200120112021203120412051206120712081209121012111212121312141215121612171218121912201221122212231224122512261371
148013311190105710581059106010611062106310641065106610671068106910701071107210731074107510761077107810791080108110821083108410851086108710881089109012271372
1479133011891056931932933934935936937938939940941942943944945946947948949950951952953954955956957958959960961962109112281373
1478132911881055930813814815816817818819820821822823824825826827828829830831832833834835836837838839840841842963109212291374
1477132811871054929812703704705706707708709710711712713714715716717718719720721722723724725726727728729730843964109312301375
1476132711861053928811702601602603604605606607608609610611612613614615616617618619620621622623624625626731844965109412311376
1475132611851052927810701600507508509510511512513514515516517518519520521522523524525526527528529530627732845966109512321377
1474132511841051926809700599506421422423424425426427428429430431432433434435436437438439440441442531628733846967109612331378
1473132411831050925808699598505420343344345346347348349350351352353354355356357358359360361362443532629734847968109712341379
1472132311821049924807698597504419342273274275276277278279280281282283284285286287288289290363444533630735848969109812351380
1471132211811048923806697596503418341272211212213214215216217218219220221222223224225226291364445534631736849970109912361381
1470132111801047922805696595502417340271210157158159160161162163164165166167168169170227292365446535632737850971110012371382
1469132011791046921804695594501416339270209156111112113114115116117118119120121122171228293366447536633738851972110112381383
1468131911781045920803694593500415338269208155110 73 74 75 76 77 78 79 80 81 82123172229294367448537634739852973110212391384
1467131811771044919802693592499414337268207154109 72 43 44 45 46 47 48 49 50 83124173230295368449538635740853974110312401385
1466131711761043918801692591498413336267206153108 71 42 21 22 23 24 25 26 51 84125174231296369450539636741854975110412411386
1465131611751042917800691590497412335266205152107 70 41 20  7  8  9 10 27 52 85126175232297370451540637742855976110512421387
1464131511741041916799690589496411334265204151106 69 40 19  6  1  2 11 28 53 86127176233298371452541638743856977110612431388
1463131411731040915798689588495410333264203150105 68 39 18  5  4  3 12 29 54 87128177234299372453542639744857978110712441389
1462131311721039914797688587494409332263202149104 67 38 17 16 15 14 13 30 55 88129178235300373454543640745858979110812451390
1461131211711038913796687586493408331262201148103 66 37 36 35 34 33 32 31 56 89130179236301374455544641746859980110912461391
1460131111701037912795686585492407330261200147102 65 64 63 62 61 60 59 58 57 90131180237302375456545642747860981111012471392
1459131011691036911794685584491406329260199146101100 99 98 97 96 95 94 93 92 91132181238303376457546643748861982111112481393
1458130911681035910793684583490405328259198145144143142141140139138137136135134133182239304377458547644749862983111212491394
1457130811671034909792683582489404327258197196195194193192191190189188187186185184183240305378459548645750863984111312501395
1456130711661033908791682581488403326257256255254253252251250249248247246245244243242241306379460549646751864985111412511396
1455130611651032907790681580487402325324323322321320319318317316315314313312311310309308307380461550647752865986111512521397
1454130511641031906789680579486401400399398397396395394393392391390389388387386385384383382381462551648753866987111612531398
1453130411631030905788679578485484483482481480479478477476475474473472471470469468467466465464463552649754867988111712541399
1452130311621029904787678577576575574573572571570569568567566565564563562561560559558557556555554553650755868989111812551400
1451130211611028903786677676675674673672671670669668667666665664663662661660659658657656655654653652651756869990111912561401
1450130111601027902785784783782781780779778777776775774773772771770769768767766765764763762761760759758757870991112012571402
1449130011591026901900899898897896895894893892891890889888887886885884883882881880879878877876875874873872871992112112581403
14481299115810251024102310221021102010191018101710161015101410131012101110101009100810071006100510041003100210011000999998997996995994993112212591404
144712981157115611551154115311521151115011491148114711461145114411431142114111401139113811371136113511341133113211311130112911281127112611251124112312601405
144612971296129512941293129212911290128912881287128612851284128312821281128012791278127712761275127412731272127112701269126812671266126512641263126212611406
144514441443144214411440143914381437143614351434143314321431143014291428142714261425142414231422142114201419141814171416141514141413141214111410140914081407
-25179
