23532354235523562357235823592360236123622363236423652366236723682369237023712372237323742375237623772378237923802381238223832384238523862387238823892390239123922393239423952396239723982399240024012402
23522163216421652166216721682169217021712172217321742175217621772178217921802181218221832184218521862187218821892190219121922193219421952196219721982199220022012202220322042205220622072208220922102403
23512162198119821983198419851986198719881989199019911992199319941995199619971998199920002001200220032004200520062007200820092010201120122013201420152016201720182019202020212022202320242025202622112404
23502161198018071808180918101811181218131814181518161817181818191820182118221823182418251826182718281829183018311832183318341835183618371838183918401841184218431844184518461847184818491850202722122405
23492160197918061641164216431644164516461647164816491650165116521653165416551656165716581659166016611662166316641665166616671668166916701671167216731674167516761677167816791680168116821851202822132406
23482159197818051640148314841485148614871488148914901491149214931494149514961497149814991500150115021503150415051506150715081509151015111512151315141515151615171518151915201521152216831852202922142407
23472158197718041639148213331334133513361337133813391340134113421343134413451346134713481349135013511352135313541355135613571358135913601361136213631364136513661367136813691370152316841853203022152408
23462157197618031638148113321191119211931194119511961197119811991200120112021203120412051206120712081209121012111212121312141215121612171218121912201221122212231224122512261371152416851854203122162409
23452156197518021637148013311190105710581059106010611062106310641065106610671068106910701071107210731074107510761077107810791080108110821083108410851086108710881089109012271372152516861855203222172410
234421551974180116361479133011891056931932933934935936937938939940941942943944945946947948949950951952953954955956957958959960961962109112281373152616871856203322182411
234321541973180016351478132911881055930813814815816817818819820821822823824825826827828829830831832833834835836837838839840841842963109212291374152716881857203422192412
234221531972179916341477132811871054929812703704705706707708709710711712713714715716717718719720721722723724725726727728729730843964109312301375152816891858203522202413
234121521971179816331476132711861053928811702601602603604605606607608609610611612613614615616617618619620621622623624625626731844965109412311376152916901859203622212414
234021511970179716321475132611851052927810701600507508509510511512513514515516517518519520521522523524525526527528529530627732845966109512321377153016911860203722222415
233921501969179616311474132511841051926809700599506421422423424425426427428429430431432433434435436437438439440441442531628733846967109612331378153116921861203822232416
233821491968179516301473132411831050925808699598505420343344345346347348349350351352353354355356357358359360361362443532629734847968109712341379153216931862203922242417
233721481967179416291472132311821049924807698597504419342273274275276277278279280281282283284285286287288289290363444533630735848969109812351380153316941863204022252418
233621471966179316281471132211811048923806697596503418341272211212213214215216217218219220221222223224225226291364445534631736849970109912361381153416951864204122262419
233521461965179216271470132111801047922805696595502417340271210157158159160161162163164165166167168169170227292365446535632737850971110012371382153516961865204222272420
233421451964179116261469132011791046921804695594501416339270209156111112113114115116117118119120121122171228293366447536633738851972110112381383153616971866204322282421
233321441963179016251468131911781045920803694593500415338269208155110 73 74 75 76 77 78 79 80 81 82123172229294367448537634739852973110212391384153716981867204422292422
233221431962178916241467131811771044919802693592499414337268207154109 72 43 44 45 46 47 48 49 50 83124173230295368449538635740853974110312401385153816991868204522302423
233121421961178816231466131711761043918801692591498413336267206153108 71 42 21 22 23 24 25 26 51 84125174231296369450539636741854975110412411386153917001869204622312424
233021411960178716221465131611751042917800691590497412335266205152107 70 41 20  7  8  9 10 27 52 85126175232297370451540637742855976110512421387154017011870204722322425
232921401959178616211464131511741041916799690589496411334265204151106 69 40 19  6  1  2 11 28 53 86127176233298371452541638743856977110612431388154117021871204822332426
232821391958178516201463131411731040915798689588495410333264203150105 68 39 18  5  4  3 12 29 54 87128177234299372453542639744857978110712441389154217031872204922342427
232721381957178416191462131311721039914797688587494409332263202149104 67 38 17 16 15 14 13 30 55 88129178235300373454543640745858979110812451390154317041873205022352428
232621371956178316181461131211711038913796687586493408331262201148103 66 37 36 35 34 33 32 31 56 89130179236301374455544641746859980110912461391154417051874205122362429
232521361955178216171460131111701037912795686585492407330261200147102 65 64 63 62 61 60 59 58 57 90131180237302375456545642747860981111012471392154517061875205222372430
232421351954178116161459131011691036911794685584491406329260199146101100 99 98 97 96 95 94 93 92 91132181238303376457546643748861982111112481393154617071876205322382431
232321341953178016151458130911681035910793684583490405328259198145144143142141140139138137136135134133182239304377458547644749862983111212491394154717081877205422392432
232221331952177916141457130811671034909792683582489404327258197196195194193192191190189188187186185184183240305378459548645750863984111312501395154817091878205522402433
232121321951177816131456130711661033908791682581488403326257256255254253252251250249248247246245244243242241306379460549646751864985111412511396154917101879205622412434
232021311950177716121455130611651032907790681580487402325324323322321320319318317316315314313312311310309308307380461550647752865986111512521397155017111880205722422435
231921301949177616111454130511641031906789680579486401400399398397396395394393392391390389388387386385384383382381462551648753866987111612531398155117121881205822432436
231821291948177516101453130411631030905788679578485484483482481480479478477476475474473472471470469468467466465464463552649754867988111712541399155217131882205922442437
231721281947177416091452130311621029904787678577576575574573572571570569568567566565564563562561560559558557556555554553650755868989111812551400155317141883206022452438
231621271946177316081451130211611028903786677676675674673672671670669668667666665664663662661660659658657656655654653652651756869990111912561401155417151884206122462439
231521261945177216071450130111601027902785784783782781780779778777776775774773772771770769768767766765764763762761760759758757870991112012571402155517161885206222472440
231421251944177116061449130011591026901900899898897896895894893892891890889888887886885884883882881880879878877876875874873872871992112112581403155617171886206322482441
2313212419431770160514481299115810251024102310221021102010191018101710161015101410131012101110101009100810071006100510041003100210011000999998997996995994993112212591404155717181887206422492442
23122123194217691604144712981157115611551154115311521151115011491148114711461145114411431142114111401139113811371136113511341133113211311130112911281127112611251124112312601405155817191888206522502443
23112122194117681603144612971296129512941293129212911290128912881287128612851284128312821281128012791278127712761275127412731272127112701269126812671266126512641263126212611406155917201889206622512444
23102121194017671602144514441443144214411440143914381437143614351434143314321431143014291428142714261425142414231422142114201419141814171416141514141413141214111410140914081407156017211890206722522445
23092120193917661601160015991598159715961595159415931592159115901589158815871586158515841583158215811580157915781577157615751574157315721571157015691568156715661565156415631562156117221891206822532446
23082119193817651764176317621761176017591758175717561755175417531752175117501749174817471746174517441743174217411740173917381737173617351734173317321731173017291728172717261725172417231892206922542447
23072118193719361935193419331932193119301929192819271926192519241923192219211920191919181917191619151914191319121911191019091908190719061905190419031902190119001899189818971896189518941893207022552448
23062117211621152114211321122111211021092108210721062105210421032102210121002099209820972096209520942093209220912090208920882087208620852084208320822081208020792078207720762075207420732072207122562449
23052304230323022301230022992298229722962295229422932292229122902289228822872286228522842283228222812280227922782277227622752274227322722271227022692268226722662265226422632262226122602259225822572450
25002499249824972496249524942493249224912490248924882487248624852484248324822481248024792478247724762475247424732472247124702469246824672466246524642463246224612460245924582457245624552454245324522451
19114
