OMNMNCKBEY can be formed in 4 ways
ZUVHDCVERQ can be formed in 8 ways
ZZNTPLCZDZ can be formed in 32 ways
YMARTFBMXJ can be formed in 16 ways
RFMUHYBFHL can be formed in 2 ways
YJZKIBSGHL can be formed in 32 ways
FGSQOICTIW can be formed in 8 ways
XLNRGPZIJL can be formed in 48 ways
JVYSRNDRYO can be formed in 4 ways
ZYXYIAKSVX can be formed in 4 ways
UKQYEDBXAI can be formed in 48 ways
GJZQDYYUEZ can be formed in 12 ways
BBXKPNZSBO can be formed in 4 ways
BCXGNRVGIX can be formed in 16 ways
GDCADAJJPA can be formed in 32 ways
USCMKSQGJF can be formed in 32 ways
NRMIORHIVC can be formed in 3 ways
GSILTMIHPQ can be formed in 24 ways
APOOLGGJXN can be formed in 16 ways
QXSBWCGREA can be formed in 4 ways
