15 45 51 54 57 75 105 135 150 153 
156 159 165 195 225 252 255 258 285 315 
345 351 354 357 375 405 435 450 453 456 
459 465 495 501 504 507 510 513 516 519 
522 525 528 531 534 537 540 543 546 549 
552 555 558 561 564 567 570 573 576 579 
582 585 588 591 594 597 615 645 651 654 
657 675 705 735 750 753 756 759 765 795 
825 852 855 858 885 915 945 951 954 957 
975 1005 1035 1050 1053 1056 1059 1065 1095 1125 
1152 1155 1158 1185 1215 1245 1251 1254 1257 1275 
1305 1335 1350 1353 1356 1359 1365 1395 1425 1452 
1455 1458 1485 1500 1503 1506 1509 1512 1515 1518 
1521 1524 1527 1530 1533 1536 1539 1542 1545 1548 
1551 1554 1557 1560 1563 1566 1569 1572 1575 1578 
1581 1584 1587 1590 1593 1596 1599 1605 1635 1650 
1653 1656 1659 1665 1695 1725 1752 1755 1758 1785 
1815 1845 1851 1854 1857 1875 1905 1935 1950 1953 
1956 1959 1965 1995 2025 2052 2055 2058 2085 2115 
2145 2151 2154 2157 2175 2205 2235 2250 2253 2256 
2259 2265 2295 2325 2352 2355 2358 2385 2415 2445 
2451 2454 2457 2475 2502 2505 2508 2511 2514 2517 
2520 2523 2526 2529 2532 2535 2538 2541 2544 2547 
2550 2553 2556 2559 2562 2565 2568 2571 2574 2577 
2580 2583 2586 2589 2592 2595 2598 2625 2652 2655 
2658 2685 2715 2745 2751 2754 2757 2775 2805 2835 
2850 2853 2856 2859 2865 2895 2925 2952 2955 2958 
2985 3015 3045 3051 3054 3057 3075 3105 3135 3150 
3153 3156 3159 3165 3195 3225 3252 3255 3258 3285 
3315 3345 3351 3354 3357 3375 3405 3435 3450 3453 
3456 3459 3465 3495 3501 3504 3507 3510 3513 3516 
3519 3522 3525 3528 3531 3534 3537 3540 3543 3546 
3549 3552 3555 3558 3561 3564 3567 3570 3573 3576 
3579 3582 3585 3588 3591 3594 3597 3615 3645 3651 
3654 3657 3675 3705 3735 3750 3753 3756 3759 3765 
3795 3825 3852 3855 3858 3885 3915 3945 3951 3954 
3957 3975 4005 4035 4050 4053 4056 4059 4065 4095 
4125 4152 4155 4158 4185 4215 4245 4251 4254 4257 
4275 4305 4335 4350 4353 4356 4359 4365 4395 4425 
4452 4455 4458 4485 4500 4503 4506 4509 4512 4515 
4518 4521 4524 4527 4530 4533 4536 4539 4542 4545 
4548 4551 4554 4557 4560 4563 4566 4569 4572 4575 
4578 4581 4584 4587 4590 4593 4596 4599 4605 4635 
4650 4653 4656 4659 4665 4695 4725 4752 4755 4758 
4785 4815 4845 4851 4854 4857 4875 4905 4935 4950 
4953 4956 4959 4965 4995 5001 5004 5007 5010 5013 
5016 5019 5022 5025 5028 5031 5034 5037 5040 5043 
5046 5049 5052 5055 5058 5061 5064 5067 5070 5073 
5076 5079 5082 5085 5088 5091 5094 5097 5100 5103 
5106 5109 5112 5115 5118 5121 5124 5127 5130 5133 
5136 5139 5142 5145 5148 5151 5154 5157 5160 5163 
5166 5169 5172 5175 5178 5181 5184 5187 5190 5193 
5196 5199 5202 5205 5208 5211 5214 5217 5220 5223 
5226 5229 5232 5235 5238 5241 5244 5247 5250 5253 
5256 5259 5262 5265 5268 5271 5274 5277 5280 5283 
5286 5289 5292 5295 5298 5301 5304 5307 5310 5313 
5316 5319 5322 5325 5328 5331 5334 5337 5340 5343 
5346 5349 5352 5355 5358 5361 5364 5367 5370 5373 
5376 5379 5382 5385 5388 5391 5394 5397 5400 5403 
5406 5409 5412 5415 5418 5421 5424 5427 5430 5433 
5436 5439 5442 5445 5448 5451 5454 5457 5460 5463 
5466 5469 5472 5475 5478 5481 5484 5487 5490 5493 
5496 5499 5502 5505 5508 5511 5514 5517 5520 5523 
5526 5529 5532 5535 5538 5541 5544 5547 5550 5553 
5556 5559 5562 5565 5568 5571 5574 5577 5580 5583 
5586 5589 5592 5595 5598 5601 5604 5607 5610 5613 
5616 5619 5622 5625 5628 5631 5634 5637 5640 5643 
5646 5649 5652 5655 5658 5661 5664 5667 5670 5673 
5676 5679 5682 5685 5688 5691 5694 5697 5700 5703 
5706 5709 5712 5715 5718 5721 5724 5727 5730 5733 
5736 5739 5742 5745 5748 5751 5754 5757 5760 5763 
5766 5769 5772 5775 5778 5781 5784 5787 5790 5793 
5796 5799 5802 5805 5808 5811 5814 5817 5820 5823 
5826 5829 5832 5835 5838 5841 5844 5847 5850 5853 
5856 5859 5862 5865 5868 5871 5874 5877 5880 5883 
5886 5889 5892 5895 5898 5901 5904 5907 5910 5913 
5916 5919 5922 5925 5928 5931 5934 5937 5940 5943 
5946 5949 5952 5955 5958 5961 5964 5967 5970 5973 
5976 5979 5982 5985 5988 5991 5994 5997 6015 6045 
6051 6054 6057 6075 6105 6135 6150 6153 6156 6159 
6165 6195 6225 6252 6255 6258 6285 6315 6345 6351 
6354 6357 6375 6405 6435 6450 6453 6456 6459 6465 
6495 6501 6504 6507 6510 6513 6516 6519 6522 6525 
6528 6531 6534 6537 6540 6543 6546 6549 6552 6555 
6558 6561 6564 6567 6570 6573 6576 6579 6582 6585 
6588 6591 6594 6597 6615 6645 6651 6654 6657 6675 
6705 6735 6750 6753 6756 6759 6765 6795 6825 6852 
6855 6858 6885 6915 6945 6951 6954 6957 6975 7005 
7035 7050 7053 7056 7059 7065 7095 7125 7152 7155 
7158 7185 7215 7245 7251 7254 7257 7275 7305 7335 
7350 7353 7356 7359 7365 7395 7425 7452 7455 7458 
7485 7500 7503 7506 7509 7512 7515 7518 7521 7524 
7527 7530 7533 7536 7539 7542 7545 7548 7551 7554 
7557 7560 7563 7566 7569 7572 7575 7578 7581 7584 
7587 7590 7593 7596 7599 7605 7635 7650 7653 7656 
7659 7665 7695 7725 7752 7755 7758 7785 7815 7845 
7851 7854 7857 7875 7905 7935 7950 7953 7956 7959 
7965 7995 8025 8052 8055 8058 8085 8115 8145 8151 
8154 8157 8175 8205 8235 8250 8253 8256 8259 8265 
8295 8325 8352 8355 8358 8385 8415 8445 8451 8454 
8457 8475 8502 8505 8508 8511 8514 8517 8520 8523 
8526 8529 8532 8535 8538 8541 8544 8547 8550 8553 
8556 8559 8562 8565 8568 8571 8574 8577 8580 8583 
8586 8589 8592 8595 8598 8625 8652 8655 8658 8685 
8715 8745 8751 8754 8757 8775 8805 8835 8850 8853 
8856 8859 8865 8895 8925 8952 8955 8958 8985 9015 
9045 9051 9054 9057 9075 9105 9135 9150 9153 9156 
9159 9165 9195 9225 9252 9255 9258 9285 9315 9345 
9351 9354 9357 9375 9405 9435 9450 9453 9456 9459 
9465 9495 9501 9504 9507 9510 9513 9516 9519 9522 
9525 9528 9531 9534 9537 9540 9543 9546 9549 9552 
9555 9558 9561 9564 9567 9570 9573 9576 9579 9582 
9585 9588 9591 9594 9597 9615 9645 9651 9654 9657 
9675 9705 9735 9750 9753 9756 9759 9765 9795 9825 
9852 9855 9858 9885 9915 9945 9951 9954 9957 9975 
10005 10035 10050 10053 10056 10059 10065 10095 10125 10152 
10155 10158 10185 10215 10245 10251 10254 10257 10275 10305 
10335 10350 10353 10356 10359 10365 10395 10425 10452 10455 
10458 10485 10500 10503 10506 10509 10512 10515 10518 10521 
10524 10527 10530 10533 10536 10539 10542 10545 10548 10551 
10554 10557 10560 10563 10566 10569 10572 10575 10578 10581 
10584 10587 10590 10593 10596 10599 10605 10635 10650 10653 
10656 10659 10665 10695 10725 10752 10755 10758 10785 10815 
10845 10851 10854 10857 10875 10905 10935 10950 10953 10956 
10959 10965 10995 11025 11052 11055 11058 11085 11115 11145 
11151 11154 11157 11175 11205 11235 11250 11253 11256 11259 
11265 11295 11325 11352 11355 11358 11385 11415 11445 11451 
11454 11457 11475 11502 11505 11508 11511 11514 11517 11520 
11523 11526 11529 11532 11535 11538 11541 11544 11547 11550 
11553 11556 11559 11562 11565 11568 11571 11574 11577 11580 
11583 11586 11589 11592 11595 11598 11625 11652 11655 11658 
11685 11715 11745 11751 11754 11757 11775 11805 11835 11850 
11853 11856 11859 11865 11895 11925 11952 11955 11958 11985 
12015 12045 12051 12054 12057 12075 12105 12135 12150 12153 
12156 12159 12165 12195 12225 12252 12255 12258 12285 12315 
12345 12351 12354 12357 12375 12405 12435 12450 12453 12456 
12459 12465 12495 12501 12504 12507 12510 12513 12516 12519 
12522 12525 12528 12531 12534 12537 12540 12543 12546 12549 
12552 12555 12558 12561 12564 12567 12570 12573 12576 12579 
12582 12585 12588 12591 12594 12597 12615 12645 12651 12654 
12657 12675 12705 12735 12750 12753 12756 12759 12765 12795 
12825 12852 12855 12858 12885 12915 12945 12951 12954 12957 
12975 13005 13035 13050 13053 13056 13059 13065 13095 13125 
13152 13155 13158 13185 13215 13245 13251 13254 13257 13275 
13305 13335 13350 13353 13356 13359 13365 13395 13425 13452 
13455 13458 13485 13500 13503 13506 13509 13512 13515 13518 
13521 13524 13527 13530 13533 13536 13539 13542 13545 13548 
13551 13554 13557 13560 13563 13566 13569 13572 13575 13578 
13581 13584 13587 13590 13593 13596 13599 13605 13635 13650 
13653 13656 13659 13665 13695 13725 13752 13755 13758 13785 
13815 13845 13851 13854 13857 13875 13905 13935 13950 13953 
13956 13959 13965 13995 14025 14052 14055 14058 14085 14115 
14145 14151 14154 14157 14175 14205 14235 14250 14253 14256 
14259 14265 14295 14325 14352 14355 14358 14385 14415 14445 
14451 14454 14457 14475 14502 14505 14508 14511 14514 14517 
14520 14523 14526 14529 14532 14535 14538 14541 14544 14547 
14550 14553 14556 14559 14562 14565 14568 14571 14574 14577 
14580 14583 14586 14589 14592 14595 14598 14625 14652 14655 
14658 14685 14715 14745 14751 14754 14757 14775 14805 14835 
14850 14853 14856 14859 14865 14895 14925 14952 14955 14958 
14985 15000 15003 15006 15009 15012 15015 15018 15021 15024 
15027 15030 15033 15036 15039 15042 15045 15048 15051 15054 
15057 15060 15063 15066 15069 15072 15075 15078 15081 15084 
15087 15090 15093 15096 15099 15102 15105 15108 15111 15114 
15117 15120 15123 15126 15129 15132 15135 15138 15141 15144 
15147 15150 15153 15156 15159 15162 15165 15168 15171 15174 
15177 15180 15183 15186 15189 15192 15195 15198 15201 15204 
15207 15210 15213 15216 15219 15222 15225 15228 15231 15234 
15237 15240 15243 15246 15249 15252 15255 15258 15261 15264 
15267 15270 15273 15276 15279 15282 15285 15288 15291 15294 
15297 15300 15303 15306 15309 15312 15315 15318 15321 15324 
15327 15330 15333 15336 15339 15342 15345 15348 15351 15354 
15357 15360 15363 15366 15369 15372 15375 15378 15381 15384 
15387 15390 15393 15396 15399 15402 15405 15408 15411 15414 
15417 15420 15423 15426 15429 15432 15435 15438 15441 15444 
15447 15450 15453 15456 15459 15462 15465 15468 15471 15474 
15477 15480 15483 15486 15489 15492 15495 15498 15501 15504 
15507 15510 15513 15516 15519 15522 15525 15528 15531 15534 
15537 15540 15543 15546 15549 15552 15555 15558 15561 15564 
15567 15570 15573 15576 15579 15582 15585 15588 15591 15594 
15597 15600 15603 15606 15609 15612 15615 15618 15621 15624 
15627 15630 15633 15636 15639 15642 15645 15648 15651 15654 
15657 15660 15663 15666 15669 15672 15675 15678 15681 15684 
15687 15690 15693 15696 15699 15702 15705 15708 15711 15714 
15717 15720 15723 15726 15729 15732 15735 15738 15741 15744 
15747 15750 15753 15756 15759 15762 15765 15768 15771 15774 
15777 15780 15783 15786 15789 15792 15795 15798 15801 15804 
15807 15810 15813 15816 15819 15822 15825 15828 15831 15834 
15837 15840 15843 15846 15849 15852 15855 15858 15861 15864 
15867 15870 15873 15876 15879 15882 15885 15888 15891 15894 
15897 15900 15903 15906 15909 15912 15915 15918 15921 15924 
15927 15930 15933 15936 15939 15942 15945 15948 15951 15954 
15957 15960 15963 15966 15969 15972 15975 15978 15981 15984 
15987 15990 15993 15996 15999 16005 16035 16050 16053 16056 
16059 16065 16095 16125 16152 16155 16158 16185 16215 16245 
16251 16254 16257 16275 16305 16335 16350 16353 16356 16359 
16365 16395 16425 16452 16455 16458 16485 16500 16503 16506 
16509 16512 16515 16518 16521 16524 16527 16530 16533 16536 
16539 16542 16545 16548 16551 16554 16557 16560 16563 16566 
16569 16572 16575 16578 16581 16584 16587 16590 16593 16596 
16599 16605 16635 16650 16653 16656 16659 16665 16695 16725 
16752 16755 16758 16785 16815 16845 16851 16854 16857 16875 
16905 16935 16950 16953 16956 16959 16965 16995 17025 17052 
17055 17058 17085 17115 17145 17151 17154 17157 17175 17205 
17235 17250 17253 17256 17259 17265 17295 17325 17352 17355 
17358 17385 17415 17445 17451 17454 17457 17475 17502 17505 
17508 17511 17514 17517 17520 17523 17526 17529 17532 17535 
17538 17541 17544 17547 17550 17553 17556 17559 17562 17565 
17568 17571 17574 17577 17580 17583 17586 17589 17592 17595 
17598 17625 17652 17655 17658 17685 17715 17745 17751 17754 
17757 17775 17805 17835 17850 17853 17856 17859 17865 17895 
17925 17952 17955 17958 17985 18015 18045 18051 18054 18057 
18075 18105 18135 18150 18153 18156 18159 18165 18195 18225 
18252 18255 18258 18285 18315 18345 18351 18354 18357 18375 
18405 18435 18450 18453 18456 18459 18465 18495 18501 18504 
18507 18510 18513 18516 18519 18522 18525 18528 18531 18534 
18537 18540 18543 18546 18549 18552 18555 18558 18561 18564 
18567 18570 18573 18576 18579 18582 18585 18588 18591 18594 
18597 18615 18645 18651 18654 18657 18675 18705 18735 18750 
18753 18756 18759 18765 18795 18825 18852 18855 18858 18885 
18915 18945 18951 18954 18957 18975 19005 19035 19050 19053 
19056 19059 19065 19095 19125 19152 19155 19158 19185 19215 
19245 19251 19254 19257 19275 19305 19335 19350 19353 19356 
19359 19365 19395 19425 19452 19455 19458 19485 19500 19503 
19506 19509 19512 19515 19518 19521 19524 19527 19530 19533 
19536 19539 19542 19545 19548 19551 19554 19557 19560 19563 
19566 19569 19572 19575 19578 19581 19584 19587 19590 19593 
19596 19599 19605 19635 19650 19653 19656 19659 19665 19695 
19725 19752 19755 19758 19785 19815 19845 19851 19854 19857 
19875 19905 19935 19950 19953 19956 19959 19965 19995 20025 
20052 20055 20058 20085 20115 20145 20151 20154 20157 20175 
20205 20235 20250 20253 20256 20259 20265 20295 20325 20352 
20355 20358 20385 20415 20445 20451 20454 20457 20475 20502 
20505 20508 20511 20514 20517 20520 20523 20526 20529 20532 
20535 20538 20541 20544 20547 20550 20553 20556 20559 20562 
20565 20568 20571 20574 20577 20580 20583 20586 20589 20592 
20595 20598 20625 20652 20655 20658 20685 20715 20745 20751 
20754 20757 20775 20805 20835 20850 20853 20856 20859 20865 
20895 20925 20952 20955 20958 20985 21015 21045 21051 21054 
21057 21075 21105 21135 21150 21153 21156 21159 21165 21195 
21225 21252 21255 21258 21285 21315 21345 21351 21354 21357 
21375 21405 21435 21450 21453 21456 21459 21465 21495 21501 
21504 21507 21510 21513 21516 21519 21522 21525 21528 21531 
21534 21537 21540 21543 21546 21549 21552 21555 21558 21561 
21564 21567 21570 21573 21576 21579 21582 21585 21588 21591 
21594 21597 21615 21645 21651 21654 21657 21675 21705 21735 
21750 21753 21756 21759 21765 21795 21825 21852 21855 21858 
21885 21915 21945 21951 21954 21957 21975 22005 22035 22050 
22053 22056 22059 22065 22095 22125 22152 22155 22158 22185 
22215 22245 22251 22254 22257 22275 22305 22335 22350 22353 
22356 22359 22365 22395 22425 22452 22455 22458 22485 22500 
22503 22506 22509 22512 22515 22518 22521 22524 22527 22530 
22533 22536 22539 22542 22545 22548 22551 22554 22557 22560 
22563 22566 22569 22572 22575 22578 22581 22584 22587 22590 
22593 22596 22599 22605 22635 22650 22653 22656 22659 22665 
22695 22725 22752 22755 22758 22785 22815 22845 22851 22854 
22857 22875 22905 22935 22950 22953 22956 22959 22965 22995 
23025 23052 23055 23058 23085 23115 23145 23151 23154 23157 
23175 23205 23235 23250 23253 23256 23259 23265 23295 23325 
23352 23355 23358 23385 23415 23445 23451 23454 23457 23475 
23502 23505 23508 23511 23514 23517 23520 23523 23526 23529 
23532 23535 23538 23541 23544 23547 23550 23553 23556 23559 
23562 23565 23568 23571 23574 23577 23580 23583 23586 23589 
23592 23595 23598 23625 23652 23655 23658 23685 23715 23745 
23751 23754 23757 23775 23805 23835 23850 23853 23856 23859 
23865 23895 23925 23952 23955 23958 23985 24015 24045 24051 
24054 24057 24075 24105 24135 24150 24153 24156 24159 24165 
24195 24225 24252 24255 24258 24285 24315 24345 24351 24354 
24357 24375 24405 24435 24450 24453 24456 24459 24465 24495 
24501 24504 24507 24510 24513 24516 24519 24522 24525 24528 
24531 24534 24537 24540 24543 24546 24549 24552 24555 24558 
24561 24564 24567 24570 24573 24576 24579 24582 24585 24588 
24591 24594 24597 24615 24645 24651 24654 24657 24675 24705 
24735 24750 24753 24756 24759 24765 24795 24825 24852 24855 
24858 24885 24915 24945 24951 24954 24957 24975 25002 25005 
25008 25011 25014 25017 25020 25023 25026 25029 25032 25035 
25038 25041 25044 25047 25050 25053 25056 25059 25062 25065 
25068 25071 25074 25077 25080 25083 25086 25089 25092 25095 
25098 25101 25104 25107 25110 25113 25116 25119 25122 25125 
25128 25131 25134 25137 25140 25143 25146 25149 25152 25155 
25158 25161 25164 25167 25170 25173 25176 25179 25182 25185 
25188 25191 25194 25197 25200 25203 25206 25209 25212 25215 
25218 25221 25224 25227 25230 25233 25236 25239 25242 25245 
25248 25251 25254 25257 25260 25263 25266 25269 25272 25275 
25278 25281 25284 25287 25290 25293 25296 25299 25302 25305 
25308 25311 25314 25317 25320 25323 25326 25329 25332 25335 
25338 25341 25344 25347 25350 25353 25356 25359 25362 25365 
25368 25371 25374 25377 25380 25383 25386 25389 25392 25395 
25398 25401 25404 25407 25410 25413 25416 25419 25422 25425 
25428 25431 25434 25437 25440 25443 25446 25449 25452 25455 
25458 25461 25464 25467 25470 25473 25476 25479 25482 25485 
25488 25491 25494 25497 25500 25503 25506 25509 25512 25515 
25518 25521 25524 25527 25530 25533 25536 25539 25542 25545 
25548 25551 25554 25557 25560 25563 25566 25569 25572 25575 
25578 25581 25584 25587 25590 25593 25596 25599 25602 25605 
25608 25611 25614 25617 25620 25623 25626 25629 25632 25635 
25638 25641 25644 25647 25650 25653 25656 25659 25662 25665 
25668 25671 25674 25677 25680 25683 25686 25689 25692 25695 
25698 25701 25704 25707 25710 25713 25716 25719 25722 25725 
25728 25731 25734 25737 25740 25743 25746 25749 25752 25755 
25758 25761 25764 25767 25770 25773 25776 25779 25782 25785 
25788 25791 25794 25797 25800 25803 25806 25809 25812 25815 
25818 25821 25824 25827 25830 25833 25836 25839 25842 25845 
25848 25851 25854 25857 25860 25863 25866 25869 25872 25875 
25878 25881 25884 25887 25890 25893 25896 25899 25902 25905 
25908 25911 25914 25917 25920 25923 25926 25929 25932 25935 
25938 25941 25944 25947 25950 25953 25956 25959 25962 25965 
25968 25971 25974 25977 25980 25983 25986 25989 25992 25995 
25998 26025 26052 26055 26058 26085 26115 26145 26151 26154 
26157 26175 26205 26235 26250 26253 26256 26259 26265 26295 
26325 26352 26355 26358 26385 26415 26445 26451 26454 26457 
26475 26502 26505 26508 26511 26514 26517 26520 26523 26526 
26529 26532 26535 26538 26541 26544 26547 26550 26553 26556 
26559 26562 26565 26568 26571 26574 26577 26580 26583 26586 
26589 26592 26595 26598 26625 26652 26655 26658 26685 26715 
26745 26751 26754 26757 26775 26805 26835 26850 26853 26856 
26859 26865 26895 26925 26952 26955 26958 26985 27015 27045 
27051 27054 27057 27075 27105 27135 27150 27153 27156 27159 
27165 27195 27225 27252 27255 27258 27285 27315 27345 27351 
27354 27357 27375 27405 27435 27450 27453 27456 27459 27465 
27495 27501 27504 27507 27510 27513 27516 27519 27522 27525 
27528 27531 27534 27537 27540 27543 27546 27549 27552 27555 
27558 27561 27564 27567 27570 27573 27576 27579 27582 27585 
27588 27591 27594 27597 27615 27645 27651 27654 27657 27675 
27705 27735 27750 27753 27756 27759 27765 27795 27825 27852 
27855 27858 27885 27915 27945 27951 27954 27957 27975 28005 
28035 28050 28053 28056 28059 28065 28095 28125 28152 28155 
28158 28185 28215 28245 28251 28254 28257 28275 28305 28335 
28350 28353 28356 28359 28365 28395 28425 28452 28455 28458 
28485 28500 28503 28506 28509 28512 28515 28518 28521 28524 
28527 28530 28533 28536 28539 28542 28545 28548 28551 28554 
28557 28560 28563 28566 28569 28572 28575 28578 28581 28584 
28587 28590 28593 28596 28599 28605 28635 28650 28653 28656 
28659 28665 28695 28725 28752 28755 28758 28785 28815 28845 
28851 28854 28857 28875 28905 28935 28950 28953 28956 28959 
28965 28995 29025 29052 29055 29058 29085 29115 29145 29151 
29154 29157 29175 29205 29235 29250 29253 29256 29259 29265 
29295 29325 29352 29355 29358 29385 29415 29445 29451 29454 
29457 29475 29502 29505 29508 29511 29514 29517 29520 29523 
29526 29529 29532 29535 29538 29541 29544 29547 29550 29553 
29556 29559 29562 29565 29568 29571 29574 29577 29580 29583 
29586 29589 29592 29595 29598 29625 29652 29655 29658 29685 
29715 29745 29751 29754 29757 29775 29805 29835 29850 29853 
29856 29859 29865 29895 29925 29952 29955 29958 29985 30015 
30045 30051 30054 30057 30075 30105 30135 30150 30153 30156 
30159 30165 30195 30225 30252 30255 30258 30285 30315 30345 
30351 30354 30357 30375 30405 30435 30450 30453 30456 30459 
30465 30495 30501 30504 30507 30510 30513 30516 30519 30522 
30525 30528 30531 30534 30537 30540 30543 30546 30549 30552 
30555 30558 30561 30564 30567 30570 30573 30576 30579 30582 
30585 30588 30591 30594 30597 30615 30645 30651 30654 30657 
30675 30705 30735 30750 30753 30756 30759 30765 30795 30825 
30852 30855 30858 30885 30915 30945 30951 30954 30957 30975 
31005 31035 31050 31053 31056 31059 31065 31095 31125 31152 
31155 31158 31185 31215 31245 31251 31254 31257 31275 31305 
31335 31350 31353 31356 31359 31365 31395 31425 31452 31455 
31458 31485 31500 31503 31506 31509 31512 31515 31518 31521 
31524 31527 31530 31533 31536 31539 31542 31545 31548 31551 
31554 31557 31560 31563 31566 31569 31572 31575 31578 31581 
31584 31587 31590 31593 31596 31599 31605 31635 31650 31653 
31656 31659 31665 31695 31725 31752 31755 31758 31785 31815 
31845 31851 31854 31857 31875 31905 31935 31950 31953 31956 
31959 31965 31995 32025 32052 32055 32058 32085 32115 32145 
32151 32154 32157 32175 32205 32235 32250 32253 32256 32259 
32265 32295 32325 32352 32355 32358 32385 32415 32445 32451 
32454 32457 32475 32502 32505 32508 32511 32514 32517 32520 
32523 32526 32529 32532 32535 32538 32541 32544 32547 32550 
32553 32556 32559 32562 32565 32568 32571 32574 32577 32580 
32583 32586 32589 32592 32595 32598 32625 32652 32655 32658 
32685 32715 32745 32751 32754 32757 32775 32805 32835 32850 
32853 32856 32859 32865 32895 32925 32952 32955 32958 32985 
33015 33045 33051 33054 33057 33075 33105 33135 33150 33153 
33156 33159 33165 33195 33225 33252 33255 33258 33285 33315 
33345 33351 33354 33357 33375 33405 33435 33450 33453 33456 
33459 33465 33495 33501 33504 33507 33510 33513 33516 33519 
33522 33525 33528 33531 33534 33537 33540 33543 33546 33549 
33552 33555 33558 33561 33564 33567 33570 33573 33576 33579 
33582 33585 33588 33591 33594 33597 33615 33645 33651 33654 
33657 33675 33705 33735 33750 33753 33756 33759 33765 33795 
33825 33852 33855 33858 33885 33915 33945 33951 33954 33957 
33975 34005 34035 34050 34053 34056 34059 34065 34095 34125 
34152 34155 34158 34185 34215 34245 34251 34254 34257 34275 
34305 34335 34350 34353 34356 34359 34365 34395 34425 34452 
34455 34458 34485 34500 34503 34506 34509 34512 34515 34518 
34521 34524 34527 34530 34533 34536 34539 34542 34545 34548 
34551 34554 34557 34560 34563 34566 34569 34572 34575 34578 
34581 34584 34587 34590 34593 34596 34599 34605 34635 34650 
34653 34656 34659 34665 34695 34725 34752 34755 34758 34785 
34815 34845 34851 34854 34857 34875 34905 34935 34950 34953 
34956 34959 34965 34995 35001 35004 35007 35010 35013 35016 
35019 35022 35025 35028 35031 35034 35037 35040 35043 35046 
35049 35052 35055 35058 35061 35064 35067 35070 35073 35076 
35079 35082 35085 35088 35091 35094 35097 35100 35103 35106 
35109 35112 35115 35118 35121 35124 35127 35130 35133 35136 
35139 35142 35145 35148 35151 35154 35157 35160 35163 35166 
35169 35172 35175 35178 35181 35184 35187 35190 35193 35196 
35199 35202 35205 35208 35211 35214 35217 35220 35223 35226 
35229 35232 35235 35238 35241 35244 35247 35250 35253 35256 
35259 35262 35265 35268 35271 35274 35277 35280 35283 35286 
35289 35292 35295 35298 35301 35304 35307 35310 35313 35316 
35319 35322 35325 35328 35331 35334 35337 35340 35343 35346 
35349 35352 35355 35358 35361 35364 35367 35370 35373 35376 
35379 35382 35385 35388 35391 35394 35397 35400 35403 35406 
35409 35412 35415 35418 35421 35424 35427 35430 35433 35436 
35439 35442 35445 35448 35451 35454 35457 35460 35463 35466 
35469 35472 35475 35478 35481 35484 35487 35490 35493 35496 
35499 35502 35505 35508 35511 35514 35517 35520 35523 35526 
35529 35532 35535 35538 35541 35544 35547 35550 35553 35556 
35559 35562 35565 35568 35571 35574 35577 35580 35583 35586 
35589 35592 35595 35598 35601 35604 35607 35610 35613 35616 
35619 35622 35625 35628 35631 35634 35637 35640 35643 35646 
35649 35652 35655 35658 35661 35664 35667 35670 35673 35676 
35679 35682 35685 35688 35691 35694 35697 35700 35703 35706 
35709 35712 35715 35718 35721 35724 35727 35730 35733 35736 
35739 35742 35745 35748 35751 35754 35757 35760 35763 35766 
35769 35772 35775 35778 35781 35784 35787 35790 35793 35796 
35799 35802 35805 35808 35811 35814 35817 35820 35823 35826 
35829 35832 35835 35838 35841 35844 35847 35850 35853 35856 
35859 35862 35865 35868 35871 35874 35877 35880 35883 35886 
35889 35892 35895 35898 35901 35904 35907 35910 35913 35916 
35919 35922 35925 35928 35931 35934 35937 35940 35943 35946 
35949 35952 35955 35958 35961 35964 35967 35970 35973 35976 
35979 35982 35985 35988 35991 35994 35997 36015 36045 36051 
36054 36057 36075 36105 36135 36150 36153 36156 36159 36165 
36195 36225 36252 36255 36258 36285 36315 36345 36351 36354 
36357 36375 36405 36435 36450 36453 36456 36459 36465 36495 
36501 36504 36507 36510 36513 36516 36519 36522 36525 36528 
36531 36534 36537 36540 36543 36546 36549 36552 36555 36558 
36561 36564 36567 36570 36573 36576 36579 36582 36585 36588 
36591 36594 36597 36615 36645 36651 36654 36657 36675 36705 
36735 36750 36753 36756 36759 36765 36795 36825 36852 36855 
36858 36885 36915 36945 36951 36954 36957 36975 37005 37035 
37050 37053 37056 37059 37065 37095 37125 37152 37155 37158 
37185 37215 37245 37251 37254 37257 37275 37305 37335 37350 
37353 37356 37359 37365 37395 37425 37452 37455 37458 37485 
37500 37503 37506 37509 37512 37515 37518 37521 37524 37527 
37530 37533 37536 37539 37542 37545 37548 37551 37554 37557 
37560 37563 37566 37569 37572 37575 37578 37581 37584 37587 
37590 37593 37596 37599 37605 37635 37650 37653 37656 37659 
37665 37695 37725 37752 37755 37758 37785 37815 37845 37851 
37854 37857 37875 37905 37935 37950 37953 37956 37959 37965 
37995 38025 38052 38055 38058 38085 38115 38145 38151 38154 
38157 38175 38205 38235 38250 38253 38256 38259 38265 38295 
38325 38352 38355 38358 38385 38415 38445 38451 38454 38457 
38475 38502 38505 38508 38511 38514 38517 38520 38523 38526 
38529 38532 38535 38538 38541 38544 38547 38550 38553 38556 
38559 38562 38565 38568 38571 38574 38577 38580 38583 38586 
38589 38592 38595 38598 38625 38652 38655 38658 38685 38715 
38745 38751 38754 38757 38775 38805 38835 38850 38853 38856 
38859 38865 38895 38925 38952 38955 38958 38985 39015 39045 
39051 39054 39057 39075 39105 39135 39150 39153 39156 39159 
39165 39195 39225 39252 39255 39258 39285 39315 39345 39351 
39354 39357 39375 39405 39435 39450 39453 39456 39459 39465 
39495 39501 39504 39507 39510 39513 39516 39519 39522 39525 
39528 39531 39534 39537 39540 39543 39546 39549 39552 39555 
39558 39561 39564 39567 39570 39573 39576 39579 39582 39585 
39588 39591 39594 39597 39615 39645 39651 39654 39657 39675 
39705 39735 39750 39753 39756 39759 39765 39795 39825 39852 
39855 39858 39885 39915 39945 39951 39954 39957 39975 40005 
40035 40050 40053 40056 40059 40065 40095 40125 40152 40155 
40158 40185 40215 40245 40251 40254 40257 40275 40305 40335 
40350 40353 40356 40359 40365 40395 40425 40452 40455 40458 
40485 40500 40503 40506 40509 40512 40515 40518 40521 40524 
40527 40530 40533 40536 40539 40542 40545 40548 40551 40554 
40557 40560 40563 40566 40569 40572 40575 40578 40581 40584 
40587 40590 40593 40596 40599 40605 40635 40650 40653 40656 
40659 40665 40695 40725 40752 40755 40758 40785 40815 40845 
40851 40854 40857 40875 40905 40935 40950 40953 40956 40959 
40965 40995 41025 41052 41055 41058 41085 41115 41145 41151 
41154 41157 41175 41205 41235 41250 41253 41256 41259 41265 
41295 41325 41352 41355 41358 41385 41415 41445 41451 41454 
41457 41475 41502 41505 41508 41511 41514 41517 41520 41523 
41526 41529 41532 41535 41538 41541 41544 41547 41550 41553 
41556 41559 41562 41565 41568 41571 41574 41577 41580 41583 
41586 41589 41592 41595 41598 41625 41652 41655 41658 41685 
41715 41745 41751 41754 41757 41775 41805 41835 41850 41853 
41856 41859 41865 41895 41925 41952 41955 41958 41985 42015 
42045 42051 42054 42057 42075 42105 42135 42150 42153 42156 
42159 42165 42195 42225 42252 42255 42258 42285 42315 42345 
42351 42354 42357 42375 42405 42435 42450 42453 42456 42459 
42465 42495 42501 42504 42507 42510 42513 42516 42519 42522 
42525 42528 42531 42534 42537 42540 42543 42546 42549 42552 
42555 42558 42561 42564 42567 42570 42573 42576 42579 42582 
42585 42588 42591 42594 42597 42615 42645 42651 42654 42657 
42675 42705 42735 42750 42753 42756 42759 42765 42795 42825 
42852 42855 42858 42885 42915 42945 42951 42954 42957 42975 
43005 43035 43050 43053 43056 43059 43065 43095 43125 43152 
43155 43158 43185 43215 43245 43251 43254 43257 43275 43305 
43335 43350 43353 43356 43359 43365 43395 43425 43452 43455 
43458 43485 43500 43503 43506 43509 43512 43515 43518 43521 
43524 43527 43530 43533 43536 43539 43542 43545 43548 43551 
43554 43557 43560 43563 43566 43569 43572 43575 43578 43581 
43584 43587 43590 43593 43596 43599 43605 43635 43650 43653 
43656 43659 43665 43695 43725 43752 43755 43758 43785 43815 
43845 43851 43854 43857 43875 43905 43935 43950 43953 43956 
43959 43965 43995 44025 44052 44055 44058 44085 44115 44145 
44151 44154 44157 44175 44205 44235 44250 44253 44256 44259 
44265 44295 44325 44352 44355 44358 44385 44415 44445 44451 
44454 44457 44475 44502 44505 44508 44511 44514 44517 44520 
44523 44526 44529 44532 44535 44538 44541 44544 44547 44550 
44553 44556 44559 44562 44565 44568 44571 44574 44577 44580 
44583 44586 44589 44592 44595 44598 44625 44652 44655 44658 
44685 44715 44745 44751 44754 44757 44775 44805 44835 44850 
44853 44856 44859 44865 44895 44925 44952 44955 44958 44985 
45000 45003 45006 45009 45012 45015 45018 45021 45024 45027 
45030 45033 45036 45039 45042 45045 45048 45051 45054 45057 
45060 45063 45066 45069 45072 45075 45078 45081 45084 45087 
45090 45093 45096 45099 45102 45105 45108 45111 45114 45117 
45120 45123 45126 45129 45132 45135 45138 45141 45144 45147 
45150 45153 45156 45159 45162 45165 45168 45171 45174 45177 
45180 45183 45186 45189 45192 45195 45198 45201 45204 45207 
45210 45213 45216 45219 45222 45225 45228 45231 45234 45237 
45240 45243 45246 45249 45252 45255 45258 45261 45264 45267 
45270 45273 45276 45279 45282 45285 45288 45291 45294 45297 
45300 45303 45306 45309 45312 45315 45318 45321 45324 45327 
45330 45333 45336 45339 45342 45345 45348 45351 45354 45357 
45360 45363 45366 45369 45372 45375 45378 45381 45384 45387 
45390 45393 45396 45399 45402 45405 45408 45411 45414 45417 
45420 45423 45426 45429 45432 45435 45438 45441 45444 45447 
45450 45453 45456 45459 45462 45465 45468 45471 45474 45477 
45480 45483 45486 45489 45492 45495 45498 45501 45504 45507 
45510 45513 45516 45519 45522 45525 45528 45531 45534 45537 
45540 45543 45546 45549 45552 45555 45558 45561 45564 45567 
45570 45573 45576 45579 45582 45585 45588 45591 45594 45597 
45600 45603 45606 45609 45612 45615 45618 45621 45624 45627 
45630 45633 45636 45639 45642 45645 45648 45651 45654 45657 
45660 45663 45666 45669 45672 45675 45678 45681 45684 45687 
45690 45693 45696 45699 45702 45705 45708 45711 45714 45717 
45720 45723 45726 45729 45732 45735 45738 45741 45744 45747 
45750 45753 45756 45759 45762 45765 45768 45771 45774 45777 
45780 45783 45786 45789 45792 45795 45798 45801 45804 45807 
45810 45813 45816 45819 45822 45825 45828 45831 45834 45837 
45840 45843 45846 45849 45852 45855 45858 45861 45864 45867 
45870 45873 45876 45879 45882 45885 45888 45891 45894 45897 
45900 45903 45906 45909 45912 45915 45918 45921 45924 45927 
45930 45933 45936 45939 45942 45945 45948 45951 45954 45957 
45960 45963 45966 45969 45972 45975 45978 45981 45984 45987 
45990 45993 45996 45999 46005 46035 46050 46053 46056 46059 
46065 46095 46125 46152 46155 46158 46185 46215 46245 46251 
46254 46257 46275 46305 46335 46350 46353 46356 46359 46365 
46395 46425 46452 46455 46458 46485 46500 46503 46506 46509 
46512 46515 46518 46521 46524 46527 46530 46533 46536 46539 
46542 46545 46548 46551 46554 46557 46560 46563 46566 46569 
46572 46575 46578 46581 46584 46587 46590 46593 46596 46599 
46605 46635 46650 46653 46656 46659 46665 46695 46725 46752 
46755 46758 46785 46815 46845 46851 46854 46857 46875 46905 
46935 46950 46953 46956 46959 46965 46995 47025 47052 47055 
47058 47085 47115 47145 47151 47154 47157 47175 47205 47235 
47250 47253 47256 47259 47265 47295 47325 47352 47355 47358 
47385 47415 47445 47451 47454 47457 47475 47502 47505 47508 
47511 47514 47517 47520 47523 47526 47529 47532 47535 47538 
47541 47544 47547 47550 47553 47556 47559 47562 47565 47568 
47571 47574 47577 47580 47583 47586 47589 47592 47595 47598 
47625 47652 47655 47658 47685 47715 47745 47751 47754 47757 
47775 47805 47835 47850 47853 47856 47859 47865 47895 47925 
47952 47955 47958 47985 48015 48045 48051 48054 48057 48075 
48105 48135 48150 48153 48156 48159 48165 48195 48225 48252 
48255 48258 48285 48315 48345 48351 48354 48357 48375 48405 
48435 48450 48453 48456 48459 48465 48495 48501 48504 48507 
48510 48513 48516 48519 48522 48525 48528 48531 48534 48537 
48540 48543 48546 48549 48552 48555 48558 48561 48564 48567 
48570 48573 48576 48579 48582 48585 48588 48591 48594 48597 
48615 48645 48651 48654 48657 48675 48705 48735 48750 48753 
48756 48759 48765 48795 48825 48852 48855 48858 48885 48915 
48945 48951 48954 48957 48975 49005 49035 49050 49053 49056 
49059 49065 49095 49125 49152 49155 49158 49185 49215 49245 
49251 49254 49257 49275 49305 49335 49350 49353 49356 49359 
49365 49395 49425 49452 49455 49458 49485 49500 49503 49506 
49509 49512 49515 49518 49521 49524 49527 49530 49533 49536 
49539 49542 49545 49548 49551 49554 49557 49560 49563 49566 
49569 49572 49575 49578 49581 49584 49587 49590 49593 49596 
49599 49605 49635 49650 49653 49656 49659 49665 49695 49725 
49752 49755 49758 49785 49815 49845 49851 49854 49857 49875 
49905 49935 49950 49953 49956 49959 49965 49995 
5738
