346358299580532417977138815634824498142092800025695049660
9815661821179744469558966797880922625828228240823912729
15008184281416932875812172599140347221562403609335336060
114094537654125465714502250961898322778036567974788396205192
803713055302114171416389570639871278921873112489403588262
87392106042350074003087556868001564257082571129336490339
28138766267376479881964974837240399564267790430097183612456
7073401839667571255374761813269050498449328712193569914397
958977019303146361497550603237017412915048598685868203613
683401614359134489059006660011019911036953105547732498692
359577616427620147121311095622097999992473473807932112981
125054697498677792909788841544458958496298462285859708118
34105807729438300327107253220901131486035412727510958953
211281430057411987122149004665089769230966001284348227069
16470913258759805194885702432516846422703929460081197315168
1243189595128108043196770982944179727718725799976287247
4794510435953691326855977806128028761144750497868626838649
6218495214216378548225540678104514883133954465987859564193
52851344112950996225784750197657235008164039481682554067
5607679128864510108756947934822976238340868800168477443
