223526148599041357016775032426995693387888048797285958552
54075847513160888099393580127213199975738405153995778091
315496696894952564241600290965143227320334561309705628389
892143182590365514636638815378038157145937210337283063293
341741337619261401482065773788163853435878235698313233394
403907628047817752725773820495381602652055273821557027259
104796862722921607013203430619051829985271616238913357948
82147565382419289546455721720860921732501391358084313402
2287572088547837217714180717132166219588584699611638311297
9816041143449188344283490455750302237115455840931532433273
64972530789963729379445197977814708849222091203620426844117
121522206635448699198332148609126436616111367726736776181
906571979697902166965279537985880128417382494482936874547
795988366828220834565513047340611372283856279424935604225
542192972087970898801340354129853015284082069595571433500
915003562629270604244373744401249425319460428168733422424
1337312939356195405015982027575168023591292629071074457662
50507302292685629649591246396469458667028859522311322576
2774365789802360659625800725484396025247447272215894742612
4538273001246682429794346524692827130585077261118805622923
