15781592942669068940513255034223790459608922503714180456368
6591212895459465493257140366437999715599156023436693156009
1811242602930671221792197241997199850349361129025839711513
39711353854226198694825902179578362406848558994406818823
4438537746109054104750388013913422741904295705237199845162
38978285428933694262894595700907364556213122072518612227
3314295440219318161583959689944756260125322033262105572969
4946112884478494608697875520220918920263568831427858182855
279124152795551501735423339835267967030165392931248790041
432306961320426081809955419245686251764507320311832741274939
3099155027079869406764314315971741173183118025343798527701
71545636497309043855360199816868349704445198784520763934
263387723544642428214349416532766982287766324886837853547
107122114634283976051368596293039163470256596127223325622
5337256226931438199867656482221990157213907712167285333857
118302407805777979036277863833725697973590482694549592773
1489968821990244377919209189534937736135610138681194232577
2319500626376328952217812037698801515107465708982761871812
33250478323063722696807862716683319704844044441147049606105
2996976592946122376892448285503069887737876797904223899
