OMG!
OMG!
OMG!
OMG!
OMG!
89.000
20.000
43.000
OMG!
14.000
17.667
OMG!
OMG!
29.000
12.000
OMG!
OMG!
OMG!
4.000
OMG!
OMG!
OMG!
OMG!
OMG!
OMG!
OMG!
5.000
OMG!
OMG!
89.000
OMG!
OMG!
79.000
103.000
95.500
21.750
17.000
74.667
OMG!
18.000
OMG!
OMG!
OMG!
OMG!
95.500
47.667
OMG!
103.000
OMG!
13.333
39.750
OMG!
OMG!
50.333
OMG!
51.500
59.500
10.500
OMG!
OMG!
OMG!
OMG!
39.750
OMG!
11.000
4.000
14.000
16.000
20.000
OMG!
11.000
59.500
67.500
13.333
79.000
OMG!
OMG!
OMG!
17.000
OMG!
14.250
20.000
OMG!
OMG!
16.000
OMG!
OMG!
27.667
89.000
103.000
14.000
21.750
OMG!
OMG!
17.667
OMG!
25.500
25.500
OMG!
OMG!
40.400
59.500
OMG!
OMG!
OMG!
OMG!
OMG!
OMG!
29.000
OMG!
OMG!
OMG!
11.000
OMG!
OMG!
18.000
OMG!
OMG!
23.000
14.000
29.000
OMG!
OMG!
OMG!
27.667
27.667
20.000
103.000
29.000
OMG!
OMG!
OMG!
OMG!
51.500
10.500
39.750
5.000
OMG!
OMG!
OMG!
OMG!
14.250
103.000
OMG!
14.000
18.000
OMG!
13.333
59.500
OMG!
OMG!
OMG!
12.000
74.667
89.000
OMG!
OMG!
59.500
17.000
40.500
17.000
4.000
OMG!
29.000
27.667
12.000
23.000
OMG!
39.750
OMG!
39.750
OMG!
OMG!
OMG!
25.500
OMG!
40.400
16.000
OMG!
8.000
OMG!
OMG!
OMG!
32.000
39.750
OMG!
OMG!
OMG!
OMG!
OMG!
OMG!
38.000
12.000
4.000
4.000
OMG!
17.000
OMG!
OMG!
46.500
OMG!
38.000
79.000
38.000
16.500
OMG!
8.000
10.500
OMG!
39.750
OMG!
OMG!
OMG!
OMG!
20.000
11.000
79.000
20.000
OMG!
OMG!
OMG!
39.750
43.000
OMG!
OMG!
OMG!
OMG!
20.000
OMG!
OMG!
4.000
20.000
OMG!
12.000
51.500
11.000
17.667
OMG!
OMG!
4.000
39.750
16.000
OMG!
10.500
18.000
5.000
OMG!
OMG!
OMG!
29.000
43.000
43.000
OMG!
OMG!
39.750
18.000
12.000
OMG!
16.000
23.000
74.667
96.000
OMG!
46.500
OMG!
OMG!
OMG!
OMG!
OMG!
47.667
OMG!
12.000
OMG!
96.000
79.000
11.000
OMG!
OMG!
OMG!
96.000
12.000
4.000
5.000
OMG!
24.000
5.000
OMG!
12.000
17.667
OMG!
OMG!
12.000
OMG!
74.667
17.000
4.000
67.500
OMG!
43.000
17.000
OMG!
OMG!
20.000
40.400
95.500
40.400
OMG!
OMG!
5.000
46.500
96.000
29.000
OMG!
4.000
10.500
OMG!
OMG!
96.000
13.333
OMG!
40.500
OMG!
89.000
95.500
40.500
OMG!
OMG!
OMG!
10.500
OMG!
20.000
OMG!
29.000
OMG!
OMG!
46.500
OMG!
21.750
OMG!
51.500
4.000
38.000
OMG!
OMG!
OMG!
OMG!
17.000
OMG!
174.000
OMG!
95.500
OMG!
OMG!
OMG!
17.000
40.500
5.000
24.000
27.667
OMG!
17.000
89.000
OMG!
21.750
OMG!
OMG!
OMG!
OMG!
39.750
46.500
OMG!
11.000
OMG!
OMG!
OMG!
40.400
OMG!
OMG!
OMG!
OMG!
OMG!
79.000
59.500
OMG!
OMG!
OMG!
OMG!
OMG!
95.500
8.000
OMG!
OMG!
OMG!
14.000
21.750
21.750
OMG!
OMG!
21.750
OMG!
23.000
OMG!
96.000
46.500
OMG!
40.400
74.667
13.333
4.000
50.333
25.500
47.667
16.000
20.000
OMG!
OMG!
OMG!
17.000
OMG!
43.000
OMG!
OMG!
4.000
25.500
OMG!
10.500
OMG!
OMG!
8.000
24.000
47.667
4.000
13.333
OMG!
4.000
OMG!
21.750
5.000
OMG!
OMG!
5.000
17.000
OMG!
OMG!
40.400
38.000
17.000
43.000
18.000
OMG!
24.000
OMG!
46.500
14.000
40.400
OMG!
12.000
OMG!
OMG!
20.000
OMG!
OMG!
OMG!
OMG!
46.500
OMG!
95.500
29.000
OMG!
38.000
67.500
OMG!
23.000
74.667
24.000
OMG!
12.000
20.000
OMG!
5.000
OMG!
OMG!
OMG!
OMG!
67.500
96.000
OMG!
OMG!
OMG!
OMG!
5.000
29.000
OMG!
OMG!
OMG!
OMG!
16.500
21.750
174.000
47.667
