100.556
12.000
93.333
71.200
85.500
89.444
72.000
16.000
80.857
37.500
OMG!
OMG!
OMG!
89.714
86.250
OMG!
51.667
53.000
69.167
61.800
80.500
OMG!
97.200
10.000
OMG!
72.333
34.667
OMG!
100.091
90.667
112.556
22.000
89.818
69.000
10.000
OMG!
100.556
46.000
72.333
98.273
OMG!
59.000
29.000
72.333
106.000
46.000
OMG!
100.091
26.000
104.000
82.400
34.667
50.500
89.714
OMG!
OMG!
10.000
OMG!
46.000
91.000
OMG!
16.000
44.000
41.333
OMG!
80.857
29.000
82.400
94.909
112.556
50.500
80.500
72.000
59.000
82.400
OMG!
71.500
86.250
89.818
82.800
90.273
22.000
12.000
61.800
50.500
118.286
92.100
22.000
91.286
OMG!
68.250
69.167
88.250
OMG!
53.000
101.273
50.500
OMG!
46.000
108.500
89.714
86.250
72.250
97.200
118.286
46.000
104.625
72.250
12.000
69.000
20.000
71.200
64.500
OMG!
OMG!
91.000
OMG!
97.200
44.000
29.000
OMG!
28.000
OMG!
89.818
100.091
OMG!
81.333
101.273
OMG!
OMG!
OMG!
OMG!
26.000
OMG!
OMG!
118.286
OMG!
34.667
OMG!
OMG!
89.417
101.273
106.000
72.333
82.800
20.000
28.000
68.250
106.000
59.000
68.250
26.000
16.000
OMG!
8.000
92.100
85.667
90.667
72.333
94.909
26.000
OMG!
46.000
OMG!
88.375
OMG!
101.273
OMG!
OMG!
26.000
OMG!
82.800
98.375
69.500
OMG!
16.000
OMG!
OMG!
44.000
48.500
3.000
69.000
92.571
20.000
66.400
OMG!
34.667
67.000
72.250
OMG!
16.000
OMG!
3.000
118.250
34.667
72.333
OMG!
50.500
53.000
101.400
118.250
51.667
50.500
OMG!
67.000
46.000
20.000
101.273
22.000
89.417
50.500
90.273
90.273
OMG!
72.333
72.250
OMG!
69.000
OMG!
OMG!
98.273
26.000
85.500
OMG!
OMG!
OMG!
OMG!
OMG!
20.000
OMG!
89.417
106.000
52.000
16.000
101.273
OMG!
OMG!
91.000
80.857
91.000
79.000
OMG!
118.250
112.556
91.375
101.400
89.417
37.500
OMG!
16.000
OMG!
66.400
69.167
50.500
OMG!
89.417
59.000
OMG!
68.250
69.500
OMG!
10.000
101.273
50.500
108.500
89.417
8.000
OMG!
98.375
OMG!
104.000
104.625
118.286
OMG!
99.556
85.500
OMG!
41.333
78.500
89.222
53.000
68.250
32.000
80.857
OMG!
OMG!
19.000
61.800
47.750
69.000
84.000
OMG!
OMG!
OMG!
OMG!
80.857
50.500
OMG!
78.500
80.857
85.667
94.909
96.083
69.000
68.250
51.667
108.500
OMG!
OMG!
68.250
118.286
68.250
OMG!
61.800
OMG!
101.400
51.667
OMG!
OMG!
89.375
92.100
10.000
91.375
101.400
98.375
84.000
99.556
34.667
78.500
93.333
96.083
81.333
OMG!
OMG!
71.200
69.500
86.250
118.286
OMG!
84.000
82.400
50.500
26.000
92.571
46.000
20.000
98.375
26.000
OMG!
48.500
79.000
97.200
89.222
106.000
53.000
OMG!
93.333
12.000
34.667
26.000
85.667
8.000
90.273
22.000
81.333
37.500
3.000
85.500
91.286
50.500
29.000
82.400
OMG!
82.400
91.000
98.273
47.750
91.286
OMG!
108.250
97.200
80.857
34.667
26.000
100.556
OMG!
59.000
93.000
59.000
91.375
72.333
46.000
44.000
79.000
OMG!
OMG!
94.909
OMG!
41.333
19.000
89.714
67.000
29.000
69.000
79.000
OMG!
3.000
67.000
84.000
OMG!
OMG!
88.375
108.250
OMG!
53.000
OMG!
OMG!
92.100
90.273
71.200
71.500
85.667
71.667
41.333
OMG!
OMG!
OMG!
OMG!
82.800
69.500
48.500
98.375
29.000
89.222
OMG!
101.273
OMG!
53.000
51.667
50.500
81.333
88.375
89.375
80.857
22.000
78.500
OMG!
23.000
OMG!
100.556
OMG!
101.273
OMG!
69.500
46.000
89.417
51.667
28.000
71.200
71.667
OMG!
108.250
100.556
OMG!
66.400
101.400
OMG!
100.091
OMG!
OMG!
96.083
OMG!
101.400
46.000
OMG!
88.250
82.400
99.556
OMG!
94.909
118.250
94.909
46.000
93.333
OMG!
34.667
68.250
92.100
56.000
101.400
OMG!
118.286
68.250
89.222
71.500
OMG!
93.000
OMG!
OMG!
OMG!
66.400
26.000
OMG!
53.000
97.200
37.500
OMG!
OMG!
28.000
OMG!
59.000
81.333
OMG!
50.500
26.000
108.250
85.500
96.083
OMG!
OMG!
OMG!
23.000
108.500
10.000
59.000
50.500
OMG!
OMG!
89.222
46.000
OMG!
55.000
81.333
OMG!
OMG!
10.000
OMG!
89.818
86.250
72.000
8.000
64.500
61.800
64.500
69.000
OMG!
16.000
48.500
OMG!
32.000
72.000
53.000
OMG!
61.800
19.000
20.000
OMG!
112.556
26.000
67.000
20.000
OMG!
61.800
OMG!
51.667
101.400
71.500
OMG!
88.375
51.667
OMG!
OMG!
108.500
71.667
OMG!
69.167
23.000
92.100
106.000
80.857
OMG!
96.083
98.375
93.000
84.000
46.000
OMG!
100.556
OMG!
59.000
71.500
26.000
90.667
OMG!
80.500
8.000
71.200
48.500
89.818
26.000
89.818
88.375
OMG!
85.667
OMG!
OMG!
29.000
53.000
OMG!
OMG!
55.000
10.000
85.667
52.000
47.750
72.250
OMG!
82.400
106.000
34.667
59.000
89.417
OMG!
OMG!
89.222
86.250
59.000
89.818
79.000
OMG!
98.375
OMG!
67.000
98.375
80.500
93.333
OMG!
88.250
61.800
34.667
112.556
106.000
OMG!
91.000
108.500
OMG!
19.000
89.444
OMG!
86.250
OMG!
91.286
50.500
100.556
69.000
55.000
48.500
100.091
OMG!
79.000
118.250
72.250
97.200
OMG!
104.000
OMG!
OMG!
55.000
29.000
19.000
88.250
118.250
68.250
59.000
OMG!
51.667
79.000
104.625
89.818
OMG!
50.500
99.556
OMG!
OMG!
69.167
OMG!
26.000
104.625
OMG!
OMG!
41.333
34.667
OMG!
OMG!
OMG!
96.083
29.000
46.000
OMG!
OMG!
72.000
51.667
20.000
80.500
OMG!
108.500
OMG!
80.857
26.000
61.800
97.200
16.000
92.571
101.273
OMG!
28.000
66.400
OMG!
OMG!
71.667
56.000
OMG!
OMG!
72.000
OMG!
OMG!
90.667
OMG!
OMG!
OMG!
OMG!
89.714
46.000
8.000
OMG!
OMG!
OMG!
OMG!
79.000
91.375
69.500
91.286
72.250
79.000
52.000
OMG!
72.000
61.800
OMG!
85.667
23.000
90.667
97.200
50.500
3.000
29.000
86.250
100.091
61.800
OMG!
37.500
OMG!
82.400
OMG!
97.200
16.000
OMG!
90.273
OMG!
101.273
93.000
OMG!
69.167
92.571
84.000
90.667
82.800
106.000
55.000
OMG!
OMG!
108.250
118.250
79.000
112.556
86.250
108.500
46.000
91.000
22.000
97.200
89.222
89.444
81.333
OMG!
90.273
OMG!
86.250
OMG!
79.000
