16.000
92.000
26.000
94.800
86.000
OMG!
OMG!
121.182
OMG!
129.500
58.500
39.000
OMG!
17.000
OMG!
119.636
133.273
OMG!
108.333
134.909
OMG!
OMG!
OMG!
OMG!
35.000
OMG!
OMG!
152.500
OMG!
42.250
OMG!
OMG!
119.167
134.909
141.000
96.333
96.500
26.000
17.000
90.750
141.000
79.000
90.750
35.000
21.000
OMG!
11.000
122.700
114.000
120.778
96.333
126.455
34.000
OMG!
61.000
OMG!
117.750
OMG!
134.909
OMG!
OMG!
34.000
OMG!
96.500
131.125
92.500
OMG!
21.000
OMG!
OMG!
58.500
64.500
4.000
92.000
123.286
26.000
88.400
OMG!
42.250
89.000
96.250
OMG!
21.000
OMG!
4.000
157.500
42.250
96.333
OMG!
38.500
32.000
135.100
157.500
68.667
67.500
OMG!
89.000
61.000
26.000
134.909
29.000
119.167
67.500
120.273
120.273
OMG!
96.333
96.250
OMG!
92.000
OMG!
OMG!
130.909
34.000
97.000
OMG!
OMG!
OMG!
OMG!
OMG!
26.000
OMG!
119.167
141.000
69.000
21.000
134.909
OMG!
OMG!
121.182
107.857
121.182
105.167
OMG!
157.500
149.889
121.750
135.100
119.167
50.000
OMG!
21.000
OMG!
88.400
48.000
38.500
OMG!
119.167
79.000
OMG!
90.750
92.500
OMG!
13.500
134.909
67.500
144.500
119.167
11.000
OMG!
131.125
OMG!
138.571
139.375
152.500
OMG!
132.667
97.000
OMG!
55.333
105.000
118.889
32.000
90.750
42.000
107.857
OMG!
OMG!
25.000
82.400
63.750
92.000
112.000
OMG!
OMG!
OMG!
OMG!
107.857
67.500
OMG!
105.000
107.857
114.000
126.455
128.000
92.000
90.750
68.667
144.500
OMG!
OMG!
90.750
152.500
90.750
OMG!
82.400
OMG!
135.100
68.667
OMG!
OMG!
119.000
122.700
13.500
121.750
135.100
131.125
112.000
132.667
42.250
105.000
124.333
128.000
108.333
OMG!
OMG!
94.800
92.500
115.000
152.500
OMG!
112.000
109.800
38.500
34.000
123.286
61.000
26.000
131.125
34.000
OMG!
64.500
105.250
129.500
118.889
141.000
32.000
OMG!
124.333
16.000
42.250
35.000
114.000
11.000
120.273
29.000
108.333
50.000
4.000
97.000
121.571
38.500
39.000
109.800
OMG!
109.800
121.182
130.909
63.750
121.571
OMG!
144.167
129.500
107.857
42.250
35.000
134.000
OMG!
79.000
123.875
79.000
121.750
96.333
61.000
58.500
105.250
OMG!
OMG!
126.455
OMG!
55.333
25.000
118.400
89.000
39.000
92.000
105.167
OMG!
4.000
89.000
112.000
OMG!
OMG!
117.750
144.167
OMG!
32.000
OMG!
OMG!
122.700
120.273
94.800
95.250
114.000
71.333
55.333
OMG!
OMG!
OMG!
OMG!
96.500
92.500
64.500
131.125
39.000
118.889
OMG!
134.909
OMG!
32.000
68.667
67.500
108.333
117.750
119.000
107.857
29.000
105.000
OMG!
31.000
OMG!
134.000
OMG!
134.909
OMG!
92.500
3.000
119.167
68.667
17.000
94.800
71.333
OMG!
144.167
134.000
OMG!
88.400
135.100
OMG!
133.273
OMG!
OMG!
128.000
OMG!
135.100
3.000
OMG!
117.500
109.800
132.667
OMG!
126.455
157.500
126.455
3.000
124.333
OMG!
42.250
90.750
122.700
74.667
135.100
OMG!
152.500
90.750
118.889
95.250
OMG!
123.875
OMG!
OMG!
OMG!
88.400
34.000
OMG!
32.000
129.500
50.000
OMG!
OMG!
17.000
OMG!
79.000
108.333
OMG!
67.500
34.000
144.167
97.000
128.000
OMG!
OMG!
OMG!
31.000
144.500
13.500
79.000
67.500
OMG!
OMG!
118.889
61.000
OMG!
74.000
108.333
OMG!
OMG!
13.500
OMG!
119.636
115.000
96.000
11.000
86.000
82.400
86.000
92.000
OMG!
21.000
64.500
OMG!
42.000
96.000
32.000
OMG!
82.400
25.000
26.000
OMG!
149.889
35.000
89.000
26.000
OMG!
82.400
OMG!
68.667
135.100
95.250
OMG!
117.750
68.667
OMG!
OMG!
144.500
71.333
OMG!
48.000
31.000
122.700
141.000
107.857
OMG!
128.000
131.125
123.875
112.000
3.000
OMG!
134.000
OMG!
79.000
95.250
34.000
120.778
OMG!
76.000
11.000
94.800
64.500
119.636
35.000
119.636
117.750
OMG!
114.000
OMG!
OMG!
39.000
32.000
OMG!
OMG!
74.000
13.500
114.000
69.000
63.750
96.250
OMG!
109.800
141.000
42.250
79.000
119.167
OMG!
OMG!
118.889
115.000
79.000
119.636
105.250
OMG!
131.125
OMG!
89.000
131.125
76.000
124.333
OMG!
117.500
82.400
42.250
149.889
141.000
OMG!
121.182
144.500
OMG!
25.000
118.333
OMG!
115.000
OMG!
121.571
67.500
134.000
92.000
74.000
64.500
133.273
OMG!
105.167
157.500
96.250
129.500
OMG!
138.571
OMG!
OMG!
74.000
39.000
25.000
117.500
157.500
90.750
79.000
OMG!
68.667
105.250
139.375
119.636
OMG!
38.500
132.667
OMG!
OMG!
48.000
OMG!
34.000
139.375
OMG!
OMG!
55.333
42.250
OMG!
OMG!
OMG!
128.000
39.000
61.000
OMG!
OMG!
96.000
68.667
26.000
76.000
OMG!
144.500
OMG!
107.857
34.000
82.400
129.500
21.000
123.286
134.909
OMG!
17.000
88.400
OMG!
OMG!
71.333
74.667
OMG!
OMG!
96.000
OMG!
OMG!
120.778
OMG!
OMG!
OMG!
OMG!
118.400
61.000
11.000
OMG!
OMG!
OMG!
OMG!
105.167
121.750
92.500
121.571
96.250
105.167
69.000
OMG!
96.000
82.400
OMG!
114.000
31.000
120.778
129.500
38.500
4.000
39.000
115.000
133.273
82.400
OMG!
50.000
OMG!
109.800
OMG!
129.500
21.000
OMG!
120.273
OMG!
134.909
123.875
OMG!
48.000
123.286
112.000
120.778
96.500
141.000
74.000
OMG!
OMG!
144.167
157.500
105.167
149.889
115.000
144.500
3.000
121.182
29.000
129.500
118.889
118.333
108.333
OMG!
120.273
OMG!
115.000
OMG!
105.167
63.750
76.000
OMG!
130.909
123.286
96.333
OMG!
OMG!
121.571
OMG!
OMG!
128.000
128.000
121.182
67.500
50.000
OMG!
121.750
105.167
141.000
105.250
124.333
96.000
OMG!
74.667
OMG!
97.000
OMG!
OMG!
39.000
108.333
OMG!
79.000
26.000
118.400
126.455
50.000
92.000
OMG!
90.750
OMG!
123.286
129.500
119.167
120.778
13.500
17.000
141.000
58.500
OMG!
118.333
OMG!
21.000
79.000
96.500
118.333
OMG!
76.000
139.375
118.400
123.875
OMG!
OMG!
118.400
139.375
OMG!
92.000
119.000
105.000
128.000
134.909
105.000
115.000
OMG!
96.000
35.000
126.455
OMG!
OMG!
97.000
96.250
96.500
117.750
OMG!
94.800
105.167
OMG!
OMG!
118.400
OMG!
152.500
OMG!
OMG!
96.000
90.750
134.000
OMG!
129.500
119.167
117.750
26.000
105.250
64.500
58.500
114.000
OMG!
96.500
OMG!
OMG!
141.000
82.400
4.000
95.250
97.000
129.500
121.750
96.000
OMG!
95.250
157.500
OMG!
OMG!
117.750
OMG!
OMG!
25.000
OMG!
13.500
120.273
69.000
64.500
OMG!
134.909
67.500
149.889
117.750
105.250
OMG!
67.500
131.125
94.800
107.857
123.875
96.000
133.273
97.000
89.000
OMG!
OMG!
134.909
96.000
74.667
58.500
88.400
OMG!
13.500
OMG!
OMG!
OMG!
48.000
OMG!
96.333
114.000
OMG!
95.250
OMG!
152.500
64.500
133.273
31.000
120.273
105.250
OMG!
74.667
90.750
OMG!
11.000
120.273
38.500
4.000
OMG!
OMG!
121.571
109.800
OMG!
105.000
OMG!
117.500
141.000
94.800
OMG!
74.000
OMG!
38.500
122.700
42.250
79.000
OMG!
OMG!
OMG!
OMG!
55.333
OMG!
118.333
79.000
119.636
64.500
OMG!
63.750
135.100
32.000
68.667
97.000
OMG!
OMG!
96.333
21.000
OMG!
35.000
123.286
120.273
64.500
OMG!
OMG!
119.636
96.500
OMG!
OMG!
69.000
OMG!
96.250
OMG!
17.000
61.000
39.000
17.000
118.889
119.636
OMG!
96.333
OMG!
94.800
118.889
26.000
26.000
26.000
OMG!
21.000
131.125
139.375
32.000
134.000
39.000
OMG!
74.000
OMG!
OMG!
38.500
105.250
OMG!
55.333
92.500
120.273
OMG!
OMG!
67.500
105.250
13.500
135.100
79.000
OMG!
39.000
3.000
OMG!
118.400
39.000
OMG!
29.000
96.333
118.333
OMG!
67.500
OMG!
16.000
121.571
135.100
105.167
63.750
82.400
92.000
115.000
OMG!
144.500
31.000
32.000
67.500
120.778
OMG!
35.000
69.000
119.636
OMG!
OMG!
95.250
35.000
119.636
64.500
120.778
