OMG!
OMG!
OMG!
OMG!
64.857
OMG!
OMG!
OMG!
OMG!
61.000
OMG!
19.000
61.500
61.900
58.200
40.500
OMG!
OMG!
OMG!
36.000
41.000
OMG!
61.500
65.667
OMG!
84.000
67.167
67.167
OMG!
63.400
OMG!
63.000
55.000
47.000
OMG!
OMG!
OMG!
OMG!
42.000
66.250
66.250
65.000
19.000
OMG!
OMG!
67.375
OMG!
OMG!
40.500
63.400
OMG!
40.000
67.167
59.000
73.500
51.750
63.571
OMG!
OMG!
OMG!
OMG!
30.500
58.200
67.167
OMG!
OMG!
65.667
64.857
OMG!
65.667
40.667
OMG!
74.000
61.500
74.000
OMG!
58.200
84.000
61.500
30.500
51.750
33.000
19.000
40.667
OMG!
OMG!
OMG!
OMG!
OMG!
48.667
69.714
63.111
OMG!
OMG!
61.000
OMG!
OMG!
61.000
OMG!
61.000
