65929
73481
154364
250798
316694
402219
1013850
1103580
1264417
1681726
2010176
2289228
2422502
2861816
2951880
3537577
3617929
3865818
3921563
3921563
4117027
4191487
4193721
4883616
5114876
5130730
5304463
5755872
6037838
6120314
6210273
6392969
6451757
6543546
6678572
6901834
7128064
7177698
7735504
7874592
8034426
8134724
8417022
8940963
9083689
9527693
9650240
9674067
9756196
9906277
10271742
10322884
10326730
10327766
10327766
10496629
10620877
10958619
11574399
11749056
12097376
12137959
13044421
13754639
14284988
14580568
15406279
15423094
15769403
15777554
15786308
16117024
16160863
16208101
16296620
16741644
17321652
17508746
17737438
17784365
18216745
18283631
18458454
19000107
19354785
19527515
20064546
21003701
21133004
21449501
21449501
21794785
22091205
22389875
22389875
22402229
22423733
22844204
23655997
23887590
23974235
24132350
24187961
24506466
24506466
24842231
24901698
25092197
25150967
25334889
25334889
25496862
26269176
26379831
26379831
26675427
26700044
26700044
26876712
27045726
27301910
27425749
27452515
27636931
27871425
28104713
28597246
28621067
28855889
28892082
28892082
28979150
29008839
29042477
29320370
29425924
29457341
29570873
29774176
30075290
30099108
30250422
30269755
30508069
30578782
30602720
30703292
30801230
30867431
30883977
30883977
30883977
30984373
31038693
31109065
31247211
31250451
31250451
31260019
31624068
31925867
32001131
32260614
32260614
32310076
32362433
32384498
32385309
32572263
32602806
32948550
33121311
34102265
34121987
34135647
34135647
34395117
34507768
34852989
34863354
34914448
34914448
35066660
35066660
35121394
35262892
35262892
35509703
35509703
35537181
35537181
35608992
35978530
35991789
36532985
36673766
36929036
37265943
37460509
37479939
37737581
37740760
37805653
38068278
38077840
38243813
38324621
38531795
38531795
39069979
39462313
39717343
40163334
40265607
40646621
41182872
41247494
41307910
41619417
42326511
42424364
42424364
42735604
42782767
42927062
43174388
43526196
43886154
43971035
44061066
44061066
44061066
44072869
44072869
44177680
44193735
44193735
44783330
44783330
44967427
45148591
45165637
45206233
45357733
45357733
45897347
46072855
46117741
46276372
46337112
46429382
46429382
46708962
46950649
46950649
47287294
47331137
47811202
47865916
47892410
48180739
48180739
48282373
48282373
48282373
48406848
48423094
48423094
49311219
49417878
49481999
49849393
49849393
49849393
49931910
49931910
50118653
50156766
50182418
50707368
50707368
50707368
50707368
50913353
50978097
50982463
51043135
51043135
51163982
51332815
51492764
51798095
51808722
51875180
51952321
52199089
52741055
52851054
52864299
53304648
53391145
53458747
53555494
53570503
53580889
53712198
53778100
53778100
53869526
53869526
53962438
54019792
54019792
54214655
54337465
54485747
54485747
54661661
55131749
55131749
55131749
55131749
55267122
55423347
55423347
55962037
56088292
56088292
56317101
56452380
56452380
56456141
56456141
56490266
56490266
56550057
56550057
56714107
56714107
56864556
57659540
57792288
57792288
57926029
57926029
58161278
58258710
58278483
58430002
58430002
58967386
58967386
59079050
59079050
59172983
59339781
59739733
59761291
60052205
60052205
60052205
60052205
60440234
60470066
60534475
60547556
60547556
60598973
60756467
60756467
60931026
60931026
61039226
61627813
61731815
61731815
61777787
62115795
63056188
63382638
63382638
63382893
63382893
63793911
63841023
64754269
64952698
64987014
64987014
64987014
65410603
65764429
65764429
65796370
66049489
66173887
66173887
66402935
66402935
66402935
66402935
66799321
66831757
66831757
66831757
66910339
66913796
66939282
67049389
67049389
67078035
67111111
67111111
67111111
67111111
67111111
67111111
67111111
67188260
67188260
67194908
67194908
67277653
67401783
67609241
67748454
68131440
68431448
68482587
68482587
69124790
69158419
69355253
69562027
69562027
69668614
69946130
69946130
69946130
69946130
70034353
70075617
70132271
70199222
70444269
70529361
71058029
71058029
71230133
71230133
71357658
71368209
71994620
72043808
72043808
72043808
72117232
72231625
72231625
72273802
72706840
72706840
72709106
72825186
73098720
73288246
73288246
73288246
73518940
73518940
73596743
73722013
73835444
73940629
74091005
74331371
74331371
74417528
74502349
75223279
75223279
75843326
75880793
75881457
75881457
76381320
76471252
76515189
76515189
76515189
76515189
76684436
76722587
76722587
76731266
77078155
77123440
77307659
77310470
77310470
77504910
77504910
77790182
77790182
77790182
77890725
77890725
77890725
77890725
77890725
78025986
78025986
78423001
78429191
78429191
78523216
78717212
78907502
78964014
78964014
78964014
78964014
78964014
79056961
79056961
79085023
79317620
79317620
79317620
79355605
79915450
79940637
79956212
80161566
80830186
80830186
80852789
80852789
80852789
80852789
80852789
80852789
81380597
81709367
81724258
81784524
81784524
81936611
81936611
82129238
82417835
82417835
82437303
82437303
82437303
82595542
82595542
82595542
82714285
82714285
82751952
82751952
82810482
83105072
83287851
83287851
83287851
83366838
83457656
83480182
83530294
83776291
84070701
84070701
84150505
84689304
84723133
84867478
85180616
85180616
85219160
85279520
85279520
85279520
85279520
85279520
85698314
85698314
85732162
85732162
85732162
85732162
85732162
85769529
86074464
86074464
86289174
86770137
86770137
86866331
86866331
86871477
86871477
86949100
87058434
87206699
87206699
87206699
87206699
87291719
87291719
87472270
87472270
87472270
87729012
87771826
88095373
88260119
88260119
88288951
88288951
88288951
88553338
88655290
88655290
88655290
88674497
88674497
88674497
88674497
88880057
88880057
88880057
88880057
88880057
88958522
88972634
88972634
89015569
89015569
89075990
89118821
89118821
89172278
89233509
89233509
89551444
89551444
89551444
89551444
89606844
89606844
89606844
89669127
89861533
89861533
89861533
90118826
90118826
90118826
90118826
90118826
90240440
90274008
90428470
90428470
90428470
90428470
90638302
90638302
90638302
90691167
90691167
90691167
90691167
90691167
90691791
90691791
90753044
90753044
91134761
91135669
91224872
91283086
91317553
91383261
91383261
91383261
91395864
91751584
91774825
91781105
91781105
92090897
92379825
92533139
92558657
92573226
92632702
92632702
92632702
92846154
92864541
92864541
92864541
93187411
93302305
93302305
93528071
93651894
93651894
93870764
93897973
93897973
93897973
93897973
93897973
93897973
93941683
94332831
94382860
94382860
94741377
95360333
95360333
95403468
95410349
95444395
95444395
95476794
95476794
95796902
96116176
96162747
96162747
96287728
96501052
96501052
96501052
96537192
96664402
96690611
96690611
96881812
96881812
96881812
96960716
96960716
97048982
97098682
97098682
97098682
97098682
97256069
97367093
97562116
97562116
97562116
97562116
97607410
98057278
98144716
98144716
98360565
98420209
98420209
98756160
98887497
98887497
98887497
98979396
99092019
99130309
99300941
99326613
99402182
99439335
99501004
99507589
99720682
99739442
99739442
99739442
99751409
100239876
100239876
100272223
100272223
100349354
100350365
100400705
100457801
100457801
100457801
100457801
100733277
100866051
100891433
100891433
100919111
101184047
101189267
101189267
101189267
101208891
101248164
101248164
101258657
101258657
101258657
101314140
101438101
101438101
101438101
101487816
101490010
101965238
101965238
102142976
102142976
102142976
102142976
102142976
102297113
102328677
102474962
102474962
102480357
102518652
102518652
102518652
103044825
103044825
103044825
103046959
103046959
103046959
103046959
103046959
103046959
103277187
104077893
104077893
104081995
104171311
104260634
104260634
104260634
104260634
104488737
104488737
104488737
104488737
104488737
104488737
104488737
104488737
104493003
104493003
104493003
104824316
104848683
104848683
104848683
104848683
104968444
104968444
105019076
105019076
105019076
105019076
105019076
105019076
105341956
105341956
105341956
105341956
105341956
105435428
105622493
105673665
105768630
105768630
105768630
105768630
105822495
105822495
105822495
105822495
105846179
105846179
105949476
105952497
105982238
105982238
105982238
106201340
106217734
106217734
106217734
106263337
106557216
106770891
106770891
106834736
106854130
106854130
106854130
106854130
106854130
106854130
106922426
106991947
107004766
107377000
107528602
107528602
107528602
107819192
107865048
107865048
107865048
107865048
107946888
108051827
108051827
108051827
108283011
108309021
108309021
108337966
108373079
108503125
108503125
108531461
108544288
108544288
108716371
108716371
108716535
108765618
108765618
108922646
108922646
108935023
108935023
108935023
108940831
109176244
109254388
109254388
109254388
109342521
109342521
109367814
109367814
109367814
109367814
109373159
109373159
109701064
109701064
109735575
109788597
109792191
109792191
109792191
109802162
109802162
109836205
110035387
110035387
110035387
110035387
110120782
110120782
110120782
110120782
110183776
110315808
110493617
111387793
111498038
111498038
111498038
111635525
111635525
111635525
111635525
111681728
111681728
111705233
111705233
111705233
111705233
111705233
111705233
111705394
111705394
111705394
111705394
111930041
111930041
111930041
111963129
111963129
111963129
111963129
111978599
112059526
112059526
112117216
112179215
112333067
112412972
112412972
112412972
112651556
112681505
112750662
112750662
112750662
112750662
112934127
112977146
113109145
113120643
113120643
113149408
113149408
113256429
113256429
113256429
113256429
113276480
113276480
113288266
113306699
113341776
113425111
113425111
113579316
113579316
113579316
113579316
113579316
113579316
113609625
113609625
113609625
113639425
113674534
113711645
113711645
113711645
113711645
113732706
113732706
113867770
113867770
113977197
113977197
113977197
113977197
113977197
113977197
114299678
114313519
114313519
114350363
114350363
114350363
114441391
114441391
114471556
114471556
114471556
114471556
114471556
114471556
114589453
114589453
114589453
114589453
114589453
114643892
114643892
114643892
114643892
114759247
114876529
114876529
114876529
114896530
115032249
115032249
115032249
115032249
115060188
115060188
115060188
115092241
115092241
115092241
115324415
115324415
115573582
115573582
115573582
115573582
115573582
115675321
115675321
115675321
115809353
115809353
115913638
115913638
115913638
115969253
116053202
116155748
116340732
116408527
116527532
116642154
116642154
116642154
116642154
116642154
116642154
116642154
116642154
116642154
116718315
116718315
116731492
116731492
116731492
116731492
116731492
116731492
116731492
116731492
116731492
116731492
116889038
116889038
116889038
116889038
117129334
117135766
117154567
117154567
117161471
117161471
117198226
117282824
117451804
117451804
117530320
117530320
117541237
117541237
117541237
117541237
117541237
117541237
117541237
117597145
117761779
117761779
117764150
117764150
117764150
117830334
117830334
117830334
117830334
117830334
117832964
117832964
117832964
117832964
117832964
117909876
117957370
118124571
118124571
118175466
118277026
118277026
118277026
118460709
118608987
118637196
118997624
119040566
119040566
119040566
119200230
119200230
119200230
119200230
119248040
119248040
119248040
119452997
119452997
119452997
119452997
119455849
119459974
119459974
119493026
119493721
119493721
119718202
119729803
119864397
119864397
119864397
119864397
119864397
120136413
120200573
120434207
120503917
120503917
120504037
120550724
120550724
120550724
120550724
120683464
120683464
120683464
120723007
120723007
120723007
120723007
120833803
120833803
120833803
120833803
120833803
120833803
120833803
120885112
120885112
120921665
120921665
120921665
120921665
120971221
120971221
120990463
120990463
120990463
121085519
121085519
121085519
121101421
121136549
121136549
121480572
121480572
121686669
121686669
121775120
121775120
121775120
121775120
121775120
121842892
121842892
121842892
121842892
122209584
122327786
122327786
122327786
122455270
122482612
122585349
122585349
122585349
122585349
122585349
122710120
122710120
122987768
122987768
122987768
122987768
122987768
122987768
122987768
122987768
122987840
122990818
123019549
123019549
123039009
123039009
123039009
123040734
123051325
123173109
123173109
123186582
123276823
123383655
123383655
123428437
123470830
123609032
123609032
123609032
123609032
123648823
123648823
123659530
123664421
123664421
123753890
123753890
123753890
123762272
123762272
124000730
124050901
124050901
124050901
124050901
124050901
124050901
124050901
124124562
124221525
124276409
124293866
124293866
124293866
124293866
124293866
124468017
124712310
124712310
124712310
124712310
124712310
124728216
124728216
124728216
124728216
124728216
124728216
124902880
124925406
124925406
124925406
124925406
125054589
125074072
125077960
125077960
125141149
125141149
125141149
125141149
125141149
125141149
125141149
125218393
125218393
125237752
125237752
125237752
125237752
125237752
125237752
125273637
125298652
125298652
125298652
125298652
125298652
125298652
125462659
125579869
125579869
125633441
125633441
125645099
125716578
125716578
125716578
125775768
125775768
125847757
125853507
125853507
125853507
125853507
125853507
125871331
125871331
125891424
125891424
125891424
126218549
126275270
126275270
126275270
126277182
126277182
126277182
126277182
126277182
126277182
126349539
126349539
126436586
126468031
126468031
126528831
126528831
126528831
126528831
126678705
126931488
126931488
126931488
126931488
126931488
126931488
126936012
126936012
126936012
127105771
127105771
127114476
127114476
127125412
127125412
127125412
127125412
127125412
127206001
127206001
127206001
127206001
127206001
127206001
127206001
127206001
127206001
127206001
127206001
127206001
127206001
127341658
127341658
127341658
127341658
127695597
127913843
127913843
127913843
128101723
128101723
128101723
128101723
128101723
128101723
128101826
128199294
128199294
128199294
128448050
128448050
128448050
128448050
128448050
128448050
128557032
128557032
128557032
128568004
128568004
128568004
128578357
128677502
128677502
128677502
128723266
128794871
129136529
129147335
129147335
129147335
129147335
129158829
129469236
129469236
129469236
129469236
129478544
129610050
129657838
129657838
129696134
129696134
129704072
129704072
129968838
130041754
130041754
130120126
130216430
130216430
130216430
130216430
130402069
130815715
130816964
130816964
130816964
130816964
130816964
130835150
130835150
130835150
130987421
130987421
130987421
130987421
131006065
131006065
131083931
131155869
131225021
131402288
131402288
131402288
131424559
131424559
131424559
131444228
131444228
131444228
131444228
131444228
131444228
131444228
131444228
131467527
131467527
131529205
131529205
131573888
131573888
131573888
131848684
131848684
131849680
131849680
131872067
131970491
131970491
131988069
131988069
132042560
132123314
132123314
132123314
132123314
132123314
132186974
132199960
132199960
132205826
132205826
132205826
132205826
132432081
132432081
132432081
132576453
132674050
132688606
132693689
132800111
132800111
132800111
132800111
132800111
132800111
132800111
132800111
132925652
132925652
133024075
133031048
133035911
133042565
133042565
133042565
133156366
133156366
133156366
133156366
133507554
133507554
133508562
133587936
133678549
133678549
133678549
133678549
133678549
133755270
133755270
133755270
133762032
133762032
133770202
133770202
133770202
133837233
133852835
133852835
133876398
133876398
133938754
133938754
133984582
133984582
133984582
133984582
134072234
134205934
134205934
134205934
134611182
134839448
134839448
134839448
134839448
134876611
134876611
134876611
134963682
135003838
135003838
135023821
135023821
135023821
135109895
135109895
135219634
135219634
135244959
135244959
135244959
135484748
135484748
135484748
135495107
135495107
135495107
135495107
135578443
135578443
135578443
135578443
135578443
135863533
135863533
135898257
135898257
135922427
135922427
136088603
136088603
136269418
136269418
136269418
136269418
136403360
136493559
136522204
136522204
136522204
136522204
136522204
136522204
136741555
136751067
136751067
136751067
136751067
136751067
136818628
136818628
136818628
136818628
136818628
136818628
136818628
136841291
136841291
136841291
136841291
136841291
136841291
136973656
136973656
136973656
136973656
136973656
137103267
137103267
137127251
137271900
137271900
137271900
137362868
137442119
137463512
137463512
137531664
137531664
137531664
137774122
137774122
137774122
137775839
137775839
137775839
137870602
137870602
137870602
137870602
137870602
137893100
137940419
137940419
137940419
137940419
137972408
137997616
137997616
137997616
137997616
137997616
137997616
137997616
138005789
138005789
138005789
138005789
138005789
138005789
138005789
138005789
138057812
138057812
138057812
138058409
138058409
138058409
138161671
138161671
138161671
138357972
138357972
138357972
138357972
138357972
138357972
138357972
138357972
138357972
138357972
138357972
138357972
138455619
138455619
138566129
138820328
138820328
138820328
138820328
138820328
138820328
138820328
138820328
138820328
138820328
138820328
138820328
138820328
138821937
138821937
138821937
138821937
138821937
138821937
138821937
138821937
138821937
138821937
138847828
138856549
138856549
138856549
138856549
138856549
138856549
138856549
139113566
139113566
139175850
139175850
139175850
139175850
139196296
139196296
139196296
139196296
139196296
139196296
139228945
139228945
139366378
139568602
139585482
139585482
139671211
139671211
139671211
139754851
139754851
139785546
139851866
139851866
139851866
139851866
139851866
139851866
139851866
140142164
140142164
140153592
140153592
140177243
140266031
140268460
140268460
140268460
140268460
140291780
140306531
140626823
140626823
140626823
140626823
140626823
140626823
140626823
140634238
140634238
140641558
140641558
140641558
140642832
140642832
140642832
140642832
140728915
140728915
140728915
140728915
140761502
140761502
140761502
140761502
140761502
140784637
140784637
140784637
140784637
140878377
140942117
140942117
140966445
140966445
140966445
140966445
140968518
141013219
141013219
141013219
141013219
141013219
141013219
141013219
141203235
141203235
141347060
141347060
141347060
141448948
141448948
141497093
141602889
141602889
141602889
141602889
141672990
141790633
141790633
141790633
141804907
141804907
141804907
141804907
141923230
141923230
141951973
142208022
142487534
142487534
142487534
142487534
142487534
142487534
142534323
142534323
142534323
142534323
142553460
142553460
142565538
142565538
142565538
142565538
142565538
142570604
142570604
142578890
142578890
142578890
142578890
142578890
142578890
142578890
142861088
142928019
142957590
142957590
143070253
143154163
143154163
143154163
143154163
143154163
143158141
143158141
143158141
143312245
143312245
143312245
143312245
143312245
143312245
143312245
143312245
143394640
143394640
143441667
143441667
143441667
143637103
143637103
143637103
143797676
143797676
143797676
143797676
143805404
143805404
143805404
143805404
143805404
143871311
143871311
143871311
143871311
143871311
143871311
143871311
143931181
143951875
143951875
143951875
143951875
143951875
144080595
144094656
144246601
144246601
144246601
144246601
144246601
144246601
144246601
144396480
144490482
144490482
144490482
144490482
144490482
144490482
144607095
144607095
144607095
144607095
144648797
144648797
144648797
144648797
144648797
144678430
144711230
144711230
144711230
144711230
144711230
144711230
144711230
144743965
144743965
144981716
144981716
144981716
144981716
145027145
145027145
145027145
145181515
145181515
145181515
145181515
145181515
145256871
145256871
145256871
145256871
145256871
145256871
145256871
145256871
145256871
145256871
145378702
145396665
145396665
145454082
145454082
145454082
145454082
145484023
145484023
145484023
145484023
145484023
145519033
145519033
145519033
145519033
145535326
145571591
145571591
145601583
145601583
145601583
145601583
145601583
145601583
145645639
145645639
145645639
145645639
145649959
145649959
145649959
145649959
145649959
145669562
145690201
145690201
145694113
145694113
145836615
145836615
145836615
145836615
145836615
145836615
145836615
145836615
145836615
145836615
145836615
145836615
145836615
145836615
145836615
145836615
145836615
145836615
145836615
145836615
145836615
145912721
146016122
146016122
146016122
146016122
146016122
146016122
146016122
146016122
146180887
146205557
146424980
146430658
146430658
146463471
146463471
146463471
146463471
146559543
146559543
146559543
146559543
146572469
146572469
146572469
146592136
146592136
146592136
146592136
146592136
146592136
146684352
146684352
146684352
146684352
146832279
146832279
146847399
146847399
146847399
146847399
146847399
146847399
146847399
146895612
146895612
146895612
146895612
146982891
146982891
146982891
146982891
147040827
147040827
147040827
147040827
147040827
147040827
147040827
147040827
147040827
147082750
147082750
147082750
147082750
147082750
147167125
147167125
147187992
147187992
147336324
147336324
147374081
147374081
147388865
147388865
147389018
147389018
147389018
147394809
147405416
147423224
147423224
147423224
147423224
147423224
147423224
147452358
147452358
147452358
147464769
147464769
147531814
147531814
147531814
147699667
147699667
147723861
147723861
147824994
147824994
147824994
147824994
147824994
147853635
147946628
147946628
147983679
147983679
148065772
148065772
148069119
148069119
148069119
148085043
148137535
148137535
148137535
148137535
148137535
148137535
148137535
148195018
148195018
148195018
148293334
148293334
148293334
148559340
148559340
148559340
148559340
148559340
148559340
148559340
148559340
148559340
148559340
148559340
148559340
148559340
148559340
148559340
148559340
148559340
148559340
148559340
148559340
148559340
148559340
148591217
148618398
148618398
148618398
148618398
148639494
148639494
148639494
148639494
148639494
148639494
148639494
148728274
148728274
148728274
148728274
148728274
148728274
148897554
148897554
148897554
148915719
149070397
149070397
149070397
149070397
149070397
149070397
149070397
149070397
149070397
149128147
149128147
149128147
149128147
149128147
149171016
149171016
149171016
149171016
149171016
149171016
149171016
149171016
149174199
149174199
149174199
149174199
149261952
149261952
149261952
149261952
149261952
149261952
149261952
149261952
149274299
149274299
149335855
149353116
149372086
149372086
149372086
149372086
149372086
149372086
149372086
149372086
149435181
149435181
149435181
149435181
149435181
149435181
149435181
149435181
149435181
149435181
149435181
149450571
149450571
149450571
149565497
149565497
149565497
149592811
149658572
149658572
149722575
149722575
149884763
149884763
149928286
149928286
149928286
149949163
150010305
150010305
150134002
150176431
150176431
150176431
150176431
150176431
150176431
150176431
150176431
150222426
150222426
150222426
150222426
150222426
150222426
150222426
150222426
150268397
150268397
150268397
150299923
150299923
150299923
150299923
150299923
150299923
150299923
150299923
150334138
150334138
150334138
150382625
150382625
150418571
150418571
150418571
150418571
150423987
150479420
150479420
150479420
150515398
150515398
150523515
150523515
150523515
150523515
150523515
150523515
150523515
150523515
150523515
150523515
150529165
150529165
150529165
150529165
150537929
150537929
150566637
150566637
150615008
150615008
150677985
150677985
150677985
150729782
151008469
151008469
151008469
151072315
151072315
151072315
151072315
151072315
151072315
151072315
151072315
151072315
151072315
151107117
151238817
151297042
151297042
151342673
151342673
151342673
151342673
151342673
151342673
151342673
151394063
151394063
151394063
151394063
151412601
151412601
151412601
151412601
151412601
151412601
151412601
151412601
151412601
151429226
151429226
151429226
151429226
151429226
151429226
151459573
151526911
151532603
151600813
151600813
151600813
151600813
151626984
151626984
151626984
151636825
151744389
151744389
151744389
151744389
151744389
151744389
151744389
151787448
151787448
151787448
151787448
151787448
151787448
151787448
151787448
151787448
151847039
151847039
151847039
151847039
151847039
151847039
151865859
151881881
151881881
151894809
151894809
151894809
151894809
151894809
151894809
151945530
151945530
152128413
152128413
152128413
152128413
152128413
152128413
152128413
152128413
152128413
152128413
152149139
152149139
152149139
152149139
152149139
152149139
152149139
152149139
152247288
152247288
152247288
152252078
152252078
152252078
152252078
152317673
152317673
152344680
152344680
152344680
152376202
152376202
152379922
152379922
152379922
152379922
152379922
152381611
152381611
152381611
152381611
152381611
152381611
152381611
152381611
152430975
152621673
152667322
152667322
152667322
152669449
152776015
152776015
152840050
152840050
152870790
152870790
152870790
152870790
152870790
152901261
153018555
153018555
153018555
153018555
153037989
153037989
153037989
153037989
153233520
153233520
153233520
153265099
153286898
153286898
153286898
153292420
153292420
153296073
153296073
153296073
153311522
153311522
153375437
153375437
153375437
153375437
153375437
153395580
153395580
153401387
153401387
153401387
153401387
153401387
153401387
153401387
153401387
153480927
153480927
153480927
153480927
153498991
153498991
153498991
153498991
153522889
153522889
153522889
153522889
153522889
153541283
153541283
153541283
153541283
153541283
153541283
153613595
153613595
153699765
153699765
153699765
153699765
153699765
153976772
153976772
153976772
154033871
154033871
154159597
154159597
154159597
154159597
154159597
154159597
154159597
154181337
154181337
154185549
154185549
154185549
154185549
154185549
154185549
154185549
154185549
154185549
154185549
154201264
154201264
154201264
154234962
154234962
154234962
154289662
154330645
154330645
154330645
154330645
154338319
154338319
154338319
154338319
154338319
154345274
154345274
154345274
154345274
154425411
154485999
154503537
154503537
154583958
154593701
154593701
154593701
154593701
154593701
154593701
154593701
154607242
154607242
154644059
154644059
154644059
154644059
154727837
154813574
154813574
154813574
154813574
154813574
154813574
154813574
154813574
154818131
154818131
154818131
154818131
154818131
154818131
154818131
154818131
154818131
154818131
154818131
154818131
154940724
154940724
154940724
154959780
154959780
154968222
154968222
154968222
154968222
154968222
155070673
155087302
155087302
155087302
155099407
155151278
155151278
155273390
155273390
155273390
155273390
155362287
155362287
155362287
155362287
155362287
155362287
155362287
155362287
155362287
155362287
155362287
155362287
155362287
155362287
155362287
155362287
155362287
155362287
155362287
155362287
155420789
155446535
155446535
155446535
155448799
155514638
155611862
155611862
155611862
155611862
155611862
155611862
155611862
155611862
155611862
155611862
155611862
155686647
155821178
155821178
155821178
155821178
155821178
155821178
155821178
155821178
155821178
155821178
155821178
155821178
155821178
155821178
155821178
155821178
155821178
155821178
155821178
155821178
155821178
155821178
155870432
155870432
155870432
155870432
155870432
155870432
155870432
155870432
155870432
155870432
155896391
155896391
155896391
155896391
155896391
156022273
156055402
156099969
156099969
156099969
156102130
156102130
156102130
156102130
156102130
156102130
156128494
156158210
156158210
156158210
156158210
156158210
156158210
156158210
156158210
156176301
156192636
156192636
156192636
156192636
156192636
156208333
156208333
156247392
156247392
156247392
156397625
156397625
156397625
156397625
156449407
156449407
156449407
156449407
156449407
156489691
156489691
156501120
156501120
156501120
156526757
156616208
156678186
156678186
156722953
156722953
156722953
156738569
156738569
156738569
156738569
156738569
156738569
156738569
156738569
156738569
156738569
156738569
156759288
156759288
156786713
156786713
156866092
156866092
156866092
156889458
156889458
156889458
156889458
157005912
157012935
157012935
157012935
157094819
157094819
157094819
157099601
157099601
157099601
157099601
157099601
157099601
157099601
157099601
157099601
157099601
157099601
157105435
157105435
157105435
157187700
157187700
157222190
157222190
157222190
157222190
157278999
157278999
157278999
157278999
157278999
157278999
157278999
157278999
157278999
157278999
157278999
157278999
157278999
157278999
157278999
157278999
157278999
157278999
157278999
157278999
157278999
157308922
157308922
157308922
157308922
157374010
157374010
157428776
157428776
157431037
157614316
157614316
157666247
157690630
157690630
157690630
157702696
157702696
157702696
157702696
157702696
157702696
157705362
157705362
157772925
157772925
157798327
157801751
157801751
157801751
157810912
157931714
157931714
157967469
157967469
157967469
157967469
157967469
157967469
157967469
157967469
157967469
157967469
157967469
157967469
157990748
157990748
157990748
158038834
158038834
158038834
158079095
158079095
158079095
158079095
158079095
158079095
158122848
158122848
158122848
158122848
158122848
158122848
158134453
158134453
158134453
158134453
158134453
158134453
158163029
158279993
158279993
158279993
158279993
158279993
158279993
158378537
158378537
158378537
158378537
158378537
158378537
158378537
158378537
158454219
158454219
158454219
158454219
158454219
158454219
158454219
158454219
158454219
158540448
158540448
158540448
158540448
158540448
158540448
158540448
158604633
158604633
158604633
158620329
158620329
158620329
158639870
158639870
158688097
158688097
158688097
158688097
158688097
158688097
158688097
158688097
158688097
158688097
158766692
158766692
158766692
158766692
158766692
158766692
158766692
158825736
158825736
158825736
158825736
158825736
158825736
158825736
158837994
158850978
158892005
158892005
158892005
159005393
159005393
159005393
159005393
159005393
159005393
159005393
159005393
159005393
159005393
159020134
159020134
159020134
159020134
159020134
159020134
159064053
159064053
159064053
159064053
159064053
159127131
159127131
159144470
159225442
159254629
159254629
159254629
159254629
159254629
159363271
159363271
159363271
159363271
159363271
159363271
159363271
159363271
159363271
159363271
159512078
159514247
159514247
159514247
159514247
159594966
159594966
159594966
159594966
159594966
159607883
159607883
159607883
159607883
159607883
159607883
159607883
159607883
159607883
159617117
159617117
159617117
159617117
159617117
159617117
159652274
159652274
159652274
159652274
159652274
159680036
159680036
159680036
159680036
159680036
159680036
159680036
159680036
159680036
159680036
159688903
159696168
159696168
159778096
159778096
159778096
159778096
159778096
159778096
159778096
159781065
159886924
159886924
159886924
159886924
159886924
159886924
159886924
159931200
159931200
159931200
159931200
159931200
159931200
159931200
159931200
159931200
159931200
160057698
160057698
160057698
160057698
160057698
160057698
160057698
160057698
160221369
160221369
160221369
160221369
160221369
160221369
160221369
160221369
160221369
160371241
160371241
160371241
160371241
160371241
160371241
160542265
160542265
160542265
160631352
160631352
160631352
160631352
160631352
160631352
160631352
160631352
160638595
160712425
160712425
160733846
160733846
160733846
160733846
160733846
160733846
160733846
160733846
160796249
160796249
160796249
160796249
160874692
160874692
160888167
160893285
160906272
160906272
160906272
160906272
160906272
160906272
160906272
160906272
160906272
160906272
160906272
160906272
160925827
160925827
160974695
160974695
160974695
160974695
160974695
160974695
161000489
161043444
161043444
161043444
161043444
161053809
161053809
161053809
161053809
161091899
161091899
161091899
161091899
161091899
161124816
161177069
161177069
161177069
161177069
161177069
161177069
161218394
161218394
161218394
161218394
161218394
161377145
161517272
161517272
161517272
161517272
161651441
161651441
161651441
161651441
161720050
161720050
161720050
161720050
161720050
161720050
161720050
161720050
161720050
161739814
161739814
161739814
161739814
161739814
161739814
161739814
161739814
161813522
161813522
161925218
161925218
161925218
161925218
161925218
161925218
161925218
161925218
161925218
161925218
161925218
161925218
161925218
161925218
161925218
161925218
161925218
161925218
161925218
161988586
162094287
162365631
162365631
162365631
162365631
162365631
162365631
162365631
162365631
162365631
162365631
162365631
162365631
162365631
162398108
162398108
162398108
162398108
162398108
162398108
162398108
162398108
162398108
162398108
162398108
162398108
162398108
162398108
162398108
162398108
162398108
162445861
162462688
162607687
162607687
162607687
162607687
162607687
162607687
162607687
162607687
162607687
162611548
162611548
162611548
162611548
162611548
162611548
162611548
162654341
162654341
162654341
162654341
162654341
162654341
162654341
162654341
162654341
162654341
162700091
162801123
162801123
162801123
162801123
162801123
162801123
162801123
162801123
162803505
162803505
162803505
162803505
162803505
162803505
162803505
162803505
162803505
162803505
162803505
162833434
162833434
162833434
162833434
162833493
162833493
162833493
162833493
162833493
162850153
162850153
162850153
162850153
162850153
162850153
162850153
162861464
162861464
162861464
162861464
162861464
162893363
162893363
162893363
162893363
162893363
162898256
162898256
162898256
162898256
162898256
162898256
162898256
162898256
162908700
162908700
162908700
162908700
162941120
162941120
162941120
162941120
162941120
162941120
162957901
162957901
162957901
162957901
162957901
162957901
162971323
162971323
163074548
163074548
163074548
163074548
163109455
163127684
163127684
163228394
163243604
163243604
163243604
163243604
163243604
163243604
163243604
163243604
163243604
163267849
163267849
163267849
163267849
163267849
163292458
163341134
163341134
163341134
163341134
163341134
163341134
163344193
163344193
163344193
163344193
163344193
163464459
163464459
163464459
163464459
163464459
163464459
163464459
163464459
163464459
163530519
163530519
163530519
163530519
163570762
163590484
163590484
163590484
163590484
163590484
163590484
163590484
163590484
163590484
163617315
163617315
163617315
163617315
163619988
163619988
163619988
163653816
163653816
163657994
163657994
163657994
163657994
163657994
163657994
163657994
163657994
163657994
163657994
163657994
163785070
163785070
163785070
163785070
163785070
163785070
163785070
163785070
163785070
163785070
163785070
163785070
163785070
163785070
163785070
163795110
163795110
163850954
163850954
163850954
163850954
163850954
163850954
163850954
163850954
163850954
163850954
163850954
163850954
163850954
163850954
163850954
163850954
163850954
163850954
163890553
163890553
163890553
163907989
163913234
163917815
163917815
163963212
163963212
163963212
163963212
163963212
164026525
164027084
164027084
164027084
164051538
164110853
164118453
164118453
164118453
164118453
164118453
164146278
164146278
164146278
164196374
164196374
164251632
164251632
164251632
164251632
164251632
164251632
164265773
164265773
164265773
164265773
164265773
164265773
164339381
164339381
164339381
164339381
164339381
164339381
164363441
164363441
164363441
164363441
164368686
164487848
164520554
164520554
164520554
164520554
164570418
164570418
164570418
164570418
164570418
164570418
164570418
164570418
164570418
164570418
164570418
164570418
164570418
164570418
164570418
164570418
164570418
164570418
164570793
164570793
164570793
164570793
164570793
164570793
164570793
164570793
164570793
164570793
164570793
164570793
164570793
164570793
164637899
164637899
164637899
164637899
164655776
164655776
164655776
164655776
164655776
164655776
164655776
164655776
164655776
164655776
164655776
164674513
164674513
164674513
164674513
164674513
164769086
164769086
164769086
164769086
164769086
164769086
164788872
164788872
164788872
164788872
164788872
164788872
164788872
164843511
164843511
164843511
164843511
164843511
164843511
164843511
164843511
164951157
164951157
165104288
165104288
165104288
165104288
165104288
165158456
165158456
165165988
165165988
165165988
165168824
165168824
165201580
165201580
165201580
165201580
165222768
165222768
165222768
165222768
165222768
165251085
165251085
165251085
165251085
165251085
165251085
165251085
165251085
165251085
165251085
165251085
165251085
165251085
165251085
165251085
165251085
165286196
165286196
165286196
165381612
165381612
165381612
165381612
165381612
165381612
165396037
165396037
165499109
165499109
165499109
165499109
165499109
165499109
165502243
165502243
165553638
165553638
165553638
165553638
165639785
165639785
165639785
165639785
165639785
165639785
165639785
165639785
165639785
165639785
165639785
165639785
165639785
165639785
165652563
165666496
165666496
165666496
165666496
165699145
165707528
165708679
165708679
165708679
165708679
165708679
165708679
165708679
165708679
165708679
165797436
165797436
165801462
165801462
165801462
165804415
165804415
165804415
165860498
165860498
165863414
165863414
165882295
165882295
165905311
165905311
165905311
165905311
165905311
165905311
165905311
165905311
165905311
165905311
165905311
165905311
165905311
165960928
165960928
165960928
165960928
165960928
165960928
165960928
165960928
165965239
165966560
166039389
166039389
166039389
166039389
166039389
166039389
166039389
166039389
166039389
166039389
166039389
166039389
166039389
166039389
166244142
166244142
166371477
166371477
166371477
166371477
166371477
166371477
166371477
166371477
166371477
166371477
166371477
166371477
166371477
166371477
166389732
166389732
166389732
166389732
166389732
166389732
166410855
166410855
166410855
166410855
166410855
166410855
166410855
166410855
166525868
166525868
166525868
166525868
166525868
166553596
166571664
166571664
166571664
166571664
166571664
166623022
166623022
166623022
166633024
166633024
166633024
166633024
166633024
166633024
166633024
166633024
166692094
166692094
166692094
166692094
166692094
166692094
166692094
166692094
166692094
166692094
166692094
166692094
166692094
166692094
166692094
166692094
166692094
166692094
166751791
166751791
166751791
166751791
166751791
166751791
166751791
166757479
166835916
166835916
166835916
166835916
166835916
166835916
166835916
166835916
166835916
166835916
166835916
166835916
166835916
166835916
166835916
166835916
166835916
166835916
166835916
166837209
166837209
166837209
166837209
166837209
166837209
166837209
166837209
166864114
166864114
166864114
166864114
166864114
166951206
167045920
167045920
167045920
167051728
167103702
167103702
167103702
167103702
167103702
167103702
167103702
167114834
167114834
167114834
167153271
167153271
167153271
167153271
167153271
167153271
167153271
167153271
167153271
167153271
167153271
167182785
167182785
167182785
167182785
167182785
167182785
167182785
167182785
167196188
167196188
167196188
167253629
167253629
167253629
167328448
167450072
167489827
167489827
167489827
167489827
167544128
167578484
167578484
167606194
167606194
167606194
167625401
167625401
167625401
167628081
167628081
167628081
167628081
167628081
167628081
167678621
167678621
167681561
167681561
167796311
167807989
167807989
167807989
167807989
167828466
167828466
167828466
167828466
167828466
167828466
167828466
167828466
167828466
167828466
167828466
167828466
167828466
167884652
167884652
167884652
167884652
167951186
167961488
167961488
167961488
167961488
167995007
167995007
167995007
168052005
168052005
168052005
168073151
168073151
168073151
168073151
168073151
168073151
168125790
168125790
168125790
168125790
168125790
168125790
168125790
168125790
168125790
168174621
168174621
168174621
168174621
168174621
168174621
168174621
168174621
168174621
168174621
168174621
168203597
168203597
168203597
168203597
168203597
168203597
168257003
168271287
168314880
168314880
168314880
168314880
168314880
168314880
168314880
168314880
168314880
168314880
168314880
168314880
168361139
168361139
168361139
168361139
168361139
168381834
168387039
168406348
168406348
168406348
168406348
168406348
168406348
168406946
168406946
168406946
168424872
168424872
168424872
168424872
168424872
168424872
168424872
168424872
168424872
168449574
168449574
168449574
168449574
168471190
168471190
168471190
168494330
168494330
168494330
168494330
168494330
168494330
168494330
168494330
168494330
168531205
168594096
168594096
168594096
168594096
168594096
168594096
168594096
168594096
168594096
168603317
168603317
168617152
168617152
168617152
168617152
168617152
168617152
168630503
168630503
168630503
168640833
168640833
168667125
168667125
168667125
168667125
168689034
168689034
168689034
168689034
168689034
168689034
168689034
168689034
168689034
168900567
168900567
168900567
168919811
168919811
168919811
168919811
168919811
168919811
168919811
168919811
168919811
168935935
168941568
168941568
168941568
168941568
168941568
168941568
168941568
168941568
168941568
168941568
168941568
168941568
168941568
168941568
169004901
169004901
169004901
169004901
169004901
169004901
169004901
169004901
169004901
169004901
169004901
169004901
169004901
169004901
169004901
169004901
169004901
169004901
169004901
169004901
169005671
169005671
169029066
169029066
169029066
169029066
169029066
169029066
169029066
169029066
169029066
169050889
169050889
169050889
169050889
169050889
169050889
169050889
169050889
169050889
169050889
169050889
169050889
169050889
169050889
169050889
169119803
169119803
169119803
169119803
169119803
169119803
169119803
169119803
169148899
169151486
169151486
169151486
169156705
169183400
169332350
169361318
169361318
169361318
169361318
169361318
169361318
169361318
169361318
169361318
169361318
169361318
169361318
169361318
169361368
169361368
169361368
169361368
169361368
169362056
169372416
169372416
169396792
169396792
169396792
169396792
169396792
169396792
169396792
169396792
169396792
169396792
169396792
169396792
169396792
169396792
169396792
169396792
169396792
169396792
169396792
169396792
169439233
169616905
169616905
169616905
169632451
169632451
169632451
169632451
169632451
169632451
169632451
169632451
169632451
169632451
169632451
169632451
169632451
169632451
169642011
169642011
169642011
169642011
169642011
169642011
169642011
169642011
169642011
169642011
169642011
169642011
169642011
169642011
169642011
169642011
169642011
169642011
169644938
169644938
169644938
169644938
169644938
169644938
169676802
169676802
169676802
169676802
169676802
169676802
169676802
169676802
169701709
169701709
169701709
169701709
169701709
169701709
169701709
169701709
169701709
169701709
169701709
169701709
169701709
169701709
169701709
169701709
169701709
169701709
169701709
169701709
169703690
169703690
169703690
169703690
169703690
169703690
169742340
169742340
169742340
169742340
169742340
169742340
169742340
169742340
169772049
169772049
169821354
169821354
169821354
169821354
169821354
169821354
169821354
169821354
169821354
169885281
169885281
169931129
169931129
169931129
169950491
169950491
169950491
169950491
169950491
169950491
169950491
169950491
169950491
169950491
169950491
169950491
169951758
169968267
169968267
169974960
169974960
169974960
169974960
169974960
169974960
169974960
169974960
169974960
169974960
169974960
169974960
169974960
169974960
169974960
169976471
169976471
169976471
169976471
169976471
169976471
170007208
170007208
170017823
170017823
170017823
170066519
170066519
170066519
170066519
170066519
170066519
170066519
170121219
170121219
170121219
170184038
170184038
170184038
170184038
170184038
170184038
170184038
170184038
170184038
170184038
170184038
170184038
170184038
170184038
170184038
170184038
170184038
170184038
170184038
170184038
170184038
170184038
170224198
170224198
170238506
170238506
170238506
170238506
170238506
170238506
170238506
170238506
170238506
170238506
170238506
170238506
170238506
170289331
170289331
170289331
170289331
170313993
170313993
170393099
170393099
170393099
170393099
170412386
170412386
170412386
170412386
170412386
170412386
170506744
170506744
170506744
170506744
170506744
170506744
170509703
170510062
170510062
170510062
170510062
170510062
170510062
170514039
170524219
170524219
170524219
170557524
170557524
170557524
170557524
170714353
170729751
170729751
170729751
170729751
170729751
170729751
170729751
170729751
170729751
170729751
170729751
170729751
170729751
170729751
170729751
170729751
170729751
170729751
170729751
170729751
170729751
170729751
170729751
170729751
170729751
170729751
170729751
170729751
170729751
170729751
170729751
170729751
170729751
170729751
170729751
170729751
170729751
170729751
170729751
170729751
170729751
170729751
170729751
170729751
170780497
170780497
170780497
170780497
170780497
170780497
170780497
170780497
170780497
170780497
170780497
170780497
170780497
170780497
170780497
170780497
170780497
170805507
170805507
170805507
170805507
170805507
170805507
170816559
170822302
170822302
170841882
170841882
170881126
170881126
170881126
170881126
170881126
170908446
171024074
171024074
171024074
171024074
171024074
171024074
171024074
171024074
171024074
171024074
171024074
171024074
171024074
171043696
171043696
171043696
171043696
171043696
171043696
171043696
171043696
171043696
171043696
171043696
171043696
171043696
171043696
171043696
171057579
171057579
171057579
171057579
171057579
171057579
171057579
171074680
171124916
171124916
171124916
171124916
171124916
171127498
171127498
171127498
171129047
171129047
171129047
171129047
171129047
171129047
171129047
171129047
171129047
171129047
171129047
171129047
171129047
171129047
171129047
171129047
171129047
171129047
171129047
171129047
171129047
171174948
171174948
171174948
171174948
171174948
171174948
171174948
171174948
171174948
171174948
171203835
171203835
171203835
171203835
171203835
171203835
171203835
171203835
171203835
171203835
171203835
171249021
171249021
171249021
171249021
171279234
171279234
171279234
171279234
171297713
171297713
171388724
171388724
171388724
171388724
171516368
171516368
171516368
171516368
171516368
171516368
171571284
171571284
171571284
171571284
171571284
171571284
171571284
171571284
171571284
171571284
171571284
171571284
171571284
171571284
171571284
171571284
171571284
171587664
171587664
171587664
171617255
171652317
171652317
171729978
171729978
171729978
171729978
171729978
171729978
171729978
171729978
171729978
171729978
171729978
171729978
171729978
171734776
171734776
171734776
171734776
171734776
171734776
171734776
171752914
171752914
171752914
171752914
171752914
171880440
171880440
171880440
171880440
171880440
171880440
171880440
171880440
171880440
171880440
171880440
171889946
171889946
171889946
171889946
171889946
171889946
171889946
171889946
171889946
171894928
171894928
171894928
171894928
171894928
171894928
171894928
171894928
171894928
171894928
171894928
171894928
171894928
171894928
171895607
171895607
171895607
171895607
171895607
171895607
171950695
171972682
171972682
171972682
172020628
172020628
172020628
172020628
172020628
172020628
172020628
172020628
172020628
172020628
172020628
172020628
172038117
172038117
172038117
172038117
172038117
172038117
172038117
172038117
172038117
172038117
172038117
172038117
172038117
172038117
172038117
172038117
172038117
172038117
172038117
172038117
172038117
172113511
172113511
172145159
172145159
172145159
172145159
172145159
172145159
172145159
172145159
172145159
172150906
172150906
172150906
172150906
172150906
172150906
172150906
172150906
172150906
172150906
172150906
172150906
172150906
172150906
172217429
172217429
172217429
172217429
172217429
172217429
172217429
172217429
172217429
172217429
172217429
172217429
172217429
172217429
172217429
172217429
172217429
172217429
172217429
172217429
172217429
172261191
172261191
172261191
172261191
172261191
172261191
172261191
172261191
172261191
172261191
172261191
172261191
172261191
172315916
172315916
172315916
172315916
172372322
172402941
172402941
172402941
172402941
172402941
172402941
172416954
172416954
172416954
172416954
172416954
172447343
172447343
172447343
172447343
172447343
172447343
172447343
172447343
172447343
172447343
172447343
172447343
172447343
172450367
172450367
172476713
172476713
172551103
172551103
172551103
172551103
172551103
172596418
172596418
172600387
172600387
172614757
172614757
172614757
172614757
172614757
172614757
172614757
172614757
172614757
172614757
172614757
172614757
172614757
172614757
172614757
172614757
172614757
172614757
172614757
172648372
172648372
172648372
172648372
172648372
172648372
172648372
172648372
172648372
172648372
172648372
172648372
172648372
172648372
172648372
172648372
172648372
172648372
172648372
172666955
172666955
172666955
172681958
172681958
172681958
172681958
172681958
172681958
172681958
172681958
172710773
172710773
172713170
172713170
172713170
172747523
172792595
172792595
172792595
172792595
172792595
172905623
172905623
172905623
172905623
172905623
172905623
172905623
172905623
172905623
172905623
172905623
172905623
172961074
172961074
172961074
172961074
172961074
172961074
172961074
172961074
172961074
172961074
172961074
172961074
172961074
172961074
172961074
172961074
172961074
172961074
172961074
173026419
173026419
173026419
173026419
173026419
173026419
173026419
173072888
173072888
173072888
173122381
173123036
173123036
173123036
173123036
173123036
173219576
173219576
173219576
173219576
173260760
173260760
173260760
173290073
173290073
173290073
173290073
173290073
173290073
173300277
173300277
173300277
173300277
173300277
173300277
173300277
173300277
173300277
173346036
173346036
173346036
173410912
173410912
173410912
173410912
173410912
173418681
173427994
173427994
173427994
173427994
173427994
173428709
173428709
173428709
173428709
173428709
173428709
173428709
173428709
173428709
173428709
173428709
173428709
173428709
173428709
173428709
173428709
173439101
173439101
173519237
173617635
173617635
173617635
173635077
173635077
173635077
173635077
173635077
173635077
173635077
173635077
173635077
173635077
173635077
173635077
173635077
173635077
173635077
173675066
173675066
173675066
173749786
173749786
173749786
173749786
173749786
173749786
173749786
173749786
173766399
173766399
173793114
173793114
173793114
173793114
173793114
173793114
173793114
173793114
173793114
173793114
173793114
173793114
173793114
173793383
173793383
173793383
173793383
173802676
173802676
173826019
173826019
173826019
173826019
173826019
173826019
173826019
173826019
173826019
173826019
173826019
173826019
173826019
173826019
173826019
173826019
173826019
173826019
173826019
173826019
173837968
173839539
173886878
173886878
173886878
173886878
174022657
174025073
174025073
174025073
174025073
174025073
174025073
174025073
174025073
174025073
174025073
174025073
174025073
174025073
174025073
174025073
174025073
174025073
174025073
174025073
174025073
174025073
174025073
174025073
174025073
174025073
174025073
174025073
174025073
174025073
174025073
174025073
174025073
174025073
174025073
174025073
174025073
174025073
174085821
174085821
174085821
174085821
174085821
174085821
174085821
174085821
174085821
174085821
174085821
174085821
174085821
174085821
174085821
174085821
174085821
174085821
174085821
174085821
174085821
174098984
174098984
174098984
174098984
174098984
174098984
174199102
174199102
174199102
174199102
174212446
174212446
174212446
174212446
174269573
174269573
174269573
174269573
174269573
174269573
174326414
174326414
174360304
174360304
174360304
174360304
174360304
174360304
174360304
174360304
174360304
174360304
174360304
174360304
174360304
174388750
174388750
174391124
174391124
174391124
174391124
174391124
174391124
174391124
174391124
174391124
174391124
174428185
174428185
174428185
174428185
174428185
174428185
174428185
174428185
174428185
174428185
174428185
174428185
174428185
174460303
174460303
174460303
174460303
174460303
174460303
174460303
174460303
174460303
174460303
174460303
174460303
174460303
174460303
174460303
174460303
174532648
174532648
174532648
174532648
174532648
174532648
174532648
174532648
174532648
174532648
174532648
174532648
174539161
174539161
174551281
174551281
174551281
174551281
174573744
174573744
174573744
174573744
174573744
174573744
174573744
174573744
174573744
174578450
174578450
174585198
174585198
174585198
174585198
174585198
174585198
174585198
174585198
174585198
174593129
174593129
174630562
174630562
174630562
174630562
174630562
174630562
174630562
174630562
174630562
174630562
174630562
174630562
174640146
174640146
174640146
174640146
174640146
174640146
174641451
174641451
174641451
174641451
174641451
174641451
174641451
174665552
174665552
174694361
174694361
174694361
174746907
174746907
174746907
174746907
174746907
174746907
174749370
174749370
174749370
174760552
174760552
174760552
174775469
174775469
174775469
174775469
174775469
174775469
174775469
174775469
174775469
174775469
174775469
174775469
174775469
174775469
174775469
174775469
174775469
174775469
174775469
174775469
174775469
174775469
174775469
174775469
174775469
174775469
174828908
174860765
174860765
174903202
174903202
174903202
174922856
174922856
174922856
174927255
174956871
174956871
174956871
174956871
175019832
175019832
175019832
175019832
175019832
175044668
175044668
175044668
175044668
175044668
175044668
175044668
175044668
175213707
175213707
175278330
175278330
175278330
175278330
175301076
175338855
175338855
175338855
175338855
175338855
175343658
175343658
175343658
175343658
175343658
175343658
175441230
175441230
175441230
175441230
175441230
175441230
175485584
175485584
175485584
175485584
175485584
175485584
175485584
175485584
175485584
175485584
175490166
175490166
175589778
175589778
175602009
175602009
175602009
175602009
175602009
175602009
175602009
175602009
175609621
175609621
175609621
175609621
175609621
175609621
175609621
175609621
175609621
175631662
175631662
175650074
175650074
175650074
175650074
175650074
175650074
175650074
175650074
175650074
175665138
175665138
175665138
175665138
175665138
175679564
175679564
175679564
175679564
175679564
175679564
175679564
175679564
175709815
175709815
175773852
175773852
175773852
175773852
175773852
175773852
175773852
175773852
175773852
175773852
175773852
175773852
175773852
175785190
175785190
175785190
175785190
175811332
175835019
175835019
175835019
175835019
175835019
175835019
175835019
175835019
175835019
175847421
175847421
175872410
175872410
175872410
175872410
175872410
175872410
175872410
175872410
175872410
175872410
175872410
175872410
175872410
175872410
175872410
175872410
175921138
175921138
175921138
175921138
175921138
175938211
175938211
175938211
175938211
175938211
175938211
175975799
175975799
175975799
175976846
175976846
175976846
175976846
175976846
175976846
175976846
175976846
175976846
175976846
175976846
175976846
175976846
175976846
175976846
175976846
175976846
175976846
175976846
175976846
175976846
175976846
176007539
176007539
176007539
176007539
176007539
176007539
176007539
176007539
176017754
176017754
176017754
176017754
176017754
176017754
176017754
176029737
176058066
176090558
176090558
176090558
176120988
176120988
176120988
176120988
176120988
176120988
176120988
176120988
176132339
176132339
176132339
176132339
176132339
176132339
176132339
176132339
176132339
176132339
176132339
176132339
176132339
176132339
176132339
176132339
176132339
176132339
176138251
176138251
176138251
176138251
176138251
176138251
176138251
176138251
176138251
176138251
176157881
176157881
176157881
176157881
176157881
176157881
176157881
176174394
176174394
176174394
176174394
176174394
176174394
176174394
176174394
176174394
176174394
176175067
176175067
176175067
176175067
176175067
176201205
176201205
176201205
176201205
176229624
176229624
176229624
176229624
176229624
176229624
176229624
176229624
176229624
176242349
176242349
176242349
176242349
176242349
176242349
176256907
176286059
176286059
176286059
176286059
176286059
176286059
176286059
176302745
176302745
176302745
176302745
176302745
176302745
176302745
176302745
176302745
176302745
176302745
176302745
176302745
176302745
176302745
176302745
176302745
176302745
176347146
176347146
176347146
176347146
176347146
176347146
176347146
176347146
176347146
176442716
176442716
176442716
176455929
176455929
176455929
176455929
176534469
176687611
176687611
176687611
176687611
176687611
176687611
176687611
176687611
176687611
176687611
176687611
176696460
176734818
176734818
176734818
176734818
176774524
176774524
176774524
176774524
176774524
176774524
176774524
176774524
176781782
176781782
176781782
176789725
176789725
176796984
176796984
176796984
176796984
176796984
176807134
176807134
176807134
176807134
176812643
176812643
176822377
176822377
176822377
176822377
176822377
176822377
176826277
176826277
176826277
176826277
176826277
176826277
176826277
176826277
176826277
176868386
176868386
176868386
176868386
176868386
176868386
176868386
176868386
176868386
176868386
176868386
176868386
176868386
176868386
176868386
176868386
176868386
176868386
176868386
176868386
176868386
176884665
176913801
176913801
176913801
176913801
176913801
176913801
176913801
176913801
176946121
176946121
176946121
176946121
176950237
176950237
176950237
176950237
176950237
176950237
176950237
176950237
176950237
176950237
176951869
176951869
176951869
176951869
176951869
176951869
176951869
176951869
176951869
176951869
176951869
176951869
176951869
176951869
176951869
177018214
177018214
177018214
177018214
177018214
177018214
177029173
177029173
177029173
177070825
177070825
177070825
177070825
177070825
177070825
177070825
177070825
177070825
177070825
177160451
177160451
177160451
177160451
177160451
177160451
177160451
177160451
177160451
177160451
177245541
177245541
177256072
177256072
177256072
177256072
177256072
177256072
177256072
177256072
177302765
177302765
177302765
177328723
177328723
177328723
177328723
177328723
177328723
177328723
177328723
177328723
177328723
177328723
177328723
177328723
177328723
177328723
177328723
177328723
177328723
177328723
177328723
177328723
177328723
177328723
177328723
177328723
177328723
177369381
177369381
177369381
177369381
177369381
177369381
177369381
177369381
177369381
177369381
177369381
177369381
177369381
177369381
177369381
177389754
177390097
177417209
177417209
177417209
177417209
177417209
177417209
177417209
177417209
177417209
177420038
177420038
177420038
177420038
177420038
177420038
177420038
177420038
177420038
177420038
177420038
177420038
177420038
177420038
177420038
177420038
177420038
177420038
177443396
177443396
177443396
177443396
177443396
177443396
177447366
177447366
177447366
177447366
177447366
177447366
177447366
177447366
177447366
177447366
177447366
177447366
177451053
177451053
177451053
177451053
177451053
177451053
177466925
177466925
177466925
177466925
177466925
177466925
177466925
177466925
177466925
177466925
177466925
177466925
177466925
177466925
177466925
177466925
177484800
177484800
177484800
177484800
177484800
177484800
177484800
177484800
177484800
177484800
177486424
177486424
177486424
177486424
177486424
177486424
177486424
177507716
177507716
177507716
177507716
177507716
177507716
177507716
177507716
177507716
177507716
177507716
177507716
177507716
177507716
177514675
177514675
177514675
177514675
177514675
177514675
177514675
177514675
177514675
177514675
177514675
177514675
177514675
177514675
177514675
177514675
177514675
177514675
177514675
177514675
177514675
177514675
177514675
177514675
177514675
177520433
177520433
177520433
177520433
177520433
177520433
177520433
177520433
177520433
177520433
177520433
177520433
177520433
177527345
177527345
177527345
177527345
177527345
177527345
177527345
177587403
177587403
177587403
177597294
177597294
177597294
177597294
177597294
177597294
177597294
177597294
177597294
177597294
177597294
177597294
177597294
177597294
177597294
177597294
177597294
177597294
177597294
177597294
177597294
177616022
177616022
177616022
177616022
177616022
177616022
177616022
177616022
177616022
177623687
177623687
177623687
177657108
177657108
177657108
177657108
177692661
177692661
177692661
177692661
177692661
177692661
177760709
177760709
177760709
177760709
177772823
177772823
177772823
177772823
177772823
177821295
177821295
177821295
177821295
177821295
177821295
177821295
177821295
177821295
177831138
177831138
177831138
177831138
177831138
177831138
177831138
177832443
177832443
177832443
177832443
177832443
177832443
177832443
177849529
177886261
177997362
177997362
177997362
177997362
177997362
177997362
177997362
177997362
177997362
177997362
177997362
177997362
177997362
177997362
177997362
177997362
177997362
177997362
177997362
177997362
177997362
177997362
177997362
177997362
177997362
177997362
177997362
177997362
177997362
177997362
177997362
177997362
178015350
178015350
178015350
178015350
178015350
178035546
178035546
178035546
178035546
178035546
178035546
178035546
178035546
178035546
178035546
178035546
178035546
178035546
178035546
178035546
178035546
178035546
178035546
178077277
178077277
178077277
178077277
178077277
178077277
178077277
178077277
178077277
178088617
178088617
178088617
178088617
178088617
178088617
178088617
178088617
178088617
178088617
178156458
178156458
178156458
178156458
178156458
178190924
178190924
178242971
178242971
178242971
178242971
178242971
178242971
178279059
178279059
178279059
178279059
178285459
178285459
178285459
178285459
178285459
178328699
178328699
178328699
178328699
178328699
178328699
178328699
178328699
178328699
178328699
178328699
178328699
178328699
178328699
178328699
178337578
178337578
178337578
178337578
178372356
178377648
178377648
178377648
178377648
178377648
178377648
178397078
178397078
178397078
178397078
178438574
178438574
178470384
178470384
178475390
178475390
178475390
178475390
178475390
178475390
178475390
178475390
178475390
178481605
178481605
178481605
178481605
178481605
178481605
178481605
178481605
178481605
178481605
178481605
178481605
178481605
178481605
178481605
178481605
178481605
178481605
178481605
178481605
178481605
178481605
178481605
178481605
178481605
178481605
178484525
178484525
178484525
178538923
178538923
178538923
178538923
178538923
178538923
178538923
178538923
178538923
178542753
178542753
178542753
178542753
178542753
178542753
178542753
178542753
178542753
178542753
178542753
178542753
178542753
178542753
178542753
178542753
178542753
178571712
178571712
178571712
178571712
178571712
178571712
178571712
178572465
178577331
178577331
178577331
178577331
178577331
178577331
178577331
178577331
178577331
178577331
178679580
178679580
178679580
178679580
178679580
178679580
178679580
178679580
178679580
178679580
178679580
178679580
178679580
178679580
178679580
178679580
178752503
178752503
178752503
178784196
178784196
178784196
178784196
178784196
178784196
178784196
178784196
178784196
178784196
178784196
178784196
178784196
178784196
178795812
178795812
178795812
178795812
178795812
178795812
178795812
178795812
178795812
178795812
178795812
178795812
178795812
178795812
178795812
178795812
178795812
178795812
178795812
178795812
178795812
178795812
178795812
178795812
178795812
178795812
178795812
178795812
178795812
178795812
178795812
178795812
178795812
178795812
178795812
178795812
178795812
178795812
178795812
178795812
178795812
178795812
178795812
178795812
178795812
178819002
178819002
178819002
178819002
178819002
178850592
178850592
178850592
178888742
178888742
178888742
178888742
178888742
178888742
179007377
179007377
179007377
179007377
179007377
179007377
179007377
179071612
179071612
179071612
179071612
179071612
179071612
179071612
179071612
179071612
179071612
179071612
179071612
179071612
179071612
179071612
179071612
179071612
179071612
179071612
179071612
179071612
179071612
179071612
179071612
179071612
179071612
179071612
179071612
179071612
179071612
179071612
179071612
179071612
179071612
179071612
179071612
179071612
179121467
179121467
179121467
179121467
179129872
179129872
179129872
179129872
179129872
179129872
179129872
179129872
179129872
179129872
179129872
179129872
179129872
179129872
179150734
179150734
179150734
179150734
179170300
179170300
179188814
179188814
179188814
179191782
179191782
179191782
179191782
179191782
179191782
179191782
179191782
179191782
179191782
179191782
179191782
179191782
179191782
179191782
179191782
179202168
179202168
179202168
179202168
179202168
179202168
179202168
179202168
179202168
179202168
179203466
179206098
179206098
179206098
179206098
179207332
179207332
179207332
179208452
179208452
179208452
179208452
179208452
179208452
179208452
179208452
179208452
179208452
179208452
179208452
179208452
179208452
179208452
179208452
179208452
179208452
179208452
179208452
179208452
179208452
179208452
179208452
179208452
179208452
179208452
179208452
179208452
179208452
179208452
179208452
179208452
179208452
179208452
179208452
179208452
179208452
179208452
179208452
179208452
179208452
179229088
179229088
179229088
179233276
179233276
179233276
179233276
179233276
179233276
179233276
179233276
179233276
179233276
179233276
179233276
179233276
179233276
179233276
179233276
179246833
179246833
179246833
179246833
179246833
179246833
179246833
179246833
179246833
179246833
179246833
179246833
179246833
179246833
179246833
179246833
179246833
179246833
179246833
179246833
179246833
179246833
179246833
179246833
179246833
179246833
179246833
179246833
179246833
179246833
179246833
179246833
179246833
179246833
179246833
179246833
179246833
179246833
179246833
179246833
179246833
179246833
179246833
179259214
179259214
179259214
179259214
179259214
179259214
179259214
179259712
179259712
179259712
179259712
179259712
179259712
179259712
179369666
179369666
179369666
179369666
179369666
179369666
179369666
179369666
179449930
179449930
179449930
179449930
179449930
179449930
179449930
179449930
179449930
179449930
179449930
179449930
179449930
179449930
179449930
179449930
179449930
179449930
179449930
179449930
179449930
179449930
179449930
179472736
179472736
179472736
179472736
179472736
179472736
179472736
179472736
179472736
179472736
179472736
179472736
179472736
179472736
179472736
179472736
179472736
179485948
179485948
179485948
179485948
179499699
179499699
179499699
179499699
179499699
179499699
179499699
179499699
179499699
179499699
179499699
179499699
179499699
179499699
179505637
179505637
179505637
179505637
179505637
179523364
179523364
179523364
179523364
179523364
179523364
179523364
179523364
179545598
179545598
179545598
179545598
179545598
179545598
179545598
179567073
179567073
179567073
179567073
179567073
179567073
179612376
179612376
179612376
179612376
179612376
179612376
179612376
179612376
179612376
179612376
179612376
179612376
179612376
179612376
179612376
179612376
179612376
179612805
179612805
179612805
179612805
179612805
179612805
179612805
179644729
179644729
179648644
179648644
179648644
179648644
179648644
179648644
179648644
179648644
179648644
179648644
179648644
179648644
179648644
179648644
179648644
179648644
179648644
179654248
179654248
179654248
179654248
179654248
179654248
179654248
179654248
179654248
179654248
179654248
179654248
179654248
179654248
179659181
179659181
179659181
179745434
179757269
179849674
179860675
179860675
179860675
179860675
179860675
179860675
179940753
179940753
179940753
179940753
179989256
179989256
179989256
179989256
179989256
179989256
179989256
179989256
179989256
179989256
179989256
179989256
180013837
180013837
180013837
180013837
180013837
180029561
180029561
180029561
180029561
180029561
180046904
180122121
180122121
180122121
180146496
180146496
180146496
180146496
180146496
180146496
180146496
180146496
180146496
180146496
180146496
180146496
180146496
180146496
180146496
180146496
180146496
180146496
180146496
180146496
180149238
180154481
180154481
180154481
180154481
180154481
180154481
180154481
180154481
180154481
180154481
180154481
180154481
180154481
180154481
180154481
180154481
180154481
180154481
180154481
180154481
180154481
180154481
180154481
180154481
180154481
180154481
180154481
180154481
180154481
180154481
180155945
180215578
180242012
180242012
180242012
180242012
180242012
180242012
180242012
180242012
180242012
180242012
180242012
180242012
180242012
180242012
180242012
180242012
180242012
180242012
180242012
180242012
180242012
180242012
180242012
180242012
180242012
180242012
180242012
180242012
180242012
180242012
180242012
180242012
180242012
180242012
180251433
180251433
180251433
180251433
180251433
180251433
180251433
180251433
180251433
180251433
180251433
180251433
180251433
180251433
180251433
180288951
180288951
180301410
180301410
180301410
180301410
180301410
180301410
180301410
180301410
180301410
180301410
180301410
180301410
180301410
180301410
180301410
180351279
180351279
180351279
180351279
180351279
180351279
180351279
180351279
180351279
180353051
180353051
180353051
180353051
180353051
180353051
180353051
180353051
180400378
180408746
180408746
180408746
180408746
180408746
180408746
180408746
180408746
180408746
180408746
180408746
180408746
180443446
180443446
180443446
180443446
180443446
180443446
180443446
180443446
180443446
180443446
180443446
180443446
180443446
180443446
180443446
180443446
180443446
180443446
180443446
180443446
180449136
180449136
180449136
180449136
180449136
180449136
180449136
180449136
180449136
180524409
180524409
180524409
180524409
180524409
180524409
180524409
180538534
180538534
180538534
180538534
180538534
180538534
180538534
180538534
180538534
180538534
180538534
180538534
180538534
180538534
180596997
180596997
180596997
180596997
180596997
180596997
180596997
180596997
180596997
180596997
180596997
180596997
180596997
180596997
180596997
180596997
180596997
180596997
180596997
180596997
180596997
180596997
180596997
180596997
180596997
180596997
180596997
180611410
180611410
180611410
180611410
180611410
180611410
180611410
180611410
180611410
180611410
180611410
180611410
180611410
180611410
180611410
180611410
180611410
180611410
180611410
180611410
180611410
180611410
180611410
180611410
180611410
180611410
180611410
180611410
180611410
180611410
180611410
180625136
180625136
180625136
180692835
180692965
180692965
180692965
180692965
180692965
180692965
180692965
180692965
180692965
180692965
180692965
180692965
180692965
180692965
180692965
180692965
180692965
180744522
180744522
180744522
180744522
180744522
180744522
180744522
180744522
180744522
180763417
180763417
180763417
180763417
180763417
180763417
180763417
180763417
180763417
180763417
180763417
180763417
180763417
180763417
180763417
180763417
180763417
180763417
180763417
180763417
180763417
180763417
180763417
180763417
180763417
180763417
180763417
180775797
180775797
180775797
180775797
180775797
180775797
180775797
180775797
180775797
180830333
180830333
180830333
180830333
180830333
180864260
180864260
180864260
180864260
180864260
180865184
180865184
180865184
180866103
180879143
180879143
180879143
180879143
180879143
180879143
180879143
180879143
180903002
180903002
180903002
180903002
180903002
180935696
180935696
180935696
180935696
180935696
180935696
180935696
180935696
180935696
180935696
180935696
180935696
180935696
180935696
180935696
180935696
180935696
180935696
180935696
180935696
180935696
180935696
181007626
181016447
181016447
181020559
181020559
181020559
181020559
181020559
181020559
181020559
181020559
181020559
181020559
181020559
181020559
181020559
181020559
181020559
181020559
181048983
181048983
181071570
181071570
181071570
181071570
181071570
181071570
181071570
181073979
181073979
181073979
181073979
181073979
181073979
181073979
181073979
181073979
181073979
181073979
181073979
181079491
181079491
181079491
181079491
181079491
181079491
181079491
181079491
181079491
181113050
181114578
181114578
181114578
181114578
181114578
181114578
181135035
181135035
181135035
181135035
181135035
181135035
181135035
181135035
181135035
181135035
181135035
181135035
181135035
181135035
181135035
181135035
181135035
181135035
181135035
181135035
181170820
181170820
181170820
181170820
181170820
181170820
181170820
181170820
181170820
181170820
181170820
181170820
181170820
181170820
181170820
181170820
181170820
181170820
181170820
181189698
181189698
181189698
181189698
181189698
181189698
181189698
181189698
181189698
181189698
181189698
181189698
181189698
181189698
181189698
181189698
181193521
181193521
181194674
181194674
181194674
181194674
181194674
181194674
181194674
181220049
181220049
181220049
181220049
181220049
181220049
181220049
181220049
181244140
181244140
181258477
181295556
181295556
181295556
181295556
181295556
181295556
181295556
181295556
181303973
181303973
181303973
181303973
181303973
181303973
181303973
181303973
181303973
181303973
181303973
181303973
181303973
181303973
181303973
181303973
181303973
181303973
181303973
181303973
181303973
181303973
181303973
181303973
181303973
181303973
181303973
181303973
181303973
181303973
181303973
181306817
181306817
181306817
181306817
181306817
181306817
181306817
181306817
181306817
181306817
181361458
181361458
181361458
181361458
181361458
181361458
181361458
181455783
181477470
181477470
181477470
181477470
181477470
181477470
181477470
181477470
181477470
181477470
181477470
181477470
181477470
181477470
181477470
181477470
181477470
181477470
181477470
181477470
181477470
181477470
181477470
181477470
181477470
181477470
181477470
181477470
181477470
181477470
181477470
181477470
181477470
181477470
181477470
181478502
181478502
181478502
181478502
181522063
181522063
181522063
181522063
181522063
181522063
181522063
181522063
181522063
181522063
181522063
181522063
181522063
181522063
181522063
181522063
181522063
181522063
181534322
181534322
181534322
181534322
181534322
181534322
181534322
181534322
181534322
181534322
181534322
181534322
181534322
181534322
181534322
181534322
181543896
181554187
181554187
181554187
181554187
181554187
181626476
181626476
181626476
181626476
181626476
181627099
181627099
181627099
181627099
181627099
181627099
181627099
181627099
181627099
181627099
181627099
181627099
181627099
181627099
181627099
181627099
181627099
181627099
181627099
181627099
181627099
181627099
181627099
181627099
181627099
181627099
181627099
181691400
181691400
181691400
181691400
181691400
181691400
181691400
181691400
181813623
181813623
181813623
181813623
181813623
181834835
181834835
181834835
181869464
181869464
181869464
181869464
181869464
181869464
181869464
181872354
181872354
181872354
181872354
181872354
181872354
181872354
181872354
181872354
181872354
181872354
181903871
181903871
181903871
181903871
181903871
181903871
181903871
181903871
181903871
181903871
181903871
181903871
181903871
181903871
181903871
181903871
181903871
181903871
181903871
181903871
181903871
181903871
181903871
181906189
181906189
181906189
181913592
181913592
181913592
181913592
181913592
181913592
181913592
181913592
181913592
181958130
181958130
181958130
181984502
181984502
181984502
181984502
181990371
181990371
181990371
181990371
181990371
181990371
181990371
181990371
181990371
181990371
181990371
181990371
181990371
181990371
181990371
181990371
181990371
181990371
181990371
181990371
181990371
181990371
181990371
182020846
182024468
182024468
182031038
182031038
182031038
182031038
182031038
182041387
182041387
182041387
182042591
182042591
182042591
182042591
182042591
182042591
182042591
182042591
182042591
182042591
182042591
182042591
182042591
182042591
182042591
182042591
182042591
182042591
182042591
182042591
182042591
182042591
182042591
182042591
182042591
182042591
182042591
182057382
182057382
182057382
182057382
182057382
182057382
182057382
182057382
182057382
182057382
182057382
182057382
182057382
182057382
182057382
182057382
182057382
182057382
182057382
182057382
182057382
182057382
182057382
182072312
182072312
182072312
182072312
182072312
182072312
182081930
182081930
182081930
182081930
182081930
182081930
182081930
182081930
182154627
182154627
182154627
182154627
182154627
182154627
182154627
182154627
182154627
182154627
182154627
182154627
182187664
182187664
182187664
182202776
182202776
182202776
182202776
182202776
182202776
182202776
182202776
182202776
182202776
182202776
182221858
182221858
182221858
182221858
182221858
182257133
182257133
182257133
182257133
182257133
182257133
182257133
182257133
182257133
182257133
182257133
182257133
182257133
182257133
182257133
182257133
182257133
182257133
182257133
182257133
182257133
182257133
182257133
182257133
182257133
182257133
182257133
182257133
182257133
182257133
182257133
182257133
182257133
182257133
182257133
182257133
182257133
182258227
182258227
182258227
182258227
182258227
182258227
182258227
182258227
182258227
182258227
182258227
182258227
182330130
182330130
182330130
182330130
182330130
182330130
182330130
182330130
182330130
182330130
182330130
182334435
182334435
182334435
182334435
182334435
182334435
182334435
182334435
182334435
182334435
182334435
182426047
182426047
182426047
182426047
182426047
182457576
182457576
182457576
182457576
182457576
182457576
182457576
182457576
182457576
182457576
182457576
182457576
182457576
182457576
182457576
182457576
182457576
182457576
182457576
182457576
182457576
182457576
182457576
182457576
182457576
182457576
182457576
182457576
182457576
182457576
182457576
182457576
182457576
182457576
182457576
182457576
182457576
182457576
182457576
182457576
182457576
182457576
182457576
182457576
182480878
182480878
182480878
182485935
182485935
182485935
182485935
182485935
182485935
182485935
182485935
182498936
182507287
182507287
182507287
182507287
182516993
182516993
182516993
182526637
182526637
182526637
182526637
182526637
182526637
182531453
182531453
182531453
182531453
182531453
182531453
182531453
182531453
182531453
182531453
182545139
182545139
182545785
182545785
182545785
182545785
182545785
182545785
182545785
182545785
182545785
182545785
182545785
182545785
182545785
182545785
182545785
182545785
182545785
182545785
182558482
182558482
182558482
182558482
182568736
182568736
182568736
182568736
182568736
182568736
182568736
182588640
182588640
182588640
182588640
182588640
182588640
182591414
182591414
182591414
182591414
182591414
182591414
182591414
182591414
182591414
182591414
182591414
182591414
182591414
182591414
182591414
182591414
182591414
182604828
182604828
182604828
182604828
182604828
182604828
182604828
182604828
182604828
182604828
182604828
182604828
182604828
182604828
182604828
182604828
182604828
182604828
182605927
182605927
182619050
182619050
182619050
182619050
182619050
182619050
182633487
182633487
182633487
182633487
182633487
182633487
182633487
182633487
182649051
182649051
182649051
182649051
182649051
182649051
182649051
182649051
182649051
182649051
182649051
182649051
182649051
182649051
182649051
182649051
182649051
182649051
182649051
182663632
182663632
182663632
182663632
182663632
182663632
182696217
182696217
182696217
182696217
182696962
182696962
182696962
182696962
182696962
182696962
182719969
182733175
182733175
182733175
182733175
182733175
182733175
182733175
182733175
182733175
182733175
182733175
182733175
182733175
182733175
182733175
182733175
182733959
182733959
182758909
182758909
182783120
182783120
182783120
182783120
182783120
182783120
182783120
182783120
182783120
182783120
182783120
182783120
182809745
182809745
182809745
182809745
182809745
182809745
182810182
182810182
182810182
182810182
182810182
182810182
182810182
182810182
182810182
182810182
182810182
182810182
182810182
182810182
182810182
182810182
182810182
182810182
182810182
182810182
182810182
182810182
182810182
182894362
182894362
182894362
182894362
182894362
182894362
182894362
182894362
182894362
182894362
182894362
182894362
182894362
182894362
182896350
182913161
182913161
182913161
182913161
183033689
183033689
183033689
183033689
183033689
183033689
183033689
183033689
183033689
183033689
183033689
183033689
183033689
183033689
183033689
183033689
183033689
183033689
183033689
183033689
183033689
183033689
183033689
183033689
183033689
183033689
183033689
183033689
183091401
183091401
183091401
183118084
183118084
183118084
183118084
183143670
183143670
183143670
183143670
183143670
183143670
183143670
183143670
183143670
183143670
183143670
183143670
183143670
183143670
183143670
183145950
183180188
183180188
183180188
183180188
183180188
183180188
183180188
183180188
183180188
183180188
183182387
183182387
183182387
183182387
183182387
183182387
183182387
183182387
183182387
183182387
183182387
183182387
183182387
183182387
183182387
183184191
183184191
183184191
183184191
183189952
183189952
183189952
183189952
183189952
183189952
183189952
183189952
183189952
183189952
183189952
183189952
183189952
183189952
183189952
183189952
183189952
183189952
183189952
183189952
183189952
183189952
183189952
183189952
183189952
183189952
183189952
183189952
183205046
183205046
183205046
183205046
183205046
183205046
183205046
183219373
183219373
183219373
183219373
183219373
183219373
183219373
183219373
183263200
183263200
183263200
183263200
183263200
183263200
183263200
183263200
183263200
183263200
183263200
183263200
183263200
183263200
183263200
183263200
183263200
183263200
183276225
183276225
183276225
183276225
183276225
183276225
183276225
183276225
183278048
183278048
183278048
183278048
183281944
183281944
183281944
183300516
183300516
183300516
183300516
183300516
183300516
183300516
183300516
183300516
183300516
183300516
183300516
183300516
183401123
183401123
183401123
183420111
183420111
183420111
183423260
183423260
183424172
183424172
183424172
183424172
183424172
183424172
183424172
183424172
183424172
183424172
183424172
183424172
183424172
183424172
183424172
183424172
183424172
183424172
183424172
183424172
183446319
183446319
183446319
183446319
183446319
183446319
183446319
183446319
183446319
183446319
183446319
183446319
183446319
183446319
183446319
183446319
183446319
183446319
183446319
183446319
183496881
183496881
183496881
183496881
183496881
183496881
183496881
183496881
183496881
183496881
183496881
183496881
183496881
183496881
183496881
183496881
183496881
183496881
183496881
183496881
183496881
183496881
183496881
183496881
183496881
183496881
183496881
183496881
183496881
183496881
183496881
183532377
183532377
183532377
183532377
183532377
183556981
183605665
183605665
183605665
183605665
183605665
183605665
183605665
183605665
183605665
183605665
183629846
183629846
183629846
183629846
183629846
183632667
183632667
183656750
183656750
183656750
183659257
183659257
183659257
183659257
183686026
183686026
183686026
183686026
183686026
183686026
183686026
183686026
183686026
183686026
183686026
183686026
183686026
183686026
183686026
183686026
183686026
183686026
183686026
183686026
183686026
183686026
183686026
183689886
183689886
183689886
183689886
183689886
183689886
183689886
183689886
183689886
183689886
183689886
183689886
183689886
183689886
183689886
183689886
183689886
183689886
183689886
183689886
183689886
183689886
183689886
183689886
183689886
183689886
183689886
183689886
183717194
183717194
183717194
183717194
183717194
183717194
183717194
183717194
183717194
183717194
183717194
183717194
183717194
183717194
183717194
183717194
183717194
183717194
183717194
183717194
183717194
183717194
183717194
183717194
183717194
183717194
183717194
183717194
183717194
183717194
183717194
183717194
183717194
183717194
183717194
183717194
183717194
183717194
183717194
183717194
183717194
183717194
183717194
183737798
183749795
183749795
183749795
183749795
183749795
183749795
183749795
183749795
183749795
183749795
183749795
183749795
183749795
183749795
183749795
183749795
183749795
183749795
183749795
183749795
183749795
183749795
183749795
183749795
183749795
183749795
183749795
183752262
183752262
183752262
183752262
183752262
183752262
183752262
183752262
183758486
183758486
183758486
183758486
183758486
183778113
183778113
183778113
183778113
183778113
183778113
183778113
183778113
183778113
183778113
183778113
183778113
183778113
183778113
183778113
183778113
183778113
183778113
183778113
183778113
183778113
183778113
183778113
183778113
183778113
183778113
183778113
183778113
183778113
183778113
183778113
183778113
183778113
183778113
183778113
183778113
183785267
183785267
183785267
183785267
183785267
183785267
183785267
183785267
183785267
183785267
183785267
183785267
183785267
183785267
183785267
183785267
183785267
183785267
183785267
183785267
183794251
183794251
183794251
183794251
183794251
183794251
183794251
183794251
183794251
183794251
183794251
183794251
183794251
183794251
183794251
183794251
183794251
183794251
183794251
183794251
183794251
183798249
183798249
183798249
183798249
183798249
183798249
183798249
183798249
183798249
183798249
183798249
183798249
183798249
183798249
183798249
183798249
183798249
183798249
183798249
183798249
183798249
183798249
183798249
183798249
183798249
183798249
183798249
183798249
183798249
183798249
183798249
183798249
183798249
183798249
183798249
183798249
183798249
183798249
183798249
183798249
183798249
183798249
183798249
183798249
183798249
183798249
183798249
183798249
183798249
183798249
183798249
183798249
183798249
183835470
183835470
183835470
183835470
183835470
183835470
183835470
183835470
183835470
183835470
183835470
183835470
183835470
183835470
183835470
183835470
183835470
183835470
183835470
183835470
183835470
183835470
183835470
183835470
183835470
183835470
183835470
183835470
183835470
183835470
183835470
183835470
183835470
183835470
183835470
183835470
183835470
183835470
183835470
183835470
183835470
183835470
183835470
183835470
183835470
183835470
183835470
183835470
9635248
