15905
75003
131417
158909
190529
470993
519761
768233
820357
1020954
1319789
1719805
1754921
1969453
2043279
2228659
2304739
2371377
2767982
2976699
3434759
3599984
3822434
4035519
4497157
4826708
5438860
5794582
5920495
6257840
6271776
6383547
6771658
7472017
8060210
8073053
8098203
8206016
8206016
8291246
8603210
8628610
8675702
9112053
9572690
9653024
9977377
9990043
10088212
10298388
10298388
10522775
10531513
10670391
10820267
10907529
10962297
11050242
11262895
11328006
11341559
11611305
12032815
12032815
12107267
12113360
12231638
12238992
12238992
12398395
12464502
12486525
12590818
12808843
12808843
12872987
13031924
13100471
13323380
13596795
14040390
14260168
15433022
15449814
15556475
15868990
16401431
16422597
17177665
17256389
17572663
17590214
17676825
17851976
18076630
18398155
18611810
18637293
19015186
19080493
19141973
19645753
20037213
20120191
20537317
20615062
20722585
20722585
21115811
21173686
21252865
21430311
21434930
21539701
21945867
22052698
22150036
22251476
22791475
23109103
23475634
24094671
24242410
24456771
24518973
24645015
24650520
24785057
25026060
25838228
25921572
25924331
25928388
26092151
26092151
26291784
26389782
26627218
26987854
27122142
27122142
27151329
27151329
27598422
27622044
27720473
28224888
28900983
28916226
29041016
29103871
29103871
29278064
29399539
29634425
29634425
29788734
29897721
30397421
30639190
30706368
30914863
31723268
31974469
32089625
32272004
32461746
32476524
32476524
32912807
32920018
33138705
33138705
33257333
33354124
33417416
33428737
33428737
33657549
33657549
33833375
33949901
34465605
34470841
34580732
34706761
34841966
34918104
35203219
35204450
35458339
35552789
35903761
35903761
35938797
35968671
35971110
36175684
36175684
36319038
36319038
36697631
36697631
36697631
36934869
37331711
37439066
37439066
37439066
37881901
38317330
38617307
38769670
39587871
39691139
40021170
40678862
40710972
40710972
41148724
41422948
41470117
41595595
41788144
41788144
41804282
41988011
42069832
42760274
42854784
42895769
43175238
43286284
43358326
44054881
44054881
44221336
44365368
44460443
44535491
44637886
44653853
44780883
45095929
45097624
45184011
45552311
45773027
45903384
46016525
46064048
46223779
46483906
46612199
46612199
46652058
46732646
46992578
47004212
47082670
47352789
47357503
47639653
47851861
47879201
48086625
48473807
48490564
48695228
48695228
48708063
48784579
48846185
48846185
48882174
48917540
49163861
49191110
49403568
49450239
49549653
49729835
49729835
49859827
50018616
50282203
50282203
50372839
50758334
50808986
50808986
50999480
50999480
51012492
51012492
51074988
51074988
51097934
51133919
51155188
51379524
51483258
51483258
51487438
51734478
52089920
52148669
52148669
52181894
52181894
52282717
52402441
52402441
52435240
52497663
52661323
52777277
52777277
52778552
52782872
52782872
52842741
52890900
52890900
52953659
53062722
53205571
53231885
53231885
53282853
53463455
53463455
53798976
53965023
53965023
54062427
54414033
54572779
54951593
54951593
54951593
54986560
55168368
55209828
55264797
55280348
55300754
55611305
55683979
55837927
55912901
55912901
56193312
56193312
56405675
56504166
56611579
56670448
56686277
56848689
56967873
57004101
57244555
57244555
57439360
57469521
57612738
57612738
57646017
57668722
57684827
57960814
58190216
58190216
58190216
58409354
58543067
58918933
58986896
58998855
58998855
59109553
59109553
59236691
59286599
59286599
59449026
59920759
60052665
60133245
60133245
60133245
60375874
60463128
60762839
60816650
60937716
61003783
61352028
61459014
61459014
61459014
61459014
61588959
61588959
61590539
62220204
62257600
62461644
62556054
62556054
62656871
62938723
62938723
63022518
63054135
63250153
63541140
63819679
63870286
64088666
64175532
64256032
64370462
64423377
64453419
64453419
64574302
64655101
64779669
65002909
65042647
65042647
65105777
65105777
65199641
65762800
65762800
65762800
65762800
65784016
66245658
66245658
66599206
66608299
66661937
66985221
66985221
67019775
67019775
67162697
67171101
67259154
67446544
67466296
67500362
67708193
67708193
67906482
67940007
67940007
67960095
67960095
67979431
68233356
68233356
68392198
68633682
68660695
68754090
68754090
68808908
69002404
69067807
69067807
69067807
69067807
69120070
69455431
69455431
69455431
69455431
69535432
69644751
69950671
70185174
70185174
70209059
70597826
70597826
70706720
70762806
70914016
70914016
71075784
71245806
71245806
71256768
71256768
71256768
71408678
71646154
71789020
71789020
72180483
72180483
72180483
72647656
72980978
73024104
73108824
73218385
73521860
73928800
73962089
74038009
74038009
74043454
74482222
74587958
74944366
74944366
74953707
74998108
75093697
75284230
75320279
75416645
75416645
75668325
75748203
75748203
75748203
75748203
75951647
76062172
76645992
76852118
76870700
76881234
76977214
77202439
77202439
77264796
77264796
77264796
77336290
77376980
77396212
77800551
77800551
77800551
78033654
78033654
78033654
78684243
78684243
78847988
78847988
78847988
78955399
78962714
78962714
78962714
79171531
79171531
79233820
79233820
79233820
79289535
79308312
79893467
80137222
80137222
80137222
80188291
80188291
80348380
80380119
80455136
80455136
80808839
80835286
81008176
81008176
81081345
81081345
81099463
81099463
81111668
81111668
81111668
81111668
81122508
81249522
81987600
82129625
82576861
82715984
82953042
83045200
83045200
83052715
83052715
83256057
83512367
83512367
83512367
83512367
83512367
83512367
83822946
83871347
83871347
84225531
84225531
84225531
84225531
84348023
84552774
84578012
84578012
84585271
84585271
85048256
85081333
85081333
85081333
85126753
85141885
85178220
85178220
85205366
85216159
85280369
85280369
85280369
85403275
85403275
85403275
85403275
85778930
86192858
86192858
86360356
86565716
86565716
86777118
86777118
86884031
87032786
87250865
87336945
87497834
87497834
87603437
87624084
87765235
87813433
87829536
87950723
87950723
88037412
88037412
88518254
88518254
88518254
88583543
88662270
88877691
88877691
88964847
88964847
88994463
89125551
89125551
89140622
89140622
89405642
89405642
89425743
89453988
89555732
89555732
89555732
89555732
89555732
89555732
89555732
89584007
89592154
89681476
89681476
89775888
89793198
89793198
89819853
89847421
89847421
89854258
89854258
89854258
89942747
89942747
90076438
90306763
90306763
90306763
90632282
90646764
90667015
90667015
90770779
90770779
90770779
90912592
90912592
91365312
91370954
91409852
91664008
91803940
91805851
91969262
91988820
91999585
91999585
92068542
92074852
92171577
92250634
92259068
92259068
92259068
92259068
92259068
92437621
92687721
92687721
92905499
93065339
93180765
93180765
93180765
93180765
93217788
93250933
93302720
93302720
93302720
93349841
93350491
93394429
93394429
93488241
93699833
93816021
93816021
93906691
93906691
93906691
93946070
94118448
94120034
94198331
94232443
94323179
94392138
94590493
94590493
94590493
94729785
94729785
95033510
95137268
95137268
95138065
95138065
95138065
95138065
95273951
95502818
95502818
95502818
95502818
95567831
95567831
95567831
95567831
95567831
95671983
95705622
95705622
95705622
95743823
95743823
95743823
95743823
95819031
95819031
96037846
96037846
96037846
96311995
96311995
96334706
96334706
96438119
96447721
96447721
96600582
96725014
96725014
96902246
96951920
96951920
97037543
97060510
97060510
97061584
97128444
97185929
97185929
97185929
97198450
97600122
97600122
97600122
97600122
97600122
97783601
97888700
98045367
98045367
98088467
98306165
98313294
98349257
98349257
98443549
98443549
98707670
98765624
98797866
98992813
98992813
99263751
99263751
99263751
99319205
99319205
99319205
99496083
99496083
99576649
99595747
99595747
99595747
99595747
99595747
99595747
99632985
99632985
99632985
99694774
99724651
99724651
99834863
99845503
100358274
100414744
100617319
100617319
100628670
100628670
100628670
100661559
100685303
100761181
100957218
101007874
101016764
101016764
101016764
101184768
101184786
101370743
101532137
101532137
101610379
101610379
101610379
101635397
101635397
101654273
101654273
101813644
101814154
101814154
101863975
101911654
101919064
101919064
101987206
101987206
102320628
102387855
102417731
102477298
102477298
102494697
102494697
102494697
102494697
102562673
102562673
102735061
102735061
102735061
102735061
102873775
102873775
102873775
102895221
102970635
102970635
103009730
103009730
103009730
103020750
103071614
103071614
103071614
103071614
103071614
103104748
103104748
103144276
103283861
103283861
103283861
103283861
103332233
103341674
103674958
103686439
103686439
103687261
103781384
103781384
103781384
103781384
103785077
103785077
103785077
103785077
103785077
103785077
103785077
103785077
103829679
103829679
103829679
103829679
103829679
103829679
103863341
103863341
103863341
103983609
103983609
103983609
104086422
104325767
104325767
104351658
104351658
104351658
104448849
104448849
104494951
104587798
104587798
104587798
104587798
104587798
104686464
104873929
105025065
105025065
105025065
105025065
105080165
105080165
105080165
105240864
105240864
105240864
105240864
105257043
105277574
105451149
105451149
105634082
105634082
105634082
105634082
105712688
105716141
105716141
105716141
105716141
105716141
105787636
105787636
105787636
105856811
105856811
105887831
105887831
106060643
106101566
106206885
106206885
106206885
106206885
106206885
106423779
106432564
106432564
106432564
106468488
106468488
106474759
106514982
106514982
106752589
106752589
106752589
106786723
107087649
107141626
107243035
107243035
107313828
107329519
107374924
107530898
107530898
107554387
107554387
107696685
107793582
107908266
107908266
107908266
107908266
107923389
107923389
108023076
108120484
108120484
108120484
108120484
108361174
108361174
108361174
108361174
108374329
108374329
108459182
108498485
108498485
108665586
108665586
108782645
108782716
108782716
109078977
109078977
109161174
109178851
109205834
109205834
109205834
109237735
109237735
109237735
109237735
109255540
109266980
109266980
109340701
109475486
109639530
109737912
109737912
109737912
109737912
109861899
109861899
109926221
110088288
110088288
110131675
110131675
110131675
110156811
110156811
110256691
110256691
110256691
110256691
110256691
110302350
110302350
110642116
110642116
110642116
110642116
110698551
110742094
110828600
110828600
110828600
111130447
111130447
111220596
111235531
111245573
111245573
111245573
111311333
111450224
111458707
111458707
111838748
111963638
111963638
111963638
111963638
111963638
111963638
111963638
111988365
111988365
112062164
112073114
112366825
112366825
112366825
112366825
112366952
112366952
112366952
112366952
112366952
112366952
112366952
112533773
112533773
112533773
112585270
112585270
112592803
112654428
112715647
112715647
112892103
112975465
112975465
112975465
112975465
112975465
112975465
112975465
112975465
113390215
113390215
113408745
113573367
113597695
113606447
113606447
113681283
113785318
113785318
113785318
113785318
113889688
114018410
114018410
114018410
114048747
114373799
114373799
114373799
114373799
114373799
114428088
114428088
114428088
114428088
114526000
114536163
114547941
114547941
114709656
114709656
114721468
114721468
114721468
114721468
114877262
114977304
114977304
115002450
115002450
115002450
115023777
115023777
115023777
115023777
115023777
115041910
115067056
115067056
115067056
115067056
115184884
115184884
115278034
115278034
115278034
115293882
115293882
115312487
115312487
115347731
115347731
115347731
115426858
115492342
115492342
115492342
115492342
115544136
115665382
115665382
115665382
115665382
115665382
115665382
115665382
115831568
115831568
115831568
115831568
115831568
115831568
116126625
116191851
116191851
116191851
116218915
116218915
116291694
116327385
116327385
116327385
116328354
116355048
116410232
116410232
116419643
116419643
116419643
116419643
116461945
116461945
116491748
116549091
116549091
116549091
116628141
116658845
116860359
116860359
116860359
116860359
116860359
116977056
117017846
117017846
117092352
117092352
117092352
117200454
117200454
117207505
117207505
117207505
117323253
117323253
117323253
117327288
117360258
117481938
117525871
117534604
117534604
117554363
117799564
117799564
117799564
118037025
118109764
118317752
118317752
118317752
118598267
118598267
118598267
118678168
118678168
118762223
118762223
118857750
118857750
118857750
118918609
119010963
119178539
119245929
119245929
119245929
119245929
119245929
119267684
119322392
119322392
119322392
119322392
119322392
119532501
119532501
119607168
119607168
119661157
119661157
119661157
119671848
119770178
119770178
119770178
119770178
119770178
119781143
119826542
119826542
119826542
119826542
119826542
119826542
119826542
119845927
119845927
119845927
119860715
119860715
119860715
119910523
120021488
120021488
120021488
120121732
120121732
120197449
120215918
120215918
120215918
120273719
120346834
120346834
120529945
120564581
120599959
120599959
120599959
120624994
120624994
120624994
120709559
120709559
120790712
120790712
120903015
120965061
120965061
121010675
121010675
121079302
121126455
121126455
121126455
121126455
121325279
121325279
121604659
121643852
121729934
121729934
121729934
121729934
121729934
121780649
121800885
121807974
121807974
121807974
121855671
121855671
121855671
121855671
121855671
121866221
121866221
121866221
121866221
121866221
121884131
121893316
121934937
121934937
121934937
121934937
122039919
122039919
122039919
122039919
122039919
122158785
122158785
122158785
122374953
122408423
122485295
122485295
122485295
122485295
122545553
122545553
122545553
122572104
122646283
122646283
122811793
122830768
122928591
122928591
123001195
123074013
123074013
123074013
123074013
123133477
123149373
123149373
123189812
123189812
123189812
123189812
123189812
123413578
123413578
123413578
123421987
123421987
123421987
123478924
123478924
123478924
123602615
123625381
123625381
123625381
123956805
123956805
123973368
123973368
124009225
124009225
124119977
124119977
124147494
124359308
124366323
124366323
124366323
124366323
124366323
124372231
124372231
124372231
124372231
124417075
124446632
124495010
124495010
124517152
124517152
124521019
124623071
124650442
124658563
124796241
124796241
124896036
124896036
124957812
124957812
124957812
124957812
124957812
124957812
124957812
124957812
124957812
124957812
124957812
124957812
124957812
124957812
124957812
124957812
124996013
124996013
124996013
124996013
124996013
125176042
125176042
125176042
125176042
125176042
125176042
125176042
125187677
125187677
125285835
125301590
125301590
125301590
125353434
125353434
125353434
125353434
125478425
125478425
125478425
125478425
125499560
125620518
125620518
125620518
125738278
125738278
125738278
125822498
125822498
125822498
125856933
125903034
125903034
125903034
125903034
125903034
125903034
125920666
125920666
125920666
126060850
126060850
126159424
126159424
126159424
126159424
126159424
126162873
126163186
126163186
126170264
126170264
126325095
126325095
126325095
126325095
126379019
126381522
126381522
126381522
126692099
127031749
127031749
127035343
127035343
127045685
127045685
127051170
127051170
127258117
127258117
127258117
127258117
127258117
127262839
127262839
127262839
127269182
127330978
127513736
127513736
127513736
127515428
127515428
127515428
127515428
127573021
127573021
127686932
127686932
127743983
127819036
127874619
127874619
127874619
127874619
127892710
127932865
127932865
128004635
128004635
128010388
128010388
128431015
128431015
128498300
128498300
128892928
128915491
129024033
129024033
129097283
129097283
129097283
129097283
129119692
129119692
129119692
129119692
129119692
129119692
129119692
129136835
129136835
129280137
129295700
129295700
129434022
129434022
129434022
129494169
129494169
129494169
129499066
129499066
129551564
129551564
129586306
129586306
129586306
129586306
129586306
129586306
129586306
129586306
129586306
129617760
129735085
129735085
129765255
129765255
129765255
129765255
129778890
129859128
129859128
129859128
129859128
129859128
129859128
129859128
129936837
129939462
129939462
129939462
129939462
130008892
130008892
130165982
130220147
130223231
130223231
130223231
130223231
130223231
130224464
130224464
130224464
130255990
130255990
130255990
130255990
130299876
130299876
130299876
130299876
130299876
130299876
130299876
130299876
130299876
130299876
130299876
130315904
130315904
130315904
130409564
130409564
130409564
130409564
130453777
130478804
130526356
130526356
130526356
130526356
130526356
130526356
130553152
130553152
130716998
130716998
130716998
130826879
130826879
130826879
130826879
130826879
130859741
130859741
130955307
131105500
131105500
131105500
131105500
131105500
131105500
131105500
131105500
131111140
131111140
131111140
131111140
131119905
131154829
131154829
131154829
131156754
131156754
131191472
131230955
131231923
131231923
131231923
131231923
131231923
131242983
131242983
131254393
131382179
131398863
131398863
131398863
131398863
131431581
131431581
131598555
131598555
131598555
131625534
131625534
131656935
131717327
131717327
131717327
131717327
131725625
131725625
131884744
131932729
131947531
131947531
131951882
131978644
131978644
131978644
131978644
131978644
131978644
132105030
132206614
132206614
132206614
132206614
132206614
132206614
132207547
132223963
132223963
132263703
132263703
132263703
132267860
132331937
132331937
132331937
132331937
132331937
132331937
132331937
132331937
132360984
132360984
132480913
132480913
132490391
132535474
132535474
132711465
132762798
132762798
132800425
132800425
132800425
132800425
132800425
132800425
133017237
133017237
133060492
133134041
133134041
133220151
133262518
133262518
133262518
133262518
133312223
133312223
133312223
133312223
133312223
133478338
133485874
133485874
133485874
133485874
133485874
133485874
133485874
133485874
133485874
133485874
133594533
133609105
133609105
133609105
133609105
133690356
133740002
133741301
133741301
133741301
133741301
133741301
133788829
133788829
133956677
133994506
133994506
133996258
133996258
133996258
133996258
134099894
134109958
134152769
134152769
134152769
134321828
134321828
134362041
134362041
134362041
134381107
134381107
134381107
134381107
134415469
134415469
134415469
134415469
134415469
134415469
134415469
134415469
134415469
134415469
134415469
134415469
134415469
134517095
134517095
134560991
134560991
134560991
134560991
134560991
134577079
134577079
134577079
134741641
134741641
134741641
134795881
134795881
134795881
135047653
135047653
135066678
135066678
135096719
135096719
135119404
135119404
135145603
135173302
135173302
135173302
135173302
135173302
135173302
135217701
135217701
135217701
135217701
135217701
135217701
135217701
135328248
135345229
135345229
135345229
135345229
135357038
135357038
135421350
135421350
135607408
135607408
135697228
135697228
135697228
135697228
135697228
135697228
135697228
135697228
135781411
135806129
135806129
135989493
135989493
135989493
135989493
135997785
136075595
136075595
136075595
136075595
136075595
136075595
136075595
136075595
136075595
136075595
136075595
136142205
136142205
136142205
136142205
136142205
136142205
136142205
136142205
136142205
136279040
136397474
136518329
136541248
136541248
136590565
136590565
136599353
136599353
136599353
136599353
136760418
136793791
136793791
136793791
136793791
136793791
136793791
137011543
137042311
137042311
137085515
137085515
137085515
137144034
137144034
137144034
137144034
137144034
137144034
137181551
137181551
137195582
137195582
137211520
137211520
137211520
137211520
137211520
137231002
137231002
137289661
137289661
137289661
137289661
137311489
137311489
137311489
137311489
137311489
137342453
137342453
137342453
137342453
137348731
137348731
137424083
137424083
137424083
137512025
137512025
137536191
137536191
137536191
137536191
137536191
137536191
137536191
137536191
137536191
137536191
137536191
137536191
137536191
137613100
137616146
137688449
137723321
137723321
137723321
137723321
137723321
137753782
137753782
137783167
137817381
137817381
137817381
137864865
137864865
137864865
137881441
137881441
137968671
137968671
137968671
138147411
138219104
138219104
138219104
138219104
138219104
138219104
138302191
138302191
138302191
138384342
138384342
138400075
138400075
138400075
138400075
138400075
138483738
138483738
138483738
138513173
138513173
138513173
138513173
138513173
138513173
138544755
138544755
138544755
138544755
138544755
138596752
138596752
138596752
138596752
138596752
138599512
138693375
138693375
138693375
138693375
138693375
138693375
138725958
138767418
138767418
138767418
138767418
138767418
138767418
138767418
138816504
138816504
138816504
138816504
138914643
138940847
138980594
138980594
138983918
138983918
138983918
138983918
139108030
139108030
139108030
139122336
139122336
139122336
139122336
139166370
139166370
139166370
139195978
139195978
139295203
139439489
139679421
139679421
139828514
139828514
139828514
139897182
139897182
139897182
139953609
139953609
139953609
139953609
139953609
139953609
139981151
139981151
139981151
139981151
140140873
140140873
140140873
140140873
140140873
140140873
140140873
140140873
140140873
140140873
140140873
140140873
140242854
140242854
140242854
140289884
140357958
140415236
140417658
140417658
140417658
140417658
140417658
140417658
140417658
140417658
140417658
140417658
140417658
140490226
140490226
140490226
140490226
140490226
140490226
140502517
140533899
140533899
140533899
140533899
140533899
140533899
140650121
140670100
140670100
140712287
140809131
140809131
140809131
140809131
140847452
141025631
141025631
141025631
141047808
141047808
141292459
3294420
