75968
279525
341256
566557
663163
1065139
1069602
1844816
1953981
2353483
2683839
2721552
2793514
2846316
3093691
3125504
3538026
4208968
4636070
4690327
4793399
4914034
4923667
5110739
5824363
5992000
6359718
6387550
6501565
6571057
6688224
7090335
7090335
7090335
7448992
7735468
7882457
8001122
8126355
8355924
8355924
8677462
8837304
9153003
9164929
9526992
9694565
9737791
9793141
9990894
10394854
10455095
10455095
10583511
10602093
10877516
10959764
10959764
11099774
11190556
11570604
11590008
11916575
12337308
12370599
12633771
13000153
13000153
13000153
13350557
13489720
13723102
13857554
14126944
14137696
14149530
14231057
14290401
14426030
14575980
14872321
15400040
15623079
15658571
15779557
15839450
15846596
15951670
16195515
16433148
16678817
17683788
17834315
17834315
18005730
18051224
18099003
18202208
18202208
18463240
18467883
18557566
18557566
18679985
18683806
18765729
18958625
19115535
19115535
19281639
19720522
19723937
19980849
20133005
20565162
20649572
20789583
21175781
21347494
21812008
22187260
22680223
22744823
23275203
24003817
24545376
24566141
24930117
24985035
25320876
25635458
26211516
26211516
26270758
26311124
26339849
26599938
26605406
26839573
27249207
27585997
27800032
27842777
28154136
28374197
28625419
28631486
28752702
28922412
28922412
29002095
29058818
29058818
29164757
29164757
29532888
29624438
29740762
29991422
29991422
30200301
30206382
30206382
30380690
30480987
30563220
30573056
30575145
30629152
30690740
30690740
31184833
31253283
31267477
31332128
31576126
31660689
31786178
31877586
31912754
31991064
32192723
32225200
32277174
32468212
32483842
32581558
32598660
33392953
33392953
33407293
33436573
33436573
33497300
33497300
33678332
33691771
33691771
33791900
33791900
34087406
34223141
34223141
34359618
34364481
34566104
34609344
35111904
35168250
35495067
35629686
35629686
35693586
35693586
35861970
35907486
36228313
36251900
36349420
36379396
36436192
36444294
36456886
36704058
36833389
37034202
37050681
37409972
37504700
38063339
38063339
38297029
38330960
38799935
38875945
39007052
39100860
39100860
39611478
40095675
40117517
40198296
40559264
41052186
41097666
41098529
41322803
41743500
42022044
42034303
42038872
42337177
42343246
42343246
42343246
42382239
42465671
42465671
42545196
42771026
42957176
43274273
43365777
43466924
44180845
44375977
44441416
44490285
44585550
44609536
44691948
44764986
44779520
44797449
44840780
44840780
45006496
45006496
45006496
45145358
45193779
45193779
45398433
45436420
45846070
45923622
45985793
45985793
46267343
46267343
46267343
46389305
46389305
46549095
46551172
46576396
46724276
46950811
47019434
47019434
47124788
47264718
47264718
47264718
47264718
47363815
47754402
47863954
47912936
47912936
47912936
47912936
48026885
48054843
48088654
48088654
48175868
48175868
48428576
48609708
48868854
48868854
48877870
48960683
49062475
49062475
49062475
49087459
49106125
49163476
49517021
49679618
49762675
49893215
50044375
50396959
50458035
50593423
50935536
50935536
50940582
51540624
51540624
51553060
51630989
51749308
51919927
52528085
52536272
52561642
52561642
52731497
52804194
53139729
53231914
53307509
53307509
53352043
53352043
53352043
53394052
53440498
53440498
53456568
53493691
53493691
53634789
53806552
53806552
53806552
53920473
53920473
53925782
53925782
54026421
54129106
54129106
54277263
54284197
54367842
54884993
54996694
55242052
55242052
55347048
55347048
55356958
55429685
55520294
55899614
56124238
56124238
56124238
56145907
56274983
56277377
56456803
57283648
57431114
57431114
57608435
57707635
58082903
58560154
58560154
58977375
59041665
59049353
59309340
59367545
59430261
59494569
59664604
60142648
60142648
60286999
60286999
60286999
60286999
60487744
60621962
60621962
60621962
60621962
60679221
60854754
60954555
61093553
61170295
61202410
61288692
61350527
61393268
61393268
61393268
61404598
61782108
61887609
61956029
61956029
61959729
62062888
62755569
62783922
62948180
62948180
62948180
62991791
62991791
63169071
63169071
63751802
63757809
63757809
63854685
63854685
63854685
63971680
63971680
64085884
64292597
64292597
64354680
64396728
64445873
64625442
64682984
64682984
64682984
64827078
64866535
65344994
65373631
65373631
65546934
65802769
65876572
65894284
66130457
66171605
66230952
66230952
66230952
66329054
66329054
66329054
66390097
66390097
66586850
66586850
66695359
66937150
67004955
67027969
67027969
67344503
67379553
67571793
67571793
67595098
67857200
67894228
67896319
67896319
68367220
68370450
68370450
68478088
68487304
68493733
68503845
68503845
68510875
68872954
68906188
68911100
68966912
68966912
69018870
69145127
69145127
69227283
69227283
69285990
69285990
69285990
69285990
69412452
69431525
69431525
69456375
69456375
69456375
69456375
69456375
69456375
69598198
69603746
69727855
69871266
69871266
69871266
69871266
70088043
70146852
70158580
70158580
70190689
70206943
70255375
70276130
70276130
70276130
70276130
70354478
70474052
70563652
70567995
70567995
70591567
70661572
70762996
70762996
71169417
71432410
71464705
71464705
71464705
71610334
72093296
72093296
72134799
72134799
72315682
72315682
72512151
72531028
72531028
72531028
72548561
72549201
72656502
72788994
72971840
73090392
73257064
73257064
73257064
73425389
73535232
73535232
73683388
73841805
73969510
74161861
74161861
74273303
74379465
74387170
74590607
74590607
74590607
74590607
74708626
74708626
74739717
74739717
75010010
75010010
75010010
75214782
75214782
75214782
75214782
75354539
75388896
75431041
75556741
75556741
75559545
75714563
75884265
75884265
75884265
75995065
75995065
76012953
76534416
76534416
76745601
76803391
76804622
76804622
76955211
76955211
76955211
76959596
76959596
76959596
76959596
76998572
77020023
77020023
77020023
77233485
77233485
77233485
77411144
78029032
78223402
78265591
78265591
78540248
78619844
78704872
78762083
78762083
78801975
78956712
78968259
78980264
78980264
78980264
78995945
78995945
79020098
79020098
79020098
79250079
79369340
79369340
79476451
79476451
79978846
79978846
79994552
80184875
80184875
80184875
80223141
80355851
80558678
80558678
80891167
80981010
80981010
81161498
81839854
81970900
81970900
82008384
82131114
82131114
82156197
82156197
82269248
82269248
82614256
82614256
82614256
82614256
82725451
82813806
82813806
82813806
83100284
83100284
83538594
83538594
83613522
83613522
83659459
83659459
83659459
83759948
83759948
83864884
83869644
84112123
84165531
84205305
84210643
84330946
84521460
84853727
84853727
84853727
85273343
85366815
85572816
85667438
85667438
85667438
85706090
86447834
86549653
86569307
86908065
87406897
87406897
87446186
87526669
87666295
87666295
87666295
87716413
87727941
87732176
87767821
87767821
87767821
87801080
87809376
87809376
87939021
88073763
88073763
88487340
88487340
88526707
88526707
88526707
88686943
88686943
88706609
88854553
88854553
88964053
88964053
89057295
89074281
89092433
89195738
89296306
89396522
89396522
89474472
89478081
89478081
89478081
89478081
89478081
89514947
89627052
89627052
89680985
89748222
89748222
89814829
89814829
89825059
89984149
89984149
90009550
90009550
90071730
90442788
90442788
90442788
90442788
90442788
90442788
90499698
90499698
90499698
90617275
90636178
90636178
90636178
90636178
90681210
90697854
90836653
90934988
91174327
91174327
91266722
91374140
91696057
91696057
91783473
91783473
91818440
91861117
91861117
91861117
91861117
91916271
91966328
91966328
91995797
92016740
92277630
92277630
92277630
92354728
92354728
92502295
92502295
92667097
92732445
92732445
92904551
93058660
93081807
93150860
93175286
93177752
93265546
93276381
93276381
93444585
93444585
93444585
93444585
93444585
93444585
93444585
93444585
93444585
93444585
93494499
93985863
93996635
94079015
94079015
94220213
94220213
94220213
94445402
94445402
94492798
94492798
94508399
94520172
94546613
94592233
94592233
94592233
94592233
94651761
94651761
94651761
94651761
94651761
94651761
94651761
94651761
94651761
94682121
94682121
94682121
94787092
94787092
94836937
94922340
95337847
95337847
95410001
95410001
95410001
95410001
95413300
95440274
95440274
95443112
95772918
95772918
95772918
95772918
95772918
95772918
96007485
96201346
96201346
96201346
96210037
96216196
96216196
96226876
96226876
96249813
96249813
96249813
96419440
96419440
96419440
96426568
96426568
96666737
96680259
96680259
96806086
96854335
96863297
97273183
97273183
97305540
97305540
97701457
97708956
97785843
98387420
98390188
98451851
98483181
98483181
98535523
99072990
99072990
99072990
99072990
99175071
99311324
99519754
99716293
99716293
99803895
99803895
99832625
99832625
99832625
99832625
99920168
100007092
100088753
100179375
100179375
100302684
100320171
100320171
100320171
100436124
100741168
100741168
100741168
100741168
100773994
100846352
101001184
101001184
101001184
101001184
101001184
101145154
101145154
101224224
101224224
101321459
101321459
101321459
101451775
101458280
101458280
101458280
101648451
101674739
101674739
101676130
101729593
101729593
101729593
101733358
102374688
102374688
102374688
102374688
102546368
102677522
102723176
102723176
102723176
102723176
102723176
102723176
102755249
102772792
102772792
102772792
102772792
102792523
102792523
102819227
102877177
102877177
102877177
103616712
103616712
103616712
103616712
103616712
103616712
103712608
103712608
103874017
103874017
103974270
104031950
104064774
104149627
104149627
104169059
104169059
104169059
104169059
104436849
104436849
104436849
104592243
104592243
104659619
104659619
104679152
104691619
104691619
104750649
104781454
104781454
104809859
104963057
104963057
104963057
105184808
105184808
105213562
105213562
105213562
105213562
105213562
105213562
105373470
105373470
105418760
105418760
105418760
105418760
105711940
105790082
105833069
105833069
105859958
105859958
106059894
106066912
106148227
106433391
106537662
106641462
106641462
106641462
106647594
106647594
106647594
106647594
106647594
106678244
106678244
106828908
106946406
106946406
107005809
107005809
107139456
107241645
107241645
107241645
107241645
107340935
107340935
107340935
107340935
107346869
107346869
107346869
107474126
107474126
107834800
107836805
107836805
107836805
107836805
107836805
107836805
107836805
107982011
107982011
107982011
107982011
107982011
107982011
108252618
108483679
108483679
108483679
108586481
108586481
108894923
108908334
108908334
108908334
108908647
108971614
108986113
108986113
109127258
109164496
109259761
109316118
109316118
109564163
109564163
109570595
109591273
109591273
109622149
109698730
109698730
109698730
109698730
109698730
109698730
109732504
109732504
109732504
109765462
109765462
109765462
109822962
109822962
109822962
109822962
109822962
109822962
109822962
109822962
109825076
109825076
109825076
109825076
109825076
109827051
109835124
109835124
109835124
109855230
109855230
109858528
110135576
110285536
110354007
110354007
110656580
110745243
110745243
110745243
110747687
110747687
110747687
110747687
110747687
110747687
110747687
110747687
110792322
110792322
110792322
110792322
110792322
110794550
110794550
110799881
110913719
110913719
110921341
110921341
110921341
110921341
110921341
110921341
110921341
110921341
110921341
110921341
110921341
110921341
110921341
110980783
110980783
110980783
110980783
110980783
110980783
110980783
111028367
111203545
111203545
111252123
111252123
111252123
111277994
111441432
111441432
111441432
111495213
111495213
111501557
111540204
111540204
111540204
111540204
111571355
111571355
111794168
111902706
112069653
112069653
112069653
112069653
112069653
112069653
112101736
112101736
112101736
112116873
112116873
112221811
112221811
112334211
112446487
112520999
112520999
112543137
112543137
112543137
112659025
112738114
112738114
112738114
112802697
112927905
112976418
112976418
112991712
113000106
113128080
113284396
113397658
113397658
113397658
113397658
113397658
113433639
113441705
113441705
113446961
113446961
113481076
113482408
113547028
113547028
113559091
113631316
113631316
113631316
113683964
113683964
113730224
113730224
113730224
113887195
113896662
113896662
114004940
114004940
114004940
114004940
114023516
114023516
114023516
114023516
114047574
114063230
114063230
114063230
114063230
114063230
114105243
114114897
114114897
114281415
114369522
114369522
114474329
114491666
114682980
114761114
114761114
114765714
114829251
114831828
114873253
114893313
115427704
115449561
115495531
115539063
115539063
115598373
115758100
115758100
115758100
115883695
115883695
115883695
115951599
115951599
116061562
116061562
116067675
116067675
116067675
116176112
116353289
116410406
116472195
116483006
116642155
116645279
116697169
116846606
116917068
116949217
116956662
117055934
117055934
117055934
117055934
117055934
117055934
117055934
117228151
117228151
117267312
117408790
117408790
117408790
117410742
117410742
117410742
117410742
117431801
117523165
117761075
117893303
117914545
117914545
117914545
117962819
118059832
118423734
118524358
118524358
118552970
118552970
118552970
118616216
118616216
118616216
118628755
118628755
118697572
118697572
118697572
118714923
118714923
118714923
118795384
118795384
118976852
118976852
118976852
118976852
118976852
118999808
119017824
119125215
119125215
119233605
119233605
119233605
119233605
119233605
119252585
119252585
119252585
119252585
119252585
119252585
119282414
119362586
119459691
119459691
119459691
119459691
119459691
119459691
119459691
119459691
119566681
119566681
119566681
119566681
119596781
119603519
119738414
119738414
119738414
119817582
119826032
119926975
119926975
120181591
120181591
120181591
120181591
120187197
120201607
120201607
120201607
120201607
120391134
120391134
120412336
120412336
120412336
120508552
120537536
120953544
121052812
121115862
121176686
121212675
121273207
121363959
121363959
121511144
121511144
121511144
121511144
121566389
121650016
121650016
121657505
121761054
121880808
121880808
121924442
122351123
122351123
122351123
122420478
122446633
122446633
122446633
122446633
122554392
122554392
122603689
122690800
122693890
122693890
122693890
122693890
122727794
122833412
122860236
122860236
122968446
122968446
123060726
123184761
123184761
123211553
123211553
123361458
123361458
123361458
123461594
123461594
123533648
123533648
123533648
123575927
123575927
123575927
123575927
123575927
123613027
123613027
123613027
123613027
123772280
123795816
123795816
123795816
123975956
123975956
124041979
124041979
124054815
124145107
124210313
124335269
124335269
124339725
124427530
124427530
124427530
124510138
124564639
124564639
124564639
124564639
124564639
124564639
124564639
124564639
124564639
124564639
124564639
124564639
124652792
124652792
124652792
124652792
124652792
124652792
124652792
124652792
124652792
124652792
124652792
124652792
124846472
124846472
124846472
124870161
124870161
124914060
124941250
124941250
124951714
124959765
124959765
124959765
125022388
125022388
125022388
125201544
125201544
125201544
125201544
125201544
125201544
125201544
125201544
125201544
125201544
125236217
125236217
125236217
125236217
125236217
125243841
125243841
125465889
125533826
125533826
125533826
125533826
125755680
125755680
125755680
125755680
125755680
125755680
125755680
125755680
125755680
125849148
125899001
125899001
125931141
125931141
125931141
125984840
125984840
125984840
126063861
126063861
126063861
126063861
126077488
126077488
126077488
126077488
126101368
126101368
126251505
126251505
126251505
126251505
126251505
126251505
126340073
126440155
126440155
126440155
126488530
126488530
126531576
126697554
126697554
126700962
126722546
126854875
126854875
126854875
126962951
126962951
126962951
127035816
127035816
127058581
127058581
127058581
127092579
127092579
127234467
127234467
127277700
127286365
127546127
127553620
127564787
127617716
127676118
127727720
127727720
127727720
127811993
127991348
127991348
127991348
127991348
128018511
128018511
128115594
128115594
128202040
128202040
128326671
128348042
128376597
128376597
128528317
128873076
128873076
128873076
128881566
128881566
128881566
128881566
128881566
128949776
128949776
128949776
129003293
129077585
129077585
129077585
129132963
129208420
129208420
129208420
129208420
129244326
129244326
129245062
129245062
129256073
129256073
129256073
129288392
129288392
129288392
129288392
129509558
129828048
129828048
129828048
129828048
129828048
129889195
129889195
129889195
129915685
129915685
129947775
129947775
129956286
129958421
130021310
130021310
130021310
130021310
130360969
130401203
130401203
130401203
130401203
130401203
130401203
130558831
130558831
130574330
130574330
130574330
130574330
130615361
130615361
130615361
130646350
130700351
130700351
130700351
130713875
130764663
130764663
130774275
130796001
130824365
130824365
130824365
130824365
131139911
131139911
131139911
131139911
131139911
131139911
131139911
131139911
131139911
131139911
131139911
131139911
131139911
131139911
131139911
131139911
131227644
131227644
131227644
131227644
131227644
131227644
131227644
131231480
131335116
131335116
131480033
131589376
131618692
131618692
131630634
131630634
131787423
131787423
131787423
131787423
131808304
131808304
131808304
131861538
131878067
131878067
131878067
131878067
132120460
132120460
132120460
132120460
132310681
132310681
132310681
132310681
132310681
132310681
132310681
132359185
132359185
132359185
132414701
132527771
132527771
132636436
133115176
133196923
133196923
133196923
133196923
133196923
133196923
133300809
133325364
133325364
133325364
133354033
133361065
133413279
133484949
133502384
133502384
133502384
133502384
133502384
133508737
133554979
133554979
133554979
133554979
133554979
133599943
133741788
133741788
133741788
133783316
133921035
133955064
133955064
133955064
133955064
133978747
133978747
133978747
133978747
134014706
134057862
134109695
134109695
134109695
134109695
134109695
134134844
134134844
134134844
134149416
134149416
134234753
134234753
134234753
134234753
134234753
134253932
134380585
134380585
134380585
134380585
134380585
134380585
134380585
134380585
134380585
134387450
134395328
134395328
134395328
134395328
134395328
134395328
134395328
134395328
134395328
134472775
134501946
134517842
134517842
134517842
134517842
134526928
134526928
134526928
134526928
134526928
134526928
134526928
134526928
134526928
134526928
134526928
134559805
134610882
134610882
134610882
134664844
134664844
134664844
134732659
134732659
134732659
134768807
134889220
134889220
134919370
134919370
134919370
134919370
134919370
134950798
134950798
135193327
135193327
135309056
135309056
135309056
135309056
135309056
135309056
135311096
135311096
135311096
135407306
135407306
135407306
135439927
135671655
135671655
135858715
135912304
135912304
135912304
135919749
135919749
135937738
135961323
135961323
135961323
135961323
135961323
135961323
135961323
135961323
135961323
136321481
136321481
136321481
136321481
136466954
136466954
136466954
136466954
136476265
136476265
136476265
136476265
136530851
136530851
136658955
136795523
136795523
136795523
136795523
136795523
136795523
136795523
136795523
136795523
136880436
136880436
136977038
137043586
137043586
137043586
137043586
137043586
137043586
137043586
137043586
137123435
137123435
137188132
137188132
137188132
137188132
137305693
137305693
137305693
137305693
137368856
137368856
137368856
137434004
137434004
137434004
137447206
137447206
137447206
137447206
137447206
137447206
137447206
137447206
137658537
137677039
137677039
137679802
137679802
137679802
137679802
137803926
137803926
137893981
137942883
137942883
137942883
138013467
138019507
138019507
138019507
138039601
138039601
138054432
138054432
138059971
138641378
138641378
138641378
138641378
138641378
138641378
138689102
138689102
138689102
138689102
138689102
138880125
138880125
138880125
138880125
138908458
138908458
138908458
138956368
138956368
138956368
138992116
138992116
138992116
139031434
139159535
139200291
139200291
139200291
139206789
139206789
139233467
139275856
139275856
139275856
139275856
139275856
139283320
139283320
139283320
139461830
139461830
139461830
139468939
139468939
139468939
139468939
139494719
139606799
139606799
139659582
139659582
139659582
139659582
139659582
139659582
139663667
139663667
139663667
139663667
139733875
139733875
139838093
139838093
139838093
139838093
139838093
139894817
139894817
139894817
139894817
139894817
139954627
139954627
139954627
139954627
139969421
139969421
139969421
139979346
139979346
140019713
140019713
140057662
140057662
140057662
140057662
140057662
140103859
140103859
140103859
140103859
140103859
140103859
140103859
140103859
140292504
140292504
140292504
140292504
140457574
140457574
140575566
140575566
140575566
140575566
140575566
140575566
140575566
140575566
140575566
140575566
140575566
140593375
140593375
140593375
140593375
140593375
140593375
140593375
140593375
140593375
140593375
140632577
140632577
140632577
140722688
140722688
140785954
140785954
140807164
140807164
140807164
140807164
140807164
140885605
140885605
140885605
140912227
140912227
140955297
140955297
140963217
141033625
141033625
141033625
141033625
141035008
141035008
141035008
141035008
141035008
141035008
141137346
141282621
141481409
141544251
141556083
141556083
141630350
141630350
141630350
141630350
141630350
141630350
141662266
141681836
141701631
141797789
141797789
141953228
142002256
142013649
142013649
142013649
142013649
142013649
142119389
142119389
142119389
142119389
142172780
142172780
142172780
142172780
142172780
142201488
142201488
142201488
142201488
142258947
142258947
142258947
142258947
142258947
142258947
142258947
142258947
142258947
142258947
142258947
142372990
142372990
142372990
142372990
142372990
142372990
142372990
142372990
142416904
142446989
142446989
142446989
142543341
142576568
142576568
142599945
142629369
142688794
142688794
142714645
142714645
142714645
142714645
142714645
142724731
142755433
142755433
142755433
142755433
142778016
142778016
142778016
142778016
142778016
142822372
142822372
142822372
142907498
142907498
142907498
142907498
142907498
142907498
142907498
142907498
142908694
142908694
142908694
143071939
143071939
143071939
143071939
143071939
143071939
143071939
143071939
143168781
143168781
143168781
143168781
143168781
143168781
143176593
143223076
143233753
143293164
143293164
143293164
143386156
143386156
143387241
143387241
143387241
143387241
143422889
143422889
143422889
143422889
143422889
143422889
143422889
143422889
143422889
143422889
143477579
143477579
143477579
143526646
143526646
143643401
143643401
143643401
143773874
143773874
143773874
143773874
143773874
143802211
143802211
143802917
143802917
144049644
144049644
144049644
144049644
144049644
144051848
144051848
144187462
144219393
144219393
144219393
144241115
144356336
144356336
144413185
144413185
144413185
144413185
144413185
144494905
144494905
144498523
144634545
144634545
144634545
144634545
144735141
144735141
144735141
144735141
144735141
144735141
144754426
144801868
144801868
144801868
144801868
144801868
144801868
144801868
144801868
144801868
144801868
144801868
144801868
144801868
144900129
144900129
144900129
144900129
144952234
144952234
145001815
145001815
145063198
145065151
145065151
145253634
145376114
145376114
145376114
145380388
145380388
145380388
145414775
145414775
145414775
145494272
145494272
145494272
145542095
145580181
145580181
145580181
145580181
145580181
145580181
145580181
145580181
145580181
145580181
145580181
145580181
145580181
145580181
145580181
145580181
145580181
145580181
145580181
145580181
145580181
145580181
145580181
145580181
145580181
145580181
145580181
145632968
145632968
145632968
145686144
145686144
145752392
145752392
145766127
145766127
145766127
145766127
145887479
145926507
145926507
145986174
146044551
146058840
146058840
146058840
146058840
146098255
146103153
146103153
146103153
146103153
146103153
146118613
146118613
146161770
146161770
146161770
146217864
146397734
146397734
146397734
146434075
146434075
146434075
146446617
146446617
146540537
146540537
146574641
146574641
146574641
146574641
146679469
147063943
147063943
147063943
147063943
147063943
147063943
147241893
147241893
147314596
147378119
147378119
147378119
147378119
147378119
147380572
147380572
147380572
147380572
147380572
147380572
147411936
147411936
147411936
147411936
147414416
147430323
147430323
147430323
147434545
147434545
147473403
147473403
147498043
147520666
147520666
147520666
147520666
147520666
147520666
147697531
147697531
147697531
147697531
147697531
147697531
147697531
147697531
147779654
147788346
147788346
147788346
147788346
147788346
147788346
147813171
147864331
147864331
147925998
147925998
147925998
147925998
147999641
148029163
148065200
148065200
148065200
148065200
148065200
148065200
148065200
148065200
148065200
148065200
148065200
148128946
148128946
148128946
148128946
148128946
148258066
148276503
148276503
148276503
148276503
148276503
148276503
148276503
148276503
148294008
148294008
148294008
148294008
148327679
148435003
148447512
148447512
148447512
148457201
148457201
148457201
148460222
148469751
148469751
148627437
148627437
148627437
148627437
148649611
148649611
148649611
148704119
148734527
148734527
148734527
148734527
148734527
148734527
148734527
148734527
148734527
148734527
148754904
148754904
148754904
148754904
148754904
148754904
148754904
148754904
148754904
148817828
148817828
148817828
148892099
148892099
148892099
148892099
148892099
148892099
148892099
148892099
148892099
148892099
148892099
148892099
148892099
148908153
148908153
148908153
148908153
148908153
148908153
148908153
148917360
148917360
148917360
148917360
148917360
148917360
148917360
148924080
148924080
148924080
148924080
148924080
148929086
148929086
149008081
149019952
149060711
149062614
149062614
149114387
149126636
149126636
149177217
149177217
149177217
149177217
149186698
149227106
149227106
149227106
149258552
149258552
149310172
149310172
149327347
149327347
149327347
149327347
149327347
149327347
149327347
149327347
149327347
149327347
149327347
149327347
149327347
149327347
149327347
149327347
149327347
149341563
149358450
149358450
149358450
149358450
149368685
149368685
149368685
149418353
149418353
149457022
149457022
149457022
149457022
149511701
149511701
149555723
149555723
149555723
149555723
149555723
149555723
149555723
149555723
149563273
149563273
149563273
149563273
149563273
149563273
149563273
149563273
149563273
149563273
149571028
149571028
149571028
149571028
149580145
149589500
149635154
149635154
149645124
149645124
149645124
149678297
149678297
149678297
149678297
149697829
149710588
149860028
149860028
149860028
149862310
149862310
149862310
149968237
150062817
150062817
150062817
150062817
150062817
150062817
150062817
150062817
150090641
150157422
150157422
150157422
150183173
150183173
150232435
150266431
150266431
150266431
150266431
150266431
150266431
150266431
150266431
150266431
150372861
150450085
150450085
150601190
150656909
150656909
150656909
150656909
150678952
150678952
150678952
150678952
150678952
150678952
150678952
150678952
150678952
150678952
150678952
150678952
150678952
150678952
150678952
150692699
150692699
150752752
150752752
150752752
150752752
150752752
150752752
150752752
150752752
150752752
150752752
150752752
150752752
150752752
150788389
150788389
150788389
150825653
150825653
150825653
150828695
150828695
150828695
150871088
150871088
150871088
150871088
150871088
150871088
150871088
150906836
150906836
151004416
151004416
151004416
151004416
151004416
151004416
151028934
151028934
151028934
151190492
151190492
151190492
151190492
151190492
151190492
151190492
151238993
151250357
151250357
151268789
151268789
151283749
151283749
151283749
151283749
151283749
151283749
151283749
151283749
151283749
151283749
151283749
151283749
151283749
151283749
151283749
151347521
151347521
151347521
151409640
151561708
151561708
151561708
151561708
151561708
151561708
151561708
151561708
151598773
151624937
151624937
151624937
151671833
151671833
151671833
151684682
151715210
151773802
151773802
151773802
151773802
151773802
151773802
151773802
151791908
151791908
151791908
151791908
151805235
151805235
151805235
151805235
151805235
151805235
151805235
151805235
151805235
151805235
151956782
151956782
151956782
151990582
151990582
152041516
152041516
152041516
152041516
152041516
152041516
152041516
152041516
152041516
152041516
152045180
152045180
152087870
152087870
152087870
152087870
152095158
152095158
152095158
152095158
152095158
152095158
152160060
152160060
152160060
152160060
152160060
152200076
152200076
152200076
152200076
152200076
152217777
152217777
152309660
152309660
152309660
152309660
152309660
152309660
152364805
152364805
152426536
152475882
152475882
152484718
152484718
152484718
152484718
152484718
152484718
152484718
152484718
152484718
152484718
152502112
152502112
152502112
152502112
152502112
152502112
152502112
152502112
152502112
152502112
152502112
152502112
152502112
152502112
152502112
152502112
152502112
152527813
152527813
152527813
152527813
152527813
152548085
152548085
152548085
152548085
152548085
152548085
152548085
152548085
152548085
152548085
152548085
152548085
152607911
152607911
152607911
152607911
152608153
152608153
152622157
152622157
152794496
152798097
152798097
152798097
152798097
152798097
152895805
152895805
152895805
152990152
152990152
152990152
152990152
152990152
152990152
153007227
153007227
153007227
153007227
153079726
153094016
153094016
153094016
153094016
153094016
153158733
153158733
153158733
153158733
153158733
153158733
153314168
153314168
153314168
153314168
153314168
153314168
153314168
153314168
153314168
153314168
153314168
153314168
153314168
153314168
153314168
153350312
153350312
153350312
153350312
153350312
153350312
153350312
153350312
153350312
153350312
153350312
153350312
153350312
153350312
153350312
153350312
153350312
153350312
153350312
153350312
153350312
153350312
153350312
153350312
153350312
153350312
153350312
153350312
153389630
153389630
153394435
153394435
153394435
153394435
153394435
153394435
153396732
153396732
153396732
153396732
153396732
153396732
153396732
153396732
153396732
153517285
153517285
153517285
153517285
153572358
153582370
153582370
153582370
153582370
153582370
153582370
153582370
153624418
153624418
153624418
153624418
153728211
153730926
153730926
153730926
153730926
153779873
153779873
153779873
153779873
153779873
153789817
153789817
153789817
153789817
153789817
153789817
153789817
153829188
153829188
153896789
153896789
153896789
153896789
153896789
153896789
153897095
153897095
153897095
153897095
154003694
154047190
154047190
154104884
154181201
154181201
154181201
154181201
154181201
154297993
154297993
154297993
154297993
154297993
154321156
154321156
154321156
154321156
154372300
154396664
154423083
154458739
154458739
154487716
154487716
154487716
154577418
154577418
154577418
154577418
154605048
154605048
154605048
154640090
154640090
154687494
154838412
154838412
154838412
154838412
154838412
154838677
154838677
154838677
154838677
154838677
154838677
154838677
154838677
154838677
154838677
154838677
154838677
154887268
154887268
154887268
154887268
154887268
154887268
154887268
154887268
154887268
154887268
154887268
154887268
154887268
154887268
154887268
154887268
154887268
154909352
154909352
154909352
154909352
154909352
154909352
154909352
154909352
154909352
154909352
154927652
154927652
154927652
154927652
154927652
154927652
154975168
154975168
154975168
154975168
154997308
154997308
154997308
154997308
154997308
154997308
154997308
154997308
154997308
154997308
154997308
154997308
154997308
154997308
155083034
155083034
155083034
155083034
155142307
155142307
155142307
155142307
155142307
155142307
155142307
155142307
155159059
155159059
155253010
155253010
155253010
155253010
155253010
155260500
155260500
155260500
155336920
155336920
155336920
155336920
155336920
155336920
155434121
155603599
155642057
155642057
155642057
155642057
155642057
155642057
155642057
155642057
155642057
155642057
155671654
155671654
155671654
155671654
155671654
155671654
155671654
155706461
155729175
155729175
155811490
155833516
155833516
155837463
155854163
155905151
155905151
155947171
155947171
155947171
155947171
155947171
155947171
155947171
155947171
155947171
155947171
155947171
155947171
155947171
155947171
155947171
155947171
155950612
155950612
155965516
155965516
155965516
155965516
155965516
155965516
155965516
155965516
155965516
155979725
155979725
155979725
155979725
155979725
155979725
155979725
155979725
155979725
156018417
156018417
156018417
156018417
156018417
156018417
156221188
156221188
156221188
156221188
156363912
156363912
156363912
156383256
156383256
156383256
156383256
156395323
156395323
156395323
156407233
156407233
156472710
156472710
156472710
156472710
156474991
156474991
156474991
156474991
156474991
156484058
156484058
156484058
156484058
156484058
156517044
156517044
156531374
156531374
156531374
156562043
156562043
156562043
156562043
156590974
156590974
156590974
156590974
156590974
156590974
156590974
156590974
156590974
156590974
156678655
156678655
156678655
156678655
156719820
156719820
156719820
156719820
156719820
156719820
156745557
156745557
156745557
156861730
156861730
156864478
156864478
156864478
156864478
156864478
156864478
156864478
156864478
156958819
156982888
157026075
157026075
157026075
157026075
157031382
157031382
157031382
157031382
157032645
157032645
157032645
157032645
157032645
157032645
157065309
157065309
157065309
157065309
157065309
157065309
157065309
157065309
157065309
157065309
157065309
157065309
157065309
157065309
157065309
157065309
157065309
157065309
157065309
157065309
157065309
157065309
157065309
157065309
157065309
157124040
157124040
157124040
157124040
157124040
157202397
157202397
157226263
157226263
157241754
157254888
157296688
157296688
157296688
157296688
157296688
157296688
157296688
157296688
157296688
157509043
157532540
157532540
157600681
157629364
157629364
157629364
157629364
157629364
157629364
157629364
157629364
157656801
157656801
157656801
157656801
157656801
157656801
157656801
157656801
157656801
157656801
157687853
157687853
157687853
157687853
157687853
157687853
157687853
157687853
157687853
157687853
157687853
157687853
157687853
157687853
157687853
157687853
157687853
157687853
157687853
157687853
157687853
157687853
157687853
157687853
157687853
157687853
157687853
157687853
157687853
157754715
157754715
157754715
157754715
157754715
157754715
157818217
157818217
157836709
157836709
157836709
157836709
157836709
157858781
157858781
157879050
157879050
157879050
157879050
157879050
157879050
157879050
157879050
157879050
157879050
157916692
157936057
157936057
157936057
157936057
158020048
158020048
158020048
158020048
158020048
158020048
158020048
158020048
158020048
158020048
158053873
158053873
158053873
158053873
158053873
158053873
158053873
158053873
158065903
158065903
158065903
158065903
158065903
158130426
158130426
158143820
158148245
158148245
158148245
158148245
158148245
158148245
158148245
158148245
158148245
158148245
158148245
158148245
158148245
158148245
158148245
158148245
158202406
158202406
158211066
158211066
158211066
158211066
158211066
158214220
158214220
158214220
158214220
158214220
158214220
158214220
158214220
158214220
158214220
158214220
158214220
158228265
158228265
158228265
158228265
158228265
158228265
158228265
158228265
158228265
158228265
158228265
158248713
158248713
158248713
158248713
158248713
158248713
158248713
158258270
158258270
158258270
158370059
158370059
158370059
158370059
158370059
158370059
158370059
158429059
158434087
158434087
158434087
158434087
158492920
158492920
158492920
158497197
158542036
158542036
158542036
158563410
158563410
158563410
158563410
158642306
158642306
158642306
158642306
158642306
158642306
158654120
158654120
158654120
158654120
158654120
158654120
158654120
158654120
158654120
158654120
158654120
158660376
158660376
158660376
158719097
158719097
158719097
158719097
158719097
158719097
158719097
158719097
158719097
158719097
158719097
158719097
158719097
158719097
158719097
158719097
158795970
158795970
158795970
158795970
158795970
158795970
158795970
158818236
158818236
158867555
158900933
158900933
158900933
158917214
158917214
158917214
158917214
158917214
158917214
158917214
158917214
158921065
158921065
158921065
158921065
158921065
158921065
158921065
158921065
158921065
158921065
158921065
158921065
158924826
158924826
158924826
158924826
158924826
158948829
158948829
158948829
158948829
158948829
158948829
159006031
159006031
159006031
159153601
159214495
159214495
159214495
159214495
159214495
159214495
159233761
159233761
159233761
159233761
159233761
159233761
159233761
159233761
159253824
159272685
159272685
159272685
159272685
159272685
159272685
159287850
159287850
159287850
159287850
159287850
159341233
159386335
159386335
159386335
159386335
159386335
159386335
159412022
159412022
159513746
159513746
159513746
159513746
159513746
159513746
159513746
159513746
159513746
159513746
159513746
159513746
159513746
159527381
159527381
159527381
159527381
159527381
159527381
159527381
159527381
159529523
159529523
159529523
159550719
159550719
159550719
159550719
159550719
159550719
159550719
159550719
159550719
159550719
159550719
159550719
159550719
159550719
159558296
159558296
159558296
159558296
159558296
159558296
159558296
159558296
159558461
159558461
159560824
159560824
159560824
159560824
159576907
159672561
159672561
159672561
159672561
159672561
159672561
159672561
159672561
159672561
159672561
159800336
159800336
159800336
159899861
159899861
159899861
159930880
159930880
159930880
159930880
159930880
159941010
159941010
159944818
159944818
159944818
159944818
159944818
159952202
159952202
160006360
160006360
160006360
160022630
160022630
160022630
160031144
160031144
160031144
160031144
160044261
160044261
160044261
160091065
160091065
160091065
160158693
160158693
160158693
160158693
160158693
160158693
160158693
160158693
160243428
160243428
160243428
160385903
160386389
160386389
160386389
160391339
160391339
160391339
160394518
160394518
160394518
160394518
160394518
160394518
160394518
160394518
160394518
160394518
160394518
160431279
160431279
160431279
160431279
160431279
160431279
160431279
160431279
160431279
160431279
160431279
160431279
160441030
160441030
160441030
160441030
160441030
160449887
160449887
160449887
160458443
160458443
160468184
160468184
160507980
160566287
160572229
160572229
160572229
160572229
160572229
160572229
160597351
160611009
160719090
160719090
160719090
160719090
160733483
4906508
