911
807
483
768
891
609
333
121
748
863
506
773
514
733
274
273
398
398
977
384
306
174
5
867
348
725
326
367
267
38
85
412
603
174
125
180
588
328
196
882
343
45
144
446
989
914
76
574
764
113
973
15
517
286
320
743
369
51
646
763
179
39
184
783
849
265
419
965
619
190
40
404
935
232
410
172
800
651
981
271
466
342
13
119
998
838
867
932
511
127
30
509
292
460
937
769
619
322
612
514
23
943
532
812
356
603
686
598
672
147
3
75
340
715
179
69
913
603
879
563
353
288
14
786
287
144
912
325
391
859
770
770
17
739
997
576
451
956
96
874
895
507
637
521
721
956
236
450
198
162
81
945
411
435
482
951
546
727
959
818
508
741
418
579
540
332
713
53
991
711
739
977
340
496
502
139
206
961
586
889
424
156
84
106
911
392
688
829
385
532
270
468
872
734
161
457
178
612
564
772
649
565
998
997
617
27
672
842
97
682
139
772
21
360
731
448
756
267
912
292
373
718
920
93
292
608
633
329
64
471
671
72
697
909
7
216
418
686
563
823
63
400
838
101
511
224
579
13
643
287
228
751
240
633
673
556
620
300
896
865
570
802
127
840
784
341
711
786
794
113
843
459
989
47
797
926
19
100
555
435
791
196
912
624
926
486
962
573
686
176
888
220
392
249
159
446
190
8
616
997
187
647
216
624
822
438
271
614
482
852
270
843
508
765
793
171
205
99
77
360
32
7
642
808
419
211
850
807
690
821
821
360
200
77
897
453
253
514
478
409
562
114
171
782
58
601
885
460
427
534
263
213
846
995
132
744
303
6
241
347
505
353
177
387
616
6
769
313
407
280
941
827
497
469
166
187
604
359
111
865
90
559
561
807
503
226
615
175
550
745
737
29
253
663
719
867
417
442
34
394
433
577
699
742
221
867
349
176
106
321
873
645
337
247
887
895
548
378
66
336
826
742
115
503
305
108
286
50
352
632
256
713
373
810
753
942
36
208
230
243
836
733
743
53
728
738
597
598
248
962
374
125
662
34
861
741
557
970
524
847
292
272
228
917
93
356
695
560
165
653
160
852
995
67
940
502
819
217
397
904
886
73
897
501
439
314
191
676
279
22
726
48
154
225
116
523
40
500
648
521
66
427
456
487
364
620
328
279
281
908
979
868
973
506
24
470
908
471
514
504
162
210
507
907
657
379
24
947
714
918
462
461
795
940
979
271
915
218
475
487
984
151
709
876
291
140
646
312
375
294
192
246
514
994
872
799
835
599
113
173
636
779
842
311
769
453
875
947
641
495
798
633
137
885
632
583
189
827
152
797
883
381
629
256
183
357
725
345
215
680
485
276
334
369
324
975
322
211
80
918
224
950
532
579
19
457
330
68
925
127
154
278
526
112
875
923
161
903
895
515
176
667
599
627
975
629
501
716
887
415
827
26
857
224
915
749
137
90
943
725
22
987
764
211
500
234
951
217
187
407
329
559
997
359
253
989
700
551
178
48
611
331
981
414
817
24
908
899
334
68
641
892
395
256
104
143
704
325
614
871
284
131
59
436
464
76
638
52
808
495
309
15
404
432
150
493
337
617
272
980
88
469
649
829
50
284
297
941
733
378
506
643
74
907
957
171
949
839
291
669
844
773
72
356
438
412
462
528
614
616
693
796
520
958
399
464
759
234
577
762
244
940
445
580
266
796
94
120
247
749
117
456
244
453
961
740
229
939
286
12
636
258
442
392
522
772
731
969
374
8
524
779
894
482
283
1000
660
140
178
321
549
663
994
742
310
1
399
350
638
165
311
913
656
664
546
174
859
935
198
958
460
793
948
261
476
494
790
477
161
854
218
734
167
649
180
946
218
732
124
286
671
505
752
734
493
814
989
230
260
992
526
757
582
323
237
244
602
188
36
434
746
100
745
886
56
293
435
813
13
78
919
487
292
545
628
927
861
918
157
783
875
640
970
966
704
276
390
800
185
164
895
216
71
898
588
27
281
98
403
787
653
458
341
34
799
156
791
20
560
812
116
279
822
363
707
517
240
128
553
794
237
328
591
105
793
169
820
799
896
789
906
653
206
44
290
113
823
631
219
385
645
403
355
447
800
457
709
265
10
502
541
65
34
145
809
38
770
152
204
791
393
189
226
112
729
972
159
221
986
183
990
828
819
757
600
874
499
593
324
515
212
235
85
848
839
968
389
880
422
567
855
997
513
88
187
414
132
303
991
714
498
634
119
752
947
16
386
434
154
183
335
977
187
395
944
910
352
173
557
286
