596
92
267
708
520
515
381
794
105
668
544
591
549
988
811
452
404
697
560
101
192
870
607
4
881
433
703
586
861
376
499
705
716
525
956
98
521
332
86
128
916
943
890
448
9
802
124
607
916
41
716
669
811
679
403
868
543
59
536
183
973
598
817
996
506
628
175
932
496
138
617
56
690
314
449
614
602
864
999
111
849
717
324
383
847
254
987
272
309
497
889
522
189
472
832
234
944
637
306
700
410
352
558
347
461
64
970
540
176
236
41
133
696
909
127
420
854
951
598
789
57
108
710
192
398
631
290
183
287
681
477
162
222
930
961
763
885
732
159
923
346
744
936
322
563
798
246
589
230
359
800
622
324
245
354
909
869
884
17
742
684
917
683
57
241
579
167
512
755
971
757
853
556
417
181
542
545
637
359
720
24
608
855
33
301
848
581
746
871
285
443
351
675
247
326
875
439
405
305
21
433
331
893
354
609
941
863
184
710
226
327
83
826
54
856
711
388
695
527
162
153
626
347
813
342
468
831
321
816
580
87
164
601
836
438
531
944
722
542
928
332
368
723
733
3
961
287
322
583
854
719
905
283
371
701
983
567
573
126
734
935
125
175
895
182
884
424
541
81
161
98
614
92
825
609
781
270
371
581
517
134
772
839
561
96
467
575
264
893
206
823
104
94
530
310
345
983
926
86
491
299
202
105
17
140
969
709
423
779
468
339
274
826
739
685
288
827
274
607
743
240
479
115
146
660
169
20
205
857
587
914
188
602
506
261
439
903
835
435
30
341
404
939
957
895
653
403
281
209
474
589
872
428
789
63
16
300
346
53
114
809
416
281
49
993
694
925
846
229
449
123
529
95
724
173
329
73
858
928
525
888
431
388
787
995
250
751
628
898
821
540
314
976
350
475
608
249
15
746
340
113
57
925
808
28
436
782
410
343
722
954
480
659
521
303
51
998
663
284
583
992
70
4
19
633
18
662
11
490
505
247
710
586
624
70
321
156
922
794
295
426
878
531
282
536
928
730
981
503
592
426
392
987
922
303
914
333
485
70
79
238
544
582
908
320
240
818
421
924
210
790
796
259
376
896
506
858
515
434
124
762
133
704
791
669
980
470
779
240
973
161
360
410
446
561
944
548
42
222
31
360
677
999
321
218
915
667
111
203
561
312
276
429
151
818
897
866
736
796
188
697
333
664
32
988
683
918
858
388
469
477
994
765
402
588
564
859
611
879
268
459
219
385
701
714
239
15
123
207
767
493
887
869
661
777
357
455
317
222
363
656
694
49
387
949
213
676
291
80
282
743
730
914
54
280
962
546
498
930
468
211
430
617
620
817
667
142
283
628
383
889
34
705
220
118
422
771
658
59
891
585
354
244
984
661
214
35
909
257
128
968
621
928
624
962
351
174
660
449
760
809
278
626
619
766
589
102
748
716
589
265
914
884
663
152
591
221
942
578
361
878
308
344
174
951
937
19
744
450
31
877
171
125
383
839
445
52
549
531
240
375
236
20
17
644
148
957
137
673
700
784
963
100
294
221
889
521
105
75
135
409
790
862
645
492
116
93
740
24
848
478
450
189
683
624
675
990
535
963
592
447
324
327
81
651
853
116
333
52
861
879
862
825
336
794
965
26
317
387
408
54
744
19
491
959
815
431
168
324
649
10
321
104
165
494
670
198
592
226
870
781
380
845
342
198
261
72
42
38
245
567
923
778
438
623
246
900
237
254
712
943
386
532
20
433
951
787
563
682
578
180
218
62
29
64
877
398
48
949
522
363
274
617
20
196
281
466
23
967
994
861
663
493
330
560
552
698
526
293
525
233
869
485
96
886
421
923
438
989
542
35
297
467
381
286
200
876
878
554
323
163
369
562
74
431
227
780
364
847
297
446
242
480
77
921
984
557
575
948
155
982
991
129
678
181
50
870
325
147
316
702
453
7
851
809
508
678
237
177
829
244
209
542
380
639
32
773
466
910
412
21
202
56
741
567
346
545
834
435
447
859
799
972
419
479
235
333
115
370
820
437
734
21
747
148
775
312
66
641
576
722
639
893
241
912
421
815
942
287
482
875
65
226
984
932
358
573
643
833
73
824
40
381
182
148
956
89
739
380
285
78
764
367
439
657
420
461
971
785
806
859
931
735
567
511
600
646
737
164
754
940
260
814
986
539
553
37
753
880
840
507
577
947
740
971
984
366
10
426
145
539
270
287
517
868
155
741
262
437
227
476
273
122
492
783
153
868
864
491
986
412
685
4
543
514
333
451
148
441
522
