575
68
261
949
636
963
777
255
456
513
579
280
902
536
278
701
185
465
542
324
801
711
692
681
768
85
394
748
113
205
158
663
469
407
584
232
591
816
391
58
195
189
345
194
343
250
678
26
610
599
661
56
561
841
37
834
999
404
642
319
502
678
784
252
540
945
948
239
629
47
707
485
394
402
635
322
506
591
776
302
896
594
528
567
269
161
542
209
19
607
378
585
632
761
631
815
165
691
929
679
130
709
592
479
961
834
400
240
189
374
302
767
389
639
432
252
350
625
346
927
250
354
575
4
707
666
873
275
464
634
826
77
918
753
58
590
336
620
66
913
604
955
695
275
483
966
835
388
192
16
447
536
274
549
472
785
329
599
712
316
158
672
927
497
584
750
358
854
301
214
334
967
183
992
548
630
34
61
359
558
665
295
331
513
899
492
734
309
432
510
812
758
876
174
156
960
547
396
505
803
437
389
776
570
870
426
544
389
881
913
427
832
860
74
948
507
615
579
209
960
342
134
729
888
313
601
465
188
895
126
803
613
948
994
410
415
273
347
384
366
939
342
263
651
709
182
289
189
791
688
754
458
601
856
279
163
719
919
186
128
184
227
104
81
839
674
357
512
345
748
24
225
567
675
323
113
496
964
90
309
72
970
98
282
804
154
761
744
236
252
591
932
40
286
795
542
982
807
714
674
440
153
604
298
266
861
327
253
676
599
951
55
672
236
323
163
507
673
983
463
965
716
231
619
969
512
646
214
175
151
338
544
993
878
265
695
716
814
685
991
825
531
380
188
413
880
740
44
327
746
868
87
975
304
192
920
252
704
836
682
582
236
286
193
792
317
317
563
766
427
920
861
533
533
478
249
484
879
564
409
384
140
718
466
947
450
513
245
861
417
972
885
201
833
365
659
373
947
695
264
341
252
527
179
512
958
306
891
12
536
95
145
16
834
300
959
965
638
434
187
440
675
209
364
10
239
444
121
227
476
392
373
118
271
351
543
589
306
143
202
215
189
715
110
419
238
513
851
911
40
372
829
27
190
991
324
61
814
815
743
900
811
536
91
276
551
989
90
226
413
644
554
293
169
916
671
102
14
425
946
353
704
491
187
445
860
942
587
356
232
42
357
423
562
173
276
87
445
272
65
314
486
836
431
736
181
240
971
789
256
274
706
501
73
322
62
783
804
437
698
364
476
648
564
413
402
21
474
142
130
742
679
491
705
663
378
749
339
131
465
666
79
733
375
625
941
729
955
503
977
826
66
316
767
15
500
784
495
765
503
846
691
469
347
1000
459
747
433
319
477
887
745
364
303
854
212
928
544
813
85
508
692
499
372
182
222
1
835
428
749
543
891
915
100
37
650
328
891
171
584
172
679
113
155
743
372
524
706
922
967
949
851
256
444
654
238
898
672
134
704
750
310
657
698
752
757
331
894
581
316
489
323
581
51
231
791
287
371
568
307
559
672
626
133
131
502
742
628
29
18
227
551
801
793
906
881
627
581
999
196
868
698
103
976
231
854
337
170
320
234
34
86
942
40
78
798
991
789
107
821
313
13
777
315
303
805
382
424
170
264
788
324
848
461
982
372
313
127
925
128
367
627
442
824
88
786
744
704
105
904
520
351
202
368
961
447
286
44
37
554
475
899
697
821
52
2
451
268
602
32
997
302
764
248
268
440
536
620
887
705
376
417
686
994
818
433
228
977
533
895
818
952
572
590
763
518
755
895
774
885
133
852
632
671
33
813
804
900
508
783
260
643
494
243
567
774
838
675
226
653
617
995
162
196
418
701
905
945
143
527
976
219
68
604
782
255
715
717
210
467
197
81
658
824
739
419
336
733
790
847
441
888
25
994
888
30
417
932
210
977
666
654
892
550
312
46
895
911
8
334
434
993
190
254
291
305
428
180
120
762
20
813
732
793
693
230
761
448
951
160
881
515
928
452
925
182
159
857
590
86
353
385
76
911
675
502
41
413
35
141
982
616
976
784
863
663
752
291
963
123
917
477
182
31
185
131
736
260
976
556
978
526
778
685
479
911
674
33
318
60
148
695
925
966
717
196
914
401
561
438
407
680
288
646
917
27
152
47
679
695
322
799
1
77
426
114
411
461
118
182
175
959
391
183
759
14
686
377
245
413
253
230
382
701
189
479
516
581
859
727
186
173
935
106
243
322
241
48
734
76
314
294
206
728
507
942
53
33
716
190
420
682
57
863
431
399
540
605
289
845
537
549
863
665
567
99
875
61
827
72
361
601
555
534
338
80
25
930
239
936
