434
546
176
204
327
593
442
904
585
768
37
311
156
870
725
253
181
540
205
289
294
384
350
44
250
516
366
307
335
784
279
846
687
931
918
987
80
909
794
287
826
212
116
941
247
484
898
18
601
560
692
899
1
845
740
640
916
438
169
596
334
447
933
145
629
369
594
970
210
178
223
601
856
575
719
422
295
830
656
634
503
157
170
920
62
177
111
724
482
157
491
273
534
449
851
47
29
629
721
535
455
817
795
629
937
718
458
104
523
584
980
911
256
131
970
295
496
863
126
919
551
864
504
378
270
421
239
987
245
480
231
321
141
960
946
839
852
844
23
712
608
191
415
585
693
153
881
821
791
350
993
549
942
197
335
729
338
414
352
993
928
996
679
3
996
519
946
815
972
385
825
841
572
280
477
113
585
855
452
651
1000
145
140
576
272
104
11
787
255
473
701
554
115
532
719
805
368
598
609
116
614
608
900
965
18
128
774
908
951
499
468
377
756
335
328
433
548
399
69
514
54
900
314
297
873
947
686
256
280
397
178
45
541
220
692
703
519
101
773
850
776
606
599
866
95
622
216
178
438
771
614
218
355
26
751
498
951
300
248
879
974
123
177
719
368
706
136
524
534
187
39
906
836
114
136
19
826
599
390
66
77
962
470
240
852
819
687
474
777
226
460
815
410
269
91
475
866
627
790
821
116
577
333
313
721
268
726
788
217
999
910
715
52
726
366
420
70
753
368
609
202
7
703
570
116
414
597
900
164
407
379
17
357
968
165
357
115
317
440
509
599
855
468
8
164
975
710
536
503
668
332
125
980
807
995
545
345
112
74
656
399
168
108
744
551
22
907
88
747
745
482
800
985
572
862
263
76
407
844
338
761
56
208
258
171
772
620
96
328
775
578
279
868
523
579
956
473
54
98
344
950
51
962
455
150
185
114
225
46
487
250
776
191
37
422
25
605
159
451
172
197
117
2
897
290
377
995
518
786
650
967
419
413
107
424
935
359
532
816
374
662
53
665
58
681
927
580
59
200
419
726
520
405
965
831
554
257
499
56
665
6
445
39
277
240
618
230
393
232
524
273
377
517
524
709
264
977
165
43
157
546
961
49
465
306
270
159
286
291
608
293
117
95
29
239
161
477
68
886
185
808
46
145
236
556
859
440
654
946
154
54
317
8
543
437
34
144
978
972
293
357
430
790
532
548
380
912
583
34
696
953
723
688
687
345
518
268
20
329
103
153
150
766
584
427
817
553
552
778
40
219
981
81
646
998
244
936
168
636
940
946
832
944
292
566
747
218
572
126
126
725
828
588
938
258
190
286
959
752
722
483
959
389
482
399
800
519
889
622
153
13
756
557
581
29
310
866
608
156
403
59
568
12
594
773
946
798
63
65
340
577
434
310
34
671
784
319
23
561
198
4
121
312
835
678
787
805
445
892
62
565
826
113
43
159
409
587
697
515
70
757
829
24
67
881
264
370
382
261
654
600
1
671
667
229
631
534
538
385
432
229
248
836
197
866
893
897
323
758
793
104
671
810
31
116
77
945
158
79
942
10
837
922
941
821
266
307
860
697
762
518
967
452
547
405
967
373
984
877
390
463
999
717
772
106
535
631
257
131
654
142
844
521
484
639
998
219
83
619
897
922
913
880
26
529
400
792
711
13
9
254
480
61
707
939
619
294
520
127
175
690
625
818
242
182
289
138
747
582
155
528
645
918
558
76
336
285
211
609
197
10
492
99
527
20
62
294
242
443
619
174
232
935
737
534
7
184
118
705
295
440
456
883
247
14
312
929
18
416
711
74
794
203
306
159
266
985
852
786
359
754
246
23
364
902
816
234
208
12
338
327
402
77
797
854
944
944
183
556
873
531
480
650
878
234
96
707
73
907
67
703
379
212
587
132
124
133
818
583
522
542
309
635
343
531
973
47
590
547
270
929
768
472
904
908
185
258
536
464
934
598
133
994
973
105
890
472
326
785
882
828
282
147
607
415
537
544
54
117
436
986
85
556
749
100
762
658
773
257
609
558
569
883
267
751
276
387
138
40
848
951
959
872
246
308
227
354
820
299
65
716
128
759
152
766
678
677
221
889
200
248
711
938
410
557
615
685
275
453
78
989
776
329
8
752
82
416
574
628
813
444
416
222
586
642
687
71
381
851
495
396
215
58
425
811
155
63
635
365
251
636
651
828
738
122
507
607
43
375
987
497
94
268
582
662
201
363
681
396
767
306
572
791
152
492
952
132
471
176
242
297
426
597
540
852
610
733
893
65
498
