-1
11544
11544
11184
11544
11544
10191
11544
10306
11544
11544
11544
11389
11544
8310
11544
11544
11544
11313
9462
11544
1350
4154
11544
11104
11544
5837
9660
11544
3408
1686
8901
11544
11544
11544
8142
11273
11544
9352
11544
11544
11387
11256
10065
11544
11544
11544
11544
11502
10024
11258
11390
8751
11544
11544
9294
8534
11544
11544
11544
11544
7597
11544
11544
11285
11544
11544
7674
9761
11544
11544
11544
11544
10512
7639
11544
11544
11544
11544
7925
11541
11544
9344
10592
11544
386
11544
11544
11544
9823
11544
11273
9577
11544
11544
11544
11148
11544
7330
11544
11544
11544
11544
11544
11544
11544
11544
11544
11544
11544
11544
11544
11544
11544
10148
10217
11544
11544
11544
11544
9540
4035
11544
11544
11544
9591
11544
11544
11544
9909
11544
11544
8156
11544
8261
11544
11544
11045
11544
11544
11544
11544
11544
6486
10329
11544
11544
11544
11544
11544
11544
11544
11544
11544
11544
11544
11544
8453
7402
8826
11544
9705
10672
11544
11544
8775
11544
11544
11544
7908
11544
11544
10862
11544
11544
11544
11544
11544
11544
11544
8820
11544
11544
5459
8472
10759
5615
11544
11544
7273
11544
10614
10330
6693
11544
11544
11544
11544
7975
11544
11544
11544
11544
11544
10918
11544
11544
11544
11544
11544
11544
11544
11544
10156
11544
11127
11544
11544
11544
7894
11544
9475
11544
11544
11544
11544
10429
11544
11544
9713
2852
11544
8152
8773
11544
11544
11544
11544
9189
11544
10011
9096
9698
11544
6904
10444
11544
8269
10484
10859
11544
11544
7145
11544
11544
11544
11544
11544
11544
11544
11544
11544
10324
11544
11020
11544
11544
8992
11544
11544
6064
11544
11544
6866
11544
11544
11544
11544
11544
11544
10402
9784
11544
9230
11544
11544
11544
5954
11544
7711
11544
11303
11544
9761
11544
11544
11544
11544
10283
11544
11544
11544
11544
11544
3561
11544
6080
11544
11544
7767
11544
11544
11544
11544
11544
11544
11544
11544
11544
11544
11544
11544
11544
11544
11544
11197
11544
11544
11544
10350
11544
11544
11544
11544
10220
11544
10322
11544
11544
11544
10642
8181
11544
11255
11544
7940
9955
7484
11544
11544
9688
11544
11544
6012
6608
11544
11544
11544
11544
11544
11544
11544
11544
11544
11544
11544
3861
11544
11544
11544
9893
11054
11544
11544
11544
4406
11544
11544
11544
9998
11544
11544
11544
11544
8248
10069
11544
11544
11544
11544
11544
8374
11544
11544
11544
11544
10723
10435
11544
11544
10642
11544
11544
11481
11314
11544
10427
10609
11108
7355
7485
5518
11544
8997
11544
11544
11239
8991
7440
11544
11544
11544
5621
11544
11544
11544
11085
11544
5855
11544
1613
11544
11544
8509
9481
11544
11307
4824
11544
11544
11544
11544
11298
11544
11544
11544
10840
11544
11199
9271
9997
9758
11544
11544
11544
11544
11544
5865
11132
9772
11544
11544
11544
9805
11544
11544
11544
11544
11544
9387
11544
11544
11544
11544
7663
11544
11544
11544
11285
11058
9705
10986
10248
11544
11544
11544
11544
3961
11544
11544
11544
10794
11544
11544
11544
11544
11544
9698
11544
11544
9663
11544
11544
10677
11544
11544
11346
11544
11544
11139
11544
10614
8374
11544
11544
10911
11544
10339
10474
10188
11544
11544
11544
11544
11544
11544
10595
9560
10241
7971
11544
11544
11544
11544
11544
11544
11255
11544
11544
11544
11544
11544
11544
11544
11544
11544
11544
11515
11544
11544
11544
11544
9099
11544
11544
11544
8032
11544
11118
11544
11544
11544
11544
8004
11544
5816
11544
11544
11544
9264
5899
11544
11544
6033
11544
11544
11256
9504
9221
7931
7663
8593
6149
11544
6131
11544
9826
11544
11544
11544
11108
7011
11544
11544
11544
9922
11544
11544
11544
11544
5955
11544
11544
11544
11544
11544
11544
8929
11544
11544
5106
11544
11544
11544
11544
11544
10644
11544
11544
11544
11544
10453
11544
7649
11544
10861
11544
9771
10189
9666
8909
11544
10328
11544
11544
9464
11544
9963
11544
11544
11063
11544
11544
11544
10152
8662
11544
11236
10506
11544
8843
11239
11544
11544
8506
11544
11544
11544
10477
11543
11544
11544
11544
11544
10274
9992
11544
11544
8809
11544
11544
11544
11544
11544
11544
11544
11544
11544
11544
5166
11544
11544
11544
7323
11544
9304
9772
11544
11544
11544
11544
11544
10686
9377
11544
11544
11544
11544
11544
11544
11544
11544
11544
10639
11544
9802
7571
11544
11544
11544
10430
11544
11544
8660
11544
11544
11544
10994
11104
11544
11544
10318
11544
11544
11544
11544
11544
5878
11544
9835
6647
11544
11544
11544
11544
7163
11544
7958
9128
3561
6238
11544
9960
11544
11544
10430
8512
11544
11544
11544
11544
11544
11544
11544
11544
11544
8711
11544
11544
11544
11544
4712
11544
11544
11544
9574
10819
11006
8131
11544
11544
11515
8736
11544
10921
11544
9225
9574
11544
11544
9705
11544
7366
11544
5910
11544
11280
11544
11544
11544
11544
11544
11544
11544
11544
11544
11544
9732
11508
11544
9622
11544
11544
5925
11544
11544
8703
11544
11544
11544
11544
10918
8763
7867
10269
10918
11544
11544
11024
11544
11318
11544
11544
11544
6277
11544
10330
11544
11544
6239
8531
11544
10079
11544
11544
10841
11544
11544
10109
8426
11544
11544
11544
11544
11544
11544
5085
11544
11544
11544
5439
11544
10324
11544
11544
11544
11544
11544
11544
10266
11544
11544
11544
11544
9416
11544
11440
11544
11544
3679
11544
11544
11544
11544
7582
11544
7736
11544
11544
11544
11544
11544
11544
11544
11544
11544
11544
11544
11371
11544
10936
11544
11544
6720
8442
11544
11544
11544
10967
11544
11544
11544
11544
11544
11544
7171
11544
7209
11544
2870
6957
11544
11544
5471
11544
11544
11544
11544
5026
11544
7434
11544
11544
11544
11544
11544
11070
11544
11544
11544
10748
11544
11544
11544
9041
10764
11544
11544
9846
11544
11544
10427
10324
5657
11544
11544
11544
11544
11544
11544
11544
11544
9693
9814
8355
11544
6148
10675
11544
10721
11544
11544
11544
11544
11544
11544
11544
11544
9352
11544
11544
11544
11544
11544
11391
10390
11544
11544
3972
11544
11544
11255
11544
11544
11110
11544
11544
11544
11460
11544
11544
11095
11544
9679
8801
8052
11544
10399
11544
8235
9169
11544
11544
11544
11544
11419
11544
11544
9848
11544
11544
11544
8636
11544
11544
9731
11544
11087
11544
11544
11544
10620
11544
11544
11544
11544
11544
11544
11544
9388
7679
11303
11108
10842
11544
8807
11544
9141
11544
11544
11544
11544
5887
11544
11544
11544
11544
11544
11544
10243
11544
6171
10115
11544
11544
9991
11544
11544
11544
11544
11544
11544
11544
11388
11544
11544
11544
11544
11219
11544
10942
4054
11544
10969
11544
11544
11544
9804
11544
2745
11544
11544
10308
10620
10427
11544
11544
10838
10240
10318
10597
11544
11544
11544
10508
11544
11544
11544
10942
10504
11544
11544
10463
9040
11544
11320
10104
11407
11544
9795
11142
11544
11440
8810
10879
10969
11389
11544
8654
11544
11544
11544
11544
11544
11544
10642
10672
11544
11544
7276
11544
11544
9835
5518
6335
10254
11544
10582
10292
11544
11544
10330
6600
11544
11544
11544
11544
11544
11521
11544
11544
11544
11544
10556
11544
11544
11544
11544
11544
5366
11544
9904
11544
11544
11544
11544
9230
8114
3740
11544
11544
7042
10274
11537
11227
8531
9904
11544
11544
11544
11544
9746
11544
10667
11544
11544
11088
11544
11544
10819
6320
9249
11544
11544
11544
11544
11514
11544
11544
11544
10311
9174
11544
11544
11544
11544
11544
11544
11544
11544
10188
11544
11544
11544
11544
11544
11544
11544
7639
11544
11544
11544
11544
11544
11280
11544
11544
11544
9639
11544
10546
11544
11544
11544
11416
8525
11544
11544
11544
2669
11544
11544
11544
11544
11544
11544
11544
11544
11544
10701
11544
11544
11316
11544
11544
11544
11544
11544
11544
5950
7647
11544
11544
11520
11544
11544
11544
11544
11544
8137
11544
6685
11544
6801
11544
11544
11544
11544
11544
9877
11544
11544
11544
11544
11544
11544
11544
11544
11544
11389
11544
11544
11544
11544
11544
11544
10508
11255
11544
11544
11544
9426
7631
11544
11544
11544
5684
4115
11544
8053
11544
9366
11544
11544
11544
11544
11544
11544
11544
5757
11544
11544
11544
11544
11440
11544
11544
11544
11544
11544
11544
11544
11544
8751
11544
11444
5970
11148
11544
10427
10629
11544
10964
11544
7453
11544
11544
10046
8956
10330
11544
11544
11544
11544
8873
11544
11544
9587
11544
11544
11544
11544
5426
11544
11544
11544
11544
11544
6047
11544
9367
11544
11544
11544
11544
11544
11544
11544
11544
11544
11544
11525
11544
11544
11544
11544
11544
11428
11544
8510
11544
11544
9138
4855
11544
10583
10721
11544
8561
11544
11544
11544
11544
11544
11544
11544
11544
11544
2096
11544
2645
11544
8408
11544
11544
5857
11544
11544
11544
11544
11544
11544
11544
11544
11493
11544
11544
9266
10667
11544
11544
9494
6330
10880
11544
11544
11544
10460
10046
11544
11544
11544
11544
11544
11544
7884
10330
11544
11544
10434
9744
11544
11544
10588
11544
11544
11544
6804
11544
11544
11544
11544
11389
11544
10850
9774
11544
11544
11544
11544
11544
11544
11544
11544
11544
10260
11544
11544
11544
11544
11544
8471
11544
9664
11544
11544
11544
11544
9693
11544
6825
11544
11544
11544
11544
11544
10692
10762
10629
11544
11544
10687
11544
9729
8766
11518
11544
11544
7160
11544
10429
10950
11537
11544
11544
9751
11544
11544
11544
6330
11544
11544
11544
10828
11544
11544
10372
11544
10474
11544
11544
11544
11544
11544
11544
11186
11544
11544
11025
11544
11544
11544
11184
11544
11544
11544
11544
11544
11407
11544
11544
2907
11544
11544
11274
7464
11544
11544
9876
11544
11544
11544
9510
7095
11544
11515
11544
7642
11544
6562
11544
10228
10431
11544
11544
11544
11544
11544
11544
11544
11184
11544
4065
9003
7074
4670
5932
11544
11544
11544
11520
1652
11544
9603
9753
11544
11544
11544
6958
9378
11544
6138
11280
10572
10590
10672
11544
11544
7573
11544
11544
10303
11544
11060
11544
11544
11544
11544
11544
11544
6094
11544
10210
11544
9593
11523
11544
11544
9772
9779
11544
11544
11544
10512
5655
9978
11544
9453
10541
10427
11544
2657
11544
11544
11544
11544
11544
11544
11544
10429
11544
11544
11544
11544
7299
11544
11544
11520
11544
11544
11544
11544
11544
11544
11544
11544
1125
11544
11544
11544
11093
10599
11544
8155
8534
11544
10522
8991
5770
11544
11544
10274
7154
8396
11042
10649
11269
11544
11305
11544
11544
11544
11316
11544
11544
11544
9259
11544
11544
10791
7992
11544
10414
8282
11544
11239
11544
11544
11544
8909
11544
9607
11544
9731
11378
10583
11544
11544
11544
4758
1038
11544
11285
11544
11544
11544
11544
3147
11544
11544
11544
6714
3595
11544
11544
10313
11444
11544
10269
10427
7971
11544
11544
11544
11544
11544
11544
8168
11086
11544
11544
10229
10429
11239
11544
11544
11544
3192
11544
11544
11544
9618
9143
11544
11544
11544
11544
11544
11544
10220
11544
11115
11544
11544
11544
11544
11544
10356
11544
11544
11544
11544
10752
11544
8440
3061
11544
10129
10730
7721
11544
11544
10811
5587
11544
11544
7719
11544
11544
11544
11544
11544
11544
11544
11544
11544
11544
11544
11544
11374
11544
11544
11544
10129
11544
11229
11544
10907
10241
11544
11544
11544
7148
10222
11544
11544
11544
9965
8906
11544
11544
11544
10766
11313
8777
11544
11544
11544
11544
11544
11544
10186
11544
11544
11544
11544
9975
8362
11544
11544
11544
11544
11544
11544
11544
11544
8852
11544
11544
3233
9740
7641
11544
11256
7709
11544
9032
11544
8766
11544
11273
11062
11544
11544
11544
11544
11544
11544
11544
5375
11544
11544
9245
11118
8543
11544
11544
11544
11264
11544
11321
10515
11544
10592
11544
11544
11544
11544
11544
11544
11544
10129
6932
10850
11544
11544
11544
9516
9191
11544
11184
11544
5459
5028
11544
11544
11544
11544
6742
11544
11544
11544
11544
10103
11544
11544
11386
11544
4419
11038
11288
11544
9587
9908
10838
11544
11544
10672
11544
11544
10953
11544
11319
11544
11544
8155
9516
9093
10574
11544
11544
6718
11544
11544
11544
11544
10465
11544
11544
8695
5592
7300
11544
10702
11544
11544
11544
11544
9522
11544
11544
11544
11544
11544
11544
11544
11502
11544
11544
11544
11544
9366
11544
6987
11544
11544
9726
11438
11544
11273
11544
11544
11544
3777
10597
10500
6051
1619
11544
11544
11544
9532
9800
9649
11544
11544
11544
11544
9446
10862
6521
11544
6064
10292
11544
10861
11544
11544
11544
11544
11544
8470
11544
11544
11544
9161
11544
11544
6852
11544
11544
11544
11440
11544
10102
8460
10854
11544
11544
11544
11544
11544
6991
11544
11541
11544
11544
11544
11544
11544
11544
8907
11544
11544
11544
11544
11544
11544
11544
11544
6562
10771
10512
11544
11544
11537
11544
11544
11544
11544
10722
11544
9105
11544
11128
11544
10857
4214
11544
11544
8903
11544
7292
9190
11544
7943
11544
11544
8137
11544
11544
11544
11544
11444
11544
11346
11544
11544
11544
11544
8406
11544
11544
11544
11544
10427
4288
11544
11541
11544
11544
7464
11431
11544
11544
11544
11544
11544
11378
11544
11540
11544
11544
10840
7824
11544
9652
11544
11544
9622
11280
11544
11544
11544
11544
11544
11544
11544
10244
8816
5950
11234
9555
11544
10148
10917
11544
11544
11544
11544
11544
10087
11544
11372
9188
11440
11544
11544
11544
11544
11544
11544
11544
8476
9726
11544
10427
11544
5925
11544
11544
11544
11544
11544
11544
11544
11544
11544
11544
11544
11544
11544
11544
11517
11544
11544
11544
11544
11544
11544
10761
11544
11544
3583
11544
6434
11273
473
11544
7654
11544
7956
11544
11544
2916
10583
5672
11280
5521
11544
9963
11544
5316
11537
11544
11544
7110
2834
11544
11544
7813
11544
11544
11544
11544
11544
6819
11544
11544
7434
11544
11544
11544
11544
11544
11544
11544
11544
7068
11544
8956
8537
7663
11544
11544
11544
11065
11544
11544
11012
11544
11544
11544
11544
10672
11544
11044
11544
11544
11544
11544
11544
6688
11544
10723
11544
11544
11544
11544
11544
11544
8676
11544
11440
11544
7441
11544
7342
8843
4870
11544
11544
11544
10340
10337
11544
11255
11544
11544
11273
11544
11128
5766
8282
9395
11544
11311
11544
11544
10731
10428
9652
11544
6355
11297
10479
11544
11170
6492
11544
11544
11544
11544
11544
9963
11544
11544
11544
10654
11544
11544
8879
10337
11544
11544
10186
11544
5371
10761
10078
11544
11544
11440
8675
11544
11544
4342
6309
11544
11544
11544
2583
8308
11544
8173
11544
6805
11297
11544
9816
11544
10541
11295
6218
10838
11544
11544
11544
11544
8770
11544
7445
11444
11544
11544
7281
11544
9930
7839
11544
11544
10724
11544
3895
11544
11544
11544
1376
11544
11544
8282
11544
11544
11544
9261
11544
11544
9521
11544
11544
9923
10457
11544
11544
11544
10541
11537
9741
11544
9893
11389
11544
11127
11544
11544
8981
11544
8486
11544
11544
6562
11027
6574
11544
11544
11544
11544
8647
11544
11544
11544
10330
11544
8644
10057
11544
9655
11544
11127
10450
11544
11544
11544
10775
11184
6279
11544
11544
11544
11544
11104
11544
11544
11283
11544
11255
11544
11544
11544
11544
11544
11184
11544
10614
11544
10484
11544
11544
7946
11544
10067
11544
11544
11544
11544
4834
11544
9805
11544
9553
11544
11544
10687
10522
6333
11544
11332
11544
11544
11544
11544
11544
11544
11544
11300
11544
11544
11544
10756
11544
11544
11544
11544
11135
11544
9764
11544
11544
11544
11544
11544
11544
11544
11544
11544
11544
11544
11544
11544
11544
5674
11544
11544
11544
11544
10008
11544
8168
11544
11544
11544
11544
11544
11544
9033
11544
11159
9128
11544
11544
11544
11544
6164
11544
11544
11544
11544
11544
11544
11502
11544
11544
9764
7186
11544
11544
7287
11544
11544
11544
11544
10677
11544
11544
11440
11544
11544
11544
9736
11544
9664
11544
10078
11544
8723
11544
8229
10397
11544
11544
10101
9975
11428
11544
11544
10306
11544
11544
11544
11412
11544
11544
11544
11544
11544
11544
11544
11544
9046
11544
8917
11544
11188
11544
11544
10761
10140
4248
11544
11544
4309
10208
11544
11544
8081
11544
11544
6766
11544
11544
11544
11544
11544
11544
10541
11544
11544
11544
11544
11544
11544
11544
11544
11520
11544
8237
11544
11544
11544
11544
11544
7533
8154
11544
11544
3918
11544
11544
11544
11544
8520
11184
11544
11544
4189
11544
7556
11544
11544
11544
11544
11544
11544
11544
11544
11544
10680
11544
9904
11544
11544
6540
11544
11544
11544
11544
11544
11544
8311
10456
11544
11544
11544
10306
11544
10634
11544
11544
11454
9032
11544
11544
9566
11544
11544
11544
5925
10103
11544
10656
942
4139
11544
11519
11544
11544
11121
10909
9504
11544
11544
11544
8567
11279
11544
11434
11544
11544
10414
11544
11544
11544
11544
9565
11544
11544
8004
5994
11544
6524
10465
11544
11544
11544
5215
11544
11544
10081
11544
10629
11544
9187
11544
11544
11544
10672
11544
10762
11544
11544
11544
11544
10864
9587
11544
11544
11544
11544
11544
9403
11544
1776
11544
11544
11544
10667
11544
11544
11544
9566
11544
8429
11544
11544
3492
11544
7644
11544
11544
11544
11544
8934
11544
11544
8875
8227
7434
11544
11544
9660
11544
11544
11544
5045
11544
11544
11544
11544
10344
11544
11544
10254
11502
11544
11544
1632
11544
11544
11544
6246
5400
11544
11544
11544
4727
11544
11544
11544
8374
11544
11544
8605
7643
10446
11544
7709
6542
11544
11544
11544
11544
6740
9048
11544
8567
11544
11501
11544
11544
11544
11544
11544
9031
11544
11544
11544
6557
9380
11544
9772
11544
10454
11544
11544
11544
11544
6619
11544
11544
9464
10298
11544
10489
11544
4451
11544
7638
10504
11544
11544
8013
11544
11273
9578
11544
8758
11544
11544
6736
11440
11052
11544
7894
11544
11544
10189
11544
9965
11544
11544
11544
11544
11544
11544
7172
5987
9409
10996
11544
7827
8218
11544
11544
11544
11544
11544
11544
11544
11544
10453
11544
11544
4208
10072
10802
11544
11544
11544
3172
11544
11514
11544
11544
10817
7205
9099
10295
11544
8550
11544
11544
10306
11544
11544
11544
9535
11544
11544
5700
11544
11544
7706
11544
11506
11544
11544
11544
10672
11544
11544
11544
4016
11544
11544
11544
11544
9652
11544
11544
11544
11544
11544
11544
11240
6617
11544
11544
11544
9425
11544
10672
11544
11544
11544
11544
11544
11544
11375
11544
11544
10040
11544
11544
11544
11544
11544
10080
11300
11544
11544
10191
11544
11071
11544
4396
9322
8720
11544
11544
11544
11544
11544
11544
10427
9663
10832
3297
11544
11544
11544
11544
9903
9105
11470
8297
3327
6566
6108
11544
11544
6723
11118
11544
11544
11544
10330
11173
11544
9908
11544
11544
11544
11544
11544
11297
6114
8470
8407
11544
11544
6354
11544
11544
11544
10723
11544
11544
11544
11537
5680
11544
10361
11544
11544
11544
11544
11544
11544
11544
9655
11544
11544
11544
7184
11544
11544
11544
11544
11544
8648
11544
10189
11320
11544
11544
11544
11544
11544
10859
11544
9772
9489
8602
11544
11544
2962
11544
10695
9532
9698
8636
11544
11544
11544
11544
7426
11544
11273
10582
11544
11544
11544
11537
11544
9531
9930
10592
11544
11544
11544
11544
11544
11544
5987
11544
10043
9689
11544
11544
11544
11544
9023
11544
11544
11544
11544
8397
11544
11544
11544
9779
11544
11544
11544
10504
11544
11544
11386
11544
11544
11544
8473
11544
11346
11544
9965
11544
11544
11544
11176
11544
10850
11544
11544
2657
11544
11544
10913
9785
11544
11544
11544
4841
11544
4154
9138
7887
10397
11295
11323
9877
11544
11428
11544
11544
11544
10410
11544
11514
11544
11544
11544
11544
11537
11544
11544
11544
6219
11544
6150
6832
11544
11544
11544
11544
9397
11544
11544
9482
9562
11544
11255
8104
10281
10926
10212
1123
11544
6740
10629
10512
11544
11544
11544
11544
8473
5995
10736
11544
11544
6647
11387
11317
11544
11544
11544
11544
5328
11219
8409
11544
5677
10303
11544
11544
8490
11544
11544
11544
11544
11544
11544
11544
11544
4603
11544
11544
9919
11544
11544
11544
10040
8596
11544
11544
11544
10343
11537
6996
11544
11440
5991
11544
11544
10132
11047
6425
11544
11544
9564
10817
7510
11544
11544
11544
10840
11544
11544
9366
11544
5851
11544
11544
10642
11544
7211
11544
10340
11544
11184
11544
11544
11544
11544
11544
11544
11544
11544
11519
11544
11544
11544
11544
11544
11544
11544
11544
6333
8460
5644
11544
9563
6000
11544
11544
11544
10416
5917
11544
7523
10041
11544
11544
11544
10572
11544
8561
11510
11544
11544
11544
11544
7163
11544
8873
11544
11544
11544
11544
11544
10675
11544
11544
11544
9722
11544
11544
7011
11544
10441
11544
9805
11544
9482
10450
11391
3290
9482
8929
10553
7506
11544
8459
11544
10429
11544
6577
9041
11544
11544
469
7649
11544
11544
11544
11544
7764
11544
9325
11544
11544
11544
10541
11544
10427
7867
9277
11544
11170
8296
10103
11544
8356
11544
11544
11300
11544
6699
11544
11444
11544
11544
11544
11544
9032
11544
11544
10618
11544
11544
5716
11544
9080
11544
8237
10019
11544
11544
8642
11544
11544
11544
11544
11544
7415
11544
11544
11544
11544
10592
11544
11544
10295
11544
11544
11544
11544
11544
11544
11544
9764
11544
11544
10561
10592
11544
10414
11544
11544
11544
9798
11544
10009
6633
9705
10969
7741
8852
11544
11544
11544
11544
11544
11544
11544
11544
9248
3415
11544
10761
11544
11544
11544
11544
8737
11544
8723
11334
7060
11544
11430
11544
11515
10375
11544
11514
7933
10260
5794
11544
8570
8250
11544
11544
11239
6809
7458
11544
11544
11544
11544
10085
11544
4458
11544
11544
11544
11544
11544
11544
10414
8862
11544
11544
11544
11544
11544
10634
11544
11544
11544
11544
11544
11544
11544
10892
7538
11544
11544
11544
11544
8134
11544
6064
11544
11544
11544
10911
11544
11544
10707
11544
11544
9800
11544
8195
11544
11544
11544
11544
11544
11301
5357
11544
7824
8473
11544
11544
9772
11544
10318
11544
9727
11205
10504
11544
11544
11544
6685
10039
11183
11544
8996
4926
11312
11544
11544
11544
11544
11544
11544
11544
11544
11544
5054
11544
11544
7971
10274
4883
11544
11544
11544
11544
9555
9652
11544
7541
8022
11544
11544
10274
11544
6316
11544
9403
7948
11544
4350
6230
11544
11544
11544
11544
11544
4256
11544
10678
10582
11544
11544
10662
10479
11514
11544
11544
11544
11544
9904
10680
9044
8887
11421
7639
6642
7417
11544
11544
9059
11544
11544
11544
10397
11544
11544
10885
11544
11544
11544
11544
4802
9729
10512
11544
9183
9479
11544
10691
11544
11544
11544
11511
11544
11544
11544
11544
9870
11088
10046
11544
9131
9068
11544
11544
8956
11440
11544
8500
11544
9736
11544
11544
11544
11544
8633
8165
10043
11537
11544
11544
11544
11544
8887
11544
9202
11544
11544
9764
11544
11544
8274
11544
9772
10821
10457
11544
11544
11544
11544
11544
11544
11544
11544
9109
11544
9517
11544
11048
11544
11544
11544
10541
11303
11544
11071
11256
11544
11544
11544
11544
11544
11544
11544
11544
11544
7971
11544
11440
11544
11544
11544
11544
6569
9099
11544
11544
11544
11544
11544
11544
11544
2441
11544
11544
9959
11544
11544
11544
8367
11544
11273
11544
10389
11544
11544
10582
5605
890
11463
9931
10039
7342
11544
4957
11544
11544
11544
11255
11544
11544
11544
10677
3335
11544
11544
11544
11544
10592
11544
11544
9652
11544
10512
11544
7286
11544
11544
11544
11544
8004
7160
11544
8893
11544
11282
11544
8683
11544
11514
10840
11544
11544
11544
1988
11544
11544
11544
10231
11544
11544
11544
11544
8470
11544
10871
11544
8464
8403
11544
11544
11544
11544
11544
11544
11544
11544
11273
11544
11544
11544
9760
10579
11544
11544
11544
11544
9286
10759
8809
11544
7736
9033
10165
11544
5028
10643
11544
11544
11544
11544
11544
6576
11544
11544
8920
11544
11544
11544
10822
11544
11544
2472
7824
11387
11544
11544
11544
6764
10508
11544
11544
11544
11544
11544
11544
6075
6251
9141
10050
10191
10996
9243
11544
11544
11544
9553
9797
11338
11544
8236
11544
11544
11051
10477
6487
11544
11544
11544
11544
11544
11544
11544
11544
8997
11385
11544
11544
11544
9892
11544
11544
10163
11544
11544
9574
11544
10922
11544
11544
6206
7897
8165
11544
11544
11544
11544
11544
11544
11544
11544
10960
11544
11544
10948
11544
10574
7726
11544
11544
5473
11544
11544
6723
11544
5257
11544
11544
11544
7154
11544
10330
6424
11544
11544
11303
11544
11544
11544
5517
10193
10725
9628
11544
11544
11544
11544
11544
9243
9332
6333
11544
11544
11544
9997
10427
8206
11544
11544
10468
11544
8900
11544
11544
11544
11544
10427
11410
11544
11440
11544
11544
11544
11544
11544
11544
11544
11544
11544
9726
11052
11544
11544
10748
11544
8707
9352
11544
11544
11544
11544
11544
8639
9652
11544
11544
11544
7123
11544
11544
8693
10612
8947
10431
11544
11544
11544
10112
11544
11544
11544
11544
11544
11544
11544
11544
11544
11544
11544
11544
11544
11544
11544
10762
11454
8140
11544
11544
11544
11544
10477
11544
8442
10504
11544
11544
11544
11544
11544
8736
11544
11544
11544
11544
9584
9973
10640
8994
11544
11544
11544
11544
10243
11544
11544
11544
6486
11544
10728
10568
11544
11544
11544
11544
11544
11544
11544
10285
11544
11544
6148
10667
11508
11544
11544
11544
11350
7764
11544
9760
9693
10504
11544
11544
11544
11544
11544
11544
9044
11544
11544
11544
11544
11544
10547
11544
11544
11544
11020
10050
11544
10687
11544
11544
10293
7633
11544
11544
10587
11544
9474
10188
11544
7651
11544
11544
11544
11544
11544
11508
11544
11544
10427
11544
11544
11544
11544
11544
11544
11544
7475
11544
7716
11544
11544
11544
8887
9250
10427
11544
11544
11544
11544
11544
11176
11544
11544
8848
11544
11544
11544
10389
11544
11544
11544
11544
11544
11544
11544
10648
11544
11544
11274
11544
11544
11544
10821
11544
11544
11058
11544
11544
11544
10677
10495
10218
11544
11544
11544
5917
11540
11544
11544
11544
11544
11544
6905
11544
11544
11544
11474
11544
11544
11544
11544
9434
11544
11544
10225
11544
5316
9965
11544
11544
11544
10450
11544
11544
10605
7529
11544
11544
11544
11544
11544
10642
11544
10488
3770
7955
6443
8873
6148
11544
7599
8809
11544
11544
6717
11544
11544
6766
11544
10483
11544
11544
11544
7957
11544
9760
11544
11544
11544
10328
11544
11544
11184
11544
9975
11544
11544
8775
10215
8796
11544
11544
11544
7857
11544
2464
11544
7633
11544
11544
9480
11544
10141
11544
11544
11544
8852
6579
9097
11544
11544
10044
11544
11544
11544
11544
11544
11544
8654
10850
7465
11544
9141
11544
11544
11544
11544
11544
11544
11544
11544
10672
11544
4351
11544
11544
11544
11544
11544
10169
11544
11544
11544
11544
9790
11544
10605
11544
11544
8036
8178
9153
9587
11544
11544
11544
6652
10427
10481
9799
11544
11544
11544
11544
11544
11544
7654
11544
11544
11036
11544
11544
11544
8878
9928
10818
11391
10975
9772
10254
7064
10431
11544
11544
10396
11544
10043
11544
11544
11544
11544
11544
11544
11544
11544
9061
11544
10414
11544
11544
11128
11544
11544
11544
11544
11544
8206
11544
10642
10597
11544
11537
7011
7791
10397
10862
8335
11544
11256
11544
11410
11544
11544
11544
11544
10838
7807
11544
10194
11544
11544
11544
11024
11544
11544
11018
11544
7662
11544
11544
11544
11544
11544
10389
11440
11544
11515
6720
11544
11544
8938
11544
11544
11544
11544
10194
11544
11544
11544
9032
9700
11544
10803
8508
11544
11544
11544
4731
11544
11544
11544
10588
11544
11544
11088
7971
10389
11544
11218
10759
10347
11544
11544
11544
10800
11544
11544
11544
10597
11544
9243
11544
11544
10427
11544
11544
11544
6652
10278
10194
7867
11544
11537
4170
11544
11544
4560
11544
9299
11544
11544
11544
6985
9277
11544
9779
11544
11544
11544
11544
11544
11544
10467
7437
8873
11544
11544
7931
11074
11544
11544
11544
11544
9609
11544
6148
11544
11544
9250
8936
11544
11544
10318
11544
11544
11544
11544
11544
11544
10817
11228
11544
11544
9158
9997
11544
11440
11544
11219
11544
11544
11544
11276
11544
11544
11544
11184
9501
7956
11544
11544
7886
11544
11544
3768
7971
1257
11544
11337
11544
11544
11063
10403
11544
11544
11544
11544
11544
9099
11544
10244
11544
11283
11544
11544
11208
11544
11544
10103
7839
11544
11097
11544
11544
11544
5990
11544
11544
11544
11544
11544
11544
11544
11544
5175
11544
7185
9387
10771
11234
11544
11544
11515
7170
11544
11544
11544
11544
11544
11544
11440
11544
11544
11544
11544
9891
11544
9879
11544
10588
11544
5514
11544
11544
11271
8141
11544
10728
11518
11544
11544
10541
9910
11544
11544
11544
11544
11544
10859
11544
11544
7465
11544
11544
11544
11514
11544
11544
11544
11544
10113
9936
11544
11544
11037
11358
10556
11544
11544
10584
11544
9398
11544
10393
11280
7394
11544
6773
7894
11544
11544
11544
8636
11544
11544
11544
11544
11544
11544
11544
11372
11544
11544
11544
11544
2835
11544
11544
11544
11544
11544
11544
11544
11544
11544
9496
10065
9474
10427
11544
11544
10470
9496
11544
11544
11544
9108
11544
11544
11544
11544
11544
11544
11544
11544
11544
11544
10244
11544
11544
11283
9050
11544
11146
11544
11544
5009
9830
10582
7588
11544
11544
7974
11544
11544
11350
7241
11544
11544
11544
11544
11544
10620
10531
11544
11544
8190
11544
9965
11544
11544
11544
7486
11544
8005
11544
5473
11544
11544
11544
11544
8137
10899
9964
11544
8683
11544
11544
11544
11544
11544
11544
11544
11544
11544
11544
8814
11544
8841
11544
11173
11263
11544
11544
9806
11544
11544
10587
10161
11544
11544
11544
11544
11544
11544
11544
11058
11544
11544
8005
11279
11544
11544
11544
11544
11544
11544
11544
11544
10450
8068
11544
11544
11544
11544
9482
11544
7742
11544
11544
7479
11544
9492
11544
11544
8954
11544
11544
11544
5558
8981
11544
8637
11544
11544
10512
7956
9710
11544
8025
11544
11544
11544
11544
10821
11544
7739
11544
11544
7057
11544
11544
11544
11520
4070
10324
11440
11544
11544
11511
9797
11544
7749
11544
11544
11544
11544
11544
11256
11544
10374
11544
6938
8504
9548
7283
10484
11544
11544
11544
6668
10748
11544
11544
11544
11544
11544
11544
11544
11544
11232
11544
11112
8374
10901
11544
11544
11544
11444
11544
11544
11544
11544
11544
11544
11544
10397
11544
10592
11544
11544
11544
8473
11544
11544
9690
11544
11544
11544
11544
11544
11219
11544
11544
11544
8537
9683
11544
11544
9543
9816
11544
11544
11509
9823
1465
11219
5987
11544
10404
11544
9302
11544
11544
11544
10369
8956
10048
8173
9600
8279
8534
11544
11544
11540
11312
11544
6282
11544
11544
11544
11544
11544
11544
11544
11544
11544
11544
11544
10821
11544
9705
11544
11071
10642
8977
11544
11544
10960
11544
11544
11544
10410
11544
9475
11071
2511
11544
11544
11544
11544
11544
10677
11544
11544
11544
11544
4907
11544
11098
11518
9032
11544
5017
11544
11544
11544
11544
11544
11544
11544
11544
8387
11544
11184
11544
11544
11544
936
11544
11544
11544
10409
10622
11544
11544
11544
11544
11544
11544
11544
11128
10457
11544
11544
11544
6530
9637
7588
11544
10761
8654
11544
9980
11454
11544
10028
11544
11544
8083
11544
11544
10940
10457
10751
10694
8873
11346
9751
9938
4970
11544
11148
11544
9503
11544
10324
11544
11544
10891
11544
11544
11544
11544
11544
11544
11544
11544
11544
10590
7859
10067
11544
11544
11544
11544
11544
11544
4044
11544
11544
11544
11544
7786
11544
11544
6193
11544
11444
10607
5257
11544
9772
11351
10016
11544
11544
11544
6610
11544
4124
11544
11544
11544
11544
10129
3344
11544
7058
11544
11544
10879
11544
11544
11544
7195
11070
11544
7931
7629
11184
10397
11544
11544
11544
11544
9920
11544
4435
10264
11544
11544
7701
11544
11544
10573
11544
11544
10044
11400
11544
11544
6889
9891
10129
11544
11544
11544
9409
11544
11544
11544
11544
11544
11544
11544
11544
11544
11544
11544
11544
11544
11544
11544
11544
11544
6265
11544
11544
11419
11544
11544
9765
9913
10380
11544
11544
11544
11544
11544
11544
11544
11544
11544
8473
11269
11544
11544
11544
11544
11544
11544
4877
9778
11544
11544
10343
11544
9986
8658
11544
11544
11544
8049
9403
11389
11544
8531
11544
11544
11544
9434
11544
11544
11544
9408
10530
11544
8974
11544
9299
11544
11544
11544
10427
11544
7591
11541
10065
6156
8981
10053
11544
11544
11544
11544
11544
11544
11148
11544
11544
11544
10761
11544
11544
11544
11544
8541
11544
11544
11333
6443
11544
9566
11544
11544
11544
11544
11544
11371
11544
11544
11544
11544
11386
11544
11544
11544
10427
10642
11544
11544
7712
10512
11544
11544
7357
11544
11544
8741
11544
10783
8784
11544
10536
11544
11544
11544
7000
11544
7139
11544
5602
11544
11298
11544
9032
11544
7572
11544
11544
11544
11544
11544
10629
9990
9919
11544
11544
10634
11544
11394
11544
11544
11544
11544
10859
11544
11544
5987
11544
11544
11544
11544
10881
11544
10899
9652
11544
11544
11544
11544
11544
10592
11544
10708
11544
11544
11285
11544
11544
11544
11312
11544
11544
10852
11544
9889
10397
9109
11544
11544
11537
9915
8903
11544
11544
759
11544
11544
11544
10454
11544
11544
11544
11544
8064
9655
11544
10409
11544
10864
4103
9252
11544
11544
11544
9032
11544
11544
11544
9645
11544
10799
10556
9418
11544
11544
11544
9202
11544
8361
11544
11544
11544
11544
11544
11544
11544
2068
11544
11544
10500
10437
11544
8279
9652
8499
11544
11544
11544
11544
9919
3887
11544
11544
10337
11544
11544
11544
11544
9835
10463
11544
11544
8539
11544
7660
10914
11544
11544
11544
11544
11544
5402
11544
11544
7426
9655
10859
11544
11544
9848
9474
11544
11544
11161
9211
11544
8197
11544
11544
11544
8474
11544
10574
11544
11544
11544
11544
10857
11544
5097
11544
10838
11544
11544
6548
11544
10504
8128
9280
5964
11544
10337
11544
9953
11544
8353
6761
11544
11544
11544
11544
10154
11544
11544
11544
11544
11081
11544
11544
8537
11544
9919
8512
10671
11255
11544
11544
11544
9559
3443
11544
11544
11544
11544
9554
10512
11544
11544
11544
11544
11544
11544
8428
8683
11544
7303
10802
10820
10687
11544
11544
11544
11544
11544
11544
11502
11544
9652
11544
11544
11544
11544
11544
11544
11544
11544
11544
10397
11544
11544
10700
9903
11544
11544
11544
9409
11544
11544
10622
10324
11544
11544
11126
4152
11544
10881
11544
2655
10748
11544
8631
11544
7664
11544
10662
11544
11544
11544
11038
10152
11544
11544
9581
11544
10445
7746
11544
11128
11347
11544
11544
10716
10623
10129
10290
11544
11544
11544
9705
10282
11544
10067
11544
9693
8022
11387
11544
9462
11544
5925
9963
11544
11544
10746
11544
11544
10285
7985
11544
11544
11544
9701
11544
11544
9628
11544
11544
6742
11544
7660
11544
11544
10811
11544
11544
9772
7404
11544
10023
10274
9449
6497
9019
6413
11544
8596
11425
10501
11544
11544
9325
11544
10819
5469
11544
10639
11544
7417
7816
10755
11544
11544
11544
10295
10677
11544
11544
11544
11544
10504
11544
11544
11184
11184
8537
11544
11544
6889
11544
11544
11544
10065
11544
4809
11544
11544
9804
11544
11544
11544
11544
8546
11544
11544
11544
11544
11544
7945
11544
11544
6863
9238
9532
11440
7659
11544
11544
6740
11544
8430
1912
11544
11544
11544
11544
11544
11544
11544
10162
11544
11544
11544
11544
11544
11544
11544
11544
11544
8648
10427
11544
8537
11544
11544
11537
11544
7115
11544
8728
11544
11544
9277
11356
8004
11544
11162
9566
11544
11544
6720
11544
11544
11544
11544
11544
9178
11544
7453
11544
11544
11544
11518
11544
11544
8005
10047
11544
6732
11544
11544
11219
6591
8825
11544
11544
3988
11544
11544
8250
11544
8847
10512
11544
11234
10781
11544
10547
9101
10915
11544
6230
10260
10512
11544
11544
11544
11544
11544
11544
11544
10583
11544
11544
6709
9183
11544
9282
11018
11544
11544
11544
9070
11544
11544
11544
8693
11544
4141
11544
11544
10458
11544
11544
11544
11544
11544
10119
11544
11544
11544
9408
10619
10680
11544
8530
10764
11544
8323
11537
8951
11544
11544
6020
11544
11544
11462
11544
11544
9931
11544
11544
6819
11544
11544
11514
8442
11544
10954
11544
11544
11544
11544
11544
11537
11544
11544
11544
11544
10153
11544
10273
11544
11544
11544
11544
11395
10450
11544
10431
9929
11544
11544
9695
6326
11372
11544
11544
9612
9847
9675
11544
11544
11544
11544
11544
11544
11544
11544
11544
11544
9408
11544
10869
11175
11544
11065
11544
10166
11544
11544
11544
11544
11544
9788
11544
7534
10137
11544
10798
11544
11544
11544
11544
11544
11544
11544
6666
11544
11544
11544
9539
10423
10942
11544
11544
11544
11544
11544
7918
11544
11544
11544
6175
11389
10634
14839
11544
10468
11544
6637
4630
10584
11544
11440
11544
10840
11303
11544
11303
11544
11544
11170
11544
8524
11544
11207
11544
11544
11544
11544
11544
11544
11475
11544
11148
11544
7764
11544
5371
11544
11544
10541
8144
10330
11544
11544
11544
11544
10634
10850
11544
11544
11544
11544
11544
11544
11544
11544
5669
11544
11544
11544
11544
11544
11544
5560
9903
5475
11537
11544
11544
11544
11541
9382
11544
11544
8708
11544
11228
10191
6487
10722
6939
11544
11544
11544
9282
11544
11544
11544
11544
11544
8650
8517
10044
11544
11544
7855
7884
11544
11544
11544
11544
11520
11544
11544
11544
8720
11544
11544
11544
11544
7771
11544
9323
11544
11544
11544
8168
11544
11544
11544
11544
11544
11544
11544
11544
11544
7554
11544
10361
11273
3561
10285
9812
11544
11544
8622
11544
11544
11544
11280
11544
11544
11544
10053
11544
11544
11544
11440
11544
11544
11544
11447
11544
11544
9495
11544
11544
9000
11544
8115
11419
11544
10576
10427
11544
11544
11544
10006
11544
11544
11544
11544
11544
11430
11544
11544
11544
11544
11544
11323
9626
11544
11544
8654
11544
8248
9554
9726
11544
11544
11544
11544
3969
11544
11544
11378
9409
11544
9758
11544
6586
7991
11544
11544
5991
11544
11544
11544
11544
11544
10504
11544
11544
9126
4470
11544
11544
11284
11544
11544
10621
11544
11544
11544
11181
11544
11544
5341
10434
8606
11544
11544
11544
11544
11544
11544
11544
10851
11544
11544
11544
11544
11544
11544
11544
11544
11544
10247
11544
11544
7198
6479
3681
8561
11544
11544
11544
11544
11544
10728
11273
11544
9878
8322
10667
10591
11544
11544
8650
11544
11544
10248
11544
9099
10044
11176
11544
11544
11544
11544
11372
11544
11544
11544
11544
11440
10629
11544
9660
11544
8126
6969
10483
3809
11544
11407
11544
9835
11544
11544
11544
11544
11206
11544
10496
11544
8708
11544
7555
11544
11440
11300
11544
5027
11544
6868
11544
11544
9758
11544
11544
8323
11544
11544
11273
9964
11297
11544
11544
10859
10011
11346
11544
11544
7708
8833
10052
4659
8415
11544
11273
10133
11544
10942
11544
11544
11544
10506
9491
9033
11544
11239
11544
8772
11273
11544
11544
11544
11544
8070
11544
11544
8987
9802
10899
10734
11544
11234
11544
11544
11544
11063
11544
11544
11544
11544
11544
11544
8084
11544
10687
11544
11544
11544
11544
11544
6016
11544
11544
11544
11544
7342
11544
11544
11544
11544
11544
11544
11544
11544
11544
9861
9315
10450
9963
11544
11544
11214
11544
11544
9185
4258
11285
11544
11544
11544
10234
11544
11544
7030
11544
11544
11071
11544
10592
11544
3473
11544
11544
11544
11544
11544
11544
11544
11544
11544
9880
11544
10595
11273
11544
11544
11544
11520
11544
11468
11544
11544
11544
11544
11544
11544
11544
11544
11544
11544
11544
11544
10256
11544
11544
11544
11544
11544
11544
9930
11544
11544
11544
11544
11544
11544
11228
11544
11544
10100
11544
10762
5740
10753
10634
11544
11544
11544
9032
11544
9919
11544
11544
5646
11544
11544
11544
10382
11544
11544
10864
10769
11544
11544
9099
11544
10553
11544
11544
11544
11544
11544
11544
11544
11544
10450
11544
11544
11544
9403
11544
11544
11544
11544
6924
9690
10990
11544
11544
11544
10687
11544
9390
11544
11544
11544
11544
11544
11544
8282
9622
10889
8531
11544
11204
11544
9571
10260
11544
6742
11544
10397
8845
8245
5482
9940
11544
11544
8708
11544
7040
11544
11544
9464
11544
11544
11544
10620
11544
11544
11544
11544
11544
9477
11544
11544
11544
2048
9848
11544
11544
11544
9800
11544
11544
11502
8996
3096
11544
11514
11544
10875
11544
11544
11544
7234
10565
11544
11544
11544
3775
9891
11544
11544
10592
10244
11544
9125
11544
11544
11544
11544
11544
9781
11544
11544
6924
11544
11544
10077
11544
11544
9474
11544
11544
11544
11544
11544
11544
11544
11544
11544
11544
11544
8636
11297
11544
5355
7878
11024
11544
10605
8143
11544
10597
11544
11544
11544
11544
11544
11544
11544
11326
11544
11544
11544
9996
11544
11544
11544
11544
11544
11544
11544
11544
11544
11544
11544
9425
11184
11544
11544
11544
11544
9758
11544
11544
11544
11544
11544
9243
11544
10226
7662
11544
11544
8136
9736
9105
11544
11544
11544
11544
11544
11544
8600
11544
5420
10605
11544
11544
11544
11544
11544
11544
11544
10437
11544
11544
11544
11544
11544
11544
4693
11128
11061
8398
5996
11544
9655
11544
6436
10504
11544
10597
11544
11544
11544
9162
11544
10843
11544
10824
11544
11544
9975
4774
10020
11544
11544
11544
8283
7434
11544
8591
11544
11544
11544
11544
10838
11544
10241
10585
11544
11544
11544
11544
11544
11544
8946
10457
11213
11544
8766
9758
11544
9700
11544
11544
11544
11544
11544
11544
9586
11544
11544
10601
6652
11544
11544
11544
11444
11544
11032
10512
8852
11544
10729
11508
11544
9274
11544
10614
11544
11544
7110
11447
10809
10672
11544
11544
10043
11544
9934
11544
10393
11544
11544
11544
11544
11544
11544
11544
11544
11537
11544
11544
11544
11544
11544
9797
11544
11544
11544
11544
11544
11544
5843
11514
11544
11544
11544
11544
11544
11544
11091
11236
4537
11544
11544
11382
6230
11544
11544
3665
11544
11544
11544
8328
11544
9893
11544
11544
11544
10339
11320
7494
11544
11544
11544
8377
11544
11544
11544
11544
11544
11544
11544
10344
11544
11544
7726
11544
10350
8473
11544
11544
9532
9581
11544
11544
11544
5283
11544
11544
2510
11544
11544
11544
9099
8490
11544
11544
11544
11280
10427
11544
11273
11544
11544
10414
11544
11544
11544
10512
11544
11544
9425
11544
10895
9358
11544
11544
11544
11384
11544
9259
6562
11544
10677
11544
11544
11544
11544
11386
11407
11544
11544
931
5917
9915
10622
8334
11544
11544
11126
10616
11544
11544
11379
11544
11544
11544
8991
11544
11544
11544
9541
11544
11544
11544
11544
10039
11544
11544
10828
11544
11544
11544
11440
2317
11126
11544
11544
11544
11544
11544
10879
11070
10028
11544
10761
6148
11544
11544
10918
9158
11544
11544
10333
7940
9464
11544
11544
11544
11544
11544
11544
11544
11544
11544
6974
11544
11544
11544
10324
9836
11544
10533
11544
11544
11544
11544
11544
11544
11544
11544
11544
11544
11544
11544
11239
11544
5009
11544
11544
5685
11544
11544
10506
11239
11544
9997
11544
4842
11544
11544
11544
11544
11544
11544
8374
11544
11544
11544
11544
11544
8987
8072
11361
11544
11544
9887
7535
11544
11544
11544
10962
11544
7530
11023
11544
8503
9358
10592
11544
11544
11544
8851
11544
11544
11544
11544
9596
11544
11544
11544
10687
11544
7965
7195
11544
11544
11544
11544
10718
11544
11544
11544
11544
11544
9598
11544
9705
11544
11544
8386
11544
11544
10243
11544
11544
11544
11544
11234
11544
11544
11544
5267
11544
11544
10670
8809
2657
7366
11544
9282
11544
9099
9350
11544
9899
9758
11544
11544
10085
11544
11544
9460
9930
11544
7918
11544
11544
9585
7194
11544
11544
11544
11544
11544
11544
11544
11544
11544
9978
11544
11544
7004
11544
11544
10857
11544
11217
6652
11544
9532
9480
11544
11544
11544
10718
8450
11544
11544
11544
11065
11544
11544
11544
11544
10574
11544
8959
11544
11544
9553
11544
11544
11544
11544
11544
7831
11544
11441
11544
10474
11544
11544
7029
11544
11544
11544
11520
11544
10039
10833
11544
11544
11544
11544
11346
6219
11544
9663
5819
11544
11544
11544
10611
11544
11544
11544
11544
9848
11544
10129
11544
11544
11544
9493
11544
7518
11544
11544
10389
5023
11544
11544
11537
11544
7663
11219
11544
11544
11305
11544
11544
10524
10427
11544
8654
9713
11544
11544
11544
11544
11544
11544
7287
11544
11440
11544
11544
11544
11544
11544
10672
11544
11544
11346
11544
11544
6924
11544
11544
11544
10243
11544
5017
11544
6283
11544
11544
11544
10191
11544
11544
11544
11544
3841
11544
11544
11544
10989
11544
10221
6219
7523
11544
11544
11544
10004
11544
9509
9398
11544
8323
11544
11544
11544
11544
11544
8009
11544
11544
7630
11544
11544
9192
9637
11544
11544
8955
9408
11544
10623
11544
8891
11340
6121
9464
6954
11544
6068
8005
11544
11185
10516
11544
10423
11544
11092
4279
10044
11544
11544
11544
11544
9904
11005
11544
10085
11544
11544
11544
10148
11544
9840
11544
11544
11544
11544
11544
11544
9663
11544
11544
11228
8479
11544
11544
10942
11544
11544
11544
11544
11544
11544
9772
7370
11544
11544
11544
11544
7209
11544
3154
10748
11544
11544
11544
11544
11544
11544
11544
11544
10317
11544
11544
11544
11544
11544
11544
9736
9475
11544
11544
11544
9015
11215
11544
11544
11544
11544
9482
11544
11544
9482
9238
4867
11544
11544
11544
11544
8956
11544
9205
10395
11544
9887
11219
9195
7971
11544
8773
11544
11544
11544
11544
11544
11544
11544
11544
10137
8249
11544
11217
11544
9315
9587
11544
10465
11544
11544
11544
11544
11544
11544
11544
11544
11544
11544
11544
8524
11544
10444
11544
11544
11544
10427
3119
11544
11544
11544
10366
10692
11514
11071
11544
10667
8306
11544
11015
11544
11544
11544
5991
7662
11544
11544
11116
11544
11544
9535
11544
10743
11544
11544
11537
8993
11544
6089
11544
8700
8145
11544
4487
11544
6706
7966
9224
11544
10935
11544
9243
9541
7971
11544
11544
11544
8956
11537
11544
11544
11544
11544
11544
6680
11544
11544
11544
8546
11544
11508
10199
10292
11544
11544
11544
11544
10337
11372
11544
11544
10512
11544
9131
11544
11544
7131
11544
11297
11544
10761
11544
11544
11544
11544
9652
11544
11544
9883
11518
7886
8849
11544
11544
10292
11544
11544
11544
11544
11544
10433
9650
11544
6064
4746
11132
11544
11544
11544
11544
11544
11544
11544
11544
11516
11544
11544
11544
11544
9581
11544
11544
9803
11544
2897
8426
11544
11544
11544
10087
11544
11544
8835
10064
11544
11544
5739
11544
8957
11544
11544
11544
8955
11544
10679
11544
10191
11544
11544
9965
10623
11544
11544
11544
11544
11544
11544
6865
11544
11537
11544
11544
11157
11544
10546
11544
11544
11544
11544
8605
10433
11544
11108
7494
11544
11544
9366
11544
11544
11544
11544
11544
11544
11544
9772
3520
10642
7107
9468
11544
11544
11544
11544
11403
11544
11544
11544
10442
10539
11544
8004
11544
9138
11544
1472
11544
11544
11544
11544
11544
11544
11544
11544
11508
11544
11544
9208
11544
11283
11497
11544
11544
11544
11544
11544
9282
8023
11544
11544
11544
11544
11544
11544
11544
11544
11544
11544
11544
11120
11544
11544
11544
8509
11395
11544
11544
11544
11544
11544
11544
11544
11544
11440
11544
11544
11544
11544
10292
11544
11544
9913
11544
11544
11544
11544
11544
10408
11544
11544
11544
11544
11544
11544
11544
11544
11239
11544
11544
11544
11544
10759
11544
11440
11544
11544
11544
11544
11544
11544
11544
9758
11544
11293
11544
11544
11544
11407
11544
11544
11544
11544
11544
11544
11544
11544
11544
11544
11544
11544
11544
11544
11544
10032
11112
11219
11419
9352
11544
11544
11492
11544
11544
11544
11544
9748
11544
11544
11544
11544
10728
11544
11544
11544
11010
11428
11544
9710
11544
10605
11544
11544
11544
11544
11544
11544
11544
11544
11544
11544
9690
10300
11544
7355
9797
9023
10762
11544
11544
11544
11544
11419
10962
9803
11544
11544
8977
11544
11544
11544
11544
11544
6723
9764
11544
9355
11544
9800
11544
11544
11544
5186
11544
11544
10292
9690
11544
11544
7534
11544
11544
8537
11544
11544
8995
9875
11544
11544
11544
11544
11544
11544
8551
11544
11544
7415
10917
1988
11544
11544
11544
11544
8426
10678
9753
10513
11544
11544
10368
9705
11544
4831
9938
11544
11544
11544
11544
11544
11544
11544
10672
10481
9366
11544
11216
11544
11544
11544
11544
9910
10152
11544
11373
11544
11544
11544
11544
11544
8469
10506
11518
11544
10759
11544
11544
11544
11544
11544
7807
10777
9702
11544
11544
11511
11544
11544
6293
11544
11544
11544
11544
11544
11544
11544
11544
1996
11544
11252
10868
11544
11544
11544
11544
11544
11157
11544
11544
11544
11544
10269
11544
8599
9481
5762
9412
8995
11544
6118
11520
7732
11544
9544
11544
11544
11544
9480
11544
11071
9532
9387
11544
11544
11544
9611
11544
11544
10226
11544
7919
11544
4776
11544
8148
11544
11544
3184
11544
11544
10675
11544
11544
11544
11544
11544
11544
11544
11544
8155
9526
11544
11544
11293
11544
11544
11544
11544
6414
11544
10106
8996
11544
11544
11544
11544
11544
11544
11544
11239
11544
6344
11544
9745
8367
11386
10210
11544
11544
11544
11544
11544
11544
7683
11544
4408
10605
11502
11544
9876
11544
9677
10556
11544
10665
9772
11544
11544
11544
11544
11544
11544
11544
11544
10541
11544
7058
11544
11255
10629
11544
11544
11544
11544
11544
11544
11544
11544
11544
11170
11544
11544
11544
11544
11544
11544
11502
11544
10989
11544
11544
9026
11544
9772
11544
11544
11544
8951
11544
11544
11544
11544
11511
11541
11544
9532
11544
11074
11544
11544
11544
11544
11544
11184
6759
11544
11544
11537
11544
11544
11544
11544
10518
11544
11544
9517
11544
11544
11544
11273
11544
11544
11544
11544
11544
11544
7328
11544
9062
7213
11102
11544
11544
8442
7946
11544
11544
8245
11544
11544
11544
10103
7504
11544
11544
5137
11544
11544
10000
11544
6740
11544
11544
11263
11544
11306
10672
11544
11544
11544
11544
11518
11544
10432
11544
11544
11273
11544
9693
11544
9772
11544
10831
11544
11544
10687
9243
11544
11544
10861
11544
9352
10450
10165
11544
11544
11544
11544
11544
11184
11544
11544
11544
11544
10620
11544
11544
9435
11544
11544
11544
11544
11544
11544
10586
9906
11544
11544
6558
10579
11544
11544
11544
11544
11544
11544
11544
11064
9425
11544
9931
7859
11544
11544
11462
11544
11055
11544
9741
11273
11544
11544
10039
11544
10419
11544
9779
11544
8866
11544
11544
11544
11544
10707
11544
11544
11544
11544
11544
11544
9601
10988
11544
11148
11544
11544
11544
9051
7726
11544
11544
11544
11544
11544
10761
11544
11544
11544
11544
11544
10932
11544
11544
11544
11544
11544
11544
11544
11544
9995
10672
11544
11544
11544
5481
10361
11544
11544
11544
11544
3517
10912
11544
11544
9567
11544
11544
11544
10612
11544
11544
8336
11544
10420
11544
11544
11544
8987
11544
11544
11544
7970
10427
11544
5940
5258
11544
6972
11273
11544
9412
11544
11544
11544
11544
11544
11544
11544
11544
11544
11544
11544
1374
11544
11544
11544
11544
10126
11256
6558
11122
11544
11544
10629
11544
11544
8736
11544
10680
8955
11544
9965
11544
9904
10085
8072
8567
8809
11440
11544
10612
8004
11537
11071
11544
11444
9969
11544
11544
11544
9077
11544
7245
10911
11544
11544
9474
11544
11544
11544
11544
11126
11544
11544
11544
11544
11544
11544
9729
5308
11544
7841
11297
11544
11544
7453
9352
11544
11536
11544
11544
11544
6890
6668
11544
10319
11544
11544
11544
11544
9517
11544
6764
11544
11544
11544
11544
11544
11544
11544
10318
11544
11544
10322
11544
9086
9358
11051
11544
11544
11544
11544
8541
8165
11544
11544
11544
11544
11544
11544
10821
11544
11273
11544
9597
11544
11062
11544
11544
11544
10539
11544
9142
11544
11544
11544
10427
11440
11544
11544
11544
11544
11544
11544
11234
11544
11544
11544
10903
11544
11544
11544
11544
11544
11544
10605
11544
6637
11005
11544
11544
11544
11544
5582
11544
11537
11544
11544
9553
11544
9772
11544
11544
11544
10344
11544
11544
11544
11544
11544
11544
11544
8025
11544
11544
11544
9138
9758
11544
11544
8901
9280
11544
8004
11544
11544
11544
10263
11544
11544
11544
11544
11544
10910
11544
10444
11544
11449
11544
11544
11544
11544
11544
11544
8473
11544
10073
11544
10995
11544
8036
11544
5530
9464
11544
11544
11544
11544
11027
10597
11544
3961
11544
11544
8639
9965
11544
11544
11544
11544
11544
10284
6761
11544
10651
11372
11544
11544
11544
11519
11544
2480
11386
11544
11544
11544
11293
10086
11358
11280
9772
11544
11544
11544
7630
11544
11544
11544
11544
11544
10175
7726
11544
11544
11544
11440
11544
11544
11544
11544
3244
6819
11176
11544
11544
11386
11544
11544
10982
11544
10852
11544
11544
11544
11544
8165
11544
11544
11128
11544
11544
11544
11544
8507
11544
10506
11544
11544
11544
10731
11544
6668
11544
10771
11544
11544
9516
11544
11544
11544
11232
11544
11544
11544
11544
11544
11544
11544
11544
11544
11544
7783
11544
11544
10065
11544
9965
10029
11544
6643
11544
11544
11544
11544
11440
10020
11544
11544
11544
11544
8155
11544
11544
11544
10879
11185
11544
10330
11544
11279
10339
11544
7172
11544
8988
11544
11544
11544
11380
11544
11544
11544
11544
11544
9482
9481
9570
11544
11544
11544
11544
11544
11544
11544
8731
11544
11544
8591
11236
11273
9919
11544
7807
11426
11544
11544
11544
11544
8001
11544
11544
7477
11544
9183
11544
11544
11544
11544
8574
11544
11544
11239
8372
11544
11544
11544
11544
11544
11544
10728
11544
6942
9789
11544
8654
11544
11544
11544
11544
11544
11544
9032
10748
11544
11544
11544
7709
9131
10687
11544
11544
11544
11544
11544
11544
11544
11544
10427
11544
11544
11544
11544
11544
11544
9554
11544
9710
11544
11544
11544
11544
10588
11544
11544
11533
11544
11544
11544
11544
11544
11544
11544
11544
10241
8955
11544
7187
10397
9814
11544
11544
11544
11544
11544
11544
11544
11518
11544
11544
11544
11544
8577
6871
11544
11544
11440
10855
10254
11544
11544
10565
11544
11544
11544
11135
4971
11544
9207
11544
11544
11065
11544
11544
9517
11544
11544
11544
11544
11544
10819
11544
11544
11544
10677
11544
11544
11544
7148
11544
11544
10858
11544
11544
8323
6637
10948
10048
11544
11544
9545
11544
11544
11544
11544
10948
11544
11544
11544
11544
11544
11544
11544
11544
11544
11544
10592
11544
11139
11544
11544
11544
11544
11544
11544
9387
11544
6148
4154
11544
11544
2237
11544
11544
11544
11544
11544
9387
9409
11544
11544
9480
11544
11544
9449
11544
10474
11544
11544
11544
9983
5416
11544
11544
11544
11544
11544
7195
11544
10481
10103
11544
7630
11544
10318
2956
11544
11544
11544
11544
11544
6936
11544
11544
11544
5981
11544
11544
8053
11544
11537
11544
10410
11544
11544
11544
11544
11544
11544
11544
10771
11544
11544
10889
11544
11544
10935
7154
7186
11544
11544
11544
11544
11544
10217
6912
11544
11407
5611
11544
10691
11544
10687
11544
11544
11544
8173
10762
11544
11544
11544
11544
11544
11544
9491
8154
11544
11544
7150
11544
11544
8696
11544
11544
9772
11544
10926
11544
11544
11544
11544
11544
10514
9772
11544
9802
9183
11544
9634
11544
11544
8282
11255
9540
9591
8282
10160
11544
11544
11544
11544
8823
9192
11544
10935
11544
11544
10028
11544
9562
11544
11544
11544
11544
11544
11544
11544
11544
7131
11544
10599
11544
11544
10558
11544
11544
9758
10902
11011
11544
11544
11544
11544
11544
8587
11544
6956
11544
11544
10800
10759
9268
11544
10574
11544
6652
11544
11544
11544
6668
11544
11544
10597
11544
10301
10244
11544
10939
11544
10736
11544
11544
11544
11544
9764
11544
8596
11544
9880
11544
11544
11544
10541
11544
10715
11544
11544
11544
9409
11544
11544
9331
11544
11544
11544
11544
11544
11285
11544
11189
11544
10775
11544
11544
11544
8633
11544
11544
11544
11544
11544
11544
11544
11221
11440
11544
10556
7093
10106
11336
11544
11544
11544
3483
11544
11440
11544
11544
11544
11544
11544
9413
3408
11544
11544
11544
11520
9339
11173
11544
11435
11544
7740
11544
11544
11544
9689
11544
11544
11544
8161
11544
11544
11544
11544
11544
9544
11544
9464
11544
11544
11544
11544
11544
10294
8654
11544
11544
11544
11544
11544
11219
11544
10875
11544
11544
11544
11544
5105
5267
11544
11544
11544
11186
11544
11544
11544
6612
11544
11544
8540
10620
8766
11544
11234
7696
11544
11544
11544
10379
11544
11544
11544
11544
10924
11544
10761
2282
10051
11544
8135
11544
11544
11544
9412
9352
11544
11544
11508
11544
11544
11544
11544
11544
11544
10500
11544
11544
11544
11544
9869
11544
11544
11544
7465
9816
11544
11544
11544
11544
11544
7682
11544
11544
11544
16731
11544
11544
11544
11544
11544
11544
11544
11544
11544
9562
11544
11544
11544
8093
9362
9705
11544
11544
11544
10148
11544
11279
11544
11544
11544
11544
11544
11544
11544
11544
10274
11544
11099
11544
11544
11544
11544
11544
11544
11544
10526
11544
11389
9875
11544
11544
11544
11544
10638
11544
11544
11544
11544
10479
11544
11544
11544
11544
11544
9780
11544
11544
11544
11544
11544
10677
11544
11544
8855
11544
11544
7207
11544
11544
11544
11544
11544
11544
7030
10879
8506
11544
9143
11544
11544
11544
11544
11544
11544
11544
11544
10805
11544
11346
11544
11544
10324
11544
11544
11544
11544
11544
7582
11544
11544
11544
9434
11544
11285
11544
11340
11544
10595
11544
11544
11544
10642
6100
11544
10956
9477
11544
11544
6219
11544
11544
10795
11544
11544
11544
11544
8730
11544
11544
11544
11544
11544
11544
11544
11544
11052
11544
11544
11544
11544
11544
11544
11544
11173
11544
11544
11544
11544
11544
8165
3929
10397
11544
11544
11544
11544
11544
11544
11544
11544
2464
11197
11544
11544
11544
11544
11544
11544
10838
11544
11544
11256
11544
11544
11544
11031
11544
11544
7009
11544
11544
8047
11544
11544
11128
11544
11544
11544
11544
11544
11544
11544
10283
11544
11544
11173
11544
10859
4216
5958
11544
11544
5971
11544
11544
11544
11544
10325
11544
11544
11544
5316
11544
11544
9167
9693
11544
11544
11544
11544
11544
11544
11544
11544
10717
11544
11544
11544
11544
10324
10541
5405
11544
11410
11184
11544
11544
11544
11544
11148
11544
11544
11544
9099
11544
9511
8593
11544
11544
8828
8412
11544
8904
11544
11544
11544
11544
11273
11544
11544
11544
11544
11544
11544
11544
11544
11544
11544
11544
11544
11544
11544
11544
10770
11544
7474
11544
11544
11544
11544
11544
11544
10427
11544
11544
11544
10569
11544
11544
11544
11544
11544
11449
11544
6897
11544
11544
10974
11544
11544
11544
11544
11544
11544
11544
11544
11544
11544
11544
11544
2380
11544
11544
10759
11544
11544
11544
11544
11544
11544
11544
10248
11544
11544
10397
11544
9689
10859
11544
9612
11544
11544
11544
11544
11544
11544
11544
8269
11544
5143
11544
11544
5054
11544
11544
11544
11544
9187
11544
11544
10556
8647
11544
11544
11544
11544
11544
11544
11544
11150
11544
8210
11544
11047
7608
11544
10250
11544
7661
11544
11544
11454
11544
11544
11537
11544
11544
11544
10996
10457
11544
2473
11544
11544
11544
11544
11544
11544
11544
11544
11544
11544
11544
11544
11544
7919
10261
16
11544
11544
11544
10160
8520
11514
11544
11544
11544
11544
10308
11544
11378
11544
9596
11544
11544
11544
11544
9144
9188
11544
11544
11544
11544
11176
11544
10324
10667
11131
11544
8473
11544
11544
11544
11544
11544
11544
11544
11058
10191
11544
11164
11544
10556
11544
11544
7009
11544
9241
11255
7349
7922
11544
11544
11544
9480
11544
11544
11544
11544
11544
11544
11544
8931
11544
11544
10037
7821
8082
9301
11544
11544
9709
11544
10172
9352
11544
11544
11544
11544
11544
11544
11544
11544
11544
11544
11544
11544
11544
11544
11544
11544
10642
11544
11544
11228
8763
11544
9593
11544
11544
11028
11544
10393
11544
11544
11544
11544
11544
11544
11544
6473
9488
11544
11340
11544
7453
11544
11544
11544
11544
11544
11544
10777
8928
11544
11544
11211
10201
11544
11544
9250
11544
11518
11544
11544
11544
10151
9089
11544
10903
10254
11544
11544
10244
10050
11544
11544
11544
11544
11544
11071
8355
11544
11544
11544
4560
11544
11544
11544
11544
7859
11544
11544
11544
11544
11544
11544
11544
11544
10680
11544
11544
11544
11544
11544
11544
11186
9793
9637
11544
11410
11544
7662
11544
11544
11544
9023
11544
11544
11544
5405
11544
11544
11544
11544
11544
10394
8442
9660
11544
7807
11440
11544
11544
11544
11544
11544
11544
9661
2409
11184
11544
11544
11544
2365
11544
11544
11544
11544
6542
11544
11544
7148
11544
6661
11259
9552
6367
11544
11544
11544
8454
11544
11544
11544
9534
11544
11544
7195
11544
11544
6951
11544
11544
11544
10086
11544
11544
8335
11544
11544
11544
11544
9958
11544
11544
11544
11544
11544
9721
11544
11544
11544
11544
9673
11544
11544
11544
11544
11544
11440
11070
8955
11544
11544
11544
10762
9598
11544
11419
11544
9896
11544
11544
11544
11544
11544
11544
11544
9408
11544
11544
11544
11544
11544
10771
11544
11544
10838
11544
11544
11544
11544
11544
10462
11544
11544
11514
11544
11544
10828
9032
8282
11544
11544
11273
11544
11544
11544
9554
11544
11544
11544
11544
11544
11544
11544
11544
11046
11544
11544
8988
11544
11544
11386
11544
9503
11544
11544
11544
11544
8766
11544
9871
11544
9266
11544
11544
10444
2176
11544
10389
11544
8490
11544
8875
11544
11544
11544
11544
11544
11544
11544
11071
11544
11544
11544
8522
11502
9690
11544
7394
8567
10489
11544
11544
10454
11544
10108
11544
10515
11161
11544
11544
11544
11544
11544
11544
9464
11544
11544
11544
10128
11544
11544
11544
11544
11544
11544
11544
11544
11544
11544
11544
11544
