-1
572
489
537
572
572
572
343
572
572
572
572
572
429
572
555
572
572
572
530
534
572
429
566
572
448
566
525
572
572
572
572
572
570
572
554
415
530
572
459
572
570
572
572
572
572
572
572
530
572
570
572
572
572
572
477
413
570
572
387
458
509
570
572
480
572
572
572
460
572
572
572
572
570
572
535
572
572
572
434
570
572
545
247
406
572
530
400
534
479
532
572
365
309
572
406
529
572
572
572
400
508
572
572
359
572
506
572
263
336
572
572
274
572
321
462
530
572
530
515
264
572
572
88
566
572
451
572
120
572
572
822
206
572
572
572
572
572
572
572
572
572
572
464
572
376
401
572
572
521
631
572
459
466
572
447
572
349
572
532
572
572
537
572
495
556
572
324
545
385
572
572
572
374
572
443
572
424
572
572
549
543
572
572
572
572
572
572
572
521
400
76
572
572
572
572
572
572
535
351
536
530
572
429
411
251
572
572
572
489
572
131
449
516
572
448
360
572
549
366
572
572
572
572
572
572
508
572
572
572
368
572
467
443
572
357
401
458
448
572
572
523
566
352
572
572
429
458
176
554
572
503
476
572
572
572
572
471
572
572
434
429
572
429
570
572
545
572
572
344
572
572
192
311
554
572
572
572
572
572
572
572
572
430
570
470
572
572
572
572
363
233
572
530
572
321
400
572
566
556
460
572
508
572
103
572
572
379
572
390
357
332
504
572
351
572
439
572
572
572
413
531
572
572
572
572
82
572
530
429
274
515
572
475
512
532
572
532
572
572
572
572
492
373
546
572
530
433
572
572
572
888
535
572
480
540
572
572
572
572
567
572
353
353
400
572
572
311
527
572
530
572
572
416
223
486
572
572
572
470
494
535
267
480
572
517
168
572
361
572
521
572
500
570
572
572
545
572
532
572
521
572
572
439
572
508
572
507
572
454
466
572
467
572
450
429
572
572
561
572
311
570
549
572
572
572
311
479
572
480
505
572
490
572
572
345
567
458
572
439
572
545
572
450
572
572
363
572
572
572
340
572
572
572
546
502
537
799
572
311
572
570
521
572
572
566
572
572
572
318
572
572
572
572
572
572
561
572
530
530
152
572
483
572
572
572
470
570
514
572
385
572
572
572
562
467
572
572
572
530
