-1
735
735
735
735
735
735
735
735
735
735
735
735
735
735
735
735
735
735
735
735
735
735
681
735
735
735
735
735
735
735
706
735
735
735
735
735
735
735
735
735
735
735
735
735
603
735
421
735
735
735
735
735
735
735
735
735
735
735
735
735
735
735
735
735
735
735
735
735
235
735
735
735
735
735
735
735
735
735
735
735
735
735
735
735
735
735
735
735
735
735
735
735
735
735
735
735
735
735
577
735
735
735
735
735
735
735
735
735
735
735
735
735
735
735
735
735
735
735
735
735
735
735
735
735
735
735
735
735
735
383
735
735
735
735
735
735
735
735
735
735
735
735
735
735
735
735
735
735
735
735
735
735
735
735
735
735
735
735
735
735
735
735
735
735
527
735
735
735
735
735
735
735
735
735
735
735
735
735
735
735
735
735
735
735
735
735
735
735
735
735
735
735
735
735
735
735
735
735
735
735
735
581
735
735
735
735
735
735
735
735
735
735
735
735
735
735
735
735
735
735
735
735
735
735
735
735
735
735
735
735
735
735
735
735
735
735
735
735
735
735
735
735
735
735
735
735
515
735
735
735
735
735
735
735
735
735
735
735
735
735
735
735
735
735
631
735
735
735
735
735
735
735
735
735
594
735
735
735
735
735
735
735
735
735
735
735
735
735
735
735
735
735
735
735
735
403
735
735
735
453
735
735
735
735
735
735
735
735
735
735
735
735
735
735
735
735
735
735
735
735
735
735
735
735
735
735
735
735
735
735
735
735
735
735
735
735
717
594
735
735
735
735
735
735
735
735
735
735
735
735
735
735
735
557
735
735
735
735
735
735
525
735
735
735
735
735
735
735
335
735
735
735
735
735
298
735
735
735
735
735
735
735
735
735
735
735
735
735
735
435
735
578
735
678
735
735
735
735
735
735
735
735
735
735
735
735
735
735
735
735
532
735
735
735
735
735
735
735
735
735
735
735
735
735
735
735
735
396
596
735
735
735
735
735
735
735
735
735
735
735
735
735
735
735
735
735
578
735
735
735
735
735
735
735
735
735
735
735
735
735
735
735
735
452
735
735
735
209
735
735
735
735
735
735
735
735
735
735
735
735
735
735
735
735
735
735
735
735
735
735
735
735
735
735
735
735
735
735
735
735
363
735
735
735
735
735
735
735
735
735
735
735
735
735
735
735
735
735
735
735
735
735
455
735
735
735
735
653
735
735
735
735
720
668
735
735
735
735
735
735
735
735
735
735
424
735
735
735
735
735
735
735
735
735
735
287
735
735
735
735
735
735
735
735
735
735
735
735
735
735
735
735
735
735
735
670
735
735
735
735
735
735
735
735
735
735
735
735
735
735
735
735
735
735
720
735
735
735
735
735
735
735
735
735
735
735
735
735
735
735
735
735
735
735
735
735
735
735
735
735
735
735
735
735
735
735
735
735
735
735
735
735
735
735
735
735
735
735
735
444
735
735
735
735
735
735
735
735
735
735
735
439
735
735
735
735
735
735
735
735
735
735
735
735
735
735
735
735
735
735
735
735
735
735
358
735
735
735
735
735
735
735
735
735
735
735
735
713
735
735
735
707
735
735
735
735
735
735
735
735
735
735
735
735
735
720
735
735
735
735
735
735
735
735
735
735
735
735
735
735
735
735
735
735
270
735
735
735
735
735
735
735
735
735
735
735
735
735
735
735
735
735
735
735
735
730
735
735
735
735
735
735
735
735
735
735
735
735
735
735
260
735
735
735
735
735
735
735
735
735
735
735
735
735
735
735
735
735
735
673
735
735
735
735
735
735
735
735
735
735
735
735
735
735
421
735
735
735
735
735
735
735
650
735
578
735
735
735
735
735
735
735
735
735
735
735
735
735
735
735
735
735
735
735
735
735
735
445
735
735
735
735
735
735
513
735
735
735
735
735
735
735
735
735
735
735
735
735
735
735
735
735
735
735
735
735
735
735
735
735
735
735
735
735
735
735
735
735
735
673
735
735
735
735
735
735
735
735
735
670
735
735
735
735
532
735
735
735
735
735
735
735
735
735
735
735
735
735
735
735
735
735
735
735
735
735
735
735
735
735
735
735
735
577
735
735
735
653
735
735
735
735
735
735
735
735
735
409
735
731
735
735
735
735
735
735
735
735
735
735
735
735
735
735
735
735
735
735
735
735
735
735
735
735
735
735
735
735
735
735
735
735
735
735
735
735
735
735
735
735
735
735
735
334
735
735
735
735
735
735
735
735
735
735
735
735
735
735
548
735
735
735
735
735
735
735
735
735
735
