889
846
252
351
554
25
234
368
525
223
962
355
437
721
125
54
137
98
632
577
840
135
439
947
423
239
808
495
539
580
441
987
609
527
407
589
940
952
750
42
596
443
570
701
610
165
543
279
9
236
564
261
200
829
812
339
209
174
292
76
983
560
440
809
652
459
678
364
672
481
568
536
954
82
666
693
498
314
120
782
155
112
396
925
294
636
824
565
994
716
391
942
383
950
573
957
413
868
769
444
625
11
804
898
973
753
734
919
690
331
780
677
556
876
1000
340
299
786
386
410
301
477
263
211
94
291
3
445
691
918
706
268
103
406
899
856
28
977
360
388
517
758
859
862
182
356
743
587
78
615
719
708
699
613
569
674
12
43
735
827
196
323
258
679
509
173
257
598
633
132
969
55
640
344
751
309
454
395
58
275
581
929
81
311
696
746
421
992
978
505
990
240
366
153
842
278
305
484
167
948
588
879
379
953
863
723
128
559
681
660
31
479
603
139
653
48
36
521
425
166
354
936
75
422
152
194
154
222
497
216
483
878
631
591
933
50
13
718
779
464
447
95
161
221
21
448
986
458
202
176
304
534
655
250
646
343
363
930
956
269
462
676
522
562
119
911
201
504
834
415
576
513
822
342
507
411
787
392
446
438
492
228
242
600
831
943
845
955
126
520
352
362
426
317
914
123
713
865
671
855
531
7
772
204
51
136
104
320
193
703
290
22
56
172
288
590
912
738
892
398
547
523
140
148
817
493
984
712
686
158
52
105
353
629
833
90
530
558
823
854
381
761
187
917
770
754
235
147
227
910
134
346
792
203
647
821
960
662
594
904
843
315
206
741
20
727
981
156
793
482
121
218
375
617
875
280
836
549
828
429
877
403
469
880
230
927
329
684
514
286
967
765
908
861
697
87
982
888
487
848
858
752
330
851
732
414
789
472
455
69
478
634
377
894
146
247
566
220
794
783
424
951
938
695
881
972
251
724
869
709
318
538
215
542
267
675
248
586
109
325
60
420
764
669
467
143
976
71
737
810
571
664
188
266
14
974
24
270
65
190
449
796
745
820
115
427
326
16
35
210
185
924
519
736
96
852
959
491
107
336
733
550
416
61
726
432
402
673
471
38
748
618
584
408
85
649
225
944
799
45
494
308
189
922
255
178
141
923
198
245
77
217
873
512
841
807
729
996
623
475
117
582
350
213
850
99
867
186
524
214
849
874
453
106
348
648
393
131
826
945
608
687
567
319
345
62
816
249
122
659
64
720
474
928
839
705
436
860
595
895
574
431
717
502
374
72
803
367
401
451
293
124
714
916
88
501
130
6
102
2
359
882
285
303
327
207
434
773
365
768
739
692
334
552
260
399
857
295
989
593
644
516
129
890
256
887
606
756
195
118
901
29
853
253
397
91
540
265
164
704
238
963
932
909
683
8
965
757
619
466
461
891
508
233
661
700
511
993
815
906
592
835
457
643
711
373
893
281
806
168
289
915
46
160
67
274
184
191
785
620
378
985
430
641
991
621
639
456
802
97
428
506
941
70
545
551
616
149
500
866
740
224
897
144
905
602
34
685
100
226
370
273
488
811
371
32
254
405
283
231
400
180
760
313
4
533
73
553
503
776
26
302
199
229
59
546
775
18
114
435
321
296
450
10
337
637
561
276
730
44
722
515
404
175
579
680
526
151
485
322
41
762
529
237
537
433
476
496
369
624
682
489
243
884
966
847
133
361
463
800
964
419
37
755
332
902
324
181
658
844
372
766
979
638
913
53
284
710
665
390
490
357
418
781
298
177
801
1
645
572
335
159
528
310
244
599
499
460
312
995
394
518
654
597
197
777
980
532
797
465
626
544
759
805
271
670
110
328
698
784
838
179
578
747
832
900
66
306
150
575
262
142
241
931
86
316
169
771
145
825
541
468
749
604
232
382
162
486
23
297
975
15
63
885
656
926
385
921
192
837
163
883
338
389
68
473
819
380
635
830
702
939
287
333
958
864
349
961
19
998
409
622
170
731
611
116
157
33
725
651
74
689
657
934
347
583
767
668
5
778
585
788
183
101
358
742
470
79
49
341
510
219
208
57
601
83
968
763
417
555
920
246
412
47
80
452
790
871
111
907
108
384
307
946
935
999
171
715
264
138
535
277
872
259
387
791
663
612
17
970
127
870
40
707
480
93
650
667
971
937
563
628
557
282
818
896
30
627
949
630
548
27
442
886
744
997
92
688
903
84
614
39
113
728
795
212
642
813
814
89
300
774
376
205
694
605
272
607
988
798
