830
556
962
35
770
483
464
639
900
469
944
81
433
183
954
174
593
213
342
275
164
73
199
181
994
191
918
501
766
204
663
452
762
888
485
861
25
280
676
261
373
667
525
7
649
984
107
60
979
242
536
564
150
950
434
993
910
892
549
328
123
771
451
821
453
178
653
130
104
167
560
133
340
190
285
926
262
695
224
361
575
749
730
101
293
475
263
146
421
460
814
533
43
126
355
898
504
624
273
480
309
904
461
189
45
765
566
337
913
974
948
883
724
391
909
203
387
829
192
447
23
165
519
746
321
577
735
137
407
652
271
684
307
538
85
509
360
388
122
283
530
157
812
971
364
21
931
322
737
305
662
229
65
310
835
949
882
19
895
818
825
744
324
348
902
605
377
231
216
220
64
901
144
554
595
981
259
152
488
682
691
923
507
350
233
783
641
329
292
56
109
438
372
672
264
852
580
236
432
708
862
932
612
924
78
14
565
616
619
237
334
991
710
824
834
823
618
800
833
241
579
873
319
633
925
414
911
363
36
326
716
775
142
111
59
919
731
441
442
714
269
601
370
398
239
857
230
135
813
806
896
802
474
669
245
754
184
640
660
790
968
943
567
753
75
384
394
390
84
300
473
841
569
976
757
784
788
726
138
634
74
774
528
249
599
354
516
656
31
457
589
832
517
406
874
699
648
120
131
69
674
477
573
743
1000
555
145
718
967
80
685
590
592
952
865
728
55
40
510
767
8
690
284
849
314
995
508
403
838
205
187
539
921
295
330
270
247
161
318
845
761
659
582
871
425
389
46
380
945
941
916
401
463
701
149
665
472
345
154
938
572
687
371
287
957
998
609
212
992
347
368
491
489
694
125
514
266
914
200
448
546
294
476
855
723
985
603
72
108
48
597
547
313
789
540
315
238
886
740
620
647
455
170
928
487
632
215
492
459
999
87
443
745
876
574
416
450
349
666
863
397
502
627
99
378
278
151
986
808
298
503
942
77
497
260
600
826
163
2
705
148
226
654
717
498
523
89
82
91
843
67
930
194
90
897
1
500
339
92
206
541
929
50
496
615
141
351
889
777
912
308
623
518
552
711
858
316
375
94
887
494
720
251
804
353
34
970
844
272
100
934
499
537
424
180
529
147
346
739
828
121
734
885
176
959
842
400
747
374
637
596
879
568
698
341
429
29
93
286
816
963
677
415
98
977
520
186
557
752
807
686
884
17
365
756
877
279
198
969
412
276
697
336
252
338
755
713
386
153
420
11
722
872
22
168
61
422
763
24
140
66
606
431
208
290
692
937
299
671
327
607
70
955
159
15
733
173
534
785
894
257
903
571
778
831
214
79
983
30
235
490
49
908
383
160
479
246
875
940
162
20
411
306
760
545
177
155
681
668
527
793
859
751
521
987
171
920
395
598
42
277
136
531
792
512
622
413
966
439
696
197
683
522
587
392
33
768
444
670
631
851
797
196
869
96
297
738
427
840
759
975
791
5
891
402
253
393
585
621
526
544
628
385
715
352
591
128
839
323
169
602
559
702
382
610
134
960
748
646
996
436
860
359
629
222
689
282
604
481
343
333
376
105
127
478
799
636
635
71
369
116
63
10
28
408
933
218
779
37
419
700
848
893
484
870
936
182
423
625
953
302
532
630
124
675
820
207
268
117
172
296
506
978
965
440
344
362
854
139
782
291
650
787
466
267
915
16
202
158
890
542
837
576
201
86
115
548
673
645
719
132
225
52
179
255
947
430
335
803
234
973
166
366
435
864
97
449
769
409
248
772
786
143
4
661
644
794
418
38
776
243
515
228
51
493
796
317
679
811
95
651
320
303
379
110
256
836
997
265
13
822
563
586
535
795
356
289
254
311
58
524
988
815
617
6
922
846
331
678
801
819
956
193
358
210
357
643
868
594
899
486
325
118
112
613
721
562
27
274
805
927
482
907
658
396
304
468
741
917
773
32
250
578
961
41
113
114
850
88
428
258
462
417
553
410
758
54
227
156
129
471
642
611
750
76
729
426
381
626
810
446
454
367
458
990
232
939
3
856
588
712
951
9
880
53
217
958
972
470
312
608
780
103
188
281
881
680
399
332
288
709
465
725
946
467
905
68
119
39
550
906
878
853
707
18
866
764
44
706
405
511
175
657
583
26
219
688
703
83
638
980
736
982
505
867
693
989
614
584
570
301
655
581
742
964
62
727
847
561
57
185
437
240
817
102
445
551
664
543
495
223
106
827
732
12
935
513
809
781
195
209
244
221
704
404
211
798
558
456
47
