490
635
98
455
211
979
449
762
321
716
525
242
465
352
953
356
870
974
793
988
81
447
894
95
320
509
668
96
139
46
947
89
797
501
265
800
555
775
287
745
333
399
533
506
459
61
500
606
843
388
60
504
71
845
260
475
701
443
315
972
581
4
576
446
268
534
435
726
336
2
757
617
406
176
637
114
157
935
117
695
956
30
735
195
280
175
591
858
307
958
496
736
702
86
503
370
55
896
790
297
746
570
861
75
535
782
544
814
650
865
124
866
116
659
140
166
231
354
348
707
244
670
214
976
178
253
655
469
261
339
169
372
641
394
122
383
744
602
872
508
79
830
436
651
418
489
987
527
323
174
332
482
961
492
381
705
58
891
235
430
837
318
241
538
349
940
331
379
439
686
109
839
882
652
257
615
456
48
823
488
884
649
97
675
17
52
640
546
889
452
818
334
350
208
856
312
520
857
322
45
137
413
804
233
483
471
421
202
683
491
359
477
26
393
196
284
132
820
155
945
8
478
263
991
809
310
928
549
220
631
694
172
985
990
21
517
366
703
93
700
5
148
493
656
212
718
68
136
300
498
254
688
130
420
743
717
875
390
438
848
63
44
411
18
960
540
507
240
7
344
396
159
324
123
982
720
177
479
794
874
258
464
267
731
72
932
777
692
376
971
623
627
461
869
860
283
948
118
639
302
518
704
751
294
920
687
1
62
758
740
684
308
737
682
954
565
206
164
738
311
218
431
190
400
887
955
35
854
355
276
741
90
698
619
351
36
600
883
460
286
529
222
909
313
959
317
756
371
969
101
69
805
815
646
14
596
391
108
180
671
937
592
273
759
934
601
487
31
150
168
330
279
248
855
53
739
662
941
472
833
403
102
481
859
608
645
269
547
654
234
586
417
992
499
205
246
835
925
404
583
783
803
750
468
22
994
238
923
203
497
84
292
40
919
903
414
605
27
510
711
266
981
450
593
588
225
888
397
516
272
434
876
577
781
844
328
129
579
829
217
681
786
550
110
895
761
901
309
189
574
337
82
799
304
87
305
667
511
560
795
853
638
907
810
256
161
916
771
597
188
343
427
816
779
73
868
879
113
571
826
275
173
622
933
502
340
470
609
995
107
223
216
463
453
147
559
657
153
288
785
426
658
151
924
660
384
755
295
486
929
476
732
425
647
566
589
64
663
840
620
346
291
389
119
541
357
788
536
975
154
65
47
423
561
415
722
494
699
886
846
614
252
326
531
375
228
249
380
642
832
11
824
170
878
255
444
264
462
467
822
864
798
563
764
931
648
911
653
299
338
978
120
314
626
199
369
537
983
942
207
227
749
633
957
316
821
796
604
186
665
121
480
582
219
277
49
513
724
6
970
999
19
834
943
94
812
112
962
104
936
595
293
542
405
74
841
407
237
419
636
725
713
91
734
575
458
289
769
842
568
825
807
669
282
562
67
20
327
290
828
398
25
226
643
362
819
88
730
80
910
607
996
569
612
424
156
898
437
345
802
752
377
111
877
33
215
914
918
590
767
144
106
768
245
433
893
134
676
528
817
197
629
666
105
347
270
672
38
194
386
259
774
530
342
37
361
922
613
863
967
778
526
573
679
661
24
673
808
944
179
938
402
765
466
678
927
365
603
754
984
76
485
772
15
621
624
515
552
198
831
939
251
712
963
849
131
719
625
187
193
557
409
706
742
578
432
401
445
163
966
9
83
141
553
630
715
204
454
201
135
827
247
57
59
232
213
838
484
301
167
29
41
723
127
441
905
200
133
92
584
753
968
448
181
950
545
78
693
271
1000
43
373
126
274
917
171
770
250
368
23
128
281
871
913
495
358
585
784
690
836
813
949
952
852
243
115
766
567
412
628
325
811
162
512
873
747
285
847
708
99
729
142
760
239
892
880
801
451
56
306
689
54
367
408
138
505
514
930
364
262
558
374
951
442
572
278
674
599
296
42
634
524
787
146
680
422
440
789
387
748
986
632
335
610
12
539
521
728
392
900
806
221
906
410
10
224
964
881
763
522
429
34
519
973
385
158
776
160
152
904
587
341
710
395
897
532
912
77
993
862
664
13
353
709
926
474
363
548
523
691
473
977
543
564
16
791
51
721
184
867
946
457
298
428
230
100
733
85
303
191
714
611
149
556
989
792
998
70
980
209
551
3
773
677
32
229
644
192
697
908
850
997
594
902
143
885
618
616
899
598
416
851
125
580
329
39
103
185
890
727
50
965
915
382
921
378
165
28
360
182
685
66
236
145
210
183
780
319
696
554
