513
51
656
14
33
946
851
563
682
494
273
925
166
337
945
130
697
828
667
867
655
109
456
155
95
172
470
580
787
5
140
490
151
882
538
392
953
644
518
418
620
461
595
299
906
880
582
951
615
911
600
739
688
91
89
254
968
825
176
815
964
342
976
227
924
680
727
427
323
661
653
295
167
910
181
315
344
311
193
472
255
831
652
21
264
922
778
664
298
747
468
131
782
377
705
304
707
235
975
275
792
276
630
483
999
774
757
12
37
708
499
489
112
4
746
210
308
640
987
404
873
786
729
897
677
993
137
290
226
523
169
222
869
824
482
771
312
821
497
611
561
6
220
648
159
890
550
234
965
775
533
649
858
228
971
683
73
28
915
514
579
659
948
447
592
709
503
967
927
200
258
551
288
367
856
528
467
9
433
823
562
175
23
58
124
548
715
989
536
566
108
546
233
223
758
44
745
134
874
105
440
877
728
135
666
810
800
13
430
103
597
847
889
841
904
52
930
347
885
183
252
111
526
616
211
349
350
261
129
289
384
390
690
100
59
624
457
198
517
19
340
224
380
262
225
895
38
535
857
710
8
564
334
557
769
678
881
333
94
292
525
931
300
905
47
101
940
218
474
511
609
740
777
454
148
144
463
142
358
586
251
764
364
40
853
621
748
139
187
793
696
556
355
585
149
524
982
184
681
158
428
370
481
381
327
672
417
398
908
722
160
780
872
266
331
985
320
939
660
738
979
900
537
256
912
629
783
318
935
314
335
459
635
206
188
779
500
448
541
813
602
618
360
590
10
397
733
713
519
626
268
721
532
382
303
458
650
484
359
78
862
174
319
485
583
861
199
854
795
545
368
977
903
138
387
732
90
507
354
991
99
876
725
118
830
326
846
173
833
942
529
34
980
215
408
612
405
294
801
534
171
208
790
420
27
591
219
891
827
492
806
509
542
631
724
969
888
362
375
766
588
814
316
154
338
488
141
762
781
249
455
194
283
411
207
424
859
539
165
957
493
498
486
190
578
72
113
20
701
797
245
243
657
849
614
933
24
662
445
216
242
608
29
938
554
163
866
341
301
232
415
436
998
934
832
425
840
619
675
572
495
704
665
127
698
515
343
18
70
391
221
322
363
920
547
921
491
257
413
679
41
435
412
887
201
899
699
845
452
291
212
565
932
114
785
646
423
504
462
941
799
399
330
864
62
107
902
466
36
625
654
773
246
351
950
839
125
230
414
85
48
623
540
45
209
168
60
913
83
637
25
636
56
115
313
730
754
152
93
170
914
317
260
441
622
126
759
68
844
835
469
983
676
988
753
286
658
32
196
473
961
69
943
820
723
81
117
834
955
97
77
568
763
717
177
703
279
179
353
879
796
901
627
505
994
61
734
883
394
520
145
65
560
516
431
217
366
963
577
132
410
596
372
838
281
751
296
803
818
772
438
453
599
634
162
50
850
122
247
356
180
121
770
328
798
949
807
716
642
98
416
259
374
508
284
119
804
278
460
695
147
143
3
92
527
475
120
936
926
870
156
571
875
401
581
46
958
531
465
352
674
954
694
164
329
186
549
811
812
153
386
736
569
439
395
339
88
741
195
71
250
236
336
894
552
74
269
663
30
66
419
393
192
986
39
406
543
589
767
822
348
128
863
57
809
643
388
480
760
761
76
182
791
966
521
15
868
506
570
429
842
553
365
64
947
928
886
237
157
916
437
43
855
63
376
685
240
133
270
478
647
496
530
421
389
55
788
997
610
633
464
919
575
848
205
944
238
189
805
606
952
16
479
929
332
984
214
213
96
645
402
837
361
82
639
54
248
959
789
282
197
403
750
693
843
369
434
970
449
973
378
123
604
325
638
691
960
731
567
191
765
422
274
923
116
1
407
450
202
35
451
574
150
104
829
379
826
267
306
756
587
31
918
253
996
383
974
742
744
978
816
229
776
605
593
443
204
287
607
310
231
321
898
385
512
692
937
884
17
802
75
522
995
203
297
737
601
860
346
476
794
396
285
272
584
1000
185
241
501
684
896
11
852
102
26
689
687
409
371
22
42
917
400
576
686
307
817
271
700
594
309
373
432
345
992
487
244
324
79
53
67
669
878
865
711
555
632
305
302
263
617
990
558
502
110
106
239
471
86
735
136
956
87
972
962
628
892
784
477
603
743
808
613
598
280
726
277
871
714
702
444
893
559
981
426
718
161
768
719
749
673
907
651
573
544
49
80
7
84
720
668
755
909
641
819
446
2
357
265
293
178
712
836
706
510
442
670
671
752
146
