702
156
376
164
27
715
181
849
70
801
428
341
987
433
986
233
524
369
350
962
109
98
564
29
361
898
50
851
383
471
265
338
83
805
335
436
124
766
963
385
549
448
659
733
120
864
490
247
514
743
758
175
389
952
826
614
624
776
977
363
166
5
391
728
266
545
480
127
497
57
381
719
787
236
280
420
67
276
291
309
688
55
445
71
540
82
424
798
557
59
941
979
644
303
47
396
617
623
131
770
834
565
984
541
32
375
58
568
989
911
106
973
711
301
454
716
90
914
913
648
835
818
482
100
352
961
495
107
803
86
583
121
374
757
918
547
322
856
262
162
561
191
401
884
135
17
862
73
316
845
847
606
765
871
837
53
603
566
468
523
118
939
636
101
906
975
207
14
326
414
261
498
730
811
639
734
483
457
105
883
152
475
983
25
51
704
243
399
832
859
137
87
476
607
804
300
933
579
358
991
402
48
929
934
825
415
842
33
796
268
885
186
85
858
283
771
365
110
488
536
917
584
791
242
165
377
169
36
668
516
588
572
208
61
462
228
13
148
994
334
330
205
865
422
317
3
209
662
742
938
819
393
748
503
307
220
760
741
682
226
272
988
249
421
477
136
580
950
932
567
608
699
593
425
784
199
238
761
260
949
513
712
889
873
10
995
294
407
773
781
925
590
26
660
619
212
253
384
4
88
671
429
720
484
235
903
430
882
543
846
732
831
806
173
240
258
406
274
521
767
578
833
218
967
769
693
439
515
974
790
897
772
676
493
311
625
718
964
630
74
279
412
113
368
473
839
321
344
140
28
830
46
12
554
64
241
487
571
289
615
532
434
727
81
2
909
269
684
397
206
185
788
737
613
655
459
539
419
108
683
546
324
944
816
172
641
80
677
216
382
491
876
447
946
707
34
455
171
645
731
652
38
44
150
931
824
31
544
508
838
138
145
30
69
780
119
353
904
764
823
502
256
296
555
759
411
768
340
901
177
314
747
928
581
812
511
908
836
320
180
231
158
710
263
980
41
72
426
664
691
729
76
951
405
394
725
111
854
750
509
99
894
815
635
706
869
629
657
632
176
850
559
797
829
184
102
244
16
969
663
42
528
558
697
408
466
997
65
201
451
594
507
193
577
874
367
786
499
505
333
896
703
147
351
496
160
551
923
259
494
705
985
435
848
282
66
323
95
187
915
779
595
35
753
163
489
853
423
92
843
942
674
293
935
809
649
211
337
646
860
735
357
709
813
295
417
658
20
286
190
299
427
945
552
793
891
395
827
665
486
678
736
403
349
84
634
313
857
214
586
616
132
937
530
673
814
633
518
689
1000
204
907
292
318
245
481
126
68
440
751
167
795
379
666
821
981
400
912
360
957
129
956
650
621
861
601
298
782
40
302
174
114
527
221
522
463
234
325
504
339
392
287
930
248
722
605
560
492
794
531
620
744
342
626
197
154
990
948
8
692
517
461
332
364
315
52
11
246
348
506
679
458
115
356
437
144
252
840
134
714
141
643
45
738
591
96
656
724
686
501
799
170
542
281
966
284
189
275
563
965
89
346
526
143
250
968
219
661
319
456
267
778
270
155
550
628
225
675
239
900
103
232
278
432
817
622
828
774
575
467
627
210
996
18
916
91
416
519
146
380
254
130
251
306
230
924
329
698
460
159
271
93
431
308
599
388
701
200
310
449
612
7
202
9
970
721
562
971
892
972
255
372
610
841
94
438
867
464
390
955
478
472
79
359
277
336
694
19
777
611
168
179
669
746
312
62
574
940
215
700
637
116
297
886
157
888
410
919
922
893
878
117
370
585
63
672
39
182
37
328
647
695
78
807
717
589
762
56
229
785
104
570
122
343
183
223
75
905
792
667
548
288
195
188
194
960
196
670
954
43
852
273
713
387
213
452
855
708
21
23
203
237
993
192
881
469
844
290
653
576
910
592
654
6
257
763
125
810
582
97
404
887
638
789
604
609
22
15
800
723
875
500
178
479
398
373
153
217
1
556
553
535
687
820
446
651
598
529
354
49
685
474
618
880
485
465
739
999
222
453
112
802
441
890
331
596
921
740
640
920
597
866
600
362
520
690
77
976
756
198
264
775
681
525
573
822
863
752
872
371
696
444
680
953
345
386
443
749
943
285
926
470
128
366
151
60
123
992
54
304
726
537
510
139
378
899
877
327
745
895
442
512
602
959
161
224
305
355
902
783
409
754
642
936
533
947
413
450
24
227
978
998
870
868
534
879
755
982
149
418
133
347
958
631
142
808
927
587
538
569
