1:18184 23278
2:6853 10573
3:6853 10573 18184 23278
4:3531 6618
5:4828 21856
6:3531 4828 6618 21856
7:3531 4828 6618 6853 10573 18184 21856 23278
8:4826 21583
9:8776 18093
10:4826 8776 18093 21583
11:11583 26302
12:8072 11583 26302
13:4826 8072 8776 11583 18093 21583 26302
14:3531 4826 4828 6618 6853 8072 8776 10573 11583 18093 18184 21583 21856 23278 26302
15:12 21502
16:7294 12277
17:12 7294 12277 21502
18:2394 4114
19:833 16285
20:833 2394 4114 16285
21:12 833 2394 4114 7294 12277 16285 21502
22:3002 11454
23:6961 17385
24:3002 6961 11454 17385
25:4999 25062
26:4999 14409 25062
27:3002 4999 6961 11454 14409 17385 25062
28:12 833 2394 3002 4114 4999 6961 7294 11454 12277 14409 16285 17385 21502 25062
29:12 833 2394 3002 3531 4114 4826 4828 4999 6618 6853 6961 7294 8072 8776 10573 11454 11583 12277 14409 16285 17385 18093 18184 21502 21583 21856 23278 25062 26302
