1:11181 16124
2:11181 16124 17884
3:18306 24327
4:11181 16124 17884 18306 24327
5:24843 29254
6:5525 24843 29254
7:240 7423
8:240 5525 7423 24843 29254
9:240 5525 7423 11181 16124 17884 18306 24327 24843 29254
10:14154 19991
11:8345 14154 19991
12:15591 25333
13:8345 14154 15591 19991 25333
14:20505 26751
15:6739 20505 26751
16:21620 21993
17:6739 20505 21620 21993 26751
18:6739 8345 14154 15591 19991 20505 21620 21993 25333 26751
19:240 5525 6739 7423 8345 11181 14154 15591 16124 17884 18306 19991 20505 21620 21993 24327 24843 25333 26751 29254
20:14184 18793
21:1256 14184 18793
22:10820 21266
23:1256 10820 14184 18793 21266
24:23237 26504
25:9850 23237 26504
26:19127 28896
27:9850 19127 23237 26504 28896
28:1256 9850 10820 14184 18793 19127 21266 23237 26504 28896
29:11766 13891
30:11766 13891 29569
31:12134 15978
32:11766 12134 13891 15978 29569
33:11994 13832
34:5144 11994 13832
35:27400 29422
36:5144 11994 13832 27400 29422
37:5144 11766 11994 12134 13832 13891 15978 27400 29422 29569
38:1256 5144 9850 10820 11766 11994 12134 13832 13891 14184 15978 18793 19127 21266 23237 26504 27400 28896 29422 29569
39:240 1256 5144 5525 6739 7423 8345 9850 10820 11181 11766 11994 12134 13832 13891 14154 14184 15591 15978 16124 17884 18306 18793 19127 19991 20505 21266 21620 21993 23237 24327 24843 25333 26504 26751 27400 28896 29254 29422 29569
