596609 605609
596608 605609
596609 605609
596611 605609
596612 605609
596612 605609
596612 605609
596612 605609
596613 605608
596613 605608
596614 605608
596614 605608
596614 605608
596614 605606
596614 605606
596614 605604
596616 605604
596617 605604
596617 605604
596618 605605
596618 605607
596618 605609
596616 605609
596616 605609
596616 605609
596616 605610
596616 605611
596616 605611
596616 605611
596615 605611
596615 605611
596613 605611
596613 605612
596613 605610
596613 605610
596613 605610
596613 605608
596613 605607
596615 605607
596615 605607
596615 605607
596615 605605
596616 605605
596617 605605
596618 605605
596618 605605
596618 605605
596618 605603
596618 605603
596618 605603
