435420 507675
435422 507675
435424 507676
435424 507676
435425 507676
435423 507676
435422 507679
435421 507680
435421 507683
435423 507682
435421 507684
435421 507688
435421 507688
435422 507688
435422 507688
435422 507689
435423 507689
435425 507688
435425 507687
435425 507687
435426 507687
435427 507686
435431 507686
435431 507683
435430 507683
435429 507683
435428 507685
435426 507686
435426 507687
435426 507687
435428 507687
435432 507687
435432 507687
435435 507687
435435 507687
435435 507687
435437 507687
435437 507687
435437 507687
435437 507684
435438 507682
435439 507683
435439 507683
435437 507683
435435 507684
435435 507687
435435 507688
435435 507688
435435 507691
435435 507691
435433 507692
435433 507692
435433 507693
435433 507694
435433 507696
435429 507696
435426 507696
435426 507696
435424 507698
435425 507696
435425 507696
435426 507696
435426 507696
435428 507695
435430 507695
435430 507695
435430 507695
435430 507692
435430 507691
435430 507689
435431 507688
435433 507688
435434 507688
435436 507688
435440 507688
435440 507688
435444 507688
435444 507688
435444 507688
435441 507687
435438 507687
435436 507686
435436 507689
435436 507691
435436 507691
435436 507692
435436 507692
435439 507692
435440 507692
435440 507689
435440 507685
435441 507682
435444 507682
435445 507682
435448 507682
435448 507682
435449 507682
435449 507682
435447 507680
435444 507680
435444 507676
435445 507675
435449 507675
435449 507673
435449 507672
435449 507671
435446 507672
435446 507675
435446 507675
435446 507675
435444 507675
435444 507675
435441 507675
435440 507677
435437 507677
435435 507677
435433 507677
435432 507678
435432 507682
435432 507683
435432 507684
435432 507684
435432 507686
435432 507689
435432 507693
435432 507697
435432 507698
435432 507701
435432 507702
435432 507702
435428 507702
435424 507702
435423 507702
435423 507700
435423 507699
435423 507697
435423 507695
435423 507695
435423 507694
435426 507693
435429 507692
435431 507692
435435 507692
435439 507692
435441 507692
435444 507692
435444 507692
435444 507689
435444 507688
435444 507687
435444 507690
435444 507692
435444 507694
435442 507694
435440 507694
435440 507697
435437 507697
435436 507697
435433 507697
435431 507697
435428 507697
435428 507697
435428 507700
435428 507702
435428 507705
435427 507705
435426 507705
435426 507701
435426 507699
435428 507698
435428 507698
435430 507698
435432 507698
435432 507698
435433 507698
435433 507697
435433 507695
435433 507691
435434 507690
435437 507690
435437 507686
435437 507682
435437 507680
435437 507677
435437 507675
435437 507675
435437 507675
435437 507672
435437 507671
435437 507670
435438 507669
435441 507669
435441 507669
435442 507669
435444 507669
435446 507669
435446 507665
435449 507664
435449 507664
435450 507661
435450 507661
435450 507661
435452 507661
435454 507663
435454 507667
435454 507667
435452 507669
435452 507672
435452 507674
435452 507676
435452 507678
435452 507681
435452 507682
435452 507682
435449 507683
435449 507683
435449 507686
435449 507690
435445 507690
435444 507690
435443 507690
435441 507690
435441 507693
435441 507696
435441 507700
435441 507700
435438 507700
435435 507700
435435 507702
435435 507706
435435 507708
435435 507710
435435 507711
435435 507711
435435 507711
435435 507714
435431 507714
435431 507718
435431 507722
435431 507723
435431 507726
435431 507726
435431 507728
435427 507728
435423 507728
435423 507731
435427 507731
435427 507731
435427 507728
435427 507725
435427 507725
435428 507724
435428 507724
435429 507724
435433 507724
435436 507724
435439 507724
435441 507722
435445 507722
435445 507720
435446 507718
435450 507718
435451 507718
435451 507714
435451 507714
435451 507711
435451 507708
435451 507705
435451 507703
435452 507701
435453 507703
435453 507705
435453 507708
435453 507712
435452 507712
435448 507712
435446 507713
435446 507717
435446 507721
435446 507721
435444 507721
435440 507721
435440 507721
435439 507721
435437 507721
435437 507721
435434 507721
435431 507721
435429 507721
435428 507721
435424 507721
435422 507721
435422 507718
435422 507717
435422 507717
435422 507717
435422 507713
435422 507711
435422 507711
435422 507710
435426 507710
435430 507710
435432 507710
435435 507710
435437 507710
435440 507710
435443 507710
435447 507710
435449 507710
435451 507712
435451 507715
435448 507715
435447 507715
435446 507718
435446 507722
435446 507726
435446 507729
435446 507733
435446 507735
435446 507737
435446 507737
435444 507737
435444 507737
435444 507737
435444 507735
435444 507732
435445 507730
435448 507730
435449 507730
435453 507730
435453 507730
435455 507730
435456 507730
435456 507729
435457 507727
435457 507727
435460 507727
435463 507727
435463 507727
435465 507727
435465 507727
435468 507727
435469 507727
435469 507723
435471 507722
435471 507722
435472 507722
435472 507721
435472 507717
435472 507714
435472 507711
435470 507709
435469 507709
435468 507709
435467 507709
435466 507709
435463 507709
435462 507709
435462 507709
435462 507709
435460 507709
435460 507709
435460 507709
435463 507709
435466 507709
435470 507709
435470 507709
435472 507709
435475 507709
435475 507709
435476 507710
435476 507714
435476 507715
435476 507718
435476 507718
435473 507718
435473 507718
435471 507718
435468 507719
435468 507721
435466 507721
435462 507721
435458 507721
435454 507721
435451 507721
435447 507721
435446 507721
435443 507721
435443 507721
435441 507721
435437 507721
435435 507721
435435 507721
435435 507725
435435 507729
435434 507729
435433 507729
435433 507729
435433 507727
435433 507723
435433 507721
435433 507719
435434 507717
435434 507717
435437 507717
435438 507717
435441 507717
435444 507717
435447 507717
435448 507717
435449 507717
435453 507717
435455 507717
435456 507717
435456 507717
435458 507717
435458 507717
435462 507717
435463 507717
435464 507717
435467 507717
435469 507717
435471 507717
435471 507717
435474 507717
435474 507716
435474 507713
435474 507711
435474 507710
435474 507709
435472 507707
435469 507707
435469 507711
435469 507712
435469 507714
435467 507714
435467 507714
435465 507716
435465 507719
435461 507719
435460 507719
435457 507719
435457 507719
435455 507719
435452 507719
435452 507719
435450 507720
435450 507722
435450 507725
435450 507725
435446 507725
435443 507725
435440 507725
435439 507726
435440 507726
435442 507726
435443 507726
435445 507726
435446 507726
435449 507726
435452 507726
435452 507722
435452 507719
435452 507715
435452 507711
435454 507711
435455 507713
435455 507714
435455 507717
435455 507719
435455 507720
435455 507721
435455 507721
435455 507721
435455 507722
435455 507725
435455 507726
435455 507725
435455 507724
435455 507721
435455 507721
435455 507718
435455 507715
435454 507714
435450 507714
435450 507714
435447 507714
435446 507714
435444 507714
435444 507714
435442 507714
435441 507714
435437 507714
435435 507714
435431 507714
435431 507713
435431 507712
435431 507709
435431 507707
435431 507703
