445266 1180346
445268 1180344
445269 1180343
445269 1180340
445271 1180339
445271 1180336
445271 1180335
445271 1180335
445271 1180331
445271 1180331
445271 1180329
445272 1180327
445276 1180327
445278 1180327
445282 1180327
445282 1180327
445282 1180327
445280 1180325
445279 1180325
445280 1180323
445280 1180321
445281 1180319
445281 1180319
445281 1180319
445281 1180316
445281 1180315
445281 1180313
445280 1180313
445281 1180310
445280 1180312
445280 1180312
445278 1180312
445274 1180312
445271 1180312
445269 1180312
445267 1180314
445267 1180317
445267 1180321
445269 1180323
445269 1180325
445269 1180329
445269 1180329
445271 1180329
445271 1180329
445271 1180328
445272 1180326
445272 1180326
445272 1180324
445272 1180323
445273 1180322
445273 1180322
445273 1180325
445273 1180326
445273 1180326
445273 1180329
445272 1180329
445268 1180329
445267 1180329
445266 1180330
445267 1180330
445270 1180330
445270 1180330
445270 1180330
445273 1180330
445273 1180330
445275 1180330
445275 1180328
445275 1180328
445275 1180326
445275 1180322
445275 1180321
445277 1180321
445280 1180321
445281 1180321
445281 1180317
445281 1180317
445281 1180317
445279 1180317
445278 1180317
445277 1180318
445277 1180319
445277 1180322
445277 1180322
445277 1180326
445277 1180329
445277 1180331
445277 1180331
445277 1180329
445277 1180327
445277 1180324
445277 1180324
445273 1180324
445271 1180324
445271 1180324
445268 1180324
445267 1180324
445263 1180324
445261 1180324
445260 1180324
445258 1180324
445258 1180328
445258 1180331
445258 1180334
445259 1180334
445261 1180334
445261 1180334
445263 1180334
445266 1180334
445266 1180331
445266 1180329
445266 1180327
445266 1180327
445266 1180326
445266 1180325
445266 1180321
445268 1180321
445268 1180321
445270 1180322
445269 1180322
445269 1180325
445269 1180326
445269 1180326
445268 1180326
445265 1180326
445263 1180326
445263 1180325
445263 1180324
445263 1180321
445263 1180320
445261 1180320
445259 1180320
445258 1180320
445255 1180320
445254 1180320
445254 1180320
445251 1180321
445251 1180324
445251 1180325
445251 1180326
445251 1180327
445251 1180327
445251 1180329
445251 1180329
445251 1180330
445253 1180328
445254 1180328
445254 1180328
445256 1180327
445256 1180327
445258 1180327
445258 1180327
445259 1180324
445262 1180324
445266 1180324
445266 1180324
445266 1180321
445266 1180321
445266 1180321
445266 1180321
445266 1180317
445266 1180314
445266 1180314
445270 1180314
445274 1180314
445276 1180314
445276 1180314
445275 1180311
445273 1180311
445272 1180311
445269 1180311
445269 1180314
445269 1180317
445268 1180317
445268 1180318
445270 1180318
445274 1180318
445274 1180316
445276 1180315
445276 1180315
445276 1180313
445276 1180310
445276 1180310
445278 1180310
445281 1180310
445281 1180310
445281 1180308
445281 1180307
445281 1180307
445281 1180303
445280 1180303
445276 1180303
445275 1180306
445275 1180306
445275 1180308
445275 1180311
445275 1180311
445275 1180311
445275 1180315
445273 1180315
445270 1180315
445270 1180318
445269 1180318
445267 1180318
445266 1180318
445263 1180319
445263 1180321
445263 1180324
445263 1180324
445263 1180324
445263 1180324
445263 1180326
445263 1180330
445264 1180330
445265 1180328
445265 1180325
445265 1180323
445265 1180322
445267 1180321
445269 1180321
445269 1180321
445270 1180321
445270 1180321
445271 1180321
445271 1180319
445271 1180318
445271 1180315
445271 1180312
445271 1180312
445273 1180312
445274 1180312
445277 1180312
445277 1180312
445279 1180312
445280 1180312
445281 1180312
445281 1180311
445281 1180310
445281 1180308
445284 1180307
445285 1180307
445285 1180305
445286 1180306
445286 1180310
445283 1180310
445283 1180310
445281 1180310
445278 1180310
445277 1180313
445277 1180313
445277 1180314
445277 1180317
445277 1180320
445274 1180320
445272 1180320
445272 1180320
445272 1180320
445270 1180320
445270 1180320
445270 1180320
445268 1180320
445265 1180320
445261 1180320
445258 1180320
445258 1180319
445258 1180316
445260 1180316
445261 1180316
445264 1180316
445264 1180316
445265 1180316
445266 1180316
445267 1180319
445267 1180320
445267 1180320
445269 1180320
445269 1180319
445269 1180317
445269 1180316
445269 1180314
445269 1180314
445269 1180310
445269 1180307
445269 1180304
445269 1180304
445269 1180303
445269 1180301
445269 1180298
445269 1180294
445269 1180292
445269 1180291
445269 1180290
445270 1180289
445270 1180289
445272 1180289
445272 1180289
445272 1180285
445272 1180281
445272 1180279
445273 1180277
445277 1180277
445278 1180277
445280 1180277
445282 1180277
445285 1180277
445289 1180277
445289 1180278
445289 1180279
445289 1180283
445289 1180287
445289 1180289
445289 1180293
445289 1180294
445289 1180297
445286 1180297
445286 1180297
445283 1180297
445280 1180297
445279 1180300
445279 1180301
445279 1180305
445279 1180309
445279 1180311
445279 1180312
445279 1180312
445279 1180313
445279 1180313
445279 1180315
445279 1180315
445279 1180316
445279 1180318
445279 1180318
445279 1180319
445279 1180322
445279 1180322
445276 1180322
445276 1180322
445273 1180322
445271 1180322
445269 1180323
445269 1180327
445266 1180327
445265 1180327
445263 1180327
445263 1180324
445263 1180322
445263 1180318
445263 1180318
445263 1180318
445265 1180317
445268 1180317
445270 1180317
445271 1180320
445271 1180321
445271 1180322
445271 1180324
445271 1180324
445271 1180326
445271 1180329
445274 1180329
445277 1180329
445279 1180329
445279 1180329
445279 1180329
445279 1180328
445279 1180328
445279 1180325
445279 1180323
445279 1180320
445279 1180320
445281 1180319
445283 1180319
445283 1180321
445283 1180321
445283 1180322
445283 1180323
445283 1180325
445283 1180325
445282 1180325
445281 1180325
445278 1180325
445274 1180325
445270 1180325
445269 1180328
445269 1180329
445269 1180331
445269 1180335
445269 1180339
445269 1180339
445269 1180339
445269 1180339
445269 1180339
445269 1180336
445269 1180334
445269 1180333
445269 1180330
445271 1180329
445272 1180329
445272 1180329
445274 1180329
445274 1180329
445277 1180329
445279 1180329
445282 1180329
445284 1180329
445284 1180329
445284 1180329
445286 1180329
445286 1180329
445288 1180329
445291 1180329
445295 1180329
445295 1180328
445295 1180327
445296 1180324
445296 1180324
445297 1180325
445297 1180329
445297 1180330
445297 1180334
445297 1180336
445297 1180336
445297 1180336
445295 1180336
445292 1180336
445288 1180336
445287 1180336
445287 1180332
445290 1180332
445291 1180332
445294 1180332
445297 1180332
445297 1180332
445297 1180331
445297 1180329
445297 1180326
445299 1180325
445299 1180325
445297 1180324
445296 1180322
445293 1180323
445293 1180323
445292 1180323
445291 1180323
445291 1180327
445291 1180327
445291 1180328
445291 1180329
445291 1180331
445291 1180332
445291 1180332
445291 1180335
445291 1180339
445291 1180342
445291 1180345
445291 1180347
445291 1180349
445289 1180350
445289 1180350
445289 1180351
445289 1180351
445289 1180355
445285 1180355
445285 1180355
445285 1180355
445285 1180355
445283 1180355
445283 1180352
445283 1180352
445283 1180349
445283 1180348
445283 1180348
445283 1180344
445283 1180343
445283 1180343
445283 1180342
445284 1180342
445286 1180342
445288 1180342
445288 1180342
445288 1180338
445288 1180335
445290 1180334
445293 1180334
445295 1180334
445299 1180334
445301 1180334
445301 1180334
445301 1180334
445301 1180331
445301 1180331
445301 1180329
445301 1180329
445301 1180327
445301 1180323
445301 1180320
445301 1180320
445301 1180317
445301 1180317
445301 1180317
445304 1180317
445308 1180317
445310 1180317
445313 1180317
445317 1180317
445317 1180317
445317 1180315
445317 1180314
445317 1180313
445317 1180310
445317 1180310
445319 1180310
445319 1180310
445322 1180310
445322 1180309
445322 1180309
445322 1180306
445322 1180306
445322 1180304
445322 1180301
445322 1180301
445323 1180300
445325 1180300
445325 1180298
445325 1180296
445325 1180293
445325 1180290
445325 1180290
445325 1180286
445325 1180282
445325 1180279
445328 1180278
445328 1180278
445330 1180280
445327 1180280
445324 1180280
445323 1180280
445323 1180280
445321 1180280
445317 1180280
445313 1180280
445312 1180280
445311 1180280
445310 1180283
445310 1180287
445310 1180288
445310 1180292
445310 1180294
445310 1180298
445310 1180301
445310 1180301
445310 1180301
445310 1180301
445309 1180301
445309 1180301
445309 1180297
445311 1180297
445313 1180297
445313 1180297
445315 1180297
445318 1180297
445318 1180297
445318 1180297
445318 1180293
445318 1180293
445318 1180293
445319 1180290
445323 1180290
445325 1180290
445325 1180290
445325 1180286
445326 1180283
445330 1180283
445331 1180283
445333 1180283
445333 1180285
445333 1180286
445333 1180287
445333 1180289
445331 1180289
445327 1180289
445326 1180289
445323 1180289
445320 1180290
445323 1180290
445326 1180290
445327 1180290
445329 1180290
445329 1180286
445329 1180283
445329 1180283
445329 1180280
445330 1180279
445331 1180279
445332 1180279
445335 1180279
445335 1180279
445337 1180279
445337 1180279
445337 1180276
445337 1180274
445337 1180271
445337 1180268
445335 1180266
445335 1180266
445331 1180266
445329 1180266
445329 1180266
445325 1180266
445323 1180268
445323 1180268
445323 1180272
445323 1180273
445323 1180273
445323 1180274
445323 1180276
445323 1180279
445323 1180282
445323 1180285
445323 1180286
445323 1180287
445323 1180288
445323 1180291
445323 1180292
445323 1180296
445323 1180299
445321 1180299
445321 1180299
445321 1180298
445321 1180295
445322 1180294
445322 1180294
445323 1180294
445325 1180294
445325 1180294
445325 1180291
445325 1180288
445326 1180288
445327 1180288
445328 1180291
445328 1180295
445328 1180297
445328 1180299
445328 1180299
445328 1180299
445328 1180303
445328 1180303
445327 1180303
445326 1180303
445326 1180303
445322 1180303
445318 1180303
445318 1180303
445317 1180303
445317 1180307
445317 1180307
445314 1180307
445310 1180307
445308 1180307
445306 1180307
445304 1180308
445304 1180311
445304 1180315
445304 1180318
445304 1180322
445304 1180322
445304 1180323
445304 1180326
445304 1180330
445304 1180333
445304 1180335
445304 1180338
445304 1180339
445301 1180340
445301 1180341
445301 1180343
445301 1180345
445301 1180346
445301 1180348
445301 1180350
445301 1180350
445299 1180350
445299 1180350
445298 1180350
445298 1180352
445298 1180355
445298 1180355
445297 1180355
445295 1180355
445295 1180358
445295 1180360
445295 1180364
445291 1180364
445288 1180364
445286 1180364
445283 1180364
445279 1180364
445276 1180364
445274 1180364
445270 1180364
445268 1180364
445268 1180364
445268 1180363
445268 1180362
445268 1180362
445268 1180358
445270 1180356
445270 1180352
445270 1180349
445273 1180349
445277 1180349
445281 1180349
445283 1180350
445283 1180353
445283 1180357
445283 1180358
445283 1180358
445283 1180358
445283 1180358
445282 1180358
445281 1180358
445280 1180358
445280 1180358
445278 1180358
445276 1180358
445272 1180358
445272 1180358
445271 1180358
445269 1180358
445266 1180358
445263 1180358
445263 1180360
445263 1180363
445263 1180365
445265 1180363
445267 1180363
445267 1180363
445269 1180363
445269 1180360
445270 1180359
445271 1180359
445271 1180359
445271 1180355
445271 1180355
445271 1180353
445271 1180349
445271 1180348
445271 1180347
445271 1180345
445271 1180341
445269 1180339
445269 1180338
445269 1180337
445269 1180334
445269 1180333
445269 1180333
445269 1180333
445269 1180330
445269 1180328
445269 1180327
445270 1180327
445270 1180327
445271 1180327
445273 1180327
445275 1180327
445275 1180327
445277 1180327
445280 1180327
445281 1180327
445283 1180327
445284 1180327
445287 1180327
445288 1180327
445291 1180327
445295 1180327
445298 1180327
445302 1180327
445305 1180327
445305 1180327
445305 1180327
445307 1180327
445307 1180327
445309 1180327
445312 1180327
445312 1180327
445314 1180327
445318 1180327
445320 1180327
445320 1180324
445320 1180321
445322 1180319
445325 1180319
445325 1180315
445325 1180314
445325 1180314
445325 1180310
445325 1180307
445325 1180304
445325 1180301
445325 1180300
445325 1180300
445325 1180297
445325 1180296
445325 1180295
445325 1180294
445325 1180291
445325 1180290
445325 1180288
445328 1180287
445330 1180287
445332 1180287
445334 1180287
445338 1180287
445338 1180287
445340 1180287
445341 1180289
445341 1180289
445341 1180290
445341 1180291
445341 1180295
445341 1180297
445341 1180299
445341 1180299
445341 1180300
445341 1180303
445341 1180303
445341 1180306
445341 1180308
445341 1180308
445342 1180308
445342 1180306
445342 1180304
445342 1180300
445342 1180298
445342 1180295
445342 1180292
445342 1180290
445342 1180289
445342 1180285
445344 1180285
445344 1180285
445345 1180285
445347 1180285
445350 1180285
445352 1180285
445355 1180285
445359 1180285
445359 1180285
445360 1180285
445362 1180285
445366 1180285
445366 1180285
445366 1180283
445366 1180282
445366 1180282
445367 1180281
445368 1180281
445370 1180281
445371 1180281
445372 1180281
445372 1180281
445372 1180281
445372 1180279
445372 1180278
445372 1180276
445372 1180274
445372 1180271
445372 1180269
445372 1180268
445372 1180265
445373 1180264
445374 1180264
445377 1180264
445378 1180264
445380 1180264
445383 1180264
445386 1180264
445386 1180260
445386 1180258
445387 1180255
445390 1180255
445393 1180255
445393 1180251
445393 1180249
445393 1180249
445393 1180246
445393 1180243
445389 1180243
445387 1180244
445387 1180244
445387 1180244
445387 1180246
445387 1180247
445387 1180249
445387 1180253
445387 1180255
445386 1180255
445383 1180255
445383 1180258
445383 1180258
445383 1180260
445380 1180260
445380 1180260
445376 1180260
445376 1180260
445372 1180260
445372 1180256
445372 1180256
445372 1180253
445372 1180250
445374 1180249
445376 1180249
445377 1180249
445380 1180249
445380 1180249
445382 1180249
445386 1180249
445388 1180250
445388 1180254
445388 1180255
445388 1180256
445388 1180257
445388 1180261
445387 1180261
445386 1180262
445386 1180262
445384 1180262
445383 1180264
445383 1180268
445383 1180271
445383 1180274
445383 1180275
445383 1180278
445383 1180278
445383 1180278
445383 1180278
445383 1180282
445383 1180282
445383 1180284
445383 1180286
445379 1180286
445375 1180286
445374 1180286
445371 1180286
445371 1180283
445371 1180283
445371 1180281
445371 1180278
445371 1180278
445371 1180278
445371 1180275
445371 1180275
445371 1180272
445371 1180271
445371 1180268
445371 1180268
445369 1180268
445366 1180268
445363 1180268
445359 1180268
445357 1180268
445354 1180268
445351 1180268
445348 1180268
445345 1180268
445341 1180268
445338 1180268
445338 1180268
445338 1180271
445338 1180274
445338 1180278
445337 1180278
445334 1180278
445332 1180278
445332 1180278
445330 1180278
445329 1180278
445329 1180278
445325 1180278
445324 1180281
445324 1180285
445324 1180288
445324 1180292
445324 1180292
445324 1180292
445324 1180295
445324 1180298
445324 1180301
445324 1180305
445324 1180307
445324 1180308
445324 1180312
445324 1180313
445324 1180315
445324 1180317
445324 1180317
445324 1180318
445324 1180322
445324 1180323
445324 1180327
445320 1180327
445317 1180327
445314 1180327
445314 1180330
445314 1180331
445314 1180335
445310 1180335
445309 1180338
445309 1180339
445309 1180339
445309 1180343
445309 1180345
445309 1180346
445309 1180348
445308 1180350
445306 1180350
445306 1180350
445303 1180350
445300 1180350
445297 1180350
445293 1180350
445292 1180350
445291 1180352
445291 1180352
445291 1180356
445289 1180358
445289 1180359
445289 1180362
445289 1180363
445288 1180363
445287 1180363
445287 1180363
445287 1180363
445286 1180363
445282 1180363
445281 1180363
445280 1180365
445280 1180365
445280 1180368
445280 1180371
445279 1180371
445278 1180371
445276 1180371
445272 1180371
445272 1180371
445272 1180370
445272 1180368
445274 1180370
445274 1180374
445274 1180374
445272 1180374
445272 1180373
445274 1180372
445275 1180372
445275 1180372
445275 1180368
445275 1180366
445275 1180363
445275 1180363
445275 1180359
445275 1180359
445275 1180359
445275 1180357
445275 1180356
445275 1180354
445275 1180350
445277 1180349
445280 1180349
445281 1180349
445285 1180349
445287 1180349
445288 1180349
445290 1180349
445290 1180346
445290 1180343
445290 1180339
445290 1180337
445290 1180337
445290 1180333
445290 1180331
445290 1180327
445290 1180327
445290 1180326
445291 1180324
445293 1180324
445296 1180324
445298 1180324
445301 1180324
445303 1180324
445303 1180324
445306 1180324
445309 1180324
445309 1180324
445312 1180323
445312 1180322
445312 1180319
445312 1180319
445312 1180315
445312 1180311
445312 1180310
445312 1180306
445312 1180306
445312 1180305
445312 1180305
445312 1180302
445313 1180299
445316 1180299
445316 1180299
445316 1180299
445316 1180297
445316 1180297
445320 1180297
445321 1180297
445325 1180297
445327 1180297
445329 1180297
445333 1180297
445333 1180297
445333 1180295
445333 1180292
445333 1180289
445333 1180287
445333 1180283
445333 1180281
445333 1180281
445333 1180277
445333 1180274
445333 1180270
445330 1180269
445327 1180269
445326 1180269
445322 1180269
445318 1180269
445318 1180269
445318 1180272
445318 1180273
445318 1180274
445318 1180277
445318 1180278
445318 1180282
445318 1180284
445318 1180287
445318 1180291
445318 1180293
445315 1180293
445312 1180293
445310 1180293
445307 1180293
445304 1180293
445301 1180293
445298 1180293
445296 1180293
445294 1180293
445292 1180293
445291 1180296
445291 1180300
445291 1180300
445290 1180300
445286 1180300
445282 1180300
445278 1180300
445278 1180301
445278 1180305
445278 1180309
445278 1180313
445278 1180314
445278 1180316
445278 1180316
445275 1180316
445275 1180316
445271 1180316
445268 1180317
445268 1180319
445268 1180320
445268 1180321
445266 1180321
445266 1180321
445264 1180321
445264 1180321
445263 1180321
445260 1180321
445259 1180321
445259 1180317
445259 1180316
445262 1180315
445263 1180315
445265 1180315
445267 1180315
445267 1180315
445267 1180315
445267 1180315
445269 1180315
445271 1180315
445274 1180315
445276 1180315
445277 1180315
445278 1180315
445280 1180315
445283 1180315
445283 1180313
445283 1180309
445283 1180307
445283 1180306
445283 1180306
445283 1180305
445283 1180303
445283 1180302
445283 1180301
445283 1180301
445283 1180301
445283 1180299
445283 1180296
445283 1180295
445284 1180293
445284 1180293
445287 1180293
445290 1180293
445294 1180293
445295 1180293
445297 1180293
445297 1180293
445301 1180293
445301 1180293
445302 1180293
445303 1180293
445307 1180293
445307 1180289
445307 1180285
445308 1180282
445312 1180282
445312 1180282
445312 1180278
445312 1180275
445312 1180274
445312 1180270
445312 1180268
445312 1180264
445312 1180263
445313 1180261
445313 1180261
445316 1180261
445316 1180261
445319 1180261
445321 1180261
445322 1180261
445324 1180261
445325 1180261
445328 1180261
445329 1180261
445331 1180261
445334 1180261
445334 1180261
445334 1180257
445334 1180255
445334 1180254
445334 1180250
445336 1180248
445336 1180248
445338 1180248
445338 1180248
445341 1180248
445341 1180245
445341 1180244
445341 1180244
445341 1180241
445341 1180241
445341 1180239
445341 1180237
445341 1180236
445341 1180234
445341 1180230
445341 1180227
445341 1180223
445343 1180223
445344 1180223
445344 1180220
445344 1180216
445344 1180213
445344 1180212
445344 1180209
445344 1180207
445346 1180207
445348 1180207
445350 1180207
445353 1180207
445355 1180207
445359 1180207
445359 1180207
445359 1180207
445360 1180207
445364 1180207
445368 1180207
445369 1180207
445370 1180207
445373 1180207
445374 1180207
445374 1180207
445377 1180207
445378 1180207
445381 1180207
445384 1180207
445384 1180207
445384 1180207
445384 1180204
445384 1180200
445384 1180196
445384 1180193
445385 1180192
445385 1180195
445385 1180198
445385 1180198
445385 1180201
445385 1180205
445384 1180208
445384 1180208
445384 1180212
445384 1180212
445384 1180212
445380 1180212
445378 1180212
445374 1180212
445372 1180212
445370 1180212
445367 1180212
445364 1180212
445362 1180212
445358 1180212
445354 1180212
445354 1180214
445354 1180216
445354 1180216
445354 1180216
445354 1180217
445354 1180221
445354 1180221
445354 1180224
445354 1180227
445354 1180229
445354 1180229
445354 1180232
445354 1180236
445354 1180239
445354 1180239
445353 1180239
445349 1180239
445348 1180240
445348 1180243
445348 1180244
445346 1180244
445346 1180246
445346 1180246
445344 1180246
445342 1180246
445338 1180246
445337 1180246
445336 1180246
445333 1180246
445333 1180246
445331 1180246
445330 1180246
445327 1180246
445323 1180246
445323 1180246
445320 1180246
445320 1180246
445320 1180242
445320 1180238
445320 1180242
445320 1180244
445320 1180244
445318 1180244
445316 1180244
445312 1180244
445309 1180244
445308 1180245
445308 1180247
445308 1180247
445308 1180251
445308 1180253
445308 1180254
445308 1180255
445308 1180257
445308 1180259
445308 1180263
445308 1180267
445308 1180268
445308 1180268
445308 1180268
445308 1180268
445307 1180269
445307 1180270
445307 1180270
445304 1180270
445304 1180274
445304 1180276
445304 1180277
445302 1180277
445298 1180277
445295 1180277
445293 1180277
445289 1180277
445286 1180277
445283 1180277
445283 1180277
445279 1180277
445279 1180277
445278 1180279
445278 1180281
445278 1180283
445278 1180286
445278 1180289
445278 1180293
445278 1180296
445278 1180297
445277 1180297
445275 1180297
445275 1180297
445273 1180297
445273 1180297
445269 1180297
445267 1180297
445265 1180297
445264 1180297
445261 1180297
445258 1180297
445254 1180297
445250 1180297
445250 1180297
445250 1180297
445248 1180297
445244 1180297
445241 1180297
445240 1180297
445238 1180299
445238 1180300
445238 1180300
445238 1180302
445238 1180306
445238 1180309
445238 1180312
445238 1180312
445238 1180315
445238 1180318
445238 1180320
445238 1180322
445235 1180322
445233 1180322
445229 1180322
445229 1180319
445229 1180315
445229 1180313
445229 1180311
445232 1180311
445233 1180311
445233 1180309
445233 1180309
445233 1180306
445233 1180302
445235 1180301
445237 1180301
445240 1180301
445243 1180301
445246 1180301
445248 1180301
445252 1180301
445255 1180301
445258 1180301
445260 1180301
445260 1180300
445260 1180300
445260 1180299
445263 1180298
445265 1180298
445266 1180298
445266 1180294
445266 1180290
445266 1180288
445266 1180287
445264 1180287
445263 1180287
445261 1180287
445258 1180287
445257 1180287
445256 1180287
445256 1180287
445253 1180287
445249 1180287
445249 1180287
445248 1180287
445248 1180287
445245 1180287
445241 1180287
445240 1180287
445238 1180287
445234 1180287
445230 1180287
445228 1180287
445225 1180287
445221 1180287
445217 1180287
445217 1180291
445217 1180291
445217 1180293
445217 1180295
445217 1180296
445217 1180300
445217 1180303
445217 1180305
445217 1180309
445217 1180309
445217 1180310
445217 1180314
445217 1180316
445217 1180319
445217 1180322
445217 1180323
445217 1180323
445217 1180323
445216 1180324
445216 1180325
445216 1180329
445216 1180329
445213 1180329
445210 1180329
445210 1180329
445210 1180329
445209 1180329
445206 1180329
445203 1180329
445199 1180329
445196 1180329
445196 1180329
445192 1180329
445190 1180329
445190 1180326
445190 1180323
445190 1180321
445190 1180321
445190 1180321
445190 1180321
445190 1180321
445190 1180321
445190 1180321
445190 1180317
445190 1180315
445193 1180314
445196 1180314
445197 1180314
445197 1180314
445197 1180314
445199 1180314
445200 1180314
445200 1180314
445204 1180314
445204 1180314
445206 1180314
445209 1180314
445212 1180314
445212 1180314
445215 1180314
445215 1180314
445218 1180314
445220 1180314
445221 1180314
445222 1180314
445222 1180314
445222 1180314
445222 1180314
445222 1180311
445222 1180309
445222 1180308
445222 1180308
445222 1180307
445222 1180303
445222 1180301
445222 1180297
445222 1180294
445222 1180290
445226 1180290
445229 1180290
445229 1180290
445229 1180290
445230 1180290
445232 1180290
445234 1180290
445236 1180290
445236 1180290
445240 1180290
445242 1180290
445245 1180290
445246 1180290
445247 1180290
445250 1180290
445250 1180290
445254 1180290
445254 1180290
445255 1180290
445257 1180290
445257 1180290
445258 1180290
445261 1180290
445261 1180290
445261 1180290
445261 1180287
445261 1180283
445261 1180279
445261 1180279
445261 1180275
445261 1180274
445261 1180274
445261 1180270
445261 1180269
445261 1180269
445261 1180265
445261 1180261
445261 1180259
445261 1180256
445261 1180256
445261 1180256
445261 1180254
445261 1180250
445261 1180246
445259 1180244
445255 1180244
445254 1180244
445253 1180247
445253 1180247
445253 1180250
445253 1180253
445253 1180257
445253 1180260
445253 1180264
445253 1180265
445253 1180265
445253 1180266
445253 1180270
445253 1180273
445253 1180276
445253 1180276
445253 1180278
445253 1180282
445253 1180284
445253 1180288
445253 1180288
445253 1180288
445253 1180291
445253 1180292
445253 1180293
445253 1180294
445253 1180296
445253 1180298
445253 1180299
445253 1180299
445253 1180303
445253 1180306
445253 1180307
445253 1180311
445251 1180311
445248 1180311
445247 1180311
445246 1180311
445246 1180314
445249 1180314
445249 1180311
445249 1180311
445249 1180307
445249 1180307
445249 1180304
445249 1180301
445249 1180299
445249 1180295
445251 1180295
445254 1180295
445255 1180295
445256 1180295
445256 1180295
445260 1180295
445264 1180295
445267 1180295
445270 1180295
445273 1180295
445277 1180295
445278 1180295
445279 1180295
445279 1180293
445279 1180290
445279 1180290
445279 1180290
445279 1180290
445280 1180287
445281 1180287
445283 1180287
445284 1180287
445288 1180287
445288 1180287
445288 1180283
445286 1180282
445286 1180285
445284 1180285
445281 1180285
445281 1180285
445281 1180285
445278 1180285
445278 1180285
445274 1180285
445270 1180285
445269 1180285
445265 1180285
445264 1180285
445263 1180285
445263 1180285
445261 1180285
445259 1180286
445259 1180289
445259 1180289
445259 1180291
445259 1180292
445259 1180294
445259 1180296
445259 1180297
445259 1180297
445259 1180300
445259 1180303
445259 1180307
445259 1180307
445259 1180307
445255 1180307
445255 1180307
445252 1180307
445249 1180307
445249 1180307
445248 1180307
445248 1180307
445248 1180307
445248 1180307
445246 1180307
445243 1180307
445242 1180308
445242 1180312
445242 1180314
445242 1180314
445242 1180314
445246 1180314
445249 1180314
445252 1180314
445253 1180314
445254 1180314
445256 1180314
445257 1180314
445261 1180314
445261 1180314
445265 1180314
445265 1180314
445266 1180314
445266 1180311
445266 1180308
445266 1180306
445266 1180304
445266 1180304
445266 1180303
445269 1180302
445271 1180302
445275 1180302
445276 1180302
445276 1180300
445276 1180296
445276 1180292
445276 1180291
445276 1180287
445276 1180286
445276 1180284
445276 1180280
445276 1180280
445276 1180278
445276 1180275
445276 1180274
445279 1180274
445282 1180274
445286 1180274
445288 1180274
445288 1180273
445288 1180271
445288 1180271
445288 1180268
445289 1180267
445293 1180267
445293 1180267
445295 1180267
445295 1180265
445295 1180262
445295 1180260
445295 1180259
445296 1180258
445297 1180258
445300 1180258
445302 1180258
445306 1180258
445306 1180258
445310 1180258
445310 1180255
445310 1180254
445308 1180252
445305 1180252
445302 1180252
445301 1180252
445301 1180252
445299 1180252
445299 1180252
445297 1180252
445295 1180252
445295 1180252
445292 1180253
445291 1180253
445289 1180253
445287 1180255
445287 1180259
445287 1180263
445287 1180267
445287 1180271
445287 1180271
445287 1180273
445287 1180277
445287 1180277
445287 1180280
445287 1180284
445287 1180284
445287 1180284
445287 1180287
445287 1180289
445287 1180293
445287 1180294
445287 1180294
445287 1180294
445287 1180296
445287 1180297
445287 1180298
445287 1180302
445285 1180302
445281 1180302
445279 1180304
445279 1180304
445279 1180304
445278 1180305
445276 1180305
445275 1180305
445271 1180305
445270 1180305
445270 1180305
445270 1180305
445269 1180305
445269 1180305
445269 1180308
445269 1180310
445269 1180310
445269 1180310
445269 1180312
445269 1180308
445270 1180306
445271 1180306
445271 1180306
445271 1180302
445272 1180302
445275 1180302
445275 1180302
445276 1180302
445280 1180302
445283 1180302
445285 1180302
445289 1180302
445289 1180302
445291 1180302
445295 1180302
445299 1180302
445301 1180302
445305 1180302
445306 1180302
445306 1180298
445306 1180297
445306 1180293
445306 1180290
445306 1180287
445306 1180284
445306 1180280
445306 1180277
445306 1180273
445306 1180273
445306 1180270
445306 1180267
445306 1180265
445306 1180261
445306 1180258
445306 1180257
445307 1180254
445307 1180254
445307 1180254
445310 1180254
445313 1180254
445316 1180254
445317 1180254
445321 1180254
445323 1180254
445323 1180254
445323 1180254
445325 1180254
445326 1180254
445326 1180254
445329 1180254
445329 1180254
445332 1180254
445334 1180254
445338 1180254
445339 1180254
445342 1180254
445343 1180254
445345 1180254
445348 1180254
445351 1180254
445353 1180254
445354 1180254
445355 1180254
445355 1180252
445355 1180250
445355 1180246
445355 1180244
445355 1180244
445355 1180242
445355 1180240
445355 1180239
445355 1180237
445355 1180237
445355 1180236
445355 1180236
445355 1180234
445355 1180232
445355 1180230
445356 1180228
445357 1180228
445361 1180228
445361 1180228
445363 1180228
445367 1180228
445367 1180228
445367 1180228
445369 1180228
445370 1180228
445370 1180225
445372 1180223
445373 1180223
445374 1180223
445374 1180223
445377 1180223
445379 1180223
445380 1180223
445381 1180223
445381 1180223
445381 1180223
445385 1180223
445389 1180223
445389 1180222
445391 1180221
445394 1180221
445394 1180221
445394 1180218
445394 1180215
445398 1180215
445399 1180215
445400 1180215
445403 1180215
445403 1180215
445403 1180215
445403 1180211
445403 1180209
445404 1180207
445406 1180207
445406 1180206
445406 1180202
445406 1180200
445406 1180199
445406 1180196
445406 1180192
445406 1180192
445406 1180189
445406 1180187
445406 1180183
445406 1180182
445406 1180184
445406 1180187
445406 1180190
445406 1180192
445406 1180192
445406 1180196
445406 1180197
445406 1180197
445403 1180197
445401 1180197
445400 1180197
445397 1180197
445396 1180197
445396 1180201
445396 1180204
445396 1180208
445396 1180208
445396 1180212
445396 1180212
445396 1180212
445396 1180213
445393 1180213
445391 1180213
445390 1180213
445389 1180213
445385 1180213
445382 1180213
445382 1180213
445379 1180213
445379 1180213
445378 1180213
445375 1180213
445375 1180213
445375 1180213
445371 1180213
445368 1180213
445367 1180215
445367 1180218
445367 1180220
445367 1180221
445367 1180222
445367 1180226
445367 1180230
445367 1180234
445367 1180238
445367 1180238
445363 1180238
445359 1180238
445359 1180238
445357 1180238
445356 1180238
445355 1180238
445351 1180238
445350 1180238
445349 1180239
445349 1180243
445348 1180243
445347 1180243
445347 1180243
445343 1180243
445343 1180245
445343 1180246
445341 1180246
445341 1180246
445339 1180246
445336 1180246
445335 1180246
445331 1180246
445329 1180246
445327 1180246
445324 1180246
445323 1180246
445323 1180246
445322 1180247
445322 1180247
445322 1180251
445322 1180253
445322 1180255
445322 1180259
445322 1180259
445322 1180261
445322 1180263
445322 1180264
445322 1180268
445322 1180268
445322 1180269
445322 1180269
445322 1180273
445322 1180273
445322 1180274
445322 1180274
445318 1180274
445314 1180274
445314 1180274
445311 1180274
445307 1180274
445305 1180274
445302 1180274
445302 1180272
445302 1180272
445302 1180270
445302 1180267
445302 1180267
445302 1180263
445302 1180261
445303 1180259
445307 1180259
445311 1180259
445313 1180259
445317 1180259
445317 1180259
445319 1180259
445320 1180259
445323 1180259
445326 1180259
445326 1180259
445327 1180259
445328 1180259
445328 1180259
445328 1180259
445329 1180259
445329 1180259
445329 1180259
445333 1180259
445335 1180259
445337 1180259
445339 1180259
445339 1180259
445339 1180259
445343 1180259
445343 1180259
445344 1180259
445344 1180256
445344 1180255
445344 1180255
445344 1180251
445344 1180249
445344 1180248
445344 1180247
445344 1180243
445344 1180241
445344 1180238
445344 1180235
445344 1180234
445344 1180233
445344 1180231
445344 1180228
445345 1180228
445345 1180228
445346 1180228
445348 1180228
445349 1180228
445349 1180228
445352 1180228
445353 1180230
445353 1180234
445353 1180236
445349 1180236
445345 1180236
445345 1180236
445345 1180235
445347 1180233
445349 1180233
445352 1180233
445355 1180233
445356 1180233
445358 1180233
445358 1180232
445358 1180231
445358 1180231
445358 1180231
445358 1180227
445358 1180223
445358 1180223
445358 1180222
445357 1180219
445357 1180219
445353 1180219
445351 1180221
445351 1180224
445351 1180227
445351 1180230
445351 1180233
445351 1180237
445351 1180239
445349 1180239
445349 1180239
445346 1180239
445346 1180239
445343 1180239
445340 1180239
445337 1180240
445336 1180240
445335 1180240
445333 1180240
445333 1180240
445331 1180240
445331 1180240
445329 1180240
445326 1180240
445323 1180240
445321 1180240
445317 1180240
445317 1180240
445315 1180240
445315 1180240
445313 1180240
445311 1180240
445308 1180240
445306 1180240
445302 1180240
445298 1180240
445296 1180240
445296 1180242
445296 1180245
445296 1180246
445296 1180246
445296 1180246
445296 1180249
445296 1180252
445296 1180255
445296 1180255
445296 1180257
445296 1180261
445296 1180265
445296 1180266
445296 1180267
445296 1180271
445296 1180271
445296 1180272
445296 1180273
445296 1180276
445296 1180279
445296 1180279
445296 1180282
445296 1180283
445296 1180286
445296 1180286
445296 1180286
445293 1180286
445292 1180286
445292 1180286
445290 1180286
445288 1180286
445285 1180286
445282 1180286
445280 1180286
445276 1180286
445275 1180289
445275 1180290
445275 1180292
445275 1180296
445275 1180299
445271 1180299
445271 1180299
445270 1180299
445269 1180299
445265 1180299
445263 1180299
445263 1180299
445261 1180299
445261 1180299
445261 1180299
445261 1180296
445261 1180295
445261 1180292
445261 1180292
445261 1180289
445261 1180288
445261 1180285
445261 1180284
445261 1180282
445261 1180279
445265 1180279
445269 1180279
445272 1180279
445276 1180279
445280 1180279
445283 1180279
445285 1180279
445289 1180279
445289 1180279
445292 1180279
445295 1180279
445299 1180279
445301 1180279
445302 1180279
445302 1180279
445302 1180278
445302 1180275
445302 1180271
445302 1180269
445302 1180268
445302 1180264
445302 1180264
445302 1180260
445302 1180257
445302 1180257
445302 1180254
445302 1180252
445302 1180251
445302 1180248
445302 1180247
445302 1180244
445302 1180241
445302 1180238
445302 1180235
445302 1180231
445302 1180231
445305 1180230
445305 1180230
445308 1180230
445308 1180230
445310 1180230
445310 1180230
445311 1180230
445314 1180230
445316 1180230
445316 1180230
445318 1180230
445320 1180230
445321 1180230
445322 1180230
445326 1180230
445329 1180230
445332 1180230
445336 1180230
445339 1180230
445339 1180230
445339 1180230
445339 1180230
445341 1180230
445345 1180230
445348 1180230
445348 1180228
445348 1180226
445348 1180225
445348 1180223
445351 1180223
445351 1180220
445351 1180217
445351 1180217
445351 1180214
445349 1180212
445346 1180213
445346 1180217
445346 1180221
445346 1180221
445346 1180224
445346 1180224
445346 1180228
445345 1180230
445345 1180234
445343 1180234
445343 1180234
445343 1180234
445340 1180234
445340 1180234
445336 1180234
445332 1180234
445331 1180234
445327 1180234
445327 1180234
445324 1180234
445321 1180234
445318 1180234
445316 1180234
445314 1180234
445313 1180237
445313 1180241
445313 1180241
445313 1180243
445313 1180243
445313 1180244
445313 1180248
445313 1180251
445313 1180255
445313 1180256
445313 1180260
445313 1180261
445313 1180263
445313 1180267
445313 1180270
445313 1180270
445313 1180272
445317 1180272
445319 1180272
445319 1180268
445319 1180264
445319 1180262
445319 1180259
445319 1180257
445319 1180253
445319 1180253
445321 1180251
445323 1180251
445325 1180251
445327 1180251
445331 1180251
445334 1180251
445336 1180251
445338 1180251
445341 1180251
445342 1180251
445342 1180251
445342 1180250
445342 1180250
445342 1180248
445345 1180247
445345 1180247
445346 1180247
445349 1180247
445350 1180247
445350 1180245
445350 1180245
445350 1180241
445350 1180238
445350 1180234
445350 1180234
445350 1180233
445350 1180231
445350 1180227
445350 1180226
445350 1180226
445350 1180222
445350 1180219
445350 1180218
445352 1180216
445352 1180218
445352 1180220
445352 1180221
445352 1180224
445352 1180224
445352 1180227
445352 1180228
445350 1180228
445347 1180228
445346 1180228
445343 1180228
445339 1180228
445336 1180228
445334 1180228
445333 1180228
445332 1180228
445332 1180228
445331 1180231
445331 1180234
445331 1180234
445331 1180238
445331 1180242
445331 1180243
445331 1180247
445331 1180249
445331 1180253
445331 1180254
445331 1180256
445328 1180256
445324 1180256
445324 1180256
445324 1180256
445320 1180256
445317 1180256
445317 1180256
445317 1180256
445319 1180254
445319 1180254
445320 1180254
445323 1180254
445325 1180254
445327 1180254
445329 1180254
445332 1180254
445334 1180254
445335 1180254
445335 1180254
445336 1180254
445337 1180254
445339 1180255
445339 1180258
445339 1180259
445339 1180259
445339 1180259
445339 1180263
445339 1180263
445337 1180263
445335 1180263
445334 1180263
445333 1180263
445332 1180263
445331 1180264
445331 1180265
445331 1180265
445331 1180266
445331 1180268
445331 1180270
445331 1180273
445331 1180273
445331 1180273
445330 1180273
445328 1180273
445324 1180273
445323 1180273
445321 1180273
445320 1180273
445319 1180273
445317 1180273
445316 1180273
445314 1180273
445311 1180273
445307 1180273
445303 1180273
445303 1180271
445303 1180270
445303 1180266
445304 1180265
445307 1180265
445307 1180265
445307 1180265
445310 1180265
445314 1180265
445314 1180265
445318 1180265
445318 1180265
445318 1180265
445320 1180265
445321 1180265
445323 1180265
445324 1180265
445325 1180265
445329 1180265
445333 1180265
445337 1180265
445338 1180265
445339 1180265
445339 1180264
445339 1180264
445339 1180263
445339 1180262
445339 1180262
445339 1180260
445339 1180260
445339 1180259
445339 1180256
445339 1180255
445339 1180253
445339 1180252
445339 1180249
445339 1180249
445339 1180248
445339 1180248
445339 1180245
445339 1180244
445339 1180244
445339 1180242
445340 1180239
445342 1180239
445343 1180239
445343 1180237
445343 1180233
445343 1180232
445343 1180228
445343 1180226
445343 1180225
445343 1180225
445343 1180225
445343 1180222
445343 1180222
445343 1180221
445343 1180218
445343 1180215
445343 1180211
445343 1180208
445343 1180206
445345 1180204
445345 1180204
445348 1180204
445350 1180204
445353 1180205
445353 1180208
445353 1180212
445353 1180216
445353 1180219
445353 1180222
445353 1180223
445353 1180227
445353 1180231
445353 1180231
445353 1180233
445353 1180234
445353 1180237
445353 1180239
445353 1180240
445353 1180241
445353 1180241
445353 1180244
445353 1180246
445353 1180250
445353 1180254
445353 1180258
445353 1180260
445353 1180261
445353 1180261
445353 1180261
445353 1180261
445353 1180261
445353 1180261
445349 1180261
445347 1180261
445345 1180261
445343 1180261
445339 1180261
445338 1180261
445334 1180261
445334 1180261
445331 1180261
445328 1180261
445328 1180261
445325 1180262
445325 1180265
445325 1180269
445325 1180269
445325 1180271
445325 1180275
445325 1180277
445325 1180277
445325 1180278
445325 1180282
445325 1180282
445325 1180282
445325 1180282
445325 1180283
445325 1180283
445325 1180285
445325 1180287
445325 1180289
445325 1180289
445325 1180290
445325 1180290
445325 1180292
445325 1180292
445325 1180292
445325 1180293
445323 1180293
445320 1180293
445320 1180293
445318 1180293
445316 1180293
445315 1180293
445313 1180293
445312 1180293
445311 1180293
445309 1180293
445309 1180293
445308 1180293
445308 1180293
445305 1180293
445305 1180295
445302 1180295
445301 1180296
445301 1180298
445301 1180301
445301 1180303
445301 1180303
445301 1180303
445301 1180304
445301 1180305
445301 1180309
445301 1180313
445299 1180313
445298 1180313
445295 1180313
445294 1180313
445294 1180313
445294 1180313
445294 1180313
445294 1180313
445292 1180313
445288 1180313
445285 1180313
445283 1180313
445283 1180313
445282 1180313
445281 1180313
445279 1180313
445278 1180313
445276 1180313
445272 1180313
445269 1180314
445269 1180314
445269 1180315
445269 1180319
445269 1180323
445269 1180327
445269 1180327
445269 1180330
445269 1180330
445269 1180330
445269 1180330
445271 1180330
445273 1180330
445277 1180330
445277 1180330
445279 1180330
445280 1180330
445284 1180330
445287 1180330
445288 1180330
445291 1180330
445293 1180330
445296 1180330
445296 1180330
445296 1180326
445296 1180323
445296 1180320
445296 1180317
445296 1180314
445296 1180314
445296 1180311
445296 1180307
445296 1180304
445296 1180304
445300 1180304
445301 1180304
445305 1180304
445309 1180304
445311 1180304
445311 1180300
445311 1180300
445311 1180300
445311 1180297
445311 1180296
445311 1180294
445311 1180292
445315 1180292
445319 1180292
445319 1180292
445320 1180292
445323 1180292
445323 1180292
445323 1180289
445323 1180287
445323 1180285
445323 1180284
445323 1180281
445323 1180279
445324 1180276
445324 1180273
445324 1180272
445324 1180268
445324 1180264
445325 1180263
445325 1180263
445328 1180263
445330 1180263
445331 1180263
445333 1180263
445335 1180263
445339 1180263
445340 1180263
445341 1180263
445345 1180263
445345 1180263
445347 1180263
445347 1180263
445349 1180263
445349 1180263
445351 1180263
445351 1180260
445351 1180260
445351 1180259
445351 1180255
445351 1180255
445351 1180255
445351 1180255
445351 1180253
445351 1180250
445351 1180250
445351 1180247
445351 1180243
445351 1180242
445351 1180242
445354 1180242
445358 1180242
445360 1180242
445363 1180242
445367 1180242
445367 1180242
445367 1180242
445368 1180242
445368 1180242
445372 1180242
445373 1180242
445376 1180242
445376 1180238
445376 1180234
445376 1180233
445376 1180229
445376 1180225
445376 1180222
445376 1180219
445376 1180217
445376 1180216
445376 1180214
445379 1180213
445382 1180213
445386 1180213
445386 1180213
445390 1180213
445393 1180213
445394 1180213
445397 1180213
445397 1180213
445400 1180213
445400 1180212
445400 1180209
445400 1180207
445400 1180204
445400 1180203
445400 1180201
445400 1180199
445400 1180195
445401 1180192
445404 1180192
445404 1180192
445405 1180192
445407 1180192
445410 1180192
445410 1180192
445411 1180192
445411 1180192
445412 1180192
445414 1180192
445417 1180192
445419 1180192
445421 1180192
445424 1180192
445428 1180192
445429 1180192
445429 1180193
445429 1180194
445429 1180195
445429 1180199
445429 1180203
445425 1180203
445425 1180203
445421 1180203
445419 1180203
445418 1180203
445416 1180203
445414 1180203
445414 1180203
445412 1180203
445408 1180203
445405 1180203
445403 1180203
445401 1180203
445401 1180203
445397 1180203
445394 1180203
445391 1180203
445390 1180203
445386 1180203
445384 1180203
445384 1180203
445381 1180203
445378 1180203
445374 1180203
445372 1180203
445370 1180203
445370 1180203
445370 1180203
445367 1180203
445367 1180203
445365 1180204
445365 1180206
445365 1180209
445365 1180213
445365 1180213
445365 1180214
445365 1180218
445365 1180218
445365 1180221
445365 1180222
445365 1180224
445365 1180226
445365 1180230
445365 1180232
445365 1180232
445365 1180236
445362 1180236
445362 1180236
445358 1180236
445356 1180237
445356 1180237
445356 1180238
445356 1180240
445356 1180240
445356 1180244
445356 1180245
445356 1180245
445356 1180248
445356 1180252
445356 1180255
445356 1180256
445356 1180257
445356 1180259
445356 1180260
445356 1180262
445356 1180262
445356 1180262
445356 1180262
445356 1180266
445356 1180270
445356 1180271
445356 1180271
445356 1180273
445354 1180273
445352 1180273
445349 1180273
445349 1180273
445346 1180273
445344 1180273
445341 1180273
445339 1180273
445335 1180273
445334 1180273
445330 1180273
445326 1180273
445322 1180273
445320 1180273
445318 1180273
445315 1180273
445311 1180273
445311 1180273
445308 1180273
445308 1180273
445308 1180276
445308 1180280
445308 1180284
445308 1180286
445308 1180289
445308 1180293
445308 1180295
445308 1180299
445308 1180302
445308 1180306
445307 1180306
445304 1180306
445304 1180306
445301 1180306
445299 1180308
445299 1180309
445299 1180309
445295 1180309
445294 1180309
445293 1180309
445293 1180309
445292 1180309
445292 1180309
445290 1180309
445290 1180309
445290 1180309
445290 1180305
445290 1180304
445290 1180303
445290 1180303
445290 1180299
445290 1180297
445290 1180297
445293 1180297
445293 1180297
445295 1180297
445297 1180297
445298 1180297
445300 1180297
445302 1180297
445304 1180297
445307 1180297
445308 1180297
445308 1180297
445308 1180296
445308 1180295
445308 1180291
445308 1180289
445308 1180289
445308 1180285
445308 1180281
445308 1180279
445308 1180275
445308 1180273
445308 1180269
445308 1180265
445308 1180261
445308 1180259
445308 1180259
445308 1180259
445308 1180256
445309 1180253
445310 1180253
445314 1180253
445317 1180253
445321 1180253
445324 1180253
445328 1180253
445330 1180253
445330 1180253
445331 1180253
445335 1180253
445339 1180253
445339 1180250
445339 1180246
445339 1180242
445339 1180238
445339 1180235
445339 1180235
445339 1180234
445341 1180232
445345 1180232
445345 1180230
445345 1180230
445347 1180229
445349 1180229
445350 1180229
445350 1180229
445352 1180229
445354 1180229
445356 1180229
445356 1180225
445356 1180225
445356 1180222
445356 1180221
445356 1180220
445356 1180216
445356 1180212
445356 1180212
445358 1180210
445361 1180210
445363 1180210
445364 1180210
445364 1180210
445365 1180210
445367 1180210
445367 1180210
445368 1180210
445368 1180206
445368 1180205
445368 1180205
445368 1180202
445368 1180199
445368 1180196
445368 1180195
445372 1180195
445376 1180195
445376 1180195
445380 1180195
445380 1180195
445381 1180195
445383 1180195
445383 1180194
445383 1180191
445383 1180189
445383 1180185
445383 1180181
445383 1180180
445383 1180180
445383 1180179
445383 1180178
445383 1180176
445383 1180175
445383 1180172
445383 1180168
445383 1180167
445383 1180164
445383 1180161
445383 1180157
445383 1180154
445383 1180152
445383 1180149
445383 1180146
445383 1180142
445383 1180142
445383 1180141
445383 1180138
445384 1180138
445385 1180137
445388 1180137
445390 1180137
445393 1180137
445395 1180137
445398 1180137
445400 1180137
445402 1180137
445403 1180139
445403 1180139
445403 1180139
445403 1180141
445403 1180143
445403 1180144
445403 1180147
445403 1180150
445399 1180150
445398 1180150
445397 1180150
445393 1180150
445389 1180150
445385 1180150
445383 1180150
445379 1180150
445379 1180150
445379 1180150
445376 1180150
445374 1180150
445371 1180150
445368 1180151
445368 1180152
445368 1180155
445368 1180157
445368 1180161
445368 1180161
445368 1180163
445368 1180167
445366 1180167
445362 1180167
445361 1180167
445359 1180167
445355 1180167
445352 1180167
445349 1180167
445349 1180167
445346 1180167
445346 1180167
445345 1180167
445344 1180167
445344 1180168
445344 1180172
445344 1180174
445344 1180175
445344 1180179
445344 1180181
445344 1180181
445344 1180181
445344 1180181
445344 1180185
445344 1180188
445344 1180188
445344 1180191
445344 1180194
445344 1180196
445344 1180200
445344 1180202
445344 1180203
445344 1180206
445344 1180210
445344 1180211
445344 1180211
445344 1180211
445342 1180211
445338 1180211
445337 1180211
445334 1180211
445334 1180211
445332 1180211
445331 1180211
445329 1180211
445327 1180211
445324 1180211
445323 1180211
445322 1180211
445322 1180213
445322 1180213
445322 1180216
445322 1180217
445322 1180221
445322 1180224
445322 1180228
445322 1180232
445322 1180233
445322 1180234
445322 1180234
445322 1180235
445322 1180237
445322 1180241
445318 1180241
445316 1180241
445312 1180241
445309 1180241
445307 1180241
445304 1180241
445301 1180241
445298 1180241
445295 1180241
445293 1180241
445290 1180242
445290 1180246
445290 1180250
445290 1180254
445290 1180256
445290 1180256
445287 1180256
445286 1180256
445284 1180256
445283 1180256
445279 1180256
445276 1180256
445272 1180256
445271 1180256
445271 1180256
445270 1180256
445266 1180256
445263 1180256
445260 1180256
445259 1180256
445259 1180258
445259 1180258
445259 1180262
445259 1180262
445263 1180262
445263 1180261
445263 1180261
445263 1180260
445263 1180258
445263 1180256
445263 1180255
445263 1180255
445267 1180255
445271 1180255
445275 1180255
445276 1180255
445278 1180255
445279 1180255
445283 1180255
445285 1180255
445286 1180255
445286 1180255
445286 1180254
445286 1180250
445286 1180250
445286 1180248
445286 1180245
445286 1180244
445286 1180244
445286 1180242
445286 1180240
445286 1180237
445286 1180237
445286 1180234
445286 1180230
445288 1180230
445288 1180230
445291 1180230
445293 1180230
445297 1180230
445300 1180230
445301 1180230
445303 1180230
445303 1180230
445306 1180230
445308 1180230
445311 1180230
445315 1180230
445318 1180230
445318 1180230
445322 1180230
445323 1180230
445323 1180230
445323 1180230
445323 1180227
445323 1180226
445323 1180222
445323 1180218
445323 1180215
445323 1180215
445323 1180212
445323 1180208
445323 1180208
445323 1180204
445323 1180203
445323 1180201
445323 1180198
445326 1180197
445326 1180197
445329 1180197
445331 1180197
445331 1180197
445335 1180197
445339 1180197
445342 1180197
445345 1180197
445349 1180197
445352 1180197
445355 1180197
445357 1180197
445359 1180197
445363 1180197
445365 1180197
445365 1180196
445365 1180194
445365 1180194
445365 1180193
445365 1180191
445365 1180187
445365 1180187
445365 1180184
445365 1180182
445365 1180179
445365 1180179
445365 1180177
445368 1180177
445372 1180177
445371 1180179
445371 1180179
445371 1180179
445371 1180179
445371 1180179
445371 1180179
445371 1180183
445371 1180183
445371 1180185
445371 1180186
445371 1180187
445371 1180187
445371 1180187
445369 1180187
445367 1180187
445367 1180187
445365 1180188
445365 1180190
445365 1180192
445365 1180194
445365 1180195
445365 1180196
445365 1180198
445365 1180198
445365 1180198
445363 1180198
445362 1180198
445360 1180198
445360 1180198
445359 1180198
445356 1180198
445353 1180198
445349 1180198
445345 1180198
445342 1180198
445339 1180198
445338 1180200
445338 1180204
445338 1180206
445338 1180206
445338 1180208
445338 1180211
445338 1180215
445338 1180215
445338 1180215
445338 1180216
445338 1180219
445338 1180223
445334 1180223
445331 1180223
445330 1180223
445329 1180223
445329 1180223
445329 1180223
445328 1180223
445325 1180223
445325 1180219
445325 1180217
445325 1180214
445325 1180212
445326 1180210
445328 1180210
445332 1180210
445334 1180210
445338 1180210
445341 1180210
445345 1180210
445349 1180210
445350 1180210
445354 1180210
445355 1180210
445359 1180210
445363 1180210
445363 1180210
445364 1180207
445364 1180203
445364 1180201
445364 1180201
445364 1180197
445364 1180193
445364 1180190
445364 1180188
445364 1180188
445364 1180185
445364 1180183
445364 1180182
445364 1180178
445364 1180177
445364 1180175
445364 1180173
445364 1180172
445364 1180168
445364 1180168
445364 1180166
445364 1180166
445364 1180162
445364 1180160
445366 1180158
445366 1180158
445366 1180158
445368 1180158
445368 1180158
445368 1180158
445371 1180158
445374 1180158
445375 1180158
445377 1180158
445379 1180158
445381 1180160
445381 1180163
445381 1180163
445381 1180163
445380 1180163
445379 1180163
445376 1180163
445375 1180163
445372 1180163
445368 1180163
445365 1180163
445363 1180163
445362 1180163
445361 1180164
445361 1180166
445361 1180166
445361 1180166
445361 1180170
445361 1180174
445361 1180175
445361 1180178
445361 1180182
445361 1180182
445361 1180182
445361 1180182
445361 1180182
445361 1180183
445361 1180186
445357 1180186
445353 1180186
445349 1180186
445347 1180186
445344 1180186
445342 1180186
445342 1180186
445341 1180186
445337 1180186
445337 1180186
445337 1180186
445335 1180186
445335 1180186
445332 1180186
445330 1180186
445327 1180186
445325 1180186
445323 1180186
445320 1180186
445320 1180186
445320 1180186
445320 1180186
445320 1180190
445320 1180191
445320 1180195
445320 1180198
445320 1180200
445320 1180202
445320 1180206
445320 1180207
445320 1180207
445320 1180207
445320 1180211
445320 1180212
445320 1180212
445320 1180214
445320 1180217
445320 1180220
445320 1180223
445320 1180224
445320 1180225
445320 1180228
445324 1180228
445325 1180228
445328 1180228
445332 1180228
445332 1180228
445335 1180229
445335 1180233
445335 1180235
445335 1180238
445335 1180238
445333 1180238
445331 1180238
445328 1180238
445328 1180238
445326 1180238
445324 1180238
445323 1180238
445321 1180238
445321 1180238
445317 1180238
445315 1180238
445314 1180239
445314 1180241
445314 1180244
445314 1180245
445314 1180245
445314 1180247
445314 1180251
445314 1180251
445314 1180251
445314 1180252
445314 1180254
445314 1180256
445314 1180256
445312 1180256
445310 1180256
445308 1180256
445308 1180256
445308 1180256
445305 1180256
445302 1180256
445299 1180256
445296 1180256
445294 1180256
445291 1180256
445291 1180256
445288 1180256
445285 1180256
445284 1180256
445284 1180256
445281 1180256
445277 1180256
445274 1180256
445274 1180256
445272 1180256
445268 1180256
445264 1180256
445263 1180256
445259 1180256
445257 1180256
445256 1180256
445255 1180256
445254 1180256
445252 1180256
445251 1180256
445249 1180256
445246 1180257
445246 1180258
445246 1180260
445246 1180263
445246 1180267
445246 1180271
445246 1180274
445246 1180277
445246 1180277
445246 1180278
445243 1180278
445242 1180281
445242 1180281
445242 1180283
445242 1180285
445242 1180289
445244 1180289
445244 1180289
445246 1180289
445248 1180289
445250 1180289
445254 1180289
445257 1180289
445261 1180289
445261 1180289
445261 1180289
445261 1180289
445262 1180289
445264 1180289
445264 1180289
445268 1180289
445268 1180289
445271 1180289
445273 1180289
445273 1180289
445273 1180288
445273 1180288
445273 1180286
445273 1180284
445273 1180281
445273 1180281
445273 1180281
445273 1180281
445273 1180278
445273 1180277
445273 1180273
445273 1180273
445273 1180270
445273 1180266
445273 1180262
445273 1180261
445273 1180259
445275 1180259
445279 1180259
445279 1180259
445279 1180259
445279 1180256
445279 1180253
445279 1180253
445279 1180250
445279 1180246
445279 1180243
445282 1180242
445285 1180242
445286 1180242
445288 1180242
445288 1180242
445292 1180242
445292 1180240
445292 1180240
445292 1180239
445292 1180235
445292 1180235
445292 1180231
445292 1180228
445292 1180225
445292 1180223
445292 1180222
445292 1180221
445292 1180221
445292 1180218
445292 1180214
445292 1180211
445290 1180209
445290 1180209
445290 1180209
445289 1180209
445285 1180209
445281 1180209
445281 1180209
445281 1180209
445281 1180208
445281 1180204
445281 1180203
445281 1180199
445281 1180196
445281 1180194
445281 1180190
445283 1180190
445285 1180190
445288 1180190
445288 1180190
445292 1180190
445295 1180190
445296 1180190
445299 1180190
445302 1180190
445305 1180190
445305 1180190
445309 1180190
445312 1180190
445315 1180190
445318 1180190
445318 1180190
445321 1180190
445322 1180190
445323 1180190
445326 1180191
445326 1180193
445326 1180197
445326 1180199
445326 1180201
445326 1180203
445326 1180205
445326 1180207
445322 1180207
445321 1180207
445318 1180207
445314 1180207
445314 1180207
445314 1180207
445311 1180207
445307 1180207
445306 1180207
445302 1180207
445298 1180207
445294 1180207
445294 1180207
445291 1180207
445290 1180207
445286 1180207
445286 1180207
445284 1180207
445284 1180207
445284 1180207
445280 1180207
445278 1180207
445275 1180208
445275 1180208
445275 1180210
445275 1180213
445275 1180216
445275 1180217
445275 1180217
445275 1180217
445275 1180217
445275 1180218
445275 1180222
445275 1180222
445275 1180223
445275 1180227
445275 1180230
445275 1180233
445275 1180236
445275 1180236
445275 1180236
445275 1180239
445275 1180240
445275 1180240
445275 1180241
445275 1180244
445275 1180244
445275 1180248
445275 1180252
445275 1180253
445275 1180255
445275 1180257
445275 1180261
445275 1180261
445275 1180262
445275 1180262
445275 1180262
445275 1180263
445275 1180267
445275 1180268
445274 1180268
445274 1180264
445274 1180263
445274 1180262
445274 1180261
445274 1180257
445274 1180257
445274 1180257
445274 1180254
445274 1180250
445274 1180249
445274 1180249
445274 1180247
445274 1180245
445276 1180243
445279 1180243
445279 1180243
445279 1180239
445279 1180237
445279 1180233
445279 1180231
445279 1180228
445279 1180227
445279 1180227
445279 1180223
445279 1180222
445279 1180219
445279 1180218
445279 1180215
445276 1180215
445275 1180215
445274 1180215
445270 1180215
445268 1180215
445267 1180215
445264 1180216
445264 1180219
445264 1180220
445264 1180223
445264 1180224
445264 1180225
445264 1180226
445264 1180228
445264 1180230
445264 1180231
445261 1180231
445257 1180231
445257 1180231
445253 1180231
445251 1180231
445251 1180231
445248 1180231
445248 1180231
445248 1180231
445247 1180231
445244 1180231
445241 1180231
445241 1180235
445241 1180236
445241 1180238
445241 1180242
445241 1180246
445241 1180247
445241 1180249
445241 1180250
445241 1180251
445241 1180251
445241 1180252
445241 1180253
445241 1180257
445241 1180257
445241 1180259
445241 1180260
445241 1180260
445237 1180260
445234 1180260
445231 1180260
445227 1180260
445225 1180260
445222 1180260
445219 1180260
445219 1180260
445215 1180260
445213 1180260
445209 1180260
445208 1180261
445208 1180264
445208 1180265
445208 1180269
445208 1180272
445208 1180274
445212 1180274
445215 1180274
445217 1180274
445220 1180274
445223 1180274
445223 1180274
445226 1180274
445230 1180274
445230 1180274
445232 1180274
445234 1180274
445237 1180274
445237 1180274
445237 1180274
445239 1180274
445240 1180274
445243 1180274
445246 1180274
445248 1180274
445248 1180274
445251 1180274
445251 1180274
445252 1180274
445252 1180274
445254 1180274
445254 1180271
445254 1180268
445254 1180266
445254 1180266
445254 1180265
445254 1180265
445254 1180262
445254 1180258
445254 1180258
445254 1180254
445254 1180251
445254 1180249
445254 1180248
445254 1180245
445254 1180243
445254 1180241
445256 1180240
445256 1180240
445258 1180240
445260 1180240
445262 1180240
445263 1180240
445267 1180240
445267 1180240
445267 1180240
445271 1180240
445273 1180240
445273 1180240
445277 1180240
445277 1180237
445277 1180234
445277 1180230
445277 1180226
445277 1180224
445277 1180223
445277 1180221
445277 1180219
445277 1180219
445277 1180216
445277 1180212
445277 1180209
445277 1180205
445277 1180205
445277 1180204
445277 1180202
445277 1180199
445277 1180199
445277 1180195
445281 1180195
445284 1180195
445285 1180195
445287 1180195
445288 1180195
445289 1180195
445289 1180195
445291 1180195
445293 1180195
445296 1180195
445298 1180195
445298 1180195
445299 1180195
445300 1180195
445304 1180195
445305 1180196
445305 1180198
445305 1180199
445305 1180203
445305 1180207
445305 1180211
445305 1180211
445305 1180214
445305 1180215
445305 1180215
445305 1180219
445305 1180219
445305 1180219
445305 1180220
445305 1180224
445305 1180225
445303 1180225
445302 1180225
445302 1180225
445302 1180225
445300 1180225
445296 1180225
445295 1180225
445292 1180225
445292 1180227
445292 1180231
445292 1180233
445292 1180236
445292 1180236
445292 1180239
445292 1180243
445292 1180243
445292 1180243
445290 1180243
445286 1180243
445282 1180243
445278 1180243
445278 1180243
445278 1180243
445278 1180243
445276 1180243
445274 1180243
445270 1180243
445267 1180243
445267 1180244
445267 1180246
445267 1180247
445267 1180248
445267 1180250
445267 1180252
445267 1180256
445265 1180256
445263 1180256
445260 1180256
445257 1180256
445256 1180256
445253 1180256
445253 1180256
445253 1180259
445253 1180263
445253 1180265
445253 1180268
445253 1180271
445255 1180271
445257 1180271
445260 1180271
445262 1180271
445264 1180271
445265 1180271
445268 1180271
445268 1180271
445272 1180271
445274 1180271
445275 1180271
445275 1180268
445275 1180267
445275 1180267
445275 1180267
445275 1180263
445275 1180262
445275 1180258
445275 1180254
445275 1180250
445275 1180248
445275 1180246
445275 1180243
445276 1180242
445278 1180242
445281 1180242
445285 1180242
445289 1180242
445289 1180238
445289 1180234
445293 1180234
445293 1180234
445293 1180234
445294 1180234
445295 1180234
445295 1180230
445295 1180229
445295 1180227
445295 1180223
445295 1180222
445292 1180222
445290 1180222
445288 1180222
445287 1180222
445286 1180222
445286 1180222
445284 1180222
445281 1180222
445281 1180222
445281 1180222
445279 1180222
445276 1180222
445272 1180222
445271 1180225
445271 1180225
445271 1180226
445271 1180229
445271 1180229
445271 1180230
445271 1180233
445271 1180234
445271 1180238
445271 1180241
445271 1180241
445271 1180245
445271 1180246
445271 1180250
445271 1180252
445271 1180254
445271 1180256
445271 1180260
445271 1180263
445271 1180264
445271 1180268
445271 1180268
445271 1180269
445271 1180272
445271 1180272
445271 1180276
445267 1180276
445263 1180276
445260 1180276
445257 1180276
445256 1180276
445253 1180276
445251 1180276
445247 1180276
445244 1180276
445244 1180273
445244 1180271
445244 1180270
445244 1180268
445244 1180266
445244 1180263
445244 1180262
445244 1180260
445244 1180257
445244 1180254
445244 1180250
445244 1180246
445244 1180246
445244 1180246
445244 1180242
445244 1180242
445244 1180241
445245 1180240
445247 1180240
445251 1180240
445251 1180240
445254 1180240
445255 1180240
445258 1180240
445259 1180240
445262 1180240
445263 1180240
445263 1180240
445263 1180240
445267 1180240
445269 1180240
445273 1180240
445277 1180240
445280 1180240
445282 1180240
445282 1180240
445284 1180240
445285 1180240
445287 1180240
445287 1180240
445288 1180240
445292 1180240
445292 1180240
445296 1180240
445299 1180240
445299 1180240
445302 1180240
445303 1180240
445304 1180240
445307 1180240
445308 1180240
445312 1180240
445312 1180240
445312 1180240
445314 1180240
445314 1180238
445314 1180237
445314 1180233
445314 1180233
445314 1180232
445314 1180228
445314 1180224
445314 1180222
445314 1180220
445314 1180220
445314 1180216
445314 1180214
445315 1180212
445318 1180212
445322 1180212
445322 1180209
445322 1180209
445322 1180205
445322 1180205
445322 1180203
445322 1180200
445322 1180198
445322 1180197
445322 1180194
445322 1180194
445322 1180192
445322 1180188
445322 1180186
445322 1180186
445322 1180186
445322 1180183
445322 1180183
445322 1180179
445322 1180179
445322 1180175
445322 1180172
445322 1180172
445324 1180171
445324 1180171
445324 1180171
445324 1180167
445324 1180164
445324 1180161
445324 1180159
445324 1180157
445324 1180155
445324 1180153
445324 1180150
445324 1180148
445324 1180145
445324 1180142
445324 1180141
445324 1180141
445324 1180137
445324 1180137
445324 1180134
445324 1180132
445325 1180131
445327 1180131
445331 1180131
445332 1180131
445333 1180131
445335 1180131
445338 1180131
445338 1180131
445339 1180131
445339 1180131
445342 1180131
445344 1180131
445345 1180131
445347 1180131
445350 1180131
445354 1180131
445356 1180131
445360 1180131
445364 1180131
445365 1180131
445366 1180131
445367 1180131
445367 1180131
445367 1180131
445371 1180131
445372 1180131
445375 1180131
445378 1180131
445381 1180131
445384 1180131
445388 1180131
445389 1180131
445390 1180131
445391 1180131
445395 1180131
445398 1180131
445401 1180131
445402 1180131
445405 1180131
445405 1180130
445405 1180128
445405 1180127
445405 1180123
445406 1180122
445410 1180122
445410 1180119
445410 1180116
445410 1180114
445410 1180111
445410 1180111
445410 1180110
445410 1180109
445410 1180109
445414 1180109
445418 1180109
445418 1180109
445419 1180109
445420 1180109
445421 1180109
445421 1180106
445421 1180104
445421 1180102
445421 1180098
445421 1180097
445421 1180093
445421 1180092
445421 1180088
445422 1180088
445424 1180088
445426 1180088
445428 1180088
445428 1180088
445428 1180084
445428 1180083
445428 1180080
445428 1180076
445428 1180076
445428 1180075
445428 1180073
445428 1180073
445428 1180069
445428 1180068
445428 1180064
445428 1180061
445428 1180060
445428 1180058
445428 1180055
445428 1180054
445428 1180054
445428 1180050
445428 1180050
445428 1180048
445428 1180048
445424 1180048
445421 1180048
445421 1180048
445421 1180050
445421 1180050
445421 1180053
445421 1180057
445421 1180061
445421 1180063
445421 1180067
445421 1180069
445421 1180071
445421 1180073
445421 1180075
445421 1180078
445421 1180081
445421 1180082
445421 1180083
445421 1180087
445421 1180087
445421 1180090
445421 1180090
445421 1180093
445421 1180097
445421 1180101
445421 1180104
445421 1180106
445421 1180106
445418 1180106
445414 1180106
445410 1180106
445408 1180106
445405 1180106
445403 1180106
445403 1180106
445399 1180106
445399 1180106
445399 1180106
445395 1180106
445394 1180106
445394 1180106
445393 1180106
445391 1180106
445388 1180106
445385 1180106
445381 1180106
445377 1180106
445376 1180106
445373 1180106
445372 1180106
445369 1180106
445368 1180106
445367 1180106
445363 1180106
445360 1180106
445360 1180106
445359 1180106
445358 1180106
445357 1180106
445354 1180106
445353 1180106
445349 1180106
445349 1180106
445348 1180106
445344 1180106
445340 1180106
445339 1180106
445339 1180106
445339 1180107
445339 1180107
445339 1180108
445339 1180109
445339 1180110
445339 1180111
445339 1180111
445339 1180114
445339 1180118
445339 1180122
445339 1180123
445339 1180127
445339 1180131
445339 1180132
445339 1180136
445339 1180140
445339 1180142
445339 1180146
445339 1180147
445339 1180149
445339 1180151
445339 1180153
445339 1180156
445335 1180156
445331 1180156
445327 1180156
445326 1180156
445322 1180156
445321 1180156
445319 1180156
445318 1180156
445317 1180156
445314 1180156
445312 1180156
445308 1180156
445308 1180156
445304 1180156
445300 1180156
445297 1180156
445294 1180156
445293 1180156
445293 1180160
445293 1180164
445291 1180166
445291 1180168
445291 1180168
445291 1180170
445291 1180172
445291 1180176
445291 1180176
445291 1180178
445291 1180182
445290 1180182
445289 1180184
445289 1180185
445289 1180189
445289 1180192
445289 1180196
445289 1180200
445289 1180203
445289 1180207
445289 1180211
445289 1180213
445285 1180213
445282 1180213
445278 1180213
445275 1180213
445275 1180213
445271 1180213
445269 1180213
445267 1180213
445266 1180213
445262 1180213
445259 1180213
445258 1180213
445254 1180213
445254 1180217
445254 1180220
445254 1180223
445254 1180226
445254 1180230
445254 1180234
445254 1180237
445254 1180241
445254 1180241
445254 1180245
445254 1180245
445254 1180245
445254 1180245
445254 1180246
445250 1180246
445248 1180246
445248 1180244
445248 1180244
445248 1180243
445248 1180241
445248 1180239
445248 1180237
445248 1180236
445248 1180232
445250 1180232
445250 1180230
445250 1180226
445251 1180223
445251 1180223
445255 1180223
445257 1180223
445257 1180223
445259 1180223
445259 1180223
445261 1180223
445262 1180223
445264 1180223
445266 1180223
445266 1180223
445267 1180223
445269 1180223
445273 1180223
445275 1180223
445275 1180223
445278 1180223
445278 1180223
445279 1180223
445282 1180223
445282 1180220
445282 1180219
445282 1180218
445282 1180215
445282 1180215
445282 1180214
445282 1180211
445282 1180210
445282 1180208
445282 1180205
445282 1180202
445282 1180202
445282 1180198
445282 1180195
445282 1180193
445282 1180189
445282 1180189
445282 1180189
445282 1180188
445282 1180185
445282 1180181
445286 1180181
445289 1180181
445293 1180181
445296 1180181
445298 1180181
445300 1180181
445302 1180181
445302 1180181
445306 1180181
445309 1180181
445311 1180181
445315 1180181
445315 1180181
445316 1180181
445320 1180181
445321 1180181
445325 1180181
445326 1180181
445329 1180181
445332 1180181
445336 1180181
445340 1180181
445341 1180181
445342 1180181
445342 1180181
445342 1180177
445342 1180175
445342 1180171
445342 1180171
445342 1180169
445342 1180166
445342 1180166
445342 1180164
445343 1180161
445344 1180163
445344 1180167
445344 1180167
445344 1180169
445344 1180171
445344 1180172
445344 1180172
445343 1180172
445339 1180172
445337 1180172
445335 1180173
445335 1180176
445335 1180178
445335 1180181
445335 1180182
445335 1180183
445335 1180184
445335 1180186
445335 1180186
445335 1180186
445334 1180186
445334 1180186
445334 1180186
445332 1180186
445329 1180186
445326 1180186
445322 1180186
445319 1180186
445317 1180186
445317 1180186
445316 1180186
445316 1180186
445312 1180186
445310 1180186
445310 1180190
445308 1180190
445307 1180192
445307 1180195
445307 1180197
445307 1180199
445305 1180199
445303 1180199
445299 1180199
445297 1180199
445296 1180201
445292 1180201
445288 1180201
445287 1180201
445283 1180201
445282 1180201
445279 1180201
445275 1180201
445271 1180201
445267 1180201
445263 1180201
445261 1180201
445261 1180201
445260 1180201
445257 1180201
445253 1180201
445252 1180201
445250 1180202
445250 1180202
445250 1180204
445250 1180208
445250 1180212
445250 1180214
445250 1180215
445250 1180219
445250 1180219
445250 1180220
445250 1180222
445250 1180222
445246 1180222
445242 1180222
445240 1180222
445240 1180222
445239 1180222
445239 1180222
445239 1180222
445235 1180222
445233 1180222
445233 1180222
445230 1180222
445230 1180222
445230 1180222
445230 1180222
445229 1180222
445227 1180222
445224 1180222
445221 1180222
445217 1180222
445217 1180222
445213 1180222
445211 1180223
445211 1180224
445211 1180228
445211 1180229
445211 1180231
445211 1180232
445211 1180236
445211 1180238
445211 1180239
445211 1180243
445211 1180244
445211 1180248
445211 1180252
445211 1180253
445211 1180253
445211 1180257
445211 1180261
445211 1180264
445211 1180267
445211 1180267
445211 1180268
445211 1180268
445211 1180268
445211 1180272
445211 1180274
445211 1180274
445211 1180277
445211 1180280
445211 1180282
445211 1180284
445211 1180287
445211 1180288
445211 1180289
445211 1180292
445211 1180296
445212 1180296
445212 1180296
445212 1180294
445212 1180293
445215 1180292
445219 1180292
445219 1180292
445219 1180292
445223 1180292
445224 1180292
445226 1180292
445230 1180292
445230 1180292
445230 1180292
445233 1180292
445236 1180292
445237 1180292
445237 1180292
445237 1180292
445239 1180292
445239 1180292
445243 1180292
445244 1180292
445246 1180292
445250 1180292
445253 1180292
445257 1180292
445261 1180292
445261 1180292
445261 1180291
445261 1180290
445261 1180287
445261 1180283
445261 1180281
445261 1180277
445261 1180276
445261 1180274
445261 1180274
445261 1180270
445261 1180270
445261 1180269
445261 1180265
445261 1180262
445261 1180261
445261 1180257
445261 1180256
445261 1180255
445261 1180254
445261 1180254
445261 1180253
445261 1180250
445261 1180250
445261 1180249
445263 1180247
445267 1180247
445267 1180247
445270 1180247
445271 1180247
445271 1180247
445271 1180247
445274 1180247
445277 1180247
445281 1180247
445284 1180247
445288 1180247
445289 1180247
445293 1180247
445296 1180247
445298 1180247
445298 1180247
445301 1180247
445301 1180244
445301 1180241
445301 1180241
445301 1180239
445301 1180237
445301 1180237
445301 1180237
445301 1180237
445301 1180233
445301 1180233
445301 1180231
445301 1180227
445301 1180225
445301 1180225
445301 1180225
445301 1180224
445301 1180220
445301 1180220
445301 1180216
445302 1180215
445304 1180215
445308 1180215
445309 1180215
445309 1180215
445311 1180215
445311 1180215
445313 1180215
445316 1180215
445320 1180215
445322 1180215
445322 1180215
445322 1180215
445323 1180215
445326 1180215
445328 1180215
445331 1180215
445335 1180215
445335 1180215
445336 1180215
445339 1180215
445343 1180215
445347 1180215
445347 1180215
445347 1180215
445349 1180215
445350 1180215
445353 1180215
445356 1180215
445359 1180215
445359 1180215
445363 1180215
445365 1180215
445366 1180215
445366 1180212
445366 1180212
445366 1180212
445366 1180211
445366 1180211
445366 1180208
445366 1180207
445366 1180204
445366 1180201
445366 1180198
445366 1180195
445366 1180193
445366 1180190
445366 1180189
445366 1180188
445366 1180185
445366 1180183
445366 1180183
445366 1180181
445366 1180180
445366 1180176
445367 1180174
445371 1180174
445371 1180174
445373 1180174
445375 1180174
445377 1180174
445379 1180174
445381 1180174
445383 1180174
445384 1180174
445384 1180174
445386 1180174
445386 1180174
445389 1180174
445392 1180174
445393 1180174
445394 1180174
445394 1180170
445394 1180168
445397 1180167
445397 1180164
445398 1180163
445402 1180163
445405 1180163
445409 1180163
445410 1180163
445412 1180163
445414 1180163
445414 1180161
445414 1180159
445410 1180159
445406 1180159
445402 1180159
445401 1180159
445398 1180159
445394 1180159
445394 1180159
445393 1180159
445391 1180159
445389 1180160
445389 1180160
445388 1180160
445386 1180160
445382 1180160
445382 1180160
445378 1180160
445377 1180160
445377 1180160
445375 1180160
445371 1180160
445370 1180160
445369 1180160
445369 1180160
445365 1180160
445365 1180160
445363 1180160
445363 1180160
445361 1180160
445359 1180160
445357 1180161
445357 1180163
445357 1180167
445357 1180171
445357 1180172
445357 1180172
445357 1180172
445357 1180174
445357 1180177
445357 1180180
445357 1180180
445357 1180183
445357 1180183
445357 1180184
445357 1180184
445357 1180186
445357 1180187
445357 1180191
445357 1180192
445357 1180196
445357 1180198
445357 1180198
445355 1180198
445353 1180198
445350 1180198
445350 1180198
445347 1180198
445345 1180198
445342 1180198
445342 1180198
445340 1180198
445336 1180198
445336 1180200
445336 1180204
445336 1180208
445336 1180208
445336 1180209
445336 1180212
445336 1180215
445336 1180219
445336 1180219
445336 1180223
445336 1180223
445336 1180226
445336 1180226
445336 1180226
445336 1180229
445336 1180232
445336 1180232
445336 1180234
445336 1180234
445336 1180234
445336 1180237
445336 1180238
445336 1180240
445336 1180242
445336 1180242
445336 1180244
445335 1180244
445334 1180244
445332 1180244
445328 1180244
445328 1180244
445328 1180244
445325 1180244
445324 1180244
445323 1180244
445319 1180244
445316 1180244
445316 1180244
445316 1180244
445316 1180244
445315 1180244
445314 1180244
445313 1180244
445312 1180244
445310 1180244
445309 1180247
445309 1180251
445309 1180252
445309 1180256
445309 1180260
445309 1180260
445309 1180260
445309 1180264
445309 1180268
445309 1180269
445309 1180270
445309 1180274
445309 1180278
445306 1180278
445302 1180278
445300 1180278
445300 1180280
445300 1180283
445298 1180283
445296 1180284
445296 1180286
445296 1180287
445296 1180291
445296 1180291
445293 1180291
445291 1180291
445288 1180291
445284 1180291
445283 1180291
445279 1180291
445276 1180292
445276 1180295
445276 1180296
445276 1180297
445276 1180297
445276 1180298
445276 1180302
445276 1180302
445276 1180304
445276 1180308
445276 1180311
445276 1180311
445276 1180314
445276 1180316
445276 1180320
445276 1180322
445276 1180324
445276 1180324
445276 1180328
445276 1180330
445276 1180331
445276 1180332
445276 1180334
445276 1180336
445272 1180336
445271 1180336
445269 1180336
445265 1180336
445265 1180336
445262 1180336
445262 1180336
445258 1180336
445256 1180336
445254 1180336
445254 1180339
445254 1180340
445254 1180341
445254 1180345
445254 1180346
445254 1180350
445254 1180350
445256 1180352
445256 1180356
445256 1180359
445256 1180363
445256 1180365
445257 1180365
445257 1180363
445257 1180361
445257 1180357
445257 1180357
445257 1180355
445257 1180352
445257 1180352
445257 1180349
445257 1180349
