1.00 1.00 1.00 2.72 0.00
1.10 1.21 1.05 3.00 0.10
1.20 1.44 1.10 3.32 0.18
1.30 1.69 1.14 3.67 0.26
1.40 1.96 1.18 4.06 0.34
1.50 2.25 1.22 4.48 0.41
1.60 2.56 1.26 4.95 0.47
1.70 2.89 1.30 5.47 0.53
1.80 3.24 1.34 6.05 0.59
1.90 3.61 1.38 6.69 0.64
2.00 4.00 1.41 7.39 0.69
2.10 4.41 1.45 8.17 0.74
2.20 4.84 1.48 9.03 0.79
2.30 5.29 1.52 9.97 0.83
2.40 5.76 1.55 11.02 0.88
2.50 6.25 1.58 12.18 0.92
2.60 6.76 1.61 13.46 0.96
2.70 7.29 1.64 14.88 0.99
2.80 7.84 1.67 16.44 1.03
2.90 8.41 1.70 18.17 1.06
