01蔡教丰#58#试卷二
01蔡教丰#58#试卷二
01蔡教丰#58#试卷六
01蔡教丰#58#试卷三
01蔡教丰#58#试卷四
01蔡教丰#58#试卷五
02陈炳臻#58#试卷一
03 陈品宇#58#试卷二
03 陈品宇#58#试卷一
04.管敏磊#38#试卷二
04.管敏磊#58#试卷一
05陈熙#58#试卷二
07胡文渊#55#试卷一
08蒋杭臻#58#试卷一
11李永康#56#试卷一
12.梁安安#58#试卷一
13 梁晨辉#58#试卷一
14梁利剑#58#试卷二
15梁鹏#38#试卷一
17罗刚#5#试卷二
19潘宾晓##试卷一
20孙中海#54#试卷一
22王B#36#试卷二
22王B#58#试卷一
24王永#18#试卷二
24王永#58#试卷一
27辛无忌#56#试卷一
28郑晓楠#58#试卷一
29.周斌#37#试卷一
30周文斌#49#试卷一
31陈霜霜#55#试卷一
32丁晨阳#58#试卷一
33.郭佳#58#试卷一
34郭巧红#54#试卷一
35蒋莎莎#53#试卷一
36梁妙素#47#试卷一
37梁艳#58#试卷一
38林沛沛#55#试卷一
39林欣#57#试卷一
40林朱红#58#试卷一
41罗晓#55#试卷一
42潘临绮#58#试卷一
43施小霞#58#试卷二
44.孙晓函#58#试卷一
45王倩倩#58#试卷一
46王婷婷#58#试卷二
46王婷婷#58#试卷一
48 吴程伟#58#试卷一
50杨志#58#试卷一
52章梦婷#58#试卷一
53 章艳丹#58#试卷一
