01蔡仁伟#58#试卷一
02蔡小奇#58#试卷一
03陈刚#58#试卷一
04陈恩伟#58#试卷一
07号程子耿#58#试卷一
08丁磊#58#试卷一
09丁伟#58#试卷一
10郭虔畏#53#试卷一
11郏金秋#58#试卷一
12蒋泽磊#58#试卷一
13林永根#55#试卷一
14号刘秦榕#58#试卷一
15罗涛#57#试卷一
15南星宇#58#试卷一
17潘巨霖 #58#试卷一
18碰志杰#58#试卷一
19 沈友峰#58#试卷一
20王杰#52#试卷一
21魏胡锦#58#试卷一
22夏凯航#58#试卷一
23徐富#58#试卷一
24.叶海斌#58#试卷一
25,应志华#58#试卷一
27郑翕允#58#试卷一
28周家利#58#试卷一
30曹梦远#43#试卷一
31.陈俊伶#57#试卷一
32陈栩#58#试卷一
33陈云琪#58#试卷一
34.池雨#55#试卷一
35戴海鸿#58#试卷一
36戴盈盈#58#试卷一
38林春燕#58#试卷一
39罗林金#57#试卷一
40 罗玲琦#58#试卷一
41潘一未#58#试卷一
42沈旭晨#58#试卷一
43孙双双#58#试卷一
44.王丹丹#57#试卷一
45.王迪#58#试卷一
46吴柯蓓#58#试卷一
47吴玲芝#58#试卷一
48许琳娴#58#试卷一
49许蔚蔚#58#试卷一
50谢冰韵#58#试卷一
51杨露蕾#58#试卷一
52叶惠娴#58#试卷一
53.赵伟伶#57#试卷一
54朱娜#57#试卷一
