01ฒฬศสฮฐ#58#สิพํถ
01ฒฬศสฮฐ#58#สิพําป
02ฒฬะกฦๆ#58#สิพําป
03ณยธี#58#สิพําป
04ณยถ๗ฮฐ#58#สิพํถ
04ณยถ๗ฮฐ#58#สิพําป
07บลณฬืำนข#58#สิพําป
08ถกภฺ#58#สิพํถ
08ถกภฺ#58#สิพําป
09ถกฮฐ#58#สิพําป
10น๙๒ฏฮท#53#สิพําป
11ฃฝ๐ว๏#58#สิพําป
12ฝฏิ๓ภฺ#58#สิพําป
13มึำภธ๙#55#สิพําป
14บลม๕วุ้ล#58#สิพําป
15ยฬฮ#57#สิพําป
15ฤฯะวำ๎#58#สิพําป
17ลหพมุ #58#สิพําป
18ลํึพฝ#58#สิพํถ
18ล๖ึพฝ#58#สิพําป
19 ษ๒ำัทๅ#58#สิพําป
20อ๕ฝ#52#สิพําป
21ฮบบ๚ฝ๕#58#สิพํถ
21ฮบบ๚ฝ๕#58#สิพําป
22ฯฤฟญบฝ#58#สิพําป
23ะ์ธป#58#สิพําป
24.าถบฃฑ๓#58#สิพําป
25,ำฆึพปช#58#สิพําป
27ึฃ๔โิส#58#สิพําป
28ึผาภ๛#58#สิพําป
30ฒรฮิถ#43#สิพําป
31.ณยฟกมๆ#57#สิพําป
32ณย่๒#58#สิพําป
33ณยิฦ็๗#53#สิพํถ
33ณยิฦ็๗#58#สิพําป
34.ณุำ๊#55#สิพําป
35ด๗บฃบ่#58#สิพําป
36ด๗ำฏำฏ#58#สิพําป
38มึดบัเ#58#สิพําป
39ยมึฝ๐#57#สิพําป
40 ยมแ็๙#53#สิพํถ
40 ยมแ็๙#58#สิพําป
41ลหาปฮด#58#สิพําป
42ษ๒ะ๑ณฟ#58#สิพําป
43ห๏หซหซ#58#สิพําป
44.อ๕ตคตค#57#สิพําป
45.อ๕ตฯ#58#สิพําป
46ฮโฟยํ#58#สิพํถ
46ฮโฟยํ#58#สิพําป
47ฮโมแึฅ#58#สิพําป
48ะํมีๆต#58#สิพําป
49ะํฮตฮต#58#สิพําป
50ะปฑ๙ิฯ#58#สิพําป
51ั๎ยถภู#58#สิพําป
52าถปๆต#58#สิพําป
53.ีิฮฐมๆ#57#สิพําป
54ึ์ฤศ#57#สิพําป
