200
310
141
242
301
217
101
218
171
308
282
311
183
83
99
212
128
180
166
182
342
251
115
239
337
322
137
170
207
199
240
187
260
191
154
26
98
275
269
202
149
369
209
189
251
319
182
147
121
62
126
281
345
167
110
178
191
119
167
330
204
255
282
237
255
145
352
277
158
111
77
207
177
314
261
283
269
244
303
199
195
139
230
199
164
224
261
143
213
146
70
187
123
270
308
357
308
211
73
156
220
212
229
139
290
113
93
214
331
74
131
270
288
88
251
97
103
96
202
189
129
151
292
93
218
217
213
250
95
304
242
144
348
298
378
133
276
177
214
138
167
380
182
221
252
216
200
233
311
270
244
21
198
185
178
129
245
175
106
186
75
131
92
136
102
77
187
80
137
87
151
139
274
240
190
217
260
225
62
152
246
269
92
129
177
191
212
179
317
200
313
92
147
218
181
195
304
207
144
244
239
75
172
8
122
135
206
139
139
234
242
92
213
207
245
18
116
77
84
170
272
206
44
291
197
229
385
99
294
211
375
164
253
300
178
213
264
176
159
251
223
138
148
208
139
364
220
217
293
100
110
178
45
158
304
230
180
268
246
321
203
169
170
146
315
213
269
247
141
257
356
289
23
197
200
161
283
243
108
219
305
193
176
18
4
292
314
227
232
258
157
289
306
236
187
47
113
347
180
158
102
312
279
154
217
354
108
71
387
130
185
305
352
239
173
120
223
296
221
234
250
255
333
209
259
238
193
169
319
17
365
245
230
192
246
138
73
293
210
230
28
146
153
192
180
163
241
186
207
116
299
259
280
212
228
100
249
335
234
284
262
257
360
257
383
228
319
125
173
128
159
343
173
184
144
159
103
24
221
319
247
269
268
283
285
192
120
118
81
220
68
198
30
223
219
208
335
118
65
229
184
340
293
342
294
347
241
137
180
147
69
202
188
157
233
155
137
304
149
130
111
161
133
257
133
210
98
259
135
155
83
161
365
236
272
249
329
146
174
171
139
256
247
285
144
182
250
223
155
51
10
50
247
254
148
367
36
96
278
235
122
229
171
189
35
302
50
229
143
250
354
21
287
219
274
101
203
373
257
98
196
175
142
175
160
224
232
234
64
193
247
161
152
45
219
262
348
295
76
154
91
196
193
162
305
140
242
136
277
305
158
65
232
72
147
174
144
201
255
112
7
179
301
223
120
311
57
226
138
241
286
174
280
39
335
269
298
80
70
114
269
208
233
126
76
129
233
243
353
245
137
163
318
211
145
182
196
323
30
204
129
269
142
104
272
122
271
296
177
223
252
126
44
228
10
45
275
224
160
150
235
236
213
231
130
125
298
325
238
202
150
147
218
111
97
126
306
134
107
99
193
220
232
268
178
204
329
227
318
79
204
307
281
122
291
227
286
45
227
339
103
219
177
261
309
205
295
52
280
343
59
95
127
381
204
228
302
332
159
158
350
117
70
339
267
172
181
294
242
280
74
114
155
67
169
271
338
308
196
280
300
95
113
63
216
204
217
310
156
199
174
166
389
316
232
188
201
259
278
278
126
71
293
188
236
280
259
139
114
317
133
232
234
54
72
238
379
351
121
248
208
210
238
160
214
353
40
329
210
167
372
128
242
123
29
220
143
134
212
124
217
241
265
246
224
123
50
235
314
187
111
91
85
195
317
197
51
138
171
286
23
328
116
293
95
298
144
370
264
156
277
303
291
321
259
189
365
239
234
97
342
381
244
151
169
289
56
204
285
147
299
351
162
69
214
45
185
186
149
58
175
196
184
203
104
144
217
224
116
74
204
151
138
47
235
157
250
176
203
264
150
82
162
186
249
283
153
106
135
290
162
48
140
398
229
113
319
65
55
218
219
352
177
295
204
63
355
195
140
166
221
117
141
64
38
183
236
235
271
94
197
101
274
193
70
248
297
169
202
170
54
229
177
324
259
244
281
108
133
365
184
352
210
159
216
168
230
349
181
91
152
242
130
291
195
46
257
224
85
209
116
27
306
218
225
155
183
249
199
170
234
152
227
29
85
288
234
84
250
194
47
132
345
230
123
26
150
251
223
69
125
179
297
133
360
260
169
274
181
70
98
243
160
290
147
132
344
233
101
170
175
278
81
238
95
151
215
385
157
155
218
241
104
159
119
175
266
226
213
223
27
192
243
96
284
225
142
289
272
333
319
289
142
256
246
292
246
128
117
94
111
27
214
101
279
70
236
241
347
284
84
67
147
94
209
231
211
324
200
263
220
301
187
157
221
229
344
246
251
233
