1079397
899399
711157
1324306
1661586
1684365
1333954
899395
876965
901270
1108312
1792396
1485001
1026952
1308908
992463
630240
504471
1366133
1392336
131447
1869960
779135
657269
1776506
1432063
1168674
356103
443470
1078227
1158733
1596586
753042
954145
721385
1331640
1161074
1072094
1247894
604363
898831
1118564
612911
1295905
126803
234898
781269
1219535
555746
1713921
205417
1509414
697466
917213
979247
1301588
1256481
1944776
351027
916355
1226982
859932
1025214
644471
1211837
599726
1379139
1066370
943981
417856
1497109
885426
859097
661087
1235949
1063259
1041436
131040
804799
1044881
862028
945992
963068
1591961
1361887
1193342
1460692
241573
1073877
1955254
857123
333186
1196611
1247350
1615402
1495940
997464
1666952
934082
486147
836881
1033957
1426676
1185962
555804
1128933
939302
1250051
573973
805433
983826
1879114
342894
870549
239179
1564860
958410
945115
1054274
406340
380055
1322843
973626
921798
281468
1263665
697463
1594367
779785
664733
504807
1293598
1834423
1429315
1031240
1690103
720116
1002480
1166350
748395
908545
248492
827261
716877
350546
930969
1546898
1389989
346381
298253
1626466
239266
1136896
1399743
559881
1352054
406435
1155650
1324454
1544079
742930
1036453
1312448
833799
894252
1080074
1462166
1166012
766879
947360
1068456
293685
1813319
1162849
519237
1092734
1485079
1537865
1843871
926692
520446
981028
1197555
475749
1269279
1012530
1318518
936258
1047659
308271
38057
919527
523992
900705
281880
1101399
1139196
915348
1454848
1185248
1686507
1184700
1673035
1004519
925386
1218364
988864
1132401
1934852
200151
734424
1428866
891217
892676
568474
1559169
706312
604585
1017699
1248863
1035947
774590
928334
1839306
599120
284902
1082967
762024
818920
1086497
1127883
997475
1116091
639380
390695
908308
1136859
891183
1387505
1407436
883994
1295673
1500992
788623
1610056
1279971
1825053
640884
1085094
1137786
1710486
926964
1011285
545019
791982
1199758
1670941
1599659
965374
843093
1117553
1263384
1282201
1013307
1239766
1240514
599285
350131
734402
526384
1158537
1134736
808656
786307
1974382
1000612
638840
1009379
1735452
1065976
1202323
796262
132272
479473
1220446
840690
784597
1509800
923585
963567
1311175
142642
1672189
1370886
1423825
1194623
825693
172227
1515701
838902
577360
1340863
1004592
1724913
1378696
498632
630739
1183423
227238
1360443
936767
960159
472842
282644
1051226
667434
880326
1006675
765522
661542
734898
338505
559519
457378
444705
987689
966261
952032
478199
1169921
1069051
752463
1368363
1654055
434584
1913366
1198442
591133
686963
1072456
979573
874843
970682
1409261
1755998
748293
1261155
1328777
1277593
292643
794940
1135365
1424311
1039677
672286
942889
1133502
648349
382761
1308720
381414
1319420
476235
373251
1069289
226996
1020071
1435489
1356612
1116869
1072166
1111090
1306458
897657
1083968
1083142
527934
155087
1048723
837116
1045108
1207509
991444
596896
1526382
638638
1319336
1491290
1186191
1121034
1021298
1321974
1270736
680905
666366
824088
1313000
860625
1751470
1344342
457531
745701
1003244
483454
815111
1262586
916611
1165932
750534
621623
1338810
927847
1079213
775793
765647
942482
1101294
578770
717567
1129995
527649
1010067
712675
1241462
589542
1372973
564321
29855
418928
900014
1043620
1116072
1463081
953776
1051754
1345142
1011555
1022688
1521671
944297
1607924
722349
1093296
1497313
1856057
794197
1079427
1454555
234873
1303451
1244824
944828
1601259
116379
965812
510562
942160
1065484
839964
1178914
1180884
1113327
1660460
778093
491852
443723
532899
653801
404705
205376
379525
952795
1510717
1061592
1430775
1729646
1111035
1451083
1149682
1223171
889000
1029578
1155001
1703958
44110
558570
899298
1572656
1870274
1234585
261457
775949
560743
911179
947061
1189752
826282
1140425
343022
1046527
1178691
1604463
962091
251608
1161543
1049964
1119410
360238
897207
1379312
387025
1720247
1086857
171995
821713
1044474
624372
1520766
1540552
1356852
525241
550138
1173880
1170266
1326676
736947
1091789
1247390
1329942
232238
699020
838517
1295391
604910
1100177
510598
1003779
1682111
1245030
1507690
1048275
1767247
494083
1393394
1918503
429100
725338
1697548
1234156
964846
1008164
820798
803408
937024
1020609
1319512
1078772
968477
377072
492690
1511750
870528
1172452
1119832
1840632
1000533
1594713
1621879
1480809
1623663
575798
940161
1168562
897318
1622221
1200261
1666367
1470755
823523
1337266
802570
593439
1486267
828072
921674
649137
1310560
926319
1778913
1147450
1180758
817765
749549
239423
1078518
1556101
648113
559493
856312
547326
521739
803731
1008058
1002732
1281253
1600337
1025331
1777940
1642762
415552
753363
370012
1065014
265890
1455239
854820
323415
805073
1648060
758849
1388976
878193
880689
670226
1486718
592820
1280793
1660470
1095682
886116
262817
1697555
1792203
665697
1272976
463564
1184387
640233
303511
861827
1130118
1842176
958237
984148
654349
1009615
1354228
1150708
970513
848211
282772
1129413
866610
961637
1018548
1201435
907388
855599
1736927
773782
1626715
262836
1063897
1581478
1513329
620170
1266896
733270
1127629
1366317
516943
603285
1251261
1383486
1498327
1429338
1050955
461706
565308
612077
1014328
995450
1143810
1254906
1075391
1126058
457911
1369039
524704
405603
1668046
1474724
845537
1261211
1155891
576938
1803710
1629031
918927
995982
1105629
575289
237185
1445696
1062145
709346
842655
1342675
406191
320561
819646
1098275
865472
1402381
1090517
1097210
779253
1497172
1189195
1134917
971529
723213
999031
1557101
1001815
714940
1047717
1835302
1464280
1682695
960238
1180807
1236978
1065189
454653
350935
1328039
295902
1051407
875520
1871425
774543
1046354
928732
967325
1318670
1183076
613970
1327502
1193574
1108741
1168930
1111440
1021093
334209
1048328
863715
1417834
890736
1643231
613630
1385486
1352707
1731128
965056
1443237
1065689
1470368
1137663
1780250
794441
763274
988333
1007779
1656042
1930027
120819
1122162
1058579
960780
776089
1144374
400678
622441
967618
1648551
507281
906054
1002794
1430075
1548523
1152086
888859
246320
1182158
831071
1284511
1021738
1319960
1506621
1321825
1572999
288657
1033348
912512
1755668
384107
611070
897515
1223467
641908
1062522
696573
599238
833175
1230849
1501945
920788
604071
1734605
1635951
870255
595529
739712
1123664
902294
476008
183270
1313936
1244074
1821790
709359
1648690
1215832
1203917
961053
1536074
1622535
447449
1127458
514305
1390751
602924
881071
565100
870476
1718537
1211048
1351510
150111
294442
495857
1206562
667488
1052045
915024
1144621
56032
1418388
1198335
302997
878409
372112
909393
1043138
345844
950829
1026767
820896
1598795
384855
1436839
608288
228339
417773
1308543
1117071
1051036
857696
1393847
441197
845439
1346560
147460
935758
812187
1525291
574366
1140094
1405937
1580852
1611661
1148038
1302589
1056754
1064369
1076725
308111
1005544
706637
1724630
1354311
803547
1241841
494662
759416
1242050
631599
1503844
967496
1402019
1061678
1024902
903112
652533
1326510
229919
459948
813303
1675387
1359746
334080
797103
1574613
518918
1700741
643881
201701
583155
450601
1037922
925544
1143614
591710
1275080
887540
1004236
621074
547670
1709589
621762
581733
696575
884405
735485
540027
1108709
1093186
1536658
470113
939270
920713
1375135
863647
1667237
1016298
1179574
261226
478566
666466
973038
1344873
1264860
645365
1035499
1013624
789871
915620
613156
1034444
490226
1245135
1494012
851398
1093570
980621
469293
973084
1256769
1014816
1007334
1260421
1091548
1012975
1242213
1372482
1671629
894368
1479311
974461
843245
934812
656984
499840
1290685
243947
847895
512163
1309799
963173
