44402
42401
21984
24614
15559
39530
47191
34004
33981
13347
29930
10554
34745
58874
22990
48829
42447
55939
29313
50832
19767
7159
28048
44958
12369
11540
30803
47049
10532
36031
19864
26862
36321
39131
31173
27343
35545
20923
17881
36049
48572
9576
30961
22454
14712
11408
6001
33154
41563
39787
39509
23656
32770
24292
43299
35218
27997
13197
54417
28917
26291
51416
32978
23744
19248
46715
22258
28077
37115
22679
36377
27675
47888
35676
35840
29844
46147
30224
37901
19711
47687
36655
18099
38219
33289
18287
33356
40860
27750
22922
32842
54110
17750
30409
43179
3826
26185
6717
31507
36354
48735
28427
29078
33582
30729
38911
27198
3788
25447
20848
9055
30434
56520
32443
32355
11289
21058
27242
29783
11750
9595
41951
38214
44425
54777
18081
14669
21807
43031
39373
24117
10835
25804
38405
11382
24505
15428
19847
29735
38293
43348
25584
9696
20720
25727
21849
25605
15500
27313
17625
35083
32590
46167
27947
11766
15765
24136
22532
27113
28052
40519
49381
36692
27925
37859
50077
11259
24644
27021
51289
41420
34785
4049
33098
10560
52307
22578
26808
37386
22085
37451
39602
36154
4810
54232
39380
32166
11761
13297
34193
23512
28329
31782
31942
15996
43022
23196
43310
20140
11597
47806
19830
20417
18468
40687
29290
21511
31658
50905
17554
48064
40409
43406
38440
29962
43114
13652
40950
33611
8180
23826
42732
29399
17837
44289
5221
37930
38924
18085
46070
33228
51633
30914
22242
48661
37508
37257
41626
40518
26374
21439
43253
36671
44474
43145
52240
38943
25464
27567
15287
35770
18158
37022
30448
38641
33678
6701
51155
18761
33801
23258
14257
17485
16683
37084
38391
55318
48306
35894
26506
32278
39956
21651
26536
34775
19679
19300
23499
27294
28265
29841
53129
30075
11924
30984
33943
22304
16083
39759
44941
10753
26449
51849
44639
4979
39384
30512
9007
13887
21092
37832
47430
15460
34335
7436
25873
9841
51224
38142
23087
38151
17980
45507
23139
40726
12415
9212
39613
11622
29055
42626
29211
35511
10740
56489
26082
15814
21664
21565
15527
24236
35035
31737
29299
20298
947
19165
40496
25371
40542
20031
24002
14512
47045
45798
43286
33424
22461
13842
53730
57530
43158
30200
45769
15664
17736
22745
20319
19285
38595
10977
20384
29865
39171
30243
25045
54390
21225
17436
30071
31231
42334
16905
12644
24478
41357
28181
36201
20301
28133
24908
16523
35223
41192
34217
12211
27113
21440
38421
51553
29963
22938
20182
44510
40641
31794
43383
31637
40037
24834
12616
40500
30921
27333
7297
18748
49349
31650
35291
27086
8124
20861
19506
37995
26639
30258
15609
43242
13359
40019
20279
40146
19410
40965
43880
53105
33329
49676
26056
35473
32270
39242
47339
39247
32039
26604
23273
31981
18790
30059
7857
21707
9528
37745
25105
22010
14408
19390
26811
13556
23569
35902
53023
43065
17864
27373
32435
32069
23831
36645
33964
30751
22193
22613
26802
14979
16388
19683
35067
10506
23370
38317
57819
30431
19712
19520
33138
32403
32033
34120
50455
46659
37107
33293
29782
25513
20521
36864
18850
38869
36346
49842
19737
39409
26204
36185
50044
34467
21067
49704
13410
40028
27455
17356
23838
45192
32875
17617
33271
19207
41448
38815
41608
17579
10042
15322
34759
48223
15550
19302
31091
29405
27274
18759
37580
26143
18137
57055
31391
11538
49576
38463
30938
20974
32613
13076
20615
51387
41452
27239
25239
46257
31315
31275
25803
31886
32941
30329
11954
33827
28150
44223
46256
40445
21315
42934
4755
40123
37024
58223
31082
34163
19513
41496
20082
39051
35807
29480
12853
1817
39642
42584
19406
2582
29605
21035
12072
15478
25335
37306
31233
30991
29055
25958
7847
21352
18702
51034
23899
54347
12031
43689
38283
43075
32682
41603
40578
28455
58974
19198
10415
26352
34543
20053
30842
39754
15681
21226
14052
23558
30360
55092
24028
40950
18831
21975
30565
27329
29803
37255
17642
19181
22328
41254
17690
17637
33412
42116
21591
29552
31276
34165
26103
29690
44492
43846
28344
28869
26814
23282
40775
4988
12714
27516
30375
51870
19080
38542
37041
23075
30884
15233
25520
21592
10912
18883
30043
24620
31240
26335
47822
21378
18985
14613
6517
33763
46588
15893
48180
19427
23934
25169
30537
29806
53332
50849
20838
46884
22066
22755
25242
12092
31810
18468
51865
51750
42119
16112
48670
53190
2762
33129
39635
11530
29198
39710
36857
21204
20694
26934
15750
35299
44643
51590
31178
23910
28411
18220
23384
41559
46124
35852
47103
25444
33817
29595
27778
16116
38247
15573
23604
13910
44750
28196
33298
29744
32150
17422
24089
34317
15149
26829
16254
45280
11239
25174
38726
14766
48889
47599
35983
9728
41120
32730
37322
39399
27837
28145
32757
29896
36396
3164
19182
27185
17566
29703
53014
41719
25807
19884
23412
53465
12584
10281
44393
27906
20823
33891
43784
15508
40661
10418
31632
12125
28986
11857
22867
43124
27002
15183
24637
42952
7298
36856
50470
52512
10946
47185
46379
8388
44501
15060
17962
18881
35432
38024
25564
26809
49664
36406
47917
48071
7230
14843
41398
40184
31158
33467
41339
28550
38082
27481
41018
31552
35158
18079
40100
41692
17322
31006
16895
14952
34000
52119
37471
33702
41860
38725
14969
6689
48124
38986
45325
25451
24497
8643
39281
44270
21135
38623
36234
19879
46975
17666
49365
39331
13603
40335
31203
38357
52596
23800
49263
11277
41203
11290
20404
26590
32601
34315
48878
21748
43173
43198
42777
20785
24392
52384
7913
36683
33749
36862
20689
27478
21146
19743
41114
29986
29604
15187
30551
12742
20964
35101
30079
39663
44646
19678
30598
43116
45254
16227
44385
31152
27242
28575
47869
50472
34385
23529
16832
33325
17535
46850
36504
36413
21663
15842
14229
31987
21128
41672
47507
31947
16429
48043
8180
41177
43125
26815
44317
15543
19553
42433
17391
35633
24535
43285
30338
39077
40374
48850
43134
52861
40092
24985
55244
29817
12895
37201
35812
27964
34572
45689
32104
39470
46092
23557
41366
17050
21711
21367
39160
48941
22767
32792
19000
39025
21447
43725
12115
54202
15858
20975
36353
23956
23721
34270
14374
14290
25906
12480
30929
27454
27604
22437
21445
8812
22950
26146
7601
50487
44234
22000
32963
12474
25459
26843
38709
23626
27015
27364
45135
36079
31207
49077
24288
10613
41055
27835
