277593
95285
210495
322163
360429
381129
330579
496120
175306
498534
305542
190097
383539
223482
307759
190757
428235
202412
262032
290062
328440
469036
276170
354216
374042
231303
63775
154728
241815
375182
355928
393719
250392
251618
218483
527722
257788
169844
345728
300155
196647
115028
312049
494213
423045
533926
278724
216909
352558
311457
301383
105389
293519
315559
378818
500407
453704
441775
148385
513654
324767
255709
422888
541533
208763
395901
377199
264328
242042
216761
94890
281980
455402
259975
333776
259404
337446
28816
300693
241621
160271
442432
61987
189525
357658
290812
358719
438636
171991
352920
353206
231088
393085
445406
13075
192900
193763
263326
433175
483998
234128
333558
322519
384347
53994
325323
236985
448156
271193
205102
179873
474879
339548
167077
135800
261715
256436
440939
251063
302401
377136
218448
271792
319101
280264
461819
296540
490574
377133
162181
301871
491234
133078
228527
327642
288255
315448
400847
264429
146944
205283
247561
524551
215711
249477
328146
45360
188221
543563
496044
124200
334455
335400
297448
457853
349435
305548
351095
523203
40756
439870
35220
111310
130488
290904
177187
58491
563749
364003
244035
364340
493044
109762
360702
115724
290538
482012
235623
442681
222751
518066
278760
395289
172073
66027
210859
215894
433769
444458
405091
134121
417276
220946
97907
480735
500795
137319
313036
352343
384263
284435
282905
168515
201917
423604
116265
286890
129460
232401
197799
233965
526091
389932
190205
467139
358010
302512
501437
115960
345927
432186
473735
326246
335591
295885
282039
81881
459636
318860
284301
224660
396332
215717
236700
186940
105363
233279
389772
386279
105915
81644
391890
398515
184715
107391
276526
222446
240493
283829
435441
307980
224885
408091
341803
388133
496433
269191
497602
461289
538815
216521
262725
278252
509943
438851
538918
296834
347835
332345
125671
356642
233669
305264
84158
371523
297658
136708
306068
231254
263976
198535
293871
129227
378929
118319
437317
382267
308088
421866
360058
110422
440753
269277
267548
521022
291358
323876
270552
211961
337617
74507
537729
402490
122705
474997
395547
128509
180377
224417
357747
332537
458559
70869
281237
449747
363464
476638
304722
262354
57032
331126
335670
357787
354013
43390
486852
263342
250562
276999
268882
365817
251927
264276
52267
232110
310304
397051
188922
583241
370153
476720
472618
567351
406936
454540
345767
257710
328321
176600
290557
292962
433041
223292
236508
469644
341074
229117
547049
380346
205102
579219
416603
172167
470071
167914
324691
518940
433738
554507
514214
369212
509737
503604
195130
381840
580849
125065
353725
346672
336468
142928
103107
89551
293598
324782
136009
317732
88413
283465
118184
416872
419157
267809
78278
64509
421758
410141
457812
447758
42933
153568
343161
100189
280126
411661
460866
215365
61292
448713
220574
435874
325178
476348
273787
162110
39434
300162
276928
215820
427832
225674
506465
408110
339261
185525
369374
362085
126234
317278
296078
42800
313414
260501
251284
449610
343804
508793
519751
217854
241826
206475
320138
391581
395179
252379
391153
376900
349852
332127
302015
341125
42018
298499
214697
362352
508168
438572
261629
336635
278750
377498
109532
359863
276976
490767
143092
329543
152782
503289
303582
479082
148863
208342
158621
429255
227471
308300
250456
447687
321796
286940
225037
254431
401023
340912
358350
495057
268629
168005
330564
258202
173343
457063
408165
343391
487330
323667
337830
140716
446035
76144
300534
260313
346972
358822
246011
218938
359328
194036
476418
284458
416535
282148
370234
318706
143813
322957
18416
438026
354142
522056
147920
271238
68713
226019
234724
88638
445201
427160
330745
196895
135626
293626
202461
196744
107890
300664
481337
243328
406214
245169
264288
391719
391076
314699
527859
323722
293418
231110
261164
106719
216715
401449
332941
318495
316872
276317
366431
274904
191646
209536
370069
271518
418509
138426
197539
291183
318097
276626
322086
172467
338171
267901
293368
417702
297430
163891
269652
321489
235825
198865
391098
82137
224311
119954
146410
408261
222329
474221
244339
479407
313141
448015
136800
476654
152167
246126
255810
153617
543854
120200
201755
407083
299652
379780
298851
223191
274568
241411
411079
150981
366771
163499
361926
454055
352450
220323
103792
346742
355126
385993
274656
279364
566693
185344
391725
280260
359145
193943
483478
261263
95144
488876
363099
470199
260698
283229
136526
400142
259767
326557
240213
354952
181504
449733
405448
150969
347665
268819
147840
480472
226946
63644
460191
315832
300529
302528
254085
334351
469637
224629
59844
360656
180260
310672
416100
162543
431295
324782
65097
13117
201256
149043
81776
297966
326560
247338
360637
64352
310683
213672
292321
42943
451555
175136
323582
356772
466663
322104
201099
166942
371722
144389
258347
552522
376417
401050
227022
217611
192442
403473
273125
335559
341791
459189
107510
440906
340910
104545
317747
317227
495214
264868
299715
487869
295217
276260
194930
486962
31355
268792
322542
397279
253571
299757
214565
245150
331846
462823
180646
458428
277633
434761
163030
252242
247633
326645
292934
448339
172783
269588
72030
143089
227577
65159
216557
279811
109941
325716
289700
207128
366349
210555
217924
531566
346984
360778
116670
286772
540103
411450
383175
151254
329623
361400
441409
463895
167013
234496
177020
192003
359460
183519
204484
51923
328715
217359
220066
157743
258211
173819
141384
398270
219873
264937
145949
305381
103970
400888
229231
145345
349414
85907
242897
378786
329408
382422
319939
417052
304440
517935
269756
285668
232734
208823
352385
281008
206913
194904
220225
140910
459272
494008
96518
130431
429206
298203
218688
201419
530737
433854
467708
194697
236999
121773
198787
472823
181499
413289
341376
217916
106445
247003
312196
301072
357271
331975
321938
244107
524656
311558
187079
401052
279382
361800
266785
415294
408110
449323
247820
91422
293544
402427
365597
251984
211146
139986
155351
414362
395880
500536
475764
469303
508225
340947
443315
148199
222842
419238
197920
281889
133953
406297
226834
313687
305021
314476
349517
355669
491779
437543
241636
245434
344404
134626
307675
123800
372585
235800
202846
276839
309825
444888
300320
153902
361786
273199
207560
102573
404970
222623
152074
200948
139315
291187
457035
241300
129740
300263
265655
199789
159512
423647
300863
49927
522291
326186
356429
112568
473325
155745
332743
395837
471569
418087
96041
441764
498930
379344
49769
335934
322896
442858
388907
74719
385191
301422
416654
345161
307251
419890
181461
392101
183054
432355
439266
205633
491770
134110
165562
335838
117873
273260
62585
463306
414602
275924
258181
577332
164103
269363
343381
262045
142883
531953
212926
587985
312636
112522
233711
87749
142056
190902
448949
291696
177865
564398
370611
453607
212025
106631
359704
288855
410740
438659
469595
269018
190938
277102
271514
339909
232831
453243
196682
287114
342153
246913
210608
407003
360623
